44,3,00000000,00001137
48,3,00000004,00010113
52,3,00000008,0280006f
60,3,00000030,05371101
64,3,00000032,00000537
68,3,00000036,01050513
72,3,0000003a,c10c45c1
78,3,0000003c,4605c10c
82,3,0000003e,06124605
86,3,00000040,9d630612
90,3,00000042,04c59d63
94,3,00000046,8e0d0585
98,3,00000048,ca298e0d
102,3,0000004a,0605ca29
106,3,0000004c,05850605
110,3,0000004e,e6310585
114,3,00000050,0585e631
118,3,00000052,41140585
124,3,00000054,8ead4114
128,3,00000056,16f58ead
132,3,00000058,e2a916f5
136,3,0000005a,0585e2a9
140,3,0000005c,02930585
144,3,0000005e,7fc00293
148,3,00000062,87369696
152,3,00000064,06918736
156,3,00000066,8ed90691
160,3,00000068,06918ed9
164,3,0000006a,47050691
168,3,0000006c,07324705
172,3,0000006e,47810732
176,3,00000070,17fd4781
180,3,00000072,8f9917fd
184,3,00000074,86368f99
188,3,00000076,8e7d8636
192,3,00000078,e20d8e7d
196,3,0000007a,0585e20d
200,3,0000007c,8edd0585
204,3,0000007e,06858edd
208,3,00000080,ee890685
212,3,00000082,0585ee89
216,3,00000084,46050585
220,3,00000086,56fd4605
224,3,00000088,963656fd
228,3,0000008a,ea019636
232,3,0000008c,0585ea01
236,3,0000008e,46050585
240,3,00000090,46894605
244,3,00000092,86364689
248,3,00000094,13638636
252,3,00000096,00d61363
256,3,0000009a,852ebfad
264,3,00000014,05b74505
268,3,00000016,000005b7
272,3,0000001a,01058593
278,3,0000001e,a001c188
282,3,00000020,0000a001
290,3,00000020,0000a001
298,3,00000020,0000a001
306,3,00000020,0000a001
314,3,00000020,0000a001
322,3,00000020,0000a001
330,3,00000020,0000a001
338,3,00000020,0000a001
346,3,00000020,0000a001
354,3,00000020,0000a001
362,3,00000020,0000a001
370,3,00000020,0000a001
378,3,00000020,0000a001
386,3,00000020,0000a001
394,3,00000020,0000a001
402,3,00000020,0000a001
410,3,00000020,0000a001
418,3,00000020,0000a001
426,3,00000020,0000a001
434,3,00000020,0000a001
442,3,00000020,0000a001
450,3,00000020,0000a001
458,3,00000020,0000a001
466,3,00000020,0000a001
474,3,00000020,0000a001
482,3,00000020,0000a001
490,3,00000020,0000a001
498,3,00000020,0000a001
506,3,00000020,0000a001
514,3,00000020,0000a001
522,3,00000020,0000a001
530,3,00000020,0000a001
538,3,00000020,0000a001
546,3,00000020,0000a001
554,3,00000020,0000a001
562,3,00000020,0000a001
570,3,00000020,0000a001
578,3,00000020,0000a001
586,3,00000020,0000a001
594,3,00000020,0000a001
602,3,00000020,0000a001
610,3,00000020,0000a001
618,3,00000020,0000a001
626,3,00000020,0000a001
634,3,00000020,0000a001
642,3,00000020,0000a001
650,3,00000020,0000a001
658,3,00000020,0000a001
666,3,00000020,0000a001
674,3,00000020,0000a001
682,3,00000020,0000a001
690,3,00000020,0000a001
698,3,00000020,0000a001
706,3,00000020,0000a001
714,3,00000020,0000a001
722,3,00000020,0000a001
730,3,00000020,0000a001
738,3,00000020,0000a001
746,3,00000020,0000a001
754,3,00000020,0000a001
762,3,00000020,0000a001
770,3,00000020,0000a001
778,3,00000020,0000a001
786,3,00000020,0000a001
794,3,00000020,0000a001
802,3,00000020,0000a001
810,3,00000020,0000a001
818,3,00000020,0000a001
826,3,00000020,0000a001
834,3,00000020,0000a001
842,3,00000020,0000a001
850,3,00000020,0000a001
858,3,00000020,0000a001
866,3,00000020,0000a001
874,3,00000020,0000a001
882,3,00000020,0000a001
890,3,00000020,0000a001
898,3,00000020,0000a001
906,3,00000020,0000a001
914,3,00000020,0000a001
922,3,00000020,0000a001
930,3,00000020,0000a001
938,3,00000020,0000a001
946,3,00000020,0000a001
954,3,00000020,0000a001
962,3,00000020,0000a001
970,3,00000020,0000a001
978,3,00000020,0000a001
986,3,00000020,0000a001
994,3,00000020,0000a001
1002,3,00000020,0000a001
1010,3,00000020,0000a001
1018,3,00000020,0000a001
1026,3,00000020,0000a001
1034,3,00000020,0000a001
1042,3,00000020,0000a001
1050,3,00000020,0000a001
1058,3,00000020,0000a001
1066,3,00000020,0000a001
1074,3,00000020,0000a001
1082,3,00000020,0000a001
1090,3,00000020,0000a001
1098,3,00000020,0000a001
1106,3,00000020,0000a001
1114,3,00000020,0000a001
1122,3,00000020,0000a001
1130,3,00000020,0000a001
1138,3,00000020,0000a001
1146,3,00000020,0000a001
1154,3,00000020,0000a001
1162,3,00000020,0000a001
1170,3,00000020,0000a001
1178,3,00000020,0000a001
1186,3,00000020,0000a001
1194,3,00000020,0000a001
1202,3,00000020,0000a001
1210,3,00000020,0000a001
1218,3,00000020,0000a001
1226,3,00000020,0000a001
1234,3,00000020,0000a001
1242,3,00000020,0000a001
1250,3,00000020,0000a001
1258,3,00000020,0000a001
1266,3,00000020,0000a001
1274,3,00000020,0000a001
1282,3,00000020,0000a001
1290,3,00000020,0000a001
1298,3,00000020,0000a001
1306,3,00000020,0000a001
1314,3,00000020,0000a001
1322,3,00000020,0000a001
1330,3,00000020,0000a001
1338,3,00000020,0000a001
1346,3,00000020,0000a001
1354,3,00000020,0000a001
1362,3,00000020,0000a001
1370,3,00000020,0000a001
1378,3,00000020,0000a001
1386,3,00000020,0000a001
1394,3,00000020,0000a001
1402,3,00000020,0000a001
1410,3,00000020,0000a001
1418,3,00000020,0000a001
1426,3,00000020,0000a001
1434,3,00000020,0000a001
1442,3,00000020,0000a001
1450,3,00000020,0000a001
1458,3,00000020,0000a001
1466,3,00000020,0000a001
1474,3,00000020,0000a001
1482,3,00000020,0000a001
1490,3,00000020,0000a001
1498,3,00000020,0000a001
1506,3,00000020,0000a001
1514,3,00000020,0000a001
1522,3,00000020,0000a001
1530,3,00000020,0000a001
1538,3,00000020,0000a001
1546,3,00000020,0000a001
1554,3,00000020,0000a001
1562,3,00000020,0000a001
1570,3,00000020,0000a001
1578,3,00000020,0000a001
1586,3,00000020,0000a001
1594,3,00000020,0000a001
1602,3,00000020,0000a001
1610,3,00000020,0000a001
1618,3,00000020,0000a001
1626,3,00000020,0000a001
1634,3,00000020,0000a001
1642,3,00000020,0000a001
1650,3,00000020,0000a001
1658,3,00000020,0000a001
1666,3,00000020,0000a001
1674,3,00000020,0000a001
1682,3,00000020,0000a001
1690,3,00000020,0000a001
1698,3,00000020,0000a001
1706,3,00000020,0000a001
1714,3,00000020,0000a001
1722,3,00000020,0000a001
1730,3,00000020,0000a001
1738,3,00000020,0000a001
1746,3,00000020,0000a001
1754,3,00000020,0000a001
1762,3,00000020,0000a001
1770,3,00000020,0000a001
1778,3,00000020,0000a001
1786,3,00000020,0000a001
1794,3,00000020,0000a001
1802,3,00000020,0000a001
1810,3,00000020,0000a001
1818,3,00000020,0000a001
1826,3,00000020,0000a001
1834,3,00000020,0000a001
1842,3,00000020,0000a001
1850,3,00000020,0000a001
1858,3,00000020,0000a001
1866,3,00000020,0000a001
1874,3,00000020,0000a001
1882,3,00000020,0000a001
1890,3,00000020,0000a001
1898,3,00000020,0000a001
1906,3,00000020,0000a001
1914,3,00000020,0000a001
1922,3,00000020,0000a001
1930,3,00000020,0000a001
1938,3,00000020,0000a001
1946,3,00000020,0000a001
1954,3,00000020,0000a001
1962,3,00000020,0000a001
1970,3,00000020,0000a001
1978,3,00000020,0000a001
1986,3,00000020,0000a001
1994,3,00000020,0000a001
2002,3,00000020,0000a001
2010,3,00000020,0000a001
2018,3,00000020,0000a001
2026,3,00000020,0000a001
2034,3,00000020,0000a001
2042,3,00000020,0000a001
2050,3,00000020,0000a001
2058,3,00000020,0000a001
2066,3,00000020,0000a001
2074,3,00000020,0000a001
2082,3,00000020,0000a001
2090,3,00000020,0000a001
2098,3,00000020,0000a001
2106,3,00000020,0000a001
2114,3,00000020,0000a001
2122,3,00000020,0000a001
2130,3,00000020,0000a001
2138,3,00000020,0000a001
2146,3,00000020,0000a001
2154,3,00000020,0000a001
2162,3,00000020,0000a001
2170,3,00000020,0000a001
2178,3,00000020,0000a001
2186,3,00000020,0000a001
2194,3,00000020,0000a001
2202,3,00000020,0000a001
2210,3,00000020,0000a001
2218,3,00000020,0000a001
2226,3,00000020,0000a001
2234,3,00000020,0000a001
2242,3,00000020,0000a001
2250,3,00000020,0000a001
2258,3,00000020,0000a001
2266,3,00000020,0000a001
2274,3,00000020,0000a001
2282,3,00000020,0000a001
2290,3,00000020,0000a001
2298,3,00000020,0000a001
2306,3,00000020,0000a001
2314,3,00000020,0000a001
2322,3,00000020,0000a001
2330,3,00000020,0000a001
2338,3,00000020,0000a001
2346,3,00000020,0000a001
2354,3,00000020,0000a001
2362,3,00000020,0000a001
2370,3,00000020,0000a001
2378,3,00000020,0000a001
2386,3,00000020,0000a001
2394,3,00000020,0000a001
2402,3,00000020,0000a001
2410,3,00000020,0000a001
2418,3,00000020,0000a001
2426,3,00000020,0000a001
2434,3,00000020,0000a001
2442,3,00000020,0000a001
2450,3,00000020,0000a001
2458,3,00000020,0000a001
2466,3,00000020,0000a001
2474,3,00000020,0000a001
2482,3,00000020,0000a001
2490,3,00000020,0000a001
2498,3,00000020,0000a001
2506,3,00000020,0000a001
2514,3,00000020,0000a001
2522,3,00000020,0000a001
2530,3,00000020,0000a001
2538,3,00000020,0000a001
2546,3,00000020,0000a001
2554,3,00000020,0000a001
2562,3,00000020,0000a001
2570,3,00000020,0000a001
2578,3,00000020,0000a001
2586,3,00000020,0000a001
2594,3,00000020,0000a001
2602,3,00000020,0000a001
2610,3,00000020,0000a001
2618,3,00000020,0000a001
2626,3,00000020,0000a001
2634,3,00000020,0000a001
2642,3,00000020,0000a001
2650,3,00000020,0000a001
2658,3,00000020,0000a001
2666,3,00000020,0000a001
2674,3,00000020,0000a001
2682,3,00000020,0000a001
2690,3,00000020,0000a001
2698,3,00000020,0000a001
2706,3,00000020,0000a001
2714,3,00000020,0000a001
2722,3,00000020,0000a001
2730,3,00000020,0000a001
2738,3,00000020,0000a001
2746,3,00000020,0000a001
2754,3,00000020,0000a001
2762,3,00000020,0000a001
2770,3,00000020,0000a001
2778,3,00000020,0000a001
2786,3,00000020,0000a001
2794,3,00000020,0000a001
2802,3,00000020,0000a001
2810,3,00000020,0000a001
2818,3,00000020,0000a001
2826,3,00000020,0000a001
2834,3,00000020,0000a001
2842,3,00000020,0000a001
2850,3,00000020,0000a001
2858,3,00000020,0000a001
2866,3,00000020,0000a001
2874,3,00000020,0000a001
2882,3,00000020,0000a001
2890,3,00000020,0000a001
2898,3,00000020,0000a001
2906,3,00000020,0000a001
2914,3,00000020,0000a001
2922,3,00000020,0000a001
2930,3,00000020,0000a001
2938,3,00000020,0000a001
2946,3,00000020,0000a001
2954,3,00000020,0000a001
2962,3,00000020,0000a001
2970,3,00000020,0000a001
2978,3,00000020,0000a001
2986,3,00000020,0000a001
2994,3,00000020,0000a001
3002,3,00000020,0000a001
3010,3,00000020,0000a001
3018,3,00000020,0000a001
3026,3,00000020,0000a001
3034,3,00000020,0000a001
3042,3,00000020,0000a001
3050,3,00000020,0000a001
3058,3,00000020,0000a001
3066,3,00000020,0000a001
3074,3,00000020,0000a001
3082,3,00000020,0000a001
3090,3,00000020,0000a001
3098,3,00000020,0000a001
3106,3,00000020,0000a001
3114,3,00000020,0000a001
3122,3,00000020,0000a001
3130,3,00000020,0000a001
3138,3,00000020,0000a001
3146,3,00000020,0000a001
3154,3,00000020,0000a001
3162,3,00000020,0000a001
3170,3,00000020,0000a001
3178,3,00000020,0000a001
3186,3,00000020,0000a001
3194,3,00000020,0000a001
3202,3,00000020,0000a001
3210,3,00000020,0000a001
3218,3,00000020,0000a001
3226,3,00000020,0000a001
3234,3,00000020,0000a001
3242,3,00000020,0000a001
3250,3,00000020,0000a001
3258,3,00000020,0000a001
3266,3,00000020,0000a001
3274,3,00000020,0000a001
3282,3,00000020,0000a001
3290,3,00000020,0000a001
3298,3,00000020,0000a001
3306,3,00000020,0000a001
3314,3,00000020,0000a001
3322,3,00000020,0000a001
3330,3,00000020,0000a001
3338,3,00000020,0000a001
3346,3,00000020,0000a001
3354,3,00000020,0000a001
3362,3,00000020,0000a001
3370,3,00000020,0000a001
3378,3,00000020,0000a001
3386,3,00000020,0000a001
3394,3,00000020,0000a001
3402,3,00000020,0000a001
3410,3,00000020,0000a001
3418,3,00000020,0000a001
3426,3,00000020,0000a001
3434,3,00000020,0000a001
3442,3,00000020,0000a001
3450,3,00000020,0000a001
3458,3,00000020,0000a001
3466,3,00000020,0000a001
3474,3,00000020,0000a001
3482,3,00000020,0000a001
3490,3,00000020,0000a001
3498,3,00000020,0000a001
3506,3,00000020,0000a001
3514,3,00000020,0000a001
3522,3,00000020,0000a001
3530,3,00000020,0000a001
3538,3,00000020,0000a001
3546,3,00000020,0000a001
3554,3,00000020,0000a001
3562,3,00000020,0000a001
3570,3,00000020,0000a001
3578,3,00000020,0000a001
3586,3,00000020,0000a001
3594,3,00000020,0000a001
3602,3,00000020,0000a001
3610,3,00000020,0000a001
3618,3,00000020,0000a001
3626,3,00000020,0000a001
3634,3,00000020,0000a001
3642,3,00000020,0000a001
3650,3,00000020,0000a001
3658,3,00000020,0000a001
3666,3,00000020,0000a001
3674,3,00000020,0000a001
3682,3,00000020,0000a001
3690,3,00000020,0000a001
3698,3,00000020,0000a001
3706,3,00000020,0000a001
3714,3,00000020,0000a001
3722,3,00000020,0000a001
3730,3,00000020,0000a001
3738,3,00000020,0000a001
3746,3,00000020,0000a001
3754,3,00000020,0000a001
3762,3,00000020,0000a001
3770,3,00000020,0000a001
3778,3,00000020,0000a001
3786,3,00000020,0000a001
3794,3,00000020,0000a001
3802,3,00000020,0000a001
3810,3,00000020,0000a001
3818,3,00000020,0000a001
3826,3,00000020,0000a001
3834,3,00000020,0000a001
3842,3,00000020,0000a001
3850,3,00000020,0000a001
3858,3,00000020,0000a001
3866,3,00000020,0000a001
3874,3,00000020,0000a001
3882,3,00000020,0000a001
3890,3,00000020,0000a001
3898,3,00000020,0000a001
