418,3,00000000,00000000
534,3,00000000,00001137
536,3,00000004,00010113
538,3,00000008,0240006f
542,3,0000002c,05131101
544,3,0000002e,01000513
548,3,00000032,01000593
552,3,00000036,c599c10c
554,3,00000038,e191c599
556,3,0000003a,a029e191
566,3,0000003e,a8290585
568,3,00000040,a011a829
574,3,0000005a,00000613
578,3,0000005e,00000693
582,3,00000062,0685c291
592,3,00000066,c2990605
594,3,00000068,0685c299
604,3,0000006e,c6810605
606,3,00000070,0685c681
614,3,00000078,ca810605
616,3,0000007a,0685ca81
626,3,0000008a,c2850605
628,3,0000008c,0685c285
636,3,000000ac,c2a10605
638,3,000000ae,0685c2a1
648,3,000000ee,c2c10605
650,3,000000f0,0685c2c1
658,3,00000170,bde90609
660,3,00000172,0000bde9
664,3,0000004c,9ce30585
666,3,0000004e,fe069ce3
676,3,00000052,19e31661
678,3,00000054,fe0619e3
686,3,00000058,0613b7f5
690,3,00000044,0533bfe1
694,3,0000001c,00100513
696,3,00000020,01000593
698,3,00000024,a001c188
700,3,00000026,0000a001
708,3,00000026,0000a001
714,3,00000026,0000a001
720,3,00000026,0000a001
726,3,00000026,0000a001
732,3,00000026,0000a001
738,3,00000026,0000a001
744,3,00000026,0000a001
750,3,00000026,0000a001
756,3,00000026,0000a001
762,3,00000026,0000a001
768,3,00000026,0000a001
774,3,00000026,0000a001
780,3,00000026,0000a001
786,3,00000026,0000a001
792,3,00000026,0000a001
798,3,00000026,0000a001
804,3,00000026,0000a001
810,3,00000026,0000a001
816,3,00000026,0000a001
822,3,00000026,0000a001
828,3,00000026,0000a001
834,3,00000026,0000a001
840,3,00000026,0000a001
846,3,00000026,0000a001
852,3,00000026,0000a001
858,3,00000026,0000a001
864,3,00000026,0000a001
870,3,00000026,0000a001
876,3,00000026,0000a001
882,3,00000026,0000a001
888,3,00000026,0000a001
894,3,00000026,0000a001
900,3,00000026,0000a001
906,3,00000026,0000a001
912,3,00000026,0000a001
918,3,00000026,0000a001
924,3,00000026,0000a001
930,3,00000026,0000a001
936,3,00000026,0000a001
942,3,00000026,0000a001
948,3,00000026,0000a001
954,3,00000026,0000a001
960,3,00000026,0000a001
966,3,00000026,0000a001
972,3,00000026,0000a001
978,3,00000026,0000a001
984,3,00000026,0000a001
990,3,00000026,0000a001
996,3,00000026,0000a001
1002,3,00000026,0000a001
1008,3,00000026,0000a001
1014,3,00000026,0000a001
1020,3,00000026,0000a001
1026,3,00000026,0000a001
1032,3,00000026,0000a001
1038,3,00000026,0000a001
1044,3,00000026,0000a001
1050,3,00000026,0000a001
1056,3,00000026,0000a001
1062,3,00000026,0000a001
1068,3,00000026,0000a001
1074,3,00000026,0000a001
1080,3,00000026,0000a001
1086,3,00000026,0000a001
1092,3,00000026,0000a001
1098,3,00000026,0000a001
1104,3,00000026,0000a001
1110,3,00000026,0000a001
1116,3,00000026,0000a001
1122,3,00000026,0000a001
1128,3,00000026,0000a001
1134,3,00000026,0000a001
1140,3,00000026,0000a001
1146,3,00000026,0000a001
1152,3,00000026,0000a001
1158,3,00000026,0000a001
1164,3,00000026,0000a001
1170,3,00000026,0000a001
1176,3,00000026,0000a001
1182,3,00000026,0000a001
1188,3,00000026,0000a001
1194,3,00000026,0000a001
1200,3,00000026,0000a001
1206,3,00000026,0000a001
1212,3,00000026,0000a001
1218,3,00000026,0000a001
1224,3,00000026,0000a001
1230,3,00000026,0000a001
1236,3,00000026,0000a001
1242,3,00000026,0000a001
1248,3,00000026,0000a001
1254,3,00000026,0000a001
1260,3,00000026,0000a001
1266,3,00000026,0000a001
1272,3,00000026,0000a001
1278,3,00000026,0000a001
1284,3,00000026,0000a001
1290,3,00000026,0000a001
1296,3,00000026,0000a001
1302,3,00000026,0000a001
1308,3,00000026,0000a001
1314,3,00000026,0000a001
1320,3,00000026,0000a001
1326,3,00000026,0000a001
1332,3,00000026,0000a001
1338,3,00000026,0000a001
1344,3,00000026,0000a001
1350,3,00000026,0000a001
1356,3,00000026,0000a001
1362,3,00000026,0000a001
1368,3,00000026,0000a001
1374,3,00000026,0000a001
1380,3,00000026,0000a001
1386,3,00000026,0000a001
1392,3,00000026,0000a001
1398,3,00000026,0000a001
1404,3,00000026,0000a001
1410,3,00000026,0000a001
1416,3,00000026,0000a001
1422,3,00000026,0000a001
1428,3,00000026,0000a001
1434,3,00000026,0000a001
1440,3,00000026,0000a001
1446,3,00000026,0000a001
1452,3,00000026,0000a001
1458,3,00000026,0000a001
1464,3,00000026,0000a001
1470,3,00000026,0000a001
1476,3,00000026,0000a001
1482,3,00000026,0000a001
1488,3,00000026,0000a001
1494,3,00000026,0000a001
1500,3,00000026,0000a001
1506,3,00000026,0000a001
1512,3,00000026,0000a001
1518,3,00000026,0000a001
1524,3,00000026,0000a001
1530,3,00000026,0000a001
1536,3,00000026,0000a001
1542,3,00000026,0000a001
1548,3,00000026,0000a001
1554,3,00000026,0000a001
1560,3,00000026,0000a001
1566,3,00000026,0000a001
1572,3,00000026,0000a001
1578,3,00000026,0000a001
1584,3,00000026,0000a001
1590,3,00000026,0000a001
1596,3,00000026,0000a001
1602,3,00000026,0000a001
1608,3,00000026,0000a001
1614,3,00000026,0000a001
1620,3,00000026,0000a001
1626,3,00000026,0000a001
1632,3,00000026,0000a001
1638,3,00000026,0000a001
1644,3,00000026,0000a001
1650,3,00000026,0000a001
1656,3,00000026,0000a001
1662,3,00000026,0000a001
1668,3,00000026,0000a001
1674,3,00000026,0000a001
1680,3,00000026,0000a001
1686,3,00000026,0000a001
1692,3,00000026,0000a001
1698,3,00000026,0000a001
1704,3,00000026,0000a001
1710,3,00000026,0000a001
1716,3,00000026,0000a001
1722,3,00000026,0000a001
1728,3,00000026,0000a001
1734,3,00000026,0000a001
1740,3,00000026,0000a001
1746,3,00000026,0000a001
1752,3,00000026,0000a001
1758,3,00000026,0000a001
1764,3,00000026,0000a001
1770,3,00000026,0000a001
1776,3,00000026,0000a001
1782,3,00000026,0000a001
1788,3,00000026,0000a001
1794,3,00000026,0000a001
1800,3,00000026,0000a001
1806,3,00000026,0000a001
1812,3,00000026,0000a001
1818,3,00000026,0000a001
1824,3,00000026,0000a001
1830,3,00000026,0000a001
1836,3,00000026,0000a001
1842,3,00000026,0000a001
1848,3,00000026,0000a001
1854,3,00000026,0000a001
1860,3,00000026,0000a001
1866,3,00000026,0000a001
1872,3,00000026,0000a001
1878,3,00000026,0000a001
1884,3,00000026,0000a001
1890,3,00000026,0000a001
1896,3,00000026,0000a001
1902,3,00000026,0000a001
1908,3,00000026,0000a001
1914,3,00000026,0000a001
1920,3,00000026,0000a001
1926,3,00000026,0000a001
1932,3,00000026,0000a001
1938,3,00000026,0000a001
1944,3,00000026,0000a001
1950,3,00000026,0000a001
1956,3,00000026,0000a001
1962,3,00000026,0000a001
1968,3,00000026,0000a001
1974,3,00000026,0000a001
1980,3,00000026,0000a001
1986,3,00000026,0000a001
1992,3,00000026,0000a001
1998,3,00000026,0000a001
2004,3,00000026,0000a001
2010,3,00000026,0000a001
2016,3,00000026,0000a001
2022,3,00000026,0000a001
2028,3,00000026,0000a001
2034,3,00000026,0000a001
2040,3,00000026,0000a001
2046,3,00000026,0000a001
2052,3,00000026,0000a001
2058,3,00000026,0000a001
2064,3,00000026,0000a001
2070,3,00000026,0000a001
2076,3,00000026,0000a001
2082,3,00000026,0000a001
2088,3,00000026,0000a001
2094,3,00000026,0000a001
2100,3,00000026,0000a001
2106,3,00000026,0000a001
2112,3,00000026,0000a001
2118,3,00000026,0000a001
2124,3,00000026,0000a001
2130,3,00000026,0000a001
2136,3,00000026,0000a001
2142,3,00000026,0000a001
2148,3,00000026,0000a001
2154,3,00000026,0000a001
2160,3,00000026,0000a001
2166,3,00000026,0000a001
2172,3,00000026,0000a001
2178,3,00000026,0000a001
2184,3,00000026,0000a001
2190,3,00000026,0000a001
2196,3,00000026,0000a001
2202,3,00000026,0000a001
2208,3,00000026,0000a001
2214,3,00000026,0000a001
2220,3,00000026,0000a001
2226,3,00000026,0000a001
2232,3,00000026,0000a001
2238,3,00000026,0000a001
2244,3,00000026,0000a001
2250,3,00000026,0000a001
2256,3,00000026,0000a001
2262,3,00000026,0000a001
2268,3,00000026,0000a001
2274,3,00000026,0000a001
2280,3,00000026,0000a001
2286,3,00000026,0000a001
2292,3,00000026,0000a001
2298,3,00000026,0000a001
2304,3,00000026,0000a001
2310,3,00000026,0000a001
2316,3,00000026,0000a001
2322,3,00000026,0000a001
2328,3,00000026,0000a001
2334,3,00000026,0000a001
2340,3,00000026,0000a001
2346,3,00000026,0000a001
2352,3,00000026,0000a001
2358,3,00000026,0000a001
2364,3,00000026,0000a001
2370,3,00000026,0000a001
2376,3,00000026,0000a001
2382,3,00000026,0000a001
2388,3,00000026,0000a001
2394,3,00000026,0000a001
2400,3,00000026,0000a001
2406,3,00000026,0000a001
2412,3,00000026,0000a001
2418,3,00000026,0000a001
2424,3,00000026,0000a001
2430,3,00000026,0000a001
2436,3,00000026,0000a001
2442,3,00000026,0000a001
2448,3,00000026,0000a001
2454,3,00000026,0000a001
2460,3,00000026,0000a001
2466,3,00000026,0000a001
2472,3,00000026,0000a001
2478,3,00000026,0000a001
2484,3,00000026,0000a001
2490,3,00000026,0000a001
2496,3,00000026,0000a001
2502,3,00000026,0000a001
2508,3,00000026,0000a001
2514,3,00000026,0000a001
2520,3,00000026,0000a001
2526,3,00000026,0000a001
2532,3,00000026,0000a001
2538,3,00000026,0000a001
2544,3,00000026,0000a001
2550,3,00000026,0000a001
2556,3,00000026,0000a001
2562,3,00000026,0000a001
2568,3,00000026,0000a001
2574,3,00000026,0000a001
2580,3,00000026,0000a001
2586,3,00000026,0000a001
2592,3,00000026,0000a001
2598,3,00000026,0000a001
2604,3,00000026,0000a001
2610,3,00000026,0000a001
2616,3,00000026,0000a001
2622,3,00000026,0000a001
2628,3,00000026,0000a001
2634,3,00000026,0000a001
2640,3,00000026,0000a001
2646,3,00000026,0000a001
2652,3,00000026,0000a001
2658,3,00000026,0000a001
2664,3,00000026,0000a001
2670,3,00000026,0000a001
2676,3,00000026,0000a001
2682,3,00000026,0000a001
2688,3,00000026,0000a001
2694,3,00000026,0000a001
2700,3,00000026,0000a001
2706,3,00000026,0000a001
2712,3,00000026,0000a001
2718,3,00000026,0000a001
2724,3,00000026,0000a001
2730,3,00000026,0000a001
2736,3,00000026,0000a001
2742,3,00000026,0000a001
2748,3,00000026,0000a001
2754,3,00000026,0000a001
2760,3,00000026,0000a001
2766,3,00000026,0000a001
2772,3,00000026,0000a001
2778,3,00000026,0000a001
2784,3,00000026,0000a001
2790,3,00000026,0000a001
2796,3,00000026,0000a001
2802,3,00000026,0000a001
2808,3,00000026,0000a001
2814,3,00000026,0000a001
2820,3,00000026,0000a001
2826,3,00000026,0000a001
2832,3,00000026,0000a001
2838,3,00000026,0000a001
2844,3,00000026,0000a001
2850,3,00000026,0000a001
2856,3,00000026,0000a001
2862,3,00000026,0000a001
2868,3,00000026,0000a001
2874,3,00000026,0000a001
2880,3,00000026,0000a001
2886,3,00000026,0000a001
2892,3,00000026,0000a001
2898,3,00000026,0000a001
2904,3,00000026,0000a001
2910,3,00000026,0000a001
2916,3,00000026,0000a001
2922,3,00000026,0000a001
2928,3,00000026,0000a001
2934,3,00000026,0000a001
2940,3,00000026,0000a001
2946,3,00000026,0000a001
2952,3,00000026,0000a001
2958,3,00000026,0000a001
2964,3,00000026,0000a001
2970,3,00000026,0000a001
2976,3,00000026,0000a001
2982,3,00000026,0000a001
2988,3,00000026,0000a001
2994,3,00000026,0000a001
