44,3,00000000,00001137
48,3,00000004,00010113
52,3,00000008,0080006f
60,3,00000010,d6067179
66,3,00000012,d422d606
72,3,00000014,1800d422
76,3,00000016,05371800
80,3,00000018,f0000537
86,3,0000001c,fea42823
92,3,00000020,ff042503
96,3,00000024,000205b7
100,3,00000028,2623952e
106,3,0000002a,fea42623
112,3,0000002e,fec42503
118,3,00000032,fea42423
124,3,00000036,fe842503
130,3,0000003a,fea42223
136,3,0000003e,fe842503
140,3,00000042,02050513
146,3,00000046,fea42023
152,3,0000004a,fe842503
156,3,0000004e,04050513
162,3,00000052,fca42e23
168,3,00000056,fe842503
172,3,0000005a,06050513
178,3,0000005e,fca42c23
182,3,00000062,28234501
188,3,00000064,fca42823
194,3,00000068,fca42a23
198,3,0000006c,0040006f
208,3,00000070,fd442503
212,3,00000074,c863459d
216,3,00000076,02a5c863
220,3,0000007a,0040006f
232,3,0000007e,fe042503
238,3,00000082,fd442583
242,3,00000086,952e058a
246,3,00000088,25b7952e
250,3,0000008a,202025b7
254,3,0000008e,02058593
268,3,00000092,006fc10c
272,3,00000094,0040006f
282,3,00000098,fd442503
286,3,0000009c,2a230505
292,3,0000009e,fca42a23
296,3,000000a2,fcfff06f
306,3,00000070,fd442503
310,3,00000074,c863459d
314,3,00000076,02a5c863
318,3,0000007a,0040006f
330,3,0000007e,fe042503
336,3,00000082,fd442583
340,3,00000086,952e058a
344,3,00000088,25b7952e
348,3,0000008a,202025b7
352,3,0000008e,02058593
366,3,00000092,006fc10c
370,3,00000094,0040006f
380,3,00000098,fd442503
384,3,0000009c,2a230505
390,3,0000009e,fca42a23
394,3,000000a2,fcfff06f
404,3,00000070,fd442503
408,3,00000074,c863459d
412,3,00000076,02a5c863
416,3,0000007a,0040006f
428,3,0000007e,fe042503
434,3,00000082,fd442583
438,3,00000086,952e058a
442,3,00000088,25b7952e
446,3,0000008a,202025b7
450,3,0000008e,02058593
464,3,00000092,006fc10c
468,3,00000094,0040006f
478,3,00000098,fd442503
482,3,0000009c,2a230505
488,3,0000009e,fca42a23
492,3,000000a2,fcfff06f
502,3,00000070,fd442503
506,3,00000074,c863459d
510,3,00000076,02a5c863
514,3,0000007a,0040006f
526,3,0000007e,fe042503
532,3,00000082,fd442583
536,3,00000086,952e058a
540,3,00000088,25b7952e
544,3,0000008a,202025b7
548,3,0000008e,02058593
562,3,00000092,006fc10c
566,3,00000094,0040006f
576,3,00000098,fd442503
580,3,0000009c,2a230505
586,3,0000009e,fca42a23
590,3,000000a2,fcfff06f
600,3,00000070,fd442503
604,3,00000074,c863459d
608,3,00000076,02a5c863
612,3,0000007a,0040006f
624,3,0000007e,fe042503
630,3,00000082,fd442583
634,3,00000086,952e058a
638,3,00000088,25b7952e
642,3,0000008a,202025b7
646,3,0000008e,02058593
660,3,00000092,006fc10c
664,3,00000094,0040006f
674,3,00000098,fd442503
678,3,0000009c,2a230505
684,3,0000009e,fca42a23
688,3,000000a2,fcfff06f
698,3,00000070,fd442503
702,3,00000074,c863459d
706,3,00000076,02a5c863
710,3,0000007a,0040006f
722,3,0000007e,fe042503
728,3,00000082,fd442583
732,3,00000086,952e058a
736,3,00000088,25b7952e
740,3,0000008a,202025b7
744,3,0000008e,02058593
758,3,00000092,006fc10c
762,3,00000094,0040006f
772,3,00000098,fd442503
776,3,0000009c,2a230505
782,3,0000009e,fca42a23
786,3,000000a2,fcfff06f
796,3,00000070,fd442503
800,3,00000074,c863459d
804,3,00000076,02a5c863
808,3,0000007a,0040006f
820,3,0000007e,fe042503
826,3,00000082,fd442583
830,3,00000086,952e058a
834,3,00000088,25b7952e
838,3,0000008a,202025b7
842,3,0000008e,02058593
856,3,00000092,006fc10c
860,3,00000094,0040006f
870,3,00000098,fd442503
874,3,0000009c,2a230505
880,3,0000009e,fca42a23
884,3,000000a2,fcfff06f
894,3,00000070,fd442503
898,3,00000074,c863459d
902,3,00000076,02a5c863
906,3,0000007a,0040006f
918,3,0000007e,fe042503
924,3,00000082,fd442583
928,3,00000086,952e058a
932,3,00000088,25b7952e
936,3,0000008a,202025b7
940,3,0000008e,02058593
954,3,00000092,006fc10c
958,3,00000094,0040006f
968,3,00000098,fd442503
972,3,0000009c,2a230505
978,3,0000009e,fca42a23
982,3,000000a2,fcfff06f
992,3,00000070,fd442503
996,3,00000074,c863459d
1000,3,00000076,02a5c863
1010,3,000000a6,2a234501
1016,3,000000a8,fca42a23
1020,3,000000ac,0040006f
1030,3,000000b0,fd442503
1034,3,000000b4,03b00593
1038,3,000000b8,02a5c363
1042,3,000000bc,0040006f
1052,3,000000c0,fd442503
1056,3,000000c4,25830516
1062,3,000000c6,fdc42583
1076,3,000000ca,006fc188
1080,3,000000cc,0040006f
1090,3,000000d0,fd442503
1094,3,000000d4,2a230505
1100,3,000000d6,fca42a23
1104,3,000000da,fd7ff06f
1114,3,000000b0,fd442503
1118,3,000000b4,03b00593
1122,3,000000b8,02a5c363
1126,3,000000bc,0040006f
1136,3,000000c0,fd442503
1140,3,000000c4,25830516
1146,3,000000c6,fdc42583
1160,3,000000ca,006fc188
1164,3,000000cc,0040006f
1174,3,000000d0,fd442503
1178,3,000000d4,2a230505
1184,3,000000d6,fca42a23
1188,3,000000da,fd7ff06f
1198,3,000000b0,fd442503
1202,3,000000b4,03b00593
1206,3,000000b8,02a5c363
1210,3,000000bc,0040006f
1220,3,000000c0,fd442503
1224,3,000000c4,25830516
1230,3,000000c6,fdc42583
1244,3,000000ca,006fc188
1248,3,000000cc,0040006f
1258,3,000000d0,fd442503
1262,3,000000d4,2a230505
1268,3,000000d6,fca42a23
1272,3,000000da,fd7ff06f
1282,3,000000b0,fd442503
1286,3,000000b4,03b00593
1290,3,000000b8,02a5c363
1294,3,000000bc,0040006f
1304,3,000000c0,fd442503
1308,3,000000c4,25830516
1314,3,000000c6,fdc42583
1328,3,000000ca,006fc188
1332,3,000000cc,0040006f
1342,3,000000d0,fd442503
1346,3,000000d4,2a230505
1352,3,000000d6,fca42a23
1356,3,000000da,fd7ff06f
1366,3,000000b0,fd442503
1370,3,000000b4,03b00593
1374,3,000000b8,02a5c363
1378,3,000000bc,0040006f
1388,3,000000c0,fd442503
1392,3,000000c4,25830516
1398,3,000000c6,fdc42583
1412,3,000000ca,006fc188
1416,3,000000cc,0040006f
1426,3,000000d0,fd442503
1430,3,000000d4,2a230505
1436,3,000000d6,fca42a23
1440,3,000000da,fd7ff06f
1450,3,000000b0,fd442503
1454,3,000000b4,03b00593
1458,3,000000b8,02a5c363
1462,3,000000bc,0040006f
1472,3,000000c0,fd442503
1476,3,000000c4,25830516
1482,3,000000c6,fdc42583
1496,3,000000ca,006fc188
1500,3,000000cc,0040006f
1510,3,000000d0,fd442503
1514,3,000000d4,2a230505
1520,3,000000d6,fca42a23
1524,3,000000da,fd7ff06f
1534,3,000000b0,fd442503
1538,3,000000b4,03b00593
1542,3,000000b8,02a5c363
1546,3,000000bc,0040006f
1556,3,000000c0,fd442503
1560,3,000000c4,25830516
1566,3,000000c6,fdc42583
1580,3,000000ca,006fc188
1584,3,000000cc,0040006f
1594,3,000000d0,fd442503
1598,3,000000d4,2a230505
1604,3,000000d6,fca42a23
1608,3,000000da,fd7ff06f
1618,3,000000b0,fd442503
1622,3,000000b4,03b00593
1626,3,000000b8,02a5c363
1630,3,000000bc,0040006f
1640,3,000000c0,fd442503
1644,3,000000c4,25830516
1650,3,000000c6,fdc42583
1664,3,000000ca,006fc188
1668,3,000000cc,0040006f
1678,3,000000d0,fd442503
1682,3,000000d4,2a230505
1688,3,000000d6,fca42a23
1692,3,000000da,fd7ff06f
1702,3,000000b0,fd442503
1706,3,000000b4,03b00593
1710,3,000000b8,02a5c363
1714,3,000000bc,0040006f
1724,3,000000c0,fd442503
1728,3,000000c4,25830516
1734,3,000000c6,fdc42583
1748,3,000000ca,006fc188
1752,3,000000cc,0040006f
1762,3,000000d0,fd442503
1766,3,000000d4,2a230505
1772,3,000000d6,fca42a23
1776,3,000000da,fd7ff06f
1786,3,000000b0,fd442503
1790,3,000000b4,03b00593
1794,3,000000b8,02a5c363
1798,3,000000bc,0040006f
1808,3,000000c0,fd442503
1812,3,000000c4,25830516
1818,3,000000c6,fdc42583
1832,3,000000ca,006fc188
1836,3,000000cc,0040006f
1846,3,000000d0,fd442503
1850,3,000000d4,2a230505
1856,3,000000d6,fca42a23
1860,3,000000da,fd7ff06f
1870,3,000000b0,fd442503
1874,3,000000b4,03b00593
1878,3,000000b8,02a5c363
1882,3,000000bc,0040006f
1892,3,000000c0,fd442503
1896,3,000000c4,25830516
1902,3,000000c6,fdc42583
1916,3,000000ca,006fc188
1920,3,000000cc,0040006f
1930,3,000000d0,fd442503
1934,3,000000d4,2a230505
1940,3,000000d6,fca42a23
1944,3,000000da,fd7ff06f
1954,3,000000b0,fd442503
1958,3,000000b4,03b00593
1962,3,000000b8,02a5c363
1966,3,000000bc,0040006f
1976,3,000000c0,fd442503
1980,3,000000c4,25830516
1986,3,000000c6,fdc42583
2000,3,000000ca,006fc188
2004,3,000000cc,0040006f
2014,3,000000d0,fd442503
2018,3,000000d4,2a230505
2024,3,000000d6,fca42a23
2028,3,000000da,fd7ff06f
2038,3,000000b0,fd442503
2042,3,000000b4,03b00593
2046,3,000000b8,02a5c363
2050,3,000000bc,0040006f
2060,3,000000c0,fd442503
2064,3,000000c4,25830516
2070,3,000000c6,fdc42583
2084,3,000000ca,006fc188
2088,3,000000cc,0040006f
2098,3,000000d0,fd442503
2102,3,000000d4,2a230505
2108,3,000000d6,fca42a23
2112,3,000000da,fd7ff06f
2122,3,000000b0,fd442503
2126,3,000000b4,03b00593
2130,3,000000b8,02a5c363
2134,3,000000bc,0040006f
2144,3,000000c0,fd442503
2148,3,000000c4,25830516
2154,3,000000c6,fdc42583
2168,3,000000ca,006fc188
2172,3,000000cc,0040006f
2182,3,000000d0,fd442503
2186,3,000000d4,2a230505
2192,3,000000d6,fca42a23
2196,3,000000da,fd7ff06f
2206,3,000000b0,fd442503
2210,3,000000b4,03b00593
2214,3,000000b8,02a5c363
2218,3,000000bc,0040006f
2228,3,000000c0,fd442503
2232,3,000000c4,25830516
2238,3,000000c6,fdc42583
2252,3,000000ca,006fc188
2256,3,000000cc,0040006f
2266,3,000000d0,fd442503
2270,3,000000d4,2a230505
2276,3,000000d6,fca42a23
2280,3,000000da,fd7ff06f
2290,3,000000b0,fd442503
2294,3,000000b4,03b00593
2298,3,000000b8,02a5c363
2302,3,000000bc,0040006f
2312,3,000000c0,fd442503
2316,3,000000c4,25830516
2322,3,000000c6,fdc42583
2336,3,000000ca,006fc188
2340,3,000000cc,0040006f
2350,3,000000d0,fd442503
2354,3,000000d4,2a230505
2360,3,000000d6,fca42a23
2364,3,000000da,fd7ff06f
2374,3,000000b0,fd442503
2378,3,000000b4,03b00593
2382,3,000000b8,02a5c363
2386,3,000000bc,0040006f
2396,3,000000c0,fd442503
2400,3,000000c4,25830516
2406,3,000000c6,fdc42583
2420,3,000000ca,006fc188
2424,3,000000cc,0040006f
2434,3,000000d0,fd442503
2438,3,000000d4,2a230505
2444,3,000000d6,fca42a23
2448,3,000000da,fd7ff06f
2458,3,000000b0,fd442503
2462,3,000000b4,03b00593
2466,3,000000b8,02a5c363
2470,3,000000bc,0040006f
2480,3,000000c0,fd442503
2484,3,000000c4,25830516
2490,3,000000c6,fdc42583
2504,3,000000ca,006fc188
2508,3,000000cc,0040006f
2518,3,000000d0,fd442503
2522,3,000000d4,2a230505
2528,3,000000d6,fca42a23
2532,3,000000da,fd7ff06f
2542,3,000000b0,fd442503
2546,3,000000b4,03b00593
2550,3,000000b8,02a5c363
2554,3,000000bc,0040006f
2564,3,000000c0,fd442503
2568,3,000000c4,25830516
2574,3,000000c6,fdc42583
2588,3,000000ca,006fc188
2592,3,000000cc,0040006f
2602,3,000000d0,fd442503
2606,3,000000d4,2a230505
2612,3,000000d6,fca42a23
2616,3,000000da,fd7ff06f
2626,3,000000b0,fd442503
2630,3,000000b4,03b00593
2634,3,000000b8,02a5c363
2638,3,000000bc,0040006f
2648,3,000000c0,fd442503
2652,3,000000c4,25830516
2658,3,000000c6,fdc42583
2672,3,000000ca,006fc188
2676,3,000000cc,0040006f
2686,3,000000d0,fd442503
2690,3,000000d4,2a230505
2696,3,000000d6,fca42a23
2700,3,000000da,fd7ff06f
2710,3,000000b0,fd442503
2714,3,000000b4,03b00593
2718,3,000000b8,02a5c363
2722,3,000000bc,0040006f
2732,3,000000c0,fd442503
2736,3,000000c4,25830516
2742,3,000000c6,fdc42583
2756,3,000000ca,006fc188
2760,3,000000cc,0040006f
2770,3,000000d0,fd442503
2774,3,000000d4,2a230505
2780,3,000000d6,fca42a23
2784,3,000000da,fd7ff06f
2794,3,000000b0,fd442503
2798,3,000000b4,03b00593
2802,3,000000b8,02a5c363
2806,3,000000bc,0040006f
2816,3,000000c0,fd442503
2820,3,000000c4,25830516
2826,3,000000c6,fdc42583
2840,3,000000ca,006fc188
2844,3,000000cc,0040006f
2854,3,000000d0,fd442503
2858,3,000000d4,2a230505
2864,3,000000d6,fca42a23
2868,3,000000da,fd7ff06f
2878,3,000000b0,fd442503
2882,3,000000b4,03b00593
2886,3,000000b8,02a5c363
2890,3,000000bc,0040006f
2900,3,000000c0,fd442503
2904,3,000000c4,25830516
2910,3,000000c6,fdc42583
2924,3,000000ca,006fc188
2928,3,000000cc,0040006f
2938,3,000000d0,fd442503
2942,3,000000d4,2a230505
2948,3,000000d6,fca42a23
2952,3,000000da,fd7ff06f
2962,3,000000b0,fd442503
2966,3,000000b4,03b00593
2970,3,000000b8,02a5c363
2974,3,000000bc,0040006f
2984,3,000000c0,fd442503
2988,3,000000c4,25830516
2994,3,000000c6,fdc42583
3008,3,000000ca,006fc188
3012,3,000000cc,0040006f
3022,3,000000d0,fd442503
3026,3,000000d4,2a230505
3032,3,000000d6,fca42a23
3036,3,000000da,fd7ff06f
3046,3,000000b0,fd442503
3050,3,000000b4,03b00593
3054,3,000000b8,02a5c363
3058,3,000000bc,0040006f
3068,3,000000c0,fd442503
3072,3,000000c4,25830516
3078,3,000000c6,fdc42583
3092,3,000000ca,006fc188
3096,3,000000cc,0040006f
3106,3,000000d0,fd442503
3110,3,000000d4,2a230505
3116,3,000000d6,fca42a23
3120,3,000000da,fd7ff06f
3130,3,000000b0,fd442503
3134,3,000000b4,03b00593
3138,3,000000b8,02a5c363
3142,3,000000bc,0040006f
3152,3,000000c0,fd442503
3156,3,000000c4,25830516
3162,3,000000c6,fdc42583
3176,3,000000ca,006fc188
3180,3,000000cc,0040006f
3190,3,000000d0,fd442503
3194,3,000000d4,2a230505
3200,3,000000d6,fca42a23
3204,3,000000da,fd7ff06f
3214,3,000000b0,fd442503
3218,3,000000b4,03b00593
3222,3,000000b8,02a5c363
3226,3,000000bc,0040006f
3236,3,000000c0,fd442503
3240,3,000000c4,25830516
3246,3,000000c6,fdc42583
3260,3,000000ca,006fc188
3264,3,000000cc,0040006f
3274,3,000000d0,fd442503
3278,3,000000d4,2a230505
3284,3,000000d6,fca42a23
3288,3,000000da,fd7ff06f
3298,3,000000b0,fd442503
3302,3,000000b4,03b00593
3306,3,000000b8,02a5c363
3310,3,000000bc,0040006f
3320,3,000000c0,fd442503
3324,3,000000c4,25830516
3330,3,000000c6,fdc42583
3344,3,000000ca,006fc188
3348,3,000000cc,0040006f
3358,3,000000d0,fd442503
3362,3,000000d4,2a230505
3368,3,000000d6,fca42a23
3372,3,000000da,fd7ff06f
3382,3,000000b0,fd442503
3386,3,000000b4,03b00593
3390,3,000000b8,02a5c363
3394,3,000000bc,0040006f
3404,3,000000c0,fd442503
3408,3,000000c4,25830516
3414,3,000000c6,fdc42583
3428,3,000000ca,006fc188
3432,3,000000cc,0040006f
3442,3,000000d0,fd442503
3446,3,000000d4,2a230505
3452,3,000000d6,fca42a23
3456,3,000000da,fd7ff06f
3466,3,000000b0,fd442503
3470,3,000000b4,03b00593
3474,3,000000b8,02a5c363
3478,3,000000bc,0040006f
3488,3,000000c0,fd442503
3492,3,000000c4,25830516
3498,3,000000c6,fdc42583
3512,3,000000ca,006fc188
3516,3,000000cc,0040006f
3526,3,000000d0,fd442503
3530,3,000000d4,2a230505
3536,3,000000d6,fca42a23
3540,3,000000da,fd7ff06f
3550,3,000000b0,fd442503
3554,3,000000b4,03b00593
3558,3,000000b8,02a5c363
3562,3,000000bc,0040006f
3572,3,000000c0,fd442503
3576,3,000000c4,25830516
3582,3,000000c6,fdc42583
3596,3,000000ca,006fc188
3600,3,000000cc,0040006f
3610,3,000000d0,fd442503
3614,3,000000d4,2a230505
3620,3,000000d6,fca42a23
3624,3,000000da,fd7ff06f
3634,3,000000b0,fd442503
3638,3,000000b4,03b00593
3642,3,000000b8,02a5c363
3646,3,000000bc,0040006f
3656,3,000000c0,fd442503
3660,3,000000c4,25830516
3666,3,000000c6,fdc42583
3680,3,000000ca,006fc188
3684,3,000000cc,0040006f
3694,3,000000d0,fd442503
3698,3,000000d4,2a230505
3704,3,000000d6,fca42a23
3708,3,000000da,fd7ff06f
3718,3,000000b0,fd442503
3722,3,000000b4,03b00593
3726,3,000000b8,02a5c363
3730,3,000000bc,0040006f
3740,3,000000c0,fd442503
3744,3,000000c4,25830516
3750,3,000000c6,fdc42583
3764,3,000000ca,006fc188
3768,3,000000cc,0040006f
3778,3,000000d0,fd442503
3782,3,000000d4,2a230505
3788,3,000000d6,fca42a23
3792,3,000000da,fd7ff06f
3802,3,000000b0,fd442503
3806,3,000000b4,03b00593
3810,3,000000b8,02a5c363
3814,3,000000bc,0040006f
3824,3,000000c0,fd442503
3828,3,000000c4,25830516
3834,3,000000c6,fdc42583
3848,3,000000ca,006fc188
3852,3,000000cc,0040006f
3862,3,000000d0,fd442503
3866,3,000000d4,2a230505
3872,3,000000d6,fca42a23
3876,3,000000da,fd7ff06f
3886,3,000000b0,fd442503
3890,3,000000b4,03b00593
3894,3,000000b8,02a5c363
3898,3,000000bc,0040006f
3908,3,000000c0,fd442503
3912,3,000000c4,25830516
3918,3,000000c6,fdc42583
3932,3,000000ca,006fc188
3936,3,000000cc,0040006f
3946,3,000000d0,fd442503
3950,3,000000d4,2a230505
3956,3,000000d6,fca42a23
3960,3,000000da,fd7ff06f
3970,3,000000b0,fd442503
3974,3,000000b4,03b00593
3978,3,000000b8,02a5c363
3982,3,000000bc,0040006f
3992,3,000000c0,fd442503
3996,3,000000c4,25830516
4002,3,000000c6,fdc42583
4016,3,000000ca,006fc188
4020,3,000000cc,0040006f
4030,3,000000d0,fd442503
4034,3,000000d4,2a230505
4040,3,000000d6,fca42a23
4044,3,000000da,fd7ff06f
4054,3,000000b0,fd442503
4058,3,000000b4,03b00593
4062,3,000000b8,02a5c363
4066,3,000000bc,0040006f
4076,3,000000c0,fd442503
4080,3,000000c4,25830516
4086,3,000000c6,fdc42583
4100,3,000000ca,006fc188
4104,3,000000cc,0040006f
4114,3,000000d0,fd442503
4118,3,000000d4,2a230505
4124,3,000000d6,fca42a23
4128,3,000000da,fd7ff06f
4138,3,000000b0,fd442503
4142,3,000000b4,03b00593
4146,3,000000b8,02a5c363
4150,3,000000bc,0040006f
4160,3,000000c0,fd442503
4164,3,000000c4,25830516
4170,3,000000c6,fdc42583
4184,3,000000ca,006fc188
4188,3,000000cc,0040006f
4198,3,000000d0,fd442503
4202,3,000000d4,2a230505
4208,3,000000d6,fca42a23
4212,3,000000da,fd7ff06f
4222,3,000000b0,fd442503
4226,3,000000b4,03b00593
4230,3,000000b8,02a5c363
4234,3,000000bc,0040006f
4244,3,000000c0,fd442503
4248,3,000000c4,25830516
4254,3,000000c6,fdc42583
4268,3,000000ca,006fc188
4272,3,000000cc,0040006f
4282,3,000000d0,fd442503
4286,3,000000d4,2a230505
4292,3,000000d6,fca42a23
4296,3,000000da,fd7ff06f
4306,3,000000b0,fd442503
4310,3,000000b4,03b00593
4314,3,000000b8,02a5c363
4318,3,000000bc,0040006f
4328,3,000000c0,fd442503
4332,3,000000c4,25830516
4338,3,000000c6,fdc42583
4352,3,000000ca,006fc188
4356,3,000000cc,0040006f
4366,3,000000d0,fd442503
4370,3,000000d4,2a230505
4376,3,000000d6,fca42a23
4380,3,000000da,fd7ff06f
4390,3,000000b0,fd442503
4394,3,000000b4,03b00593
4398,3,000000b8,02a5c363
4402,3,000000bc,0040006f
4412,3,000000c0,fd442503
4416,3,000000c4,25830516
4422,3,000000c6,fdc42583
4436,3,000000ca,006fc188
4440,3,000000cc,0040006f
4450,3,000000d0,fd442503
4454,3,000000d4,2a230505
4460,3,000000d6,fca42a23
4464,3,000000da,fd7ff06f
4474,3,000000b0,fd442503
4478,3,000000b4,03b00593
4482,3,000000b8,02a5c363
4486,3,000000bc,0040006f
4496,3,000000c0,fd442503
4500,3,000000c4,25830516
4506,3,000000c6,fdc42583
4520,3,000000ca,006fc188
4524,3,000000cc,0040006f
4534,3,000000d0,fd442503
4538,3,000000d4,2a230505
4544,3,000000d6,fca42a23
4548,3,000000da,fd7ff06f
4558,3,000000b0,fd442503
4562,3,000000b4,03b00593
4566,3,000000b8,02a5c363
4570,3,000000bc,0040006f
4580,3,000000c0,fd442503
4584,3,000000c4,25830516
4590,3,000000c6,fdc42583
4604,3,000000ca,006fc188
4608,3,000000cc,0040006f
4618,3,000000d0,fd442503
4622,3,000000d4,2a230505
4628,3,000000d6,fca42a23
4632,3,000000da,fd7ff06f
4642,3,000000b0,fd442503
4646,3,000000b4,03b00593
4650,3,000000b8,02a5c363
4654,3,000000bc,0040006f
4664,3,000000c0,fd442503
4668,3,000000c4,25830516
4674,3,000000c6,fdc42583
4688,3,000000ca,006fc188
4692,3,000000cc,0040006f
4702,3,000000d0,fd442503
4706,3,000000d4,2a230505
4712,3,000000d6,fca42a23
4716,3,000000da,fd7ff06f
4726,3,000000b0,fd442503
4730,3,000000b4,03b00593
4734,3,000000b8,02a5c363
4738,3,000000bc,0040006f
4748,3,000000c0,fd442503
4752,3,000000c4,25830516
4758,3,000000c6,fdc42583
4772,3,000000ca,006fc188
4776,3,000000cc,0040006f
4786,3,000000d0,fd442503
4790,3,000000d4,2a230505
4796,3,000000d6,fca42a23
4800,3,000000da,fd7ff06f
4810,3,000000b0,fd442503
4814,3,000000b4,03b00593
4818,3,000000b8,02a5c363
4822,3,000000bc,0040006f
4832,3,000000c0,fd442503
4836,3,000000c4,25830516
4842,3,000000c6,fdc42583
4856,3,000000ca,006fc188
4860,3,000000cc,0040006f
4870,3,000000d0,fd442503
4874,3,000000d4,2a230505
4880,3,000000d6,fca42a23
4884,3,000000da,fd7ff06f
4894,3,000000b0,fd442503
4898,3,000000b4,03b00593
4902,3,000000b8,02a5c363
4906,3,000000bc,0040006f
4916,3,000000c0,fd442503
4920,3,000000c4,25830516
4926,3,000000c6,fdc42583
4940,3,000000ca,006fc188
4944,3,000000cc,0040006f
4954,3,000000d0,fd442503
4958,3,000000d4,2a230505
4964,3,000000d6,fca42a23
4968,3,000000da,fd7ff06f
4978,3,000000b0,fd442503
4982,3,000000b4,03b00593
4986,3,000000b8,02a5c363
4990,3,000000bc,0040006f
5000,3,000000c0,fd442503
5004,3,000000c4,25830516
5010,3,000000c6,fdc42583
5024,3,000000ca,006fc188
5028,3,000000cc,0040006f
5038,3,000000d0,fd442503
5042,3,000000d4,2a230505
5048,3,000000d6,fca42a23
5052,3,000000da,fd7ff06f
5062,3,000000b0,fd442503
5066,3,000000b4,03b00593
5070,3,000000b8,02a5c363
5074,3,000000bc,0040006f
5084,3,000000c0,fd442503
5088,3,000000c4,25830516
5094,3,000000c6,fdc42583
5108,3,000000ca,006fc188
5112,3,000000cc,0040006f
5122,3,000000d0,fd442503
5126,3,000000d4,2a230505
5132,3,000000d6,fca42a23
5136,3,000000da,fd7ff06f
5146,3,000000b0,fd442503
5150,3,000000b4,03b00593
5154,3,000000b8,02a5c363
5158,3,000000bc,0040006f
5168,3,000000c0,fd442503
5172,3,000000c4,25830516
5178,3,000000c6,fdc42583
5192,3,000000ca,006fc188
5196,3,000000cc,0040006f
5206,3,000000d0,fd442503
5210,3,000000d4,2a230505
5216,3,000000d6,fca42a23
5220,3,000000da,fd7ff06f
5230,3,000000b0,fd442503
5234,3,000000b4,03b00593
5238,3,000000b8,02a5c363
5242,3,000000bc,0040006f
5252,3,000000c0,fd442503
5256,3,000000c4,25830516
5262,3,000000c6,fdc42583
5276,3,000000ca,006fc188
5280,3,000000cc,0040006f
5290,3,000000d0,fd442503
5294,3,000000d4,2a230505
5300,3,000000d6,fca42a23
5304,3,000000da,fd7ff06f
5314,3,000000b0,fd442503
5318,3,000000b4,03b00593
5322,3,000000b8,02a5c363
5326,3,000000bc,0040006f
5336,3,000000c0,fd442503
5340,3,000000c4,25830516
5346,3,000000c6,fdc42583
5360,3,000000ca,006fc188
5364,3,000000cc,0040006f
5374,3,000000d0,fd442503
5378,3,000000d4,2a230505
5384,3,000000d6,fca42a23
5388,3,000000da,fd7ff06f
5398,3,000000b0,fd442503
5402,3,000000b4,03b00593
5406,3,000000b8,02a5c363
5410,3,000000bc,0040006f
5420,3,000000c0,fd442503
5424,3,000000c4,25830516
5430,3,000000c6,fdc42583
5444,3,000000ca,006fc188
5448,3,000000cc,0040006f
5458,3,000000d0,fd442503
5462,3,000000d4,2a230505
5468,3,000000d6,fca42a23
5472,3,000000da,fd7ff06f
5482,3,000000b0,fd442503
5486,3,000000b4,03b00593
5490,3,000000b8,02a5c363
5494,3,000000bc,0040006f
5504,3,000000c0,fd442503
5508,3,000000c4,25830516
5514,3,000000c6,fdc42583
5528,3,000000ca,006fc188
5532,3,000000cc,0040006f
5542,3,000000d0,fd442503
5546,3,000000d4,2a230505
5552,3,000000d6,fca42a23
5556,3,000000da,fd7ff06f
5566,3,000000b0,fd442503
5570,3,000000b4,03b00593
5574,3,000000b8,02a5c363
5578,3,000000bc,0040006f
5588,3,000000c0,fd442503
5592,3,000000c4,25830516
5598,3,000000c6,fdc42583
5612,3,000000ca,006fc188
5616,3,000000cc,0040006f
5626,3,000000d0,fd442503
5630,3,000000d4,2a230505
5636,3,000000d6,fca42a23
5640,3,000000da,fd7ff06f
5650,3,000000b0,fd442503
5654,3,000000b4,03b00593
5658,3,000000b8,02a5c363
5662,3,000000bc,0040006f
5672,3,000000c0,fd442503
5676,3,000000c4,25830516
5682,3,000000c6,fdc42583
5696,3,000000ca,006fc188
5700,3,000000cc,0040006f
5710,3,000000d0,fd442503
5714,3,000000d4,2a230505
5720,3,000000d6,fca42a23
5724,3,000000da,fd7ff06f
5734,3,000000b0,fd442503
5738,3,000000b4,03b00593
5742,3,000000b8,02a5c363
5746,3,000000bc,0040006f
5756,3,000000c0,fd442503
5760,3,000000c4,25830516
5766,3,000000c6,fdc42583
5780,3,000000ca,006fc188
5784,3,000000cc,0040006f
5794,3,000000d0,fd442503
5798,3,000000d4,2a230505
5804,3,000000d6,fca42a23
5808,3,000000da,fd7ff06f
5818,3,000000b0,fd442503
5822,3,000000b4,03b00593
5826,3,000000b8,02a5c363
5830,3,000000bc,0040006f
5840,3,000000c0,fd442503
5844,3,000000c4,25830516
5850,3,000000c6,fdc42583
5864,3,000000ca,006fc188
5868,3,000000cc,0040006f
5878,3,000000d0,fd442503
5882,3,000000d4,2a230505
5888,3,000000d6,fca42a23
5892,3,000000da,fd7ff06f
5902,3,000000b0,fd442503
5906,3,000000b4,03b00593
5910,3,000000b8,02a5c363
5914,3,000000bc,0040006f
5924,3,000000c0,fd442503
5928,3,000000c4,25830516
5934,3,000000c6,fdc42583
5948,3,000000ca,006fc188
5952,3,000000cc,0040006f
5962,3,000000d0,fd442503
5966,3,000000d4,2a230505
5972,3,000000d6,fca42a23
5976,3,000000da,fd7ff06f
5986,3,000000b0,fd442503
5990,3,000000b4,03b00593
5994,3,000000b8,02a5c363
5998,3,000000bc,0040006f
6008,3,000000c0,fd442503
6012,3,000000c4,25830516
6018,3,000000c6,fdc42583
6032,3,000000ca,006fc188
6036,3,000000cc,0040006f
6046,3,000000d0,fd442503
6050,3,000000d4,2a230505
6056,3,000000d6,fca42a23
6060,3,000000da,fd7ff06f
6070,3,000000b0,fd442503
6074,3,000000b4,03b00593
6078,3,000000b8,02a5c363
6088,3,000000de,2a234501
6094,3,000000e0,fca42a23
6098,3,000000e4,0040006f
6108,3,000000e8,fd442503
6112,3,000000ec,c0634581
6116,3,000000ee,04a5c063
6120,3,000000f2,0040006f
6132,3,000000f6,fe042503
6136,3,000000fa,486575b7
6140,3,000000fe,c6c58593
6154,3,00000102,2503c10c
6160,3,00000104,fe042503
6164,3,00000108,6f2105b7
6168,3,0000010c,f0058593
6182,3,00000110,2503c14c
6188,3,00000112,fdc42503
6192,3,00000116,25800593
6206,3,0000011a,006fc10c
6210,3,0000011c,0040006f
6220,3,00000120,fd442503
6224,3,00000124,2a230505
6230,3,00000126,fca42a23
6234,3,0000012a,fbfff06f
6244,3,000000e8,fd442503
6248,3,000000ec,c0634581
6252,3,000000ee,04a5c063
6262,3,0000012e,00000537
6266,3,00000132,26234585
6272,3,00000134,00b52623
6276,3,00000138,0040006f
6284,3,0000013c,0000006f
6292,3,0000013c,0000006f
6300,3,0000013c,0000006f
6308,3,0000013c,0000006f
6316,3,0000013c,0000006f
6324,3,0000013c,0000006f
6332,3,0000013c,0000006f
6340,3,0000013c,0000006f
6348,3,0000013c,0000006f
6356,3,0000013c,0000006f
6364,3,0000013c,0000006f
6372,3,0000013c,0000006f
6380,3,0000013c,0000006f
6388,3,0000013c,0000006f
6396,3,0000013c,0000006f
6404,3,0000013c,0000006f
6412,3,0000013c,0000006f
6420,3,0000013c,0000006f
6428,3,0000013c,0000006f
6436,3,0000013c,0000006f
6444,3,0000013c,0000006f
6452,3,0000013c,0000006f
6460,3,0000013c,0000006f
6468,3,0000013c,0000006f
6476,3,0000013c,0000006f
6484,3,0000013c,0000006f
6492,3,0000013c,0000006f
6500,3,0000013c,0000006f
6508,3,0000013c,0000006f
6516,3,0000013c,0000006f
6524,3,0000013c,0000006f
6532,3,0000013c,0000006f
6540,3,0000013c,0000006f
6548,3,0000013c,0000006f
6556,3,0000013c,0000006f
6564,3,0000013c,0000006f
6572,3,0000013c,0000006f
6580,3,0000013c,0000006f
6588,3,0000013c,0000006f
6596,3,0000013c,0000006f
6604,3,0000013c,0000006f
6612,3,0000013c,0000006f
6620,3,0000013c,0000006f
6628,3,0000013c,0000006f
6636,3,0000013c,0000006f
6644,3,0000013c,0000006f
6652,3,0000013c,0000006f
6660,3,0000013c,0000006f
6668,3,0000013c,0000006f
6676,3,0000013c,0000006f
6684,3,0000013c,0000006f
6692,3,0000013c,0000006f
6700,3,0000013c,0000006f
6708,3,0000013c,0000006f
6716,3,0000013c,0000006f
6724,3,0000013c,0000006f
6732,3,0000013c,0000006f
6740,3,0000013c,0000006f
6748,3,0000013c,0000006f
6756,3,0000013c,0000006f
6764,3,0000013c,0000006f
6772,3,0000013c,0000006f
6780,3,0000013c,0000006f
6788,3,0000013c,0000006f
6796,3,0000013c,0000006f
6804,3,0000013c,0000006f
6812,3,0000013c,0000006f
6820,3,0000013c,0000006f
6828,3,0000013c,0000006f
6836,3,0000013c,0000006f
6844,3,0000013c,0000006f
6852,3,0000013c,0000006f
6860,3,0000013c,0000006f
6868,3,0000013c,0000006f
6876,3,0000013c,0000006f
6884,3,0000013c,0000006f
6892,3,0000013c,0000006f
6900,3,0000013c,0000006f
6908,3,0000013c,0000006f
6916,3,0000013c,0000006f
6924,3,0000013c,0000006f
6932,3,0000013c,0000006f
6940,3,0000013c,0000006f
6948,3,0000013c,0000006f
6956,3,0000013c,0000006f
6964,3,0000013c,0000006f
6972,3,0000013c,0000006f
6980,3,0000013c,0000006f
6988,3,0000013c,0000006f
6996,3,0000013c,0000006f
7004,3,0000013c,0000006f
7012,3,0000013c,0000006f
7020,3,0000013c,0000006f
7028,3,0000013c,0000006f
7036,3,0000013c,0000006f
7044,3,0000013c,0000006f
7052,3,0000013c,0000006f
7060,3,0000013c,0000006f
7068,3,0000013c,0000006f
7076,3,0000013c,0000006f
7084,3,0000013c,0000006f
7092,3,0000013c,0000006f
7100,3,0000013c,0000006f
7108,3,0000013c,0000006f
7116,3,0000013c,0000006f
7124,3,0000013c,0000006f
7132,3,0000013c,0000006f
7140,3,0000013c,0000006f
7148,3,0000013c,0000006f
7156,3,0000013c,0000006f
7164,3,0000013c,0000006f
7172,3,0000013c,0000006f
7180,3,0000013c,0000006f
7188,3,0000013c,0000006f
7196,3,0000013c,0000006f
7204,3,0000013c,0000006f
7212,3,0000013c,0000006f
7220,3,0000013c,0000006f
7228,3,0000013c,0000006f
7236,3,0000013c,0000006f
7244,3,0000013c,0000006f
7252,3,0000013c,0000006f
7260,3,0000013c,0000006f
7268,3,0000013c,0000006f
7276,3,0000013c,0000006f
7284,3,0000013c,0000006f
7292,3,0000013c,0000006f
7300,3,0000013c,0000006f
7308,3,0000013c,0000006f
7316,3,0000013c,0000006f
7324,3,0000013c,0000006f
7332,3,0000013c,0000006f
7340,3,0000013c,0000006f
7348,3,0000013c,0000006f
7356,3,0000013c,0000006f
7364,3,0000013c,0000006f
7372,3,0000013c,0000006f
7380,3,0000013c,0000006f
7388,3,0000013c,0000006f
7396,3,0000013c,0000006f
7404,3,0000013c,0000006f
7412,3,0000013c,0000006f
7420,3,0000013c,0000006f
7428,3,0000013c,0000006f
7436,3,0000013c,0000006f
7444,3,0000013c,0000006f
7452,3,0000013c,0000006f
7460,3,0000013c,0000006f
7468,3,0000013c,0000006f
7476,3,0000013c,0000006f
7484,3,0000013c,0000006f
7492,3,0000013c,0000006f
7500,3,0000013c,0000006f
7508,3,0000013c,0000006f
7516,3,0000013c,0000006f
7524,3,0000013c,0000006f
7532,3,0000013c,0000006f
7540,3,0000013c,0000006f
7548,3,0000013c,0000006f
7556,3,0000013c,0000006f
7564,3,0000013c,0000006f
7572,3,0000013c,0000006f
7580,3,0000013c,0000006f
7588,3,0000013c,0000006f
7596,3,0000013c,0000006f
7604,3,0000013c,0000006f
7612,3,0000013c,0000006f
7620,3,0000013c,0000006f
7628,3,0000013c,0000006f
7636,3,0000013c,0000006f
7644,3,0000013c,0000006f
7652,3,0000013c,0000006f
7660,3,0000013c,0000006f
7668,3,0000013c,0000006f
7676,3,0000013c,0000006f
7684,3,0000013c,0000006f
7692,3,0000013c,0000006f
7700,3,0000013c,0000006f
7708,3,0000013c,0000006f
7716,3,0000013c,0000006f
7724,3,0000013c,0000006f
7732,3,0000013c,0000006f
7740,3,0000013c,0000006f
7748,3,0000013c,0000006f
7756,3,0000013c,0000006f
7764,3,0000013c,0000006f
7772,3,0000013c,0000006f
7780,3,0000013c,0000006f
7788,3,0000013c,0000006f
7796,3,0000013c,0000006f
7804,3,0000013c,0000006f
7812,3,0000013c,0000006f
7820,3,0000013c,0000006f
7828,3,0000013c,0000006f
7836,3,0000013c,0000006f
7844,3,0000013c,0000006f
7852,3,0000013c,0000006f
7860,3,0000013c,0000006f
7868,3,0000013c,0000006f
7876,3,0000013c,0000006f
7884,3,0000013c,0000006f
7892,3,0000013c,0000006f
7900,3,0000013c,0000006f
7908,3,0000013c,0000006f
7916,3,0000013c,0000006f
7924,3,0000013c,0000006f
7932,3,0000013c,0000006f
7940,3,0000013c,0000006f
7948,3,0000013c,0000006f
7956,3,0000013c,0000006f
7964,3,0000013c,0000006f
7972,3,0000013c,0000006f
7980,3,0000013c,0000006f
7988,3,0000013c,0000006f
7996,3,0000013c,0000006f
8004,3,0000013c,0000006f
8012,3,0000013c,0000006f
8020,3,0000013c,0000006f
8028,3,0000013c,0000006f
8036,3,0000013c,0000006f
8044,3,0000013c,0000006f
8052,3,0000013c,0000006f
8060,3,0000013c,0000006f
8068,3,0000013c,0000006f
8076,3,0000013c,0000006f
8084,3,0000013c,0000006f
8092,3,0000013c,0000006f
8100,3,0000013c,0000006f
8108,3,0000013c,0000006f
8116,3,0000013c,0000006f
8124,3,0000013c,0000006f
8132,3,0000013c,0000006f
8140,3,0000013c,0000006f
8148,3,0000013c,0000006f
8156,3,0000013c,0000006f
8164,3,0000013c,0000006f
8172,3,0000013c,0000006f
8180,3,0000013c,0000006f
8188,3,0000013c,0000006f
8196,3,0000013c,0000006f
8204,3,0000013c,0000006f
8212,3,0000013c,0000006f
8220,3,0000013c,0000006f
8228,3,0000013c,0000006f
8236,3,0000013c,0000006f
8244,3,0000013c,0000006f
8252,3,0000013c,0000006f
8260,3,0000013c,0000006f
8268,3,0000013c,0000006f
8276,3,0000013c,0000006f
8284,3,0000013c,0000006f
8292,3,0000013c,0000006f
8300,3,0000013c,0000006f
8308,3,0000013c,0000006f
8316,3,0000013c,0000006f
8324,3,0000013c,0000006f
8332,3,0000013c,0000006f
8340,3,0000013c,0000006f
8348,3,0000013c,0000006f
8356,3,0000013c,0000006f
8364,3,0000013c,0000006f
8372,3,0000013c,0000006f
8380,3,0000013c,0000006f
8388,3,0000013c,0000006f
8396,3,0000013c,0000006f
8404,3,0000013c,0000006f
8412,3,0000013c,0000006f
8420,3,0000013c,0000006f
8428,3,0000013c,0000006f
8436,3,0000013c,0000006f
8444,3,0000013c,0000006f
8452,3,0000013c,0000006f
8460,3,0000013c,0000006f
8468,3,0000013c,0000006f
8476,3,0000013c,0000006f
8484,3,0000013c,0000006f
8492,3,0000013c,0000006f
8500,3,0000013c,0000006f
8508,3,0000013c,0000006f
8516,3,0000013c,0000006f
8524,3,0000013c,0000006f
8532,3,0000013c,0000006f
8540,3,0000013c,0000006f
8548,3,0000013c,0000006f
8556,3,0000013c,0000006f
8564,3,0000013c,0000006f
8572,3,0000013c,0000006f
8580,3,0000013c,0000006f
8588,3,0000013c,0000006f
8596,3,0000013c,0000006f
8604,3,0000013c,0000006f
8612,3,0000013c,0000006f
8620,3,0000013c,0000006f
8628,3,0000013c,0000006f
8636,3,0000013c,0000006f
8644,3,0000013c,0000006f
8652,3,0000013c,0000006f
8660,3,0000013c,0000006f
8668,3,0000013c,0000006f
8676,3,0000013c,0000006f
8684,3,0000013c,0000006f
8692,3,0000013c,0000006f
8700,3,0000013c,0000006f
8708,3,0000013c,0000006f
8716,3,0000013c,0000006f
8724,3,0000013c,0000006f
8732,3,0000013c,0000006f
8740,3,0000013c,0000006f
8748,3,0000013c,0000006f
8756,3,0000013c,0000006f
8764,3,0000013c,0000006f
8772,3,0000013c,0000006f
8780,3,0000013c,0000006f
8788,3,0000013c,0000006f
8796,3,0000013c,0000006f
8804,3,0000013c,0000006f
8812,3,0000013c,0000006f
8820,3,0000013c,0000006f
8828,3,0000013c,0000006f
8836,3,0000013c,0000006f
8844,3,0000013c,0000006f
8852,3,0000013c,0000006f
8860,3,0000013c,0000006f
8868,3,0000013c,0000006f
8876,3,0000013c,0000006f
8884,3,0000013c,0000006f
8892,3,0000013c,0000006f
8900,3,0000013c,0000006f
8908,3,0000013c,0000006f
8916,3,0000013c,0000006f
8924,3,0000013c,0000006f
8932,3,0000013c,0000006f
8940,3,0000013c,0000006f
8948,3,0000013c,0000006f
8956,3,0000013c,0000006f
8964,3,0000013c,0000006f
8972,3,0000013c,0000006f
8980,3,0000013c,0000006f
8988,3,0000013c,0000006f
8996,3,0000013c,0000006f
9004,3,0000013c,0000006f
9012,3,0000013c,0000006f
9020,3,0000013c,0000006f
9028,3,0000013c,0000006f
9036,3,0000013c,0000006f
9044,3,0000013c,0000006f
9052,3,0000013c,0000006f
9060,3,0000013c,0000006f
9068,3,0000013c,0000006f
9076,3,0000013c,0000006f
9084,3,0000013c,0000006f
9092,3,0000013c,0000006f
9100,3,0000013c,0000006f
9108,3,0000013c,0000006f
9116,3,0000013c,0000006f
9124,3,0000013c,0000006f
9132,3,0000013c,0000006f
9140,3,0000013c,0000006f
9148,3,0000013c,0000006f
9156,3,0000013c,0000006f
9164,3,0000013c,0000006f
9172,3,0000013c,0000006f
9180,3,0000013c,0000006f
9188,3,0000013c,0000006f
9196,3,0000013c,0000006f
9204,3,0000013c,0000006f
9212,3,0000013c,0000006f
9220,3,0000013c,0000006f
9228,3,0000013c,0000006f
9236,3,0000013c,0000006f
9244,3,0000013c,0000006f
9252,3,0000013c,0000006f
9260,3,0000013c,0000006f
9268,3,0000013c,0000006f
9276,3,0000013c,0000006f
9284,3,0000013c,0000006f
9292,3,0000013c,0000006f
9300,3,0000013c,0000006f
9308,3,0000013c,0000006f
9316,3,0000013c,0000006f
9324,3,0000013c,0000006f
9332,3,0000013c,0000006f
9340,3,0000013c,0000006f
9348,3,0000013c,0000006f
9356,3,0000013c,0000006f
9364,3,0000013c,0000006f
9372,3,0000013c,0000006f
9380,3,0000013c,0000006f
9388,3,0000013c,0000006f
9396,3,0000013c,0000006f
9404,3,0000013c,0000006f
9412,3,0000013c,0000006f
9420,3,0000013c,0000006f
9428,3,0000013c,0000006f
9436,3,0000013c,0000006f
9444,3,0000013c,0000006f
9452,3,0000013c,0000006f
9460,3,0000013c,0000006f
9468,3,0000013c,0000006f
9476,3,0000013c,0000006f
9484,3,0000013c,0000006f
9492,3,0000013c,0000006f
9500,3,0000013c,0000006f
9508,3,0000013c,0000006f
9516,3,0000013c,0000006f
9524,3,0000013c,0000006f
9532,3,0000013c,0000006f
9540,3,0000013c,0000006f
9548,3,0000013c,0000006f
9556,3,0000013c,0000006f
9564,3,0000013c,0000006f
9572,3,0000013c,0000006f
9580,3,0000013c,0000006f
9588,3,0000013c,0000006f
9596,3,0000013c,0000006f
9604,3,0000013c,0000006f
9612,3,0000013c,0000006f
9620,3,0000013c,0000006f
9628,3,0000013c,0000006f
9636,3,0000013c,0000006f
9644,3,0000013c,0000006f
9652,3,0000013c,0000006f
9660,3,0000013c,0000006f
9668,3,0000013c,0000006f
9676,3,0000013c,0000006f
9684,3,0000013c,0000006f
9692,3,0000013c,0000006f
9700,3,0000013c,0000006f
9708,3,0000013c,0000006f
9716,3,0000013c,0000006f
9724,3,0000013c,0000006f
9732,3,0000013c,0000006f
9740,3,0000013c,0000006f
9748,3,0000013c,0000006f
9756,3,0000013c,0000006f
9764,3,0000013c,0000006f
9772,3,0000013c,0000006f
9780,3,0000013c,0000006f
9788,3,0000013c,0000006f
9796,3,0000013c,0000006f
9804,3,0000013c,0000006f
9812,3,0000013c,0000006f
9820,3,0000013c,0000006f
9828,3,0000013c,0000006f
9836,3,0000013c,0000006f
9844,3,0000013c,0000006f
9852,3,0000013c,0000006f
9860,3,0000013c,0000006f
9868,3,0000013c,0000006f
9876,3,0000013c,0000006f
9884,3,0000013c,0000006f
9892,3,0000013c,0000006f
9900,3,0000013c,0000006f
9908,3,0000013c,0000006f
9916,3,0000013c,0000006f
9924,3,0000013c,0000006f
9932,3,0000013c,0000006f
9940,3,0000013c,0000006f
9948,3,0000013c,0000006f
9956,3,0000013c,0000006f
9964,3,0000013c,0000006f
9972,3,0000013c,0000006f
9980,3,0000013c,0000006f
9988,3,0000013c,0000006f
9996,3,0000013c,0000006f
10004,3,0000013c,0000006f
10012,3,0000013c,0000006f
10020,3,0000013c,0000006f
10028,3,0000013c,0000006f
10036,3,0000013c,0000006f
10044,3,0000013c,0000006f
10052,3,0000013c,0000006f
10060,3,0000013c,0000006f
10068,3,0000013c,0000006f
10076,3,0000013c,0000006f
10084,3,0000013c,0000006f
10092,3,0000013c,0000006f
10100,3,0000013c,0000006f
10108,3,0000013c,0000006f
10116,3,0000013c,0000006f
10124,3,0000013c,0000006f
10132,3,0000013c,0000006f
10140,3,0000013c,0000006f
10148,3,0000013c,0000006f
10156,3,0000013c,0000006f
10164,3,0000013c,0000006f
10172,3,0000013c,0000006f
10180,3,0000013c,0000006f
10188,3,0000013c,0000006f
10196,3,0000013c,0000006f
10204,3,0000013c,0000006f
10212,3,0000013c,0000006f
10220,3,0000013c,0000006f
10228,3,0000013c,0000006f
10236,3,0000013c,0000006f
10244,3,0000013c,0000006f
10252,3,0000013c,0000006f
10260,3,0000013c,0000006f
10268,3,0000013c,0000006f
10276,3,0000013c,0000006f
10284,3,0000013c,0000006f
10292,3,0000013c,0000006f
10300,3,0000013c,0000006f
10308,3,0000013c,0000006f
10316,3,0000013c,0000006f
10324,3,0000013c,0000006f
10332,3,0000013c,0000006f
10340,3,0000013c,0000006f
10348,3,0000013c,0000006f
10356,3,0000013c,0000006f
10364,3,0000013c,0000006f
10372,3,0000013c,0000006f
10380,3,0000013c,0000006f
10388,3,0000013c,0000006f
10396,3,0000013c,0000006f
10404,3,0000013c,0000006f
10412,3,0000013c,0000006f
10420,3,0000013c,0000006f
10428,3,0000013c,0000006f
10436,3,0000013c,0000006f
10444,3,0000013c,0000006f
10452,3,0000013c,0000006f
10460,3,0000013c,0000006f
10468,3,0000013c,0000006f
10476,3,0000013c,0000006f
10484,3,0000013c,0000006f
10492,3,0000013c,0000006f
10500,3,0000013c,0000006f
10508,3,0000013c,0000006f
10516,3,0000013c,0000006f
10524,3,0000013c,0000006f
10532,3,0000013c,0000006f
10540,3,0000013c,0000006f
10548,3,0000013c,0000006f
10556,3,0000013c,0000006f
10564,3,0000013c,0000006f
10572,3,0000013c,0000006f
10580,3,0000013c,0000006f
10588,3,0000013c,0000006f
10596,3,0000013c,0000006f
10604,3,0000013c,0000006f
10612,3,0000013c,0000006f
10620,3,0000013c,0000006f
10628,3,0000013c,0000006f
10636,3,0000013c,0000006f
10644,3,0000013c,0000006f
10652,3,0000013c,0000006f
10660,3,0000013c,0000006f
10668,3,0000013c,0000006f
10676,3,0000013c,0000006f
10684,3,0000013c,0000006f
10692,3,0000013c,0000006f
10700,3,0000013c,0000006f
10708,3,0000013c,0000006f
10716,3,0000013c,0000006f
10724,3,0000013c,0000006f
10732,3,0000013c,0000006f
10740,3,0000013c,0000006f
10748,3,0000013c,0000006f
10756,3,0000013c,0000006f
10764,3,0000013c,0000006f
10772,3,0000013c,0000006f
10780,3,0000013c,0000006f
10788,3,0000013c,0000006f
10796,3,0000013c,0000006f
10804,3,0000013c,0000006f
10812,3,0000013c,0000006f
10820,3,0000013c,0000006f
10828,3,0000013c,0000006f
10836,3,0000013c,0000006f
10844,3,0000013c,0000006f
10852,3,0000013c,0000006f
10860,3,0000013c,0000006f
10868,3,0000013c,0000006f
10876,3,0000013c,0000006f
10884,3,0000013c,0000006f
10892,3,0000013c,0000006f
10900,3,0000013c,0000006f
10908,3,0000013c,0000006f
10916,3,0000013c,0000006f
10924,3,0000013c,0000006f
10932,3,0000013c,0000006f
10940,3,0000013c,0000006f
10948,3,0000013c,0000006f
10956,3,0000013c,0000006f
10964,3,0000013c,0000006f
10972,3,0000013c,0000006f
10980,3,0000013c,0000006f
10988,3,0000013c,0000006f
10996,3,0000013c,0000006f
11004,3,0000013c,0000006f
11012,3,0000013c,0000006f
11020,3,0000013c,0000006f
11028,3,0000013c,0000006f
11036,3,0000013c,0000006f
11044,3,0000013c,0000006f
11052,3,0000013c,0000006f
11060,3,0000013c,0000006f
11068,3,0000013c,0000006f
11076,3,0000013c,0000006f
11084,3,0000013c,0000006f
11092,3,0000013c,0000006f
11100,3,0000013c,0000006f
11108,3,0000013c,0000006f
11116,3,0000013c,0000006f
11124,3,0000013c,0000006f
11132,3,0000013c,0000006f
11140,3,0000013c,0000006f
11148,3,0000013c,0000006f
11156,3,0000013c,0000006f
11164,3,0000013c,0000006f
11172,3,0000013c,0000006f
11180,3,0000013c,0000006f
11188,3,0000013c,0000006f
11196,3,0000013c,0000006f
11204,3,0000013c,0000006f
11212,3,0000013c,0000006f
11220,3,0000013c,0000006f
11228,3,0000013c,0000006f
11236,3,0000013c,0000006f
11244,3,0000013c,0000006f
11252,3,0000013c,0000006f
11260,3,0000013c,0000006f
11268,3,0000013c,0000006f
11276,3,0000013c,0000006f
11284,3,0000013c,0000006f
11292,3,0000013c,0000006f
11300,3,0000013c,0000006f
11308,3,0000013c,0000006f
11316,3,0000013c,0000006f
11324,3,0000013c,0000006f
11332,3,0000013c,0000006f
11340,3,0000013c,0000006f
11348,3,0000013c,0000006f
11356,3,0000013c,0000006f
11364,3,0000013c,0000006f
11372,3,0000013c,0000006f
11380,3,0000013c,0000006f
11388,3,0000013c,0000006f
11396,3,0000013c,0000006f
11404,3,0000013c,0000006f
11412,3,0000013c,0000006f
11420,3,0000013c,0000006f
11428,3,0000013c,0000006f
11436,3,0000013c,0000006f
11444,3,0000013c,0000006f
11452,3,0000013c,0000006f
11460,3,0000013c,0000006f
11468,3,0000013c,0000006f
11476,3,0000013c,0000006f
11484,3,0000013c,0000006f
11492,3,0000013c,0000006f
11500,3,0000013c,0000006f
11508,3,0000013c,0000006f
11516,3,0000013c,0000006f
11524,3,0000013c,0000006f
11532,3,0000013c,0000006f
11540,3,0000013c,0000006f
11548,3,0000013c,0000006f
11556,3,0000013c,0000006f
11564,3,0000013c,0000006f
11572,3,0000013c,0000006f
11580,3,0000013c,0000006f
11588,3,0000013c,0000006f
11596,3,0000013c,0000006f
11604,3,0000013c,0000006f
11612,3,0000013c,0000006f
11620,3,0000013c,0000006f
11628,3,0000013c,0000006f
11636,3,0000013c,0000006f
11644,3,0000013c,0000006f
11652,3,0000013c,0000006f
11660,3,0000013c,0000006f
11668,3,0000013c,0000006f
11676,3,0000013c,0000006f
11684,3,0000013c,0000006f
11692,3,0000013c,0000006f
11700,3,0000013c,0000006f
11708,3,0000013c,0000006f
11716,3,0000013c,0000006f
11724,3,0000013c,0000006f
11732,3,0000013c,0000006f
11740,3,0000013c,0000006f
11748,3,0000013c,0000006f
11756,3,0000013c,0000006f
11764,3,0000013c,0000006f
11772,3,0000013c,0000006f
11780,3,0000013c,0000006f
11788,3,0000013c,0000006f
11796,3,0000013c,0000006f
11804,3,0000013c,0000006f
11812,3,0000013c,0000006f
11820,3,0000013c,0000006f
11828,3,0000013c,0000006f
11836,3,0000013c,0000006f
11844,3,0000013c,0000006f
11852,3,0000013c,0000006f
11860,3,0000013c,0000006f
11868,3,0000013c,0000006f
11876,3,0000013c,0000006f
11884,3,0000013c,0000006f
11892,3,0000013c,0000006f
11900,3,0000013c,0000006f
11908,3,0000013c,0000006f
11916,3,0000013c,0000006f
11924,3,0000013c,0000006f
11932,3,0000013c,0000006f
11940,3,0000013c,0000006f
11948,3,0000013c,0000006f
11956,3,0000013c,0000006f
11964,3,0000013c,0000006f
11972,3,0000013c,0000006f
11980,3,0000013c,0000006f
11988,3,0000013c,0000006f
11996,3,0000013c,0000006f
12004,3,0000013c,0000006f
12012,3,0000013c,0000006f
12020,3,0000013c,0000006f
12028,3,0000013c,0000006f
12036,3,0000013c,0000006f
12044,3,0000013c,0000006f
12052,3,0000013c,0000006f
12060,3,0000013c,0000006f
12068,3,0000013c,0000006f
12076,3,0000013c,0000006f
12084,3,0000013c,0000006f
12092,3,0000013c,0000006f
12100,3,0000013c,0000006f
12108,3,0000013c,0000006f
12116,3,0000013c,0000006f
12124,3,0000013c,0000006f
12132,3,0000013c,0000006f
12140,3,0000013c,0000006f
12148,3,0000013c,0000006f
12156,3,0000013c,0000006f
12164,3,0000013c,0000006f
12172,3,0000013c,0000006f
12180,3,0000013c,0000006f
12188,3,0000013c,0000006f
12196,3,0000013c,0000006f
12204,3,0000013c,0000006f
12212,3,0000013c,0000006f
12220,3,0000013c,0000006f
12228,3,0000013c,0000006f
12236,3,0000013c,0000006f
12244,3,0000013c,0000006f
12252,3,0000013c,0000006f
12260,3,0000013c,0000006f
12268,3,0000013c,0000006f
12276,3,0000013c,0000006f
12284,3,0000013c,0000006f
12292,3,0000013c,0000006f
12300,3,0000013c,0000006f
12308,3,0000013c,0000006f
12316,3,0000013c,0000006f
12324,3,0000013c,0000006f
12332,3,0000013c,0000006f
12340,3,0000013c,0000006f
12348,3,0000013c,0000006f
12356,3,0000013c,0000006f
12364,3,0000013c,0000006f
12372,3,0000013c,0000006f
12380,3,0000013c,0000006f
12388,3,0000013c,0000006f
12396,3,0000013c,0000006f
12404,3,0000013c,0000006f
12412,3,0000013c,0000006f
12420,3,0000013c,0000006f
12428,3,0000013c,0000006f
12436,3,0000013c,0000006f
12444,3,0000013c,0000006f
12452,3,0000013c,0000006f
12460,3,0000013c,0000006f
12468,3,0000013c,0000006f
12476,3,0000013c,0000006f
12484,3,0000013c,0000006f
12492,3,0000013c,0000006f
12500,3,0000013c,0000006f
12508,3,0000013c,0000006f
12516,3,0000013c,0000006f
12524,3,0000013c,0000006f
12532,3,0000013c,0000006f
12540,3,0000013c,0000006f
12548,3,0000013c,0000006f
12556,3,0000013c,0000006f
12564,3,0000013c,0000006f
12572,3,0000013c,0000006f
12580,3,0000013c,0000006f
12588,3,0000013c,0000006f
12596,3,0000013c,0000006f
12604,3,0000013c,0000006f
12612,3,0000013c,0000006f
12620,3,0000013c,0000006f
12628,3,0000013c,0000006f
12636,3,0000013c,0000006f
12644,3,0000013c,0000006f
12652,3,0000013c,0000006f
12660,3,0000013c,0000006f
12668,3,0000013c,0000006f
12676,3,0000013c,0000006f
12684,3,0000013c,0000006f
12692,3,0000013c,0000006f
12700,3,0000013c,0000006f
12708,3,0000013c,0000006f
12716,3,0000013c,0000006f
12724,3,0000013c,0000006f
12732,3,0000013c,0000006f
12740,3,0000013c,0000006f
12748,3,0000013c,0000006f
12756,3,0000013c,0000006f
12764,3,0000013c,0000006f
12772,3,0000013c,0000006f
12780,3,0000013c,0000006f
12788,3,0000013c,0000006f
12796,3,0000013c,0000006f
12804,3,0000013c,0000006f
12812,3,0000013c,0000006f
12820,3,0000013c,0000006f
12828,3,0000013c,0000006f
12836,3,0000013c,0000006f
12844,3,0000013c,0000006f
12852,3,0000013c,0000006f
12860,3,0000013c,0000006f
12868,3,0000013c,0000006f
12876,3,0000013c,0000006f
12884,3,0000013c,0000006f
12892,3,0000013c,0000006f
12900,3,0000013c,0000006f
12908,3,0000013c,0000006f
12916,3,0000013c,0000006f
12924,3,0000013c,0000006f
12932,3,0000013c,0000006f
12940,3,0000013c,0000006f
12948,3,0000013c,0000006f
12956,3,0000013c,0000006f
12964,3,0000013c,0000006f
12972,3,0000013c,0000006f
12980,3,0000013c,0000006f
12988,3,0000013c,0000006f
12996,3,0000013c,0000006f
