418,3,00000000,00000000
534,3,00000000,00001137
536,3,00000004,00010113
538,3,00000008,0240006f
542,3,0000002c,05131101
544,3,0000002e,01000513
548,3,00000032,01000593
552,3,00000036,0613c10c
554,3,00000038,00100613
556,3,0000003c,a0912039
562,3,0000004a,bfe50621
564,3,0000004c,a815bfe5
568,3,00000044,a8010611
570,3,00000046,a82da801
576,3,00000056,bfe5061d
578,3,00000058,a025bfe5
582,3,00000050,37fd0641
584,3,00000052,a02137fd
588,3,00000040,80820609
590,3,00000042,06118082
598,3,00000054,061da021
602,3,0000005c,06930585
604,3,0000005e,02600693
608,3,00000062,02d61063
612,3,00000066,ffff2039
616,3,00000074,06918686
618,3,00000076,96820691
620,3,00000078,a0219682
628,3,0000006c,07098706
630,3,0000006e,87020709
632,3,00000070,a8018702
640,3,0000007c,a011a829
646,3,00000096,00000613
650,3,0000009a,00000693
654,3,0000009e,0685a011
660,3,000000a2,a0190605
662,3,000000a4,0685a019
668,3,000000aa,a0210605
670,3,000000ac,0685a021
674,3,000000b4,a8010605
676,3,000000b6,0685a801
682,3,000000c6,a0050605
684,3,000000c8,0685a005
688,3,000000e8,a0810605
690,3,000000ea,0685a081
696,3,0000012a,a0410605
698,3,0000012c,0685a041
702,3,000001ac,a2010605
704,3,000001ae,0685a201
710,3,000002ae,a4010605
712,3,000002b0,0685a401
716,3,000004b0,bed9060d
718,3,000004b2,0000bed9
722,3,00000088,9ce30585
724,3,0000008a,fe069ce3
734,3,0000008e,19e31655
736,3,00000090,fe0619e3
744,3,00000094,0613b7f5
748,3,00000080,0533bf71
752,3,0000001c,00100513
754,3,00000020,01000593
756,3,00000024,a001c188
758,3,00000026,0000a001
766,3,00000026,0000a001
772,3,00000026,0000a001
778,3,00000026,0000a001
784,3,00000026,0000a001
790,3,00000026,0000a001
796,3,00000026,0000a001
802,3,00000026,0000a001
808,3,00000026,0000a001
814,3,00000026,0000a001
820,3,00000026,0000a001
826,3,00000026,0000a001
832,3,00000026,0000a001
838,3,00000026,0000a001
844,3,00000026,0000a001
850,3,00000026,0000a001
856,3,00000026,0000a001
862,3,00000026,0000a001
868,3,00000026,0000a001
874,3,00000026,0000a001
880,3,00000026,0000a001
886,3,00000026,0000a001
892,3,00000026,0000a001
898,3,00000026,0000a001
904,3,00000026,0000a001
910,3,00000026,0000a001
916,3,00000026,0000a001
922,3,00000026,0000a001
928,3,00000026,0000a001
934,3,00000026,0000a001
940,3,00000026,0000a001
946,3,00000026,0000a001
952,3,00000026,0000a001
958,3,00000026,0000a001
964,3,00000026,0000a001
970,3,00000026,0000a001
976,3,00000026,0000a001
982,3,00000026,0000a001
988,3,00000026,0000a001
994,3,00000026,0000a001
1000,3,00000026,0000a001
1006,3,00000026,0000a001
1012,3,00000026,0000a001
1018,3,00000026,0000a001
1024,3,00000026,0000a001
1030,3,00000026,0000a001
1036,3,00000026,0000a001
1042,3,00000026,0000a001
1048,3,00000026,0000a001
1054,3,00000026,0000a001
1060,3,00000026,0000a001
1066,3,00000026,0000a001
1072,3,00000026,0000a001
1078,3,00000026,0000a001
1084,3,00000026,0000a001
1090,3,00000026,0000a001
1096,3,00000026,0000a001
1102,3,00000026,0000a001
1108,3,00000026,0000a001
1114,3,00000026,0000a001
1120,3,00000026,0000a001
1126,3,00000026,0000a001
1132,3,00000026,0000a001
1138,3,00000026,0000a001
1144,3,00000026,0000a001
1150,3,00000026,0000a001
1156,3,00000026,0000a001
1162,3,00000026,0000a001
1168,3,00000026,0000a001
1174,3,00000026,0000a001
1180,3,00000026,0000a001
1186,3,00000026,0000a001
1192,3,00000026,0000a001
1198,3,00000026,0000a001
1204,3,00000026,0000a001
1210,3,00000026,0000a001
1216,3,00000026,0000a001
1222,3,00000026,0000a001
1228,3,00000026,0000a001
1234,3,00000026,0000a001
1240,3,00000026,0000a001
1246,3,00000026,0000a001
1252,3,00000026,0000a001
1258,3,00000026,0000a001
1264,3,00000026,0000a001
1270,3,00000026,0000a001
1276,3,00000026,0000a001
1282,3,00000026,0000a001
1288,3,00000026,0000a001
1294,3,00000026,0000a001
1300,3,00000026,0000a001
1306,3,00000026,0000a001
1312,3,00000026,0000a001
1318,3,00000026,0000a001
1324,3,00000026,0000a001
1330,3,00000026,0000a001
1336,3,00000026,0000a001
1342,3,00000026,0000a001
1348,3,00000026,0000a001
1354,3,00000026,0000a001
1360,3,00000026,0000a001
1366,3,00000026,0000a001
1372,3,00000026,0000a001
1378,3,00000026,0000a001
1384,3,00000026,0000a001
1390,3,00000026,0000a001
1396,3,00000026,0000a001
1402,3,00000026,0000a001
1408,3,00000026,0000a001
1414,3,00000026,0000a001
1420,3,00000026,0000a001
1426,3,00000026,0000a001
1432,3,00000026,0000a001
1438,3,00000026,0000a001
1444,3,00000026,0000a001
1450,3,00000026,0000a001
1456,3,00000026,0000a001
1462,3,00000026,0000a001
1468,3,00000026,0000a001
1474,3,00000026,0000a001
1480,3,00000026,0000a001
1486,3,00000026,0000a001
1492,3,00000026,0000a001
1498,3,00000026,0000a001
1504,3,00000026,0000a001
1510,3,00000026,0000a001
1516,3,00000026,0000a001
1522,3,00000026,0000a001
1528,3,00000026,0000a001
1534,3,00000026,0000a001
1540,3,00000026,0000a001
1546,3,00000026,0000a001
1552,3,00000026,0000a001
1558,3,00000026,0000a001
1564,3,00000026,0000a001
1570,3,00000026,0000a001
1576,3,00000026,0000a001
1582,3,00000026,0000a001
1588,3,00000026,0000a001
1594,3,00000026,0000a001
1600,3,00000026,0000a001
1606,3,00000026,0000a001
1612,3,00000026,0000a001
1618,3,00000026,0000a001
1624,3,00000026,0000a001
1630,3,00000026,0000a001
1636,3,00000026,0000a001
1642,3,00000026,0000a001
1648,3,00000026,0000a001
1654,3,00000026,0000a001
1660,3,00000026,0000a001
1666,3,00000026,0000a001
1672,3,00000026,0000a001
1678,3,00000026,0000a001
1684,3,00000026,0000a001
1690,3,00000026,0000a001
1696,3,00000026,0000a001
1702,3,00000026,0000a001
1708,3,00000026,0000a001
1714,3,00000026,0000a001
1720,3,00000026,0000a001
1726,3,00000026,0000a001
1732,3,00000026,0000a001
1738,3,00000026,0000a001
1744,3,00000026,0000a001
1750,3,00000026,0000a001
1756,3,00000026,0000a001
1762,3,00000026,0000a001
1768,3,00000026,0000a001
1774,3,00000026,0000a001
1780,3,00000026,0000a001
1786,3,00000026,0000a001
1792,3,00000026,0000a001
1798,3,00000026,0000a001
1804,3,00000026,0000a001
1810,3,00000026,0000a001
1816,3,00000026,0000a001
1822,3,00000026,0000a001
1828,3,00000026,0000a001
1834,3,00000026,0000a001
1840,3,00000026,0000a001
1846,3,00000026,0000a001
1852,3,00000026,0000a001
1858,3,00000026,0000a001
1864,3,00000026,0000a001
1870,3,00000026,0000a001
1876,3,00000026,0000a001
1882,3,00000026,0000a001
1888,3,00000026,0000a001
1894,3,00000026,0000a001
1900,3,00000026,0000a001
1906,3,00000026,0000a001
1912,3,00000026,0000a001
1918,3,00000026,0000a001
1924,3,00000026,0000a001
1930,3,00000026,0000a001
1936,3,00000026,0000a001
1942,3,00000026,0000a001
1948,3,00000026,0000a001
1954,3,00000026,0000a001
1960,3,00000026,0000a001
1966,3,00000026,0000a001
1972,3,00000026,0000a001
1978,3,00000026,0000a001
1984,3,00000026,0000a001
1990,3,00000026,0000a001
1996,3,00000026,0000a001
2002,3,00000026,0000a001
2008,3,00000026,0000a001
2014,3,00000026,0000a001
2020,3,00000026,0000a001
2026,3,00000026,0000a001
2032,3,00000026,0000a001
2038,3,00000026,0000a001
2044,3,00000026,0000a001
2050,3,00000026,0000a001
2056,3,00000026,0000a001
2062,3,00000026,0000a001
2068,3,00000026,0000a001
2074,3,00000026,0000a001
2080,3,00000026,0000a001
2086,3,00000026,0000a001
2092,3,00000026,0000a001
2098,3,00000026,0000a001
2104,3,00000026,0000a001
2110,3,00000026,0000a001
2116,3,00000026,0000a001
2122,3,00000026,0000a001
2128,3,00000026,0000a001
2134,3,00000026,0000a001
2140,3,00000026,0000a001
2146,3,00000026,0000a001
2152,3,00000026,0000a001
2158,3,00000026,0000a001
2164,3,00000026,0000a001
2170,3,00000026,0000a001
2176,3,00000026,0000a001
2182,3,00000026,0000a001
2188,3,00000026,0000a001
2194,3,00000026,0000a001
2200,3,00000026,0000a001
2206,3,00000026,0000a001
2212,3,00000026,0000a001
2218,3,00000026,0000a001
2224,3,00000026,0000a001
2230,3,00000026,0000a001
2236,3,00000026,0000a001
2242,3,00000026,0000a001
2248,3,00000026,0000a001
2254,3,00000026,0000a001
2260,3,00000026,0000a001
2266,3,00000026,0000a001
2272,3,00000026,0000a001
2278,3,00000026,0000a001
2284,3,00000026,0000a001
2290,3,00000026,0000a001
2296,3,00000026,0000a001
2302,3,00000026,0000a001
2308,3,00000026,0000a001
2314,3,00000026,0000a001
2320,3,00000026,0000a001
2326,3,00000026,0000a001
2332,3,00000026,0000a001
2338,3,00000026,0000a001
2344,3,00000026,0000a001
2350,3,00000026,0000a001
2356,3,00000026,0000a001
2362,3,00000026,0000a001
2368,3,00000026,0000a001
2374,3,00000026,0000a001
2380,3,00000026,0000a001
2386,3,00000026,0000a001
2392,3,00000026,0000a001
2398,3,00000026,0000a001
2404,3,00000026,0000a001
2410,3,00000026,0000a001
2416,3,00000026,0000a001
2422,3,00000026,0000a001
2428,3,00000026,0000a001
2434,3,00000026,0000a001
2440,3,00000026,0000a001
2446,3,00000026,0000a001
2452,3,00000026,0000a001
2458,3,00000026,0000a001
2464,3,00000026,0000a001
2470,3,00000026,0000a001
2476,3,00000026,0000a001
2482,3,00000026,0000a001
2488,3,00000026,0000a001
2494,3,00000026,0000a001
2500,3,00000026,0000a001
2506,3,00000026,0000a001
2512,3,00000026,0000a001
2518,3,00000026,0000a001
2524,3,00000026,0000a001
2530,3,00000026,0000a001
2536,3,00000026,0000a001
2542,3,00000026,0000a001
2548,3,00000026,0000a001
2554,3,00000026,0000a001
2560,3,00000026,0000a001
2566,3,00000026,0000a001
2572,3,00000026,0000a001
2578,3,00000026,0000a001
2584,3,00000026,0000a001
2590,3,00000026,0000a001
2596,3,00000026,0000a001
2602,3,00000026,0000a001
2608,3,00000026,0000a001
2614,3,00000026,0000a001
2620,3,00000026,0000a001
2626,3,00000026,0000a001
2632,3,00000026,0000a001
2638,3,00000026,0000a001
2644,3,00000026,0000a001
2650,3,00000026,0000a001
2656,3,00000026,0000a001
2662,3,00000026,0000a001
2668,3,00000026,0000a001
2674,3,00000026,0000a001
2680,3,00000026,0000a001
2686,3,00000026,0000a001
2692,3,00000026,0000a001
2698,3,00000026,0000a001
2704,3,00000026,0000a001
2710,3,00000026,0000a001
2716,3,00000026,0000a001
2722,3,00000026,0000a001
2728,3,00000026,0000a001
2734,3,00000026,0000a001
2740,3,00000026,0000a001
2746,3,00000026,0000a001
2752,3,00000026,0000a001
2758,3,00000026,0000a001
2764,3,00000026,0000a001
2770,3,00000026,0000a001
2776,3,00000026,0000a001
2782,3,00000026,0000a001
2788,3,00000026,0000a001
2794,3,00000026,0000a001
2800,3,00000026,0000a001
2806,3,00000026,0000a001
2812,3,00000026,0000a001
2818,3,00000026,0000a001
2824,3,00000026,0000a001
2830,3,00000026,0000a001
2836,3,00000026,0000a001
2842,3,00000026,0000a001
2848,3,00000026,0000a001
2854,3,00000026,0000a001
2860,3,00000026,0000a001
2866,3,00000026,0000a001
2872,3,00000026,0000a001
2878,3,00000026,0000a001
2884,3,00000026,0000a001
2890,3,00000026,0000a001
2896,3,00000026,0000a001
2902,3,00000026,0000a001
2908,3,00000026,0000a001
2914,3,00000026,0000a001
2920,3,00000026,0000a001
2926,3,00000026,0000a001
2932,3,00000026,0000a001
2938,3,00000026,0000a001
2944,3,00000026,0000a001
2950,3,00000026,0000a001
2956,3,00000026,0000a001
2962,3,00000026,0000a001
2968,3,00000026,0000a001
2974,3,00000026,0000a001
2980,3,00000026,0000a001
2986,3,00000026,0000a001
2992,3,00000026,0000a001
2998,3,00000026,0000a001
