44,3,00000000,00001137
48,3,00000004,00010113
52,3,00000008,0280006f
60,3,00000030,4110a019
70,3,00000036,45b76505
74,3,00000038,012345b7
80,3,0000003c,15b7c10c
84,3,0000003e,011115b7
88,3,00000042,00013fc5
100,3,00000032,80824110
104,3,00000034,65058082
112,3,00000044,00010001
116,3,00000046,00010001
120,3,00000048,85b20001
124,3,0000004a,a01185b2
128,3,0000004c,0001a011
136,3,00000050,00c59363
140,3,00000054,852eb7c1
148,3,00000014,05b74505
152,3,00000016,000005b7
156,3,0000001a,01058593
162,3,0000001e,a001c188
166,3,00000020,0000a001
174,3,00000020,0000a001
182,3,00000020,0000a001
190,3,00000020,0000a001
198,3,00000020,0000a001
206,3,00000020,0000a001
214,3,00000020,0000a001
222,3,00000020,0000a001
230,3,00000020,0000a001
238,3,00000020,0000a001
246,3,00000020,0000a001
254,3,00000020,0000a001
262,3,00000020,0000a001
270,3,00000020,0000a001
278,3,00000020,0000a001
286,3,00000020,0000a001
294,3,00000020,0000a001
302,3,00000020,0000a001
310,3,00000020,0000a001
318,3,00000020,0000a001
326,3,00000020,0000a001
334,3,00000020,0000a001
342,3,00000020,0000a001
350,3,00000020,0000a001
358,3,00000020,0000a001
366,3,00000020,0000a001
374,3,00000020,0000a001
382,3,00000020,0000a001
390,3,00000020,0000a001
398,3,00000020,0000a001
406,3,00000020,0000a001
414,3,00000020,0000a001
422,3,00000020,0000a001
430,3,00000020,0000a001
438,3,00000020,0000a001
446,3,00000020,0000a001
454,3,00000020,0000a001
462,3,00000020,0000a001
470,3,00000020,0000a001
478,3,00000020,0000a001
486,3,00000020,0000a001
494,3,00000020,0000a001
502,3,00000020,0000a001
510,3,00000020,0000a001
518,3,00000020,0000a001
526,3,00000020,0000a001
534,3,00000020,0000a001
542,3,00000020,0000a001
550,3,00000020,0000a001
558,3,00000020,0000a001
566,3,00000020,0000a001
574,3,00000020,0000a001
582,3,00000020,0000a001
590,3,00000020,0000a001
598,3,00000020,0000a001
606,3,00000020,0000a001
614,3,00000020,0000a001
622,3,00000020,0000a001
630,3,00000020,0000a001
638,3,00000020,0000a001
646,3,00000020,0000a001
654,3,00000020,0000a001
662,3,00000020,0000a001
670,3,00000020,0000a001
678,3,00000020,0000a001
686,3,00000020,0000a001
694,3,00000020,0000a001
702,3,00000020,0000a001
710,3,00000020,0000a001
718,3,00000020,0000a001
726,3,00000020,0000a001
734,3,00000020,0000a001
742,3,00000020,0000a001
750,3,00000020,0000a001
758,3,00000020,0000a001
766,3,00000020,0000a001
774,3,00000020,0000a001
782,3,00000020,0000a001
790,3,00000020,0000a001
798,3,00000020,0000a001
806,3,00000020,0000a001
814,3,00000020,0000a001
822,3,00000020,0000a001
830,3,00000020,0000a001
838,3,00000020,0000a001
846,3,00000020,0000a001
854,3,00000020,0000a001
862,3,00000020,0000a001
870,3,00000020,0000a001
878,3,00000020,0000a001
886,3,00000020,0000a001
894,3,00000020,0000a001
902,3,00000020,0000a001
910,3,00000020,0000a001
918,3,00000020,0000a001
926,3,00000020,0000a001
934,3,00000020,0000a001
942,3,00000020,0000a001
950,3,00000020,0000a001
958,3,00000020,0000a001
966,3,00000020,0000a001
974,3,00000020,0000a001
982,3,00000020,0000a001
990,3,00000020,0000a001
998,3,00000020,0000a001
1006,3,00000020,0000a001
1014,3,00000020,0000a001
1022,3,00000020,0000a001
1030,3,00000020,0000a001
1038,3,00000020,0000a001
1046,3,00000020,0000a001
1054,3,00000020,0000a001
1062,3,00000020,0000a001
1070,3,00000020,0000a001
1078,3,00000020,0000a001
1086,3,00000020,0000a001
1094,3,00000020,0000a001
1102,3,00000020,0000a001
1110,3,00000020,0000a001
1118,3,00000020,0000a001
1126,3,00000020,0000a001
1134,3,00000020,0000a001
1142,3,00000020,0000a001
1150,3,00000020,0000a001
1158,3,00000020,0000a001
1166,3,00000020,0000a001
1174,3,00000020,0000a001
1182,3,00000020,0000a001
1190,3,00000020,0000a001
1198,3,00000020,0000a001
1206,3,00000020,0000a001
1214,3,00000020,0000a001
1222,3,00000020,0000a001
1230,3,00000020,0000a001
1238,3,00000020,0000a001
1246,3,00000020,0000a001
1254,3,00000020,0000a001
1262,3,00000020,0000a001
1270,3,00000020,0000a001
1278,3,00000020,0000a001
1286,3,00000020,0000a001
1294,3,00000020,0000a001
1302,3,00000020,0000a001
1310,3,00000020,0000a001
1318,3,00000020,0000a001
1326,3,00000020,0000a001
1334,3,00000020,0000a001
1342,3,00000020,0000a001
1350,3,00000020,0000a001
1358,3,00000020,0000a001
1366,3,00000020,0000a001
1374,3,00000020,0000a001
1382,3,00000020,0000a001
1390,3,00000020,0000a001
1398,3,00000020,0000a001
1406,3,00000020,0000a001
1414,3,00000020,0000a001
1422,3,00000020,0000a001
1430,3,00000020,0000a001
1438,3,00000020,0000a001
1446,3,00000020,0000a001
1454,3,00000020,0000a001
1462,3,00000020,0000a001
1470,3,00000020,0000a001
1478,3,00000020,0000a001
1486,3,00000020,0000a001
1494,3,00000020,0000a001
1502,3,00000020,0000a001
1510,3,00000020,0000a001
1518,3,00000020,0000a001
1526,3,00000020,0000a001
1534,3,00000020,0000a001
1542,3,00000020,0000a001
1550,3,00000020,0000a001
1558,3,00000020,0000a001
1566,3,00000020,0000a001
1574,3,00000020,0000a001
1582,3,00000020,0000a001
1590,3,00000020,0000a001
1598,3,00000020,0000a001
1606,3,00000020,0000a001
1614,3,00000020,0000a001
1622,3,00000020,0000a001
1630,3,00000020,0000a001
1638,3,00000020,0000a001
1646,3,00000020,0000a001
1654,3,00000020,0000a001
1662,3,00000020,0000a001
1670,3,00000020,0000a001
1678,3,00000020,0000a001
1686,3,00000020,0000a001
1694,3,00000020,0000a001
1702,3,00000020,0000a001
1710,3,00000020,0000a001
1718,3,00000020,0000a001
1726,3,00000020,0000a001
1734,3,00000020,0000a001
1742,3,00000020,0000a001
1750,3,00000020,0000a001
1758,3,00000020,0000a001
1766,3,00000020,0000a001
1774,3,00000020,0000a001
1782,3,00000020,0000a001
1790,3,00000020,0000a001
1798,3,00000020,0000a001
1806,3,00000020,0000a001
1814,3,00000020,0000a001
1822,3,00000020,0000a001
1830,3,00000020,0000a001
1838,3,00000020,0000a001
1846,3,00000020,0000a001
1854,3,00000020,0000a001
1862,3,00000020,0000a001
1870,3,00000020,0000a001
1878,3,00000020,0000a001
1886,3,00000020,0000a001
1894,3,00000020,0000a001
1902,3,00000020,0000a001
1910,3,00000020,0000a001
1918,3,00000020,0000a001
1926,3,00000020,0000a001
1934,3,00000020,0000a001
1942,3,00000020,0000a001
1950,3,00000020,0000a001
1958,3,00000020,0000a001
1966,3,00000020,0000a001
1974,3,00000020,0000a001
1982,3,00000020,0000a001
1990,3,00000020,0000a001
1998,3,00000020,0000a001
2006,3,00000020,0000a001
2014,3,00000020,0000a001
2022,3,00000020,0000a001
2030,3,00000020,0000a001
2038,3,00000020,0000a001
2046,3,00000020,0000a001
2054,3,00000020,0000a001
2062,3,00000020,0000a001
2070,3,00000020,0000a001
2078,3,00000020,0000a001
2086,3,00000020,0000a001
2094,3,00000020,0000a001
2102,3,00000020,0000a001
2110,3,00000020,0000a001
2118,3,00000020,0000a001
2126,3,00000020,0000a001
2134,3,00000020,0000a001
2142,3,00000020,0000a001
2150,3,00000020,0000a001
2158,3,00000020,0000a001
2166,3,00000020,0000a001
2174,3,00000020,0000a001
2182,3,00000020,0000a001
2190,3,00000020,0000a001
2198,3,00000020,0000a001
2206,3,00000020,0000a001
2214,3,00000020,0000a001
2222,3,00000020,0000a001
2230,3,00000020,0000a001
2238,3,00000020,0000a001
2246,3,00000020,0000a001
2254,3,00000020,0000a001
2262,3,00000020,0000a001
2270,3,00000020,0000a001
2278,3,00000020,0000a001
2286,3,00000020,0000a001
2294,3,00000020,0000a001
2302,3,00000020,0000a001
2310,3,00000020,0000a001
2318,3,00000020,0000a001
2326,3,00000020,0000a001
2334,3,00000020,0000a001
2342,3,00000020,0000a001
2350,3,00000020,0000a001
2358,3,00000020,0000a001
2366,3,00000020,0000a001
2374,3,00000020,0000a001
2382,3,00000020,0000a001
2390,3,00000020,0000a001
2398,3,00000020,0000a001
2406,3,00000020,0000a001
2414,3,00000020,0000a001
2422,3,00000020,0000a001
2430,3,00000020,0000a001
2438,3,00000020,0000a001
2446,3,00000020,0000a001
2454,3,00000020,0000a001
2462,3,00000020,0000a001
2470,3,00000020,0000a001
2478,3,00000020,0000a001
2486,3,00000020,0000a001
2494,3,00000020,0000a001
2502,3,00000020,0000a001
2510,3,00000020,0000a001
2518,3,00000020,0000a001
2526,3,00000020,0000a001
2534,3,00000020,0000a001
2542,3,00000020,0000a001
2550,3,00000020,0000a001
2558,3,00000020,0000a001
2566,3,00000020,0000a001
2574,3,00000020,0000a001
2582,3,00000020,0000a001
2590,3,00000020,0000a001
2598,3,00000020,0000a001
2606,3,00000020,0000a001
2614,3,00000020,0000a001
2622,3,00000020,0000a001
2630,3,00000020,0000a001
2638,3,00000020,0000a001
2646,3,00000020,0000a001
2654,3,00000020,0000a001
2662,3,00000020,0000a001
2670,3,00000020,0000a001
2678,3,00000020,0000a001
2686,3,00000020,0000a001
2694,3,00000020,0000a001
2702,3,00000020,0000a001
2710,3,00000020,0000a001
2718,3,00000020,0000a001
2726,3,00000020,0000a001
2734,3,00000020,0000a001
2742,3,00000020,0000a001
2750,3,00000020,0000a001
2758,3,00000020,0000a001
2766,3,00000020,0000a001
2774,3,00000020,0000a001
2782,3,00000020,0000a001
2790,3,00000020,0000a001
2798,3,00000020,0000a001
2806,3,00000020,0000a001
2814,3,00000020,0000a001
2822,3,00000020,0000a001
2830,3,00000020,0000a001
2838,3,00000020,0000a001
2846,3,00000020,0000a001
2854,3,00000020,0000a001
2862,3,00000020,0000a001
2870,3,00000020,0000a001
2878,3,00000020,0000a001
2886,3,00000020,0000a001
2894,3,00000020,0000a001
2902,3,00000020,0000a001
2910,3,00000020,0000a001
2918,3,00000020,0000a001
2926,3,00000020,0000a001
2934,3,00000020,0000a001
2942,3,00000020,0000a001
2950,3,00000020,0000a001
2958,3,00000020,0000a001
2966,3,00000020,0000a001
2974,3,00000020,0000a001
2982,3,00000020,0000a001
2990,3,00000020,0000a001
2998,3,00000020,0000a001
3006,3,00000020,0000a001
3014,3,00000020,0000a001
3022,3,00000020,0000a001
3030,3,00000020,0000a001
3038,3,00000020,0000a001
3046,3,00000020,0000a001
3054,3,00000020,0000a001
3062,3,00000020,0000a001
3070,3,00000020,0000a001
3078,3,00000020,0000a001
3086,3,00000020,0000a001
3094,3,00000020,0000a001
3102,3,00000020,0000a001
3110,3,00000020,0000a001
3118,3,00000020,0000a001
3126,3,00000020,0000a001
3134,3,00000020,0000a001
3142,3,00000020,0000a001
3150,3,00000020,0000a001
3158,3,00000020,0000a001
3166,3,00000020,0000a001
3174,3,00000020,0000a001
3182,3,00000020,0000a001
3190,3,00000020,0000a001
3198,3,00000020,0000a001
3206,3,00000020,0000a001
3214,3,00000020,0000a001
3222,3,00000020,0000a001
3230,3,00000020,0000a001
3238,3,00000020,0000a001
3246,3,00000020,0000a001
3254,3,00000020,0000a001
3262,3,00000020,0000a001
3270,3,00000020,0000a001
3278,3,00000020,0000a001
3286,3,00000020,0000a001
3294,3,00000020,0000a001
3302,3,00000020,0000a001
3310,3,00000020,0000a001
3318,3,00000020,0000a001
3326,3,00000020,0000a001
3334,3,00000020,0000a001
3342,3,00000020,0000a001
3350,3,00000020,0000a001
3358,3,00000020,0000a001
3366,3,00000020,0000a001
3374,3,00000020,0000a001
3382,3,00000020,0000a001
3390,3,00000020,0000a001
3398,3,00000020,0000a001
3406,3,00000020,0000a001
3414,3,00000020,0000a001
3422,3,00000020,0000a001
3430,3,00000020,0000a001
3438,3,00000020,0000a001
3446,3,00000020,0000a001
3454,3,00000020,0000a001
3462,3,00000020,0000a001
3470,3,00000020,0000a001
3478,3,00000020,0000a001
3486,3,00000020,0000a001
3494,3,00000020,0000a001
3502,3,00000020,0000a001
3510,3,00000020,0000a001
3518,3,00000020,0000a001
3526,3,00000020,0000a001
3534,3,00000020,0000a001
3542,3,00000020,0000a001
3550,3,00000020,0000a001
3558,3,00000020,0000a001
3566,3,00000020,0000a001
3574,3,00000020,0000a001
3582,3,00000020,0000a001
3590,3,00000020,0000a001
3598,3,00000020,0000a001
3606,3,00000020,0000a001
3614,3,00000020,0000a001
3622,3,00000020,0000a001
3630,3,00000020,0000a001
3638,3,00000020,0000a001
3646,3,00000020,0000a001
3654,3,00000020,0000a001
3662,3,00000020,0000a001
3670,3,00000020,0000a001
3678,3,00000020,0000a001
3686,3,00000020,0000a001
3694,3,00000020,0000a001
3702,3,00000020,0000a001
3710,3,00000020,0000a001
3718,3,00000020,0000a001
3726,3,00000020,0000a001
3734,3,00000020,0000a001
3742,3,00000020,0000a001
3750,3,00000020,0000a001
3758,3,00000020,0000a001
3766,3,00000020,0000a001
3774,3,00000020,0000a001
3782,3,00000020,0000a001
3790,3,00000020,0000a001
3798,3,00000020,0000a001
3806,3,00000020,0000a001
3814,3,00000020,0000a001
3822,3,00000020,0000a001
3830,3,00000020,0000a001
3838,3,00000020,0000a001
3846,3,00000020,0000a001
3854,3,00000020,0000a001
3862,3,00000020,0000a001
3870,3,00000020,0000a001
3878,3,00000020,0000a001
3886,3,00000020,0000a001
3894,3,00000020,0000a001
3902,3,00000020,0000a001
3910,3,00000020,0000a001
3918,3,00000020,0000a001
3926,3,00000020,0000a001
3934,3,00000020,0000a001
3942,3,00000020,0000a001
3950,3,00000020,0000a001
3958,3,00000020,0000a001
3966,3,00000020,0000a001
3974,3,00000020,0000a001
3982,3,00000020,0000a001
3990,3,00000020,0000a001
3998,3,00000020,0000a001
4006,3,00000020,0000a001
4014,3,00000020,0000a001
4022,3,00000020,0000a001
4030,3,00000020,0000a001
4038,3,00000020,0000a001
4046,3,00000020,0000a001
4054,3,00000020,0000a001
4062,3,00000020,0000a001
4070,3,00000020,0000a001
4078,3,00000020,0000a001
4086,3,00000020,0000a001
4094,3,00000020,0000a001
4102,3,00000020,0000a001
4110,3,00000020,0000a001
4118,3,00000020,0000a001
4126,3,00000020,0000a001
4134,3,00000020,0000a001
4142,3,00000020,0000a001
4150,3,00000020,0000a001
4158,3,00000020,0000a001
4166,3,00000020,0000a001
4174,3,00000020,0000a001
4182,3,00000020,0000a001
4190,3,00000020,0000a001
4198,3,00000020,0000a001
4206,3,00000020,0000a001
4214,3,00000020,0000a001
4222,3,00000020,0000a001
4230,3,00000020,0000a001
4238,3,00000020,0000a001
4246,3,00000020,0000a001
4254,3,00000020,0000a001
4262,3,00000020,0000a001
4270,3,00000020,0000a001
4278,3,00000020,0000a001
4286,3,00000020,0000a001
4294,3,00000020,0000a001
4302,3,00000020,0000a001
4310,3,00000020,0000a001
4318,3,00000020,0000a001
4326,3,00000020,0000a001
4334,3,00000020,0000a001
4342,3,00000020,0000a001
4350,3,00000020,0000a001
4358,3,00000020,0000a001
4366,3,00000020,0000a001
4374,3,00000020,0000a001
4382,3,00000020,0000a001
4390,3,00000020,0000a001
4398,3,00000020,0000a001
4406,3,00000020,0000a001
4414,3,00000020,0000a001
4422,3,00000020,0000a001
4430,3,00000020,0000a001
4438,3,00000020,0000a001
4446,3,00000020,0000a001
4454,3,00000020,0000a001
4462,3,00000020,0000a001
4470,3,00000020,0000a001
4478,3,00000020,0000a001
4486,3,00000020,0000a001
4494,3,00000020,0000a001
4502,3,00000020,0000a001
4510,3,00000020,0000a001
4518,3,00000020,0000a001
4526,3,00000020,0000a001
4534,3,00000020,0000a001
4542,3,00000020,0000a001
4550,3,00000020,0000a001
4558,3,00000020,0000a001
4566,3,00000020,0000a001
4574,3,00000020,0000a001
4582,3,00000020,0000a001
4590,3,00000020,0000a001
4598,3,00000020,0000a001
4606,3,00000020,0000a001
4614,3,00000020,0000a001
4622,3,00000020,0000a001
4630,3,00000020,0000a001
4638,3,00000020,0000a001
4646,3,00000020,0000a001
4654,3,00000020,0000a001
4662,3,00000020,0000a001
4670,3,00000020,0000a001
4678,3,00000020,0000a001
4686,3,00000020,0000a001
4694,3,00000020,0000a001
4702,3,00000020,0000a001
4710,3,00000020,0000a001
4718,3,00000020,0000a001
4726,3,00000020,0000a001
4734,3,00000020,0000a001
4742,3,00000020,0000a001
4750,3,00000020,0000a001
4758,3,00000020,0000a001
4766,3,00000020,0000a001
4774,3,00000020,0000a001
4782,3,00000020,0000a001
4790,3,00000020,0000a001
4798,3,00000020,0000a001
4806,3,00000020,0000a001
4814,3,00000020,0000a001
4822,3,00000020,0000a001
4830,3,00000020,0000a001
4838,3,00000020,0000a001
4846,3,00000020,0000a001
4854,3,00000020,0000a001
4862,3,00000020,0000a001
4870,3,00000020,0000a001
4878,3,00000020,0000a001
4886,3,00000020,0000a001
4894,3,00000020,0000a001
4902,3,00000020,0000a001
4910,3,00000020,0000a001
4918,3,00000020,0000a001
4926,3,00000020,0000a001
4934,3,00000020,0000a001
4942,3,00000020,0000a001
4950,3,00000020,0000a001
4958,3,00000020,0000a001
4966,3,00000020,0000a001
4974,3,00000020,0000a001
4982,3,00000020,0000a001
4990,3,00000020,0000a001
4998,3,00000020,0000a001
5006,3,00000020,0000a001
5014,3,00000020,0000a001
5022,3,00000020,0000a001
5030,3,00000020,0000a001
5038,3,00000020,0000a001
5046,3,00000020,0000a001
5054,3,00000020,0000a001
5062,3,00000020,0000a001
5070,3,00000020,0000a001
5078,3,00000020,0000a001
5086,3,00000020,0000a001
5094,3,00000020,0000a001
5102,3,00000020,0000a001
5110,3,00000020,0000a001
5118,3,00000020,0000a001
5126,3,00000020,0000a001
5134,3,00000020,0000a001
5142,3,00000020,0000a001
5150,3,00000020,0000a001
5158,3,00000020,0000a001
5166,3,00000020,0000a001
5174,3,00000020,0000a001
5182,3,00000020,0000a001
5190,3,00000020,0000a001
5198,3,00000020,0000a001
5206,3,00000020,0000a001
5214,3,00000020,0000a001
5222,3,00000020,0000a001
5230,3,00000020,0000a001
5238,3,00000020,0000a001
5246,3,00000020,0000a001
5254,3,00000020,0000a001
5262,3,00000020,0000a001
5270,3,00000020,0000a001
5278,3,00000020,0000a001
5286,3,00000020,0000a001
5294,3,00000020,0000a001
5302,3,00000020,0000a001
5310,3,00000020,0000a001
5318,3,00000020,0000a001
5326,3,00000020,0000a001
5334,3,00000020,0000a001
5342,3,00000020,0000a001
5350,3,00000020,0000a001
5358,3,00000020,0000a001
5366,3,00000020,0000a001
5374,3,00000020,0000a001
5382,3,00000020,0000a001
5390,3,00000020,0000a001
5398,3,00000020,0000a001
5406,3,00000020,0000a001
5414,3,00000020,0000a001
5422,3,00000020,0000a001
5430,3,00000020,0000a001
5438,3,00000020,0000a001
5446,3,00000020,0000a001
5454,3,00000020,0000a001
5462,3,00000020,0000a001
5470,3,00000020,0000a001
5478,3,00000020,0000a001
5486,3,00000020,0000a001
5494,3,00000020,0000a001
5502,3,00000020,0000a001
5510,3,00000020,0000a001
5518,3,00000020,0000a001
5526,3,00000020,0000a001
5534,3,00000020,0000a001
5542,3,00000020,0000a001
5550,3,00000020,0000a001
5558,3,00000020,0000a001
5566,3,00000020,0000a001
5574,3,00000020,0000a001
5582,3,00000020,0000a001
5590,3,00000020,0000a001
5598,3,00000020,0000a001
5606,3,00000020,0000a001
5614,3,00000020,0000a001
5622,3,00000020,0000a001
5630,3,00000020,0000a001
5638,3,00000020,0000a001
5646,3,00000020,0000a001
5654,3,00000020,0000a001
5662,3,00000020,0000a001
5670,3,00000020,0000a001
5678,3,00000020,0000a001
5686,3,00000020,0000a001
5694,3,00000020,0000a001
5702,3,00000020,0000a001
5710,3,00000020,0000a001
5718,3,00000020,0000a001
5726,3,00000020,0000a001
5734,3,00000020,0000a001
5742,3,00000020,0000a001
5750,3,00000020,0000a001
5758,3,00000020,0000a001
5766,3,00000020,0000a001
5774,3,00000020,0000a001
5782,3,00000020,0000a001
5790,3,00000020,0000a001
5798,3,00000020,0000a001
5806,3,00000020,0000a001
5814,3,00000020,0000a001
5822,3,00000020,0000a001
5830,3,00000020,0000a001
5838,3,00000020,0000a001
5846,3,00000020,0000a001
5854,3,00000020,0000a001
5862,3,00000020,0000a001
5870,3,00000020,0000a001
5878,3,00000020,0000a001
5886,3,00000020,0000a001
5894,3,00000020,0000a001
5902,3,00000020,0000a001
5910,3,00000020,0000a001
5918,3,00000020,0000a001
5926,3,00000020,0000a001
5934,3,00000020,0000a001
5942,3,00000020,0000a001
5950,3,00000020,0000a001
5958,3,00000020,0000a001
5966,3,00000020,0000a001
5974,3,00000020,0000a001
5982,3,00000020,0000a001
5990,3,00000020,0000a001
5998,3,00000020,0000a001
6006,3,00000020,0000a001
6014,3,00000020,0000a001
6022,3,00000020,0000a001
6030,3,00000020,0000a001
6038,3,00000020,0000a001
6046,3,00000020,0000a001
6054,3,00000020,0000a001
6062,3,00000020,0000a001
6070,3,00000020,0000a001
6078,3,00000020,0000a001
6086,3,00000020,0000a001
6094,3,00000020,0000a001
6102,3,00000020,0000a001
6110,3,00000020,0000a001
6118,3,00000020,0000a001
6126,3,00000020,0000a001
6134,3,00000020,0000a001
6142,3,00000020,0000a001
6150,3,00000020,0000a001
6158,3,00000020,0000a001
6166,3,00000020,0000a001
6174,3,00000020,0000a001
6182,3,00000020,0000a001
6190,3,00000020,0000a001
6198,3,00000020,0000a001
6206,3,00000020,0000a001
6214,3,00000020,0000a001
6222,3,00000020,0000a001
6230,3,00000020,0000a001
6238,3,00000020,0000a001
6246,3,00000020,0000a001
6254,3,00000020,0000a001
6262,3,00000020,0000a001
6270,3,00000020,0000a001
6278,3,00000020,0000a001
6286,3,00000020,0000a001
6294,3,00000020,0000a001
6302,3,00000020,0000a001
6310,3,00000020,0000a001
6318,3,00000020,0000a001
6326,3,00000020,0000a001
6334,3,00000020,0000a001
6342,3,00000020,0000a001
6350,3,00000020,0000a001
6358,3,00000020,0000a001
6366,3,00000020,0000a001
6374,3,00000020,0000a001
6382,3,00000020,0000a001
6390,3,00000020,0000a001
6398,3,00000020,0000a001
6406,3,00000020,0000a001
6414,3,00000020,0000a001
6422,3,00000020,0000a001
6430,3,00000020,0000a001
6438,3,00000020,0000a001
6446,3,00000020,0000a001
6454,3,00000020,0000a001
6462,3,00000020,0000a001
6470,3,00000020,0000a001
6478,3,00000020,0000a001
6486,3,00000020,0000a001
6494,3,00000020,0000a001
