44,3,00000000,00001137
48,3,00000004,00010113
52,3,00000008,0280006f
60,3,00000030,05371101
64,3,00000032,00000537
68,3,00000036,01050513
72,3,0000003a,c10c45c1
78,3,0000003c,828ac10c
82,3,0000003e,0693828a
86,3,00000040,7ca00693
92,3,00000044,af83c836
98,3,00000046,0102af83
102,3,0000004a,03f69c63
106,3,0000004e,06cd0585
110,3,00000050,a62306cd
116,3,00000052,00d2a623
122,3,00000056,95634632
126,3,00000058,02c69563
130,3,0000005c,11410585
134,3,0000005e,06cd1141
138,3,00000060,a62306cd
144,3,00000062,00d2a623
150,3,00000066,9d634672
154,3,00000068,00c69d63
158,3,0000006c,08780585
162,3,0000006e,06cd0878
166,3,00000070,a62306cd
172,3,00000072,00d2a623
178,3,00000076,95634310
182,3,00000078,00c69563
186,3,0000007c,a011a011
194,3,00000080,852ebf51
202,3,00000014,05b74505
206,3,00000016,000005b7
210,3,0000001a,01058593
216,3,0000001e,a001c188
220,3,00000020,0000a001
228,3,00000020,0000a001
236,3,00000020,0000a001
244,3,00000020,0000a001
252,3,00000020,0000a001
260,3,00000020,0000a001
268,3,00000020,0000a001
276,3,00000020,0000a001
284,3,00000020,0000a001
292,3,00000020,0000a001
300,3,00000020,0000a001
308,3,00000020,0000a001
316,3,00000020,0000a001
324,3,00000020,0000a001
332,3,00000020,0000a001
340,3,00000020,0000a001
348,3,00000020,0000a001
356,3,00000020,0000a001
364,3,00000020,0000a001
372,3,00000020,0000a001
380,3,00000020,0000a001
388,3,00000020,0000a001
396,3,00000020,0000a001
404,3,00000020,0000a001
412,3,00000020,0000a001
420,3,00000020,0000a001
428,3,00000020,0000a001
436,3,00000020,0000a001
444,3,00000020,0000a001
452,3,00000020,0000a001
460,3,00000020,0000a001
468,3,00000020,0000a001
476,3,00000020,0000a001
484,3,00000020,0000a001
492,3,00000020,0000a001
500,3,00000020,0000a001
508,3,00000020,0000a001
516,3,00000020,0000a001
524,3,00000020,0000a001
532,3,00000020,0000a001
540,3,00000020,0000a001
548,3,00000020,0000a001
556,3,00000020,0000a001
564,3,00000020,0000a001
572,3,00000020,0000a001
580,3,00000020,0000a001
588,3,00000020,0000a001
596,3,00000020,0000a001
604,3,00000020,0000a001
612,3,00000020,0000a001
620,3,00000020,0000a001
628,3,00000020,0000a001
636,3,00000020,0000a001
644,3,00000020,0000a001
652,3,00000020,0000a001
660,3,00000020,0000a001
668,3,00000020,0000a001
676,3,00000020,0000a001
684,3,00000020,0000a001
692,3,00000020,0000a001
700,3,00000020,0000a001
708,3,00000020,0000a001
716,3,00000020,0000a001
724,3,00000020,0000a001
732,3,00000020,0000a001
740,3,00000020,0000a001
748,3,00000020,0000a001
756,3,00000020,0000a001
764,3,00000020,0000a001
772,3,00000020,0000a001
780,3,00000020,0000a001
788,3,00000020,0000a001
796,3,00000020,0000a001
804,3,00000020,0000a001
812,3,00000020,0000a001
820,3,00000020,0000a001
828,3,00000020,0000a001
836,3,00000020,0000a001
844,3,00000020,0000a001
852,3,00000020,0000a001
860,3,00000020,0000a001
868,3,00000020,0000a001
876,3,00000020,0000a001
884,3,00000020,0000a001
892,3,00000020,0000a001
900,3,00000020,0000a001
908,3,00000020,0000a001
916,3,00000020,0000a001
924,3,00000020,0000a001
932,3,00000020,0000a001
940,3,00000020,0000a001
948,3,00000020,0000a001
956,3,00000020,0000a001
964,3,00000020,0000a001
972,3,00000020,0000a001
980,3,00000020,0000a001
988,3,00000020,0000a001
996,3,00000020,0000a001
1004,3,00000020,0000a001
1012,3,00000020,0000a001
1020,3,00000020,0000a001
1028,3,00000020,0000a001
1036,3,00000020,0000a001
1044,3,00000020,0000a001
1052,3,00000020,0000a001
1060,3,00000020,0000a001
1068,3,00000020,0000a001
1076,3,00000020,0000a001
1084,3,00000020,0000a001
1092,3,00000020,0000a001
1100,3,00000020,0000a001
1108,3,00000020,0000a001
1116,3,00000020,0000a001
1124,3,00000020,0000a001
1132,3,00000020,0000a001
1140,3,00000020,0000a001
1148,3,00000020,0000a001
1156,3,00000020,0000a001
1164,3,00000020,0000a001
1172,3,00000020,0000a001
1180,3,00000020,0000a001
1188,3,00000020,0000a001
1196,3,00000020,0000a001
1204,3,00000020,0000a001
1212,3,00000020,0000a001
1220,3,00000020,0000a001
1228,3,00000020,0000a001
1236,3,00000020,0000a001
1244,3,00000020,0000a001
1252,3,00000020,0000a001
1260,3,00000020,0000a001
1268,3,00000020,0000a001
1276,3,00000020,0000a001
1284,3,00000020,0000a001
1292,3,00000020,0000a001
1300,3,00000020,0000a001
1308,3,00000020,0000a001
1316,3,00000020,0000a001
1324,3,00000020,0000a001
1332,3,00000020,0000a001
1340,3,00000020,0000a001
1348,3,00000020,0000a001
1356,3,00000020,0000a001
1364,3,00000020,0000a001
1372,3,00000020,0000a001
1380,3,00000020,0000a001
1388,3,00000020,0000a001
1396,3,00000020,0000a001
1404,3,00000020,0000a001
1412,3,00000020,0000a001
1420,3,00000020,0000a001
1428,3,00000020,0000a001
1436,3,00000020,0000a001
1444,3,00000020,0000a001
1452,3,00000020,0000a001
1460,3,00000020,0000a001
1468,3,00000020,0000a001
1476,3,00000020,0000a001
1484,3,00000020,0000a001
1492,3,00000020,0000a001
1500,3,00000020,0000a001
1508,3,00000020,0000a001
1516,3,00000020,0000a001
1524,3,00000020,0000a001
1532,3,00000020,0000a001
1540,3,00000020,0000a001
1548,3,00000020,0000a001
1556,3,00000020,0000a001
1564,3,00000020,0000a001
1572,3,00000020,0000a001
1580,3,00000020,0000a001
1588,3,00000020,0000a001
1596,3,00000020,0000a001
1604,3,00000020,0000a001
1612,3,00000020,0000a001
1620,3,00000020,0000a001
1628,3,00000020,0000a001
1636,3,00000020,0000a001
1644,3,00000020,0000a001
1652,3,00000020,0000a001
1660,3,00000020,0000a001
1668,3,00000020,0000a001
1676,3,00000020,0000a001
1684,3,00000020,0000a001
1692,3,00000020,0000a001
1700,3,00000020,0000a001
1708,3,00000020,0000a001
1716,3,00000020,0000a001
1724,3,00000020,0000a001
1732,3,00000020,0000a001
1740,3,00000020,0000a001
1748,3,00000020,0000a001
1756,3,00000020,0000a001
1764,3,00000020,0000a001
1772,3,00000020,0000a001
1780,3,00000020,0000a001
1788,3,00000020,0000a001
1796,3,00000020,0000a001
1804,3,00000020,0000a001
1812,3,00000020,0000a001
1820,3,00000020,0000a001
1828,3,00000020,0000a001
1836,3,00000020,0000a001
1844,3,00000020,0000a001
1852,3,00000020,0000a001
1860,3,00000020,0000a001
1868,3,00000020,0000a001
1876,3,00000020,0000a001
1884,3,00000020,0000a001
1892,3,00000020,0000a001
1900,3,00000020,0000a001
1908,3,00000020,0000a001
1916,3,00000020,0000a001
1924,3,00000020,0000a001
1932,3,00000020,0000a001
1940,3,00000020,0000a001
1948,3,00000020,0000a001
1956,3,00000020,0000a001
1964,3,00000020,0000a001
1972,3,00000020,0000a001
1980,3,00000020,0000a001
1988,3,00000020,0000a001
1996,3,00000020,0000a001
2004,3,00000020,0000a001
2012,3,00000020,0000a001
2020,3,00000020,0000a001
2028,3,00000020,0000a001
2036,3,00000020,0000a001
2044,3,00000020,0000a001
2052,3,00000020,0000a001
2060,3,00000020,0000a001
2068,3,00000020,0000a001
2076,3,00000020,0000a001
2084,3,00000020,0000a001
2092,3,00000020,0000a001
2100,3,00000020,0000a001
2108,3,00000020,0000a001
2116,3,00000020,0000a001
2124,3,00000020,0000a001
2132,3,00000020,0000a001
2140,3,00000020,0000a001
2148,3,00000020,0000a001
2156,3,00000020,0000a001
2164,3,00000020,0000a001
2172,3,00000020,0000a001
2180,3,00000020,0000a001
2188,3,00000020,0000a001
2196,3,00000020,0000a001
2204,3,00000020,0000a001
2212,3,00000020,0000a001
2220,3,00000020,0000a001
2228,3,00000020,0000a001
2236,3,00000020,0000a001
2244,3,00000020,0000a001
2252,3,00000020,0000a001
2260,3,00000020,0000a001
2268,3,00000020,0000a001
2276,3,00000020,0000a001
2284,3,00000020,0000a001
2292,3,00000020,0000a001
2300,3,00000020,0000a001
2308,3,00000020,0000a001
2316,3,00000020,0000a001
2324,3,00000020,0000a001
2332,3,00000020,0000a001
2340,3,00000020,0000a001
2348,3,00000020,0000a001
2356,3,00000020,0000a001
2364,3,00000020,0000a001
2372,3,00000020,0000a001
2380,3,00000020,0000a001
2388,3,00000020,0000a001
2396,3,00000020,0000a001
2404,3,00000020,0000a001
2412,3,00000020,0000a001
2420,3,00000020,0000a001
2428,3,00000020,0000a001
2436,3,00000020,0000a001
2444,3,00000020,0000a001
2452,3,00000020,0000a001
2460,3,00000020,0000a001
2468,3,00000020,0000a001
2476,3,00000020,0000a001
2484,3,00000020,0000a001
2492,3,00000020,0000a001
2500,3,00000020,0000a001
2508,3,00000020,0000a001
2516,3,00000020,0000a001
2524,3,00000020,0000a001
2532,3,00000020,0000a001
2540,3,00000020,0000a001
2548,3,00000020,0000a001
2556,3,00000020,0000a001
2564,3,00000020,0000a001
2572,3,00000020,0000a001
2580,3,00000020,0000a001
2588,3,00000020,0000a001
2596,3,00000020,0000a001
