44,3,00000000,00001137
48,3,00000004,00010113
52,3,00000008,0540006f
60,3,0000005c,f00047b7
66,3,00000060,0007a023
86,3,00000064,0047a683
100,3,00000068,0047a683
114,3,0000006c,0047a683
128,3,00000070,00c7a683
142,3,00000074,00c7a683
156,3,00000078,2007a683
170,3,0000007c,2847a683
176,3,00000080,2007a023
188,3,00000084,0007a023
208,3,00000088,0047a683
222,3,0000008c,0047a683
236,3,00000090,0047a683
250,3,00000094,00c7a683
264,3,00000098,00c7a683
278,3,0000009c,2007a683
292,3,000000a0,2847a683
296,3,000000a4,123456b7
300,3,000000a8,67868693
306,3,000000ac,20d7a023
318,3,000000b0,0007a023
338,3,000000b4,0047a683
352,3,000000b8,0047a683
366,3,000000bc,0047a683
380,3,000000c0,00c7a683
394,3,000000c4,00c7a683
408,3,000000c8,2007a683
422,3,000000cc,2847a683
426,3,000000d0,2468b6b7
430,3,000000d4,cf068693
436,3,000000d8,20d7a023
448,3,000000dc,0007a023
468,3,000000e0,0047a603
482,3,000000e4,0047a603
496,3,000000e8,0047a603
510,3,000000ec,00c7a603
524,3,000000f0,00c7a603
538,3,000000f4,2007a603
552,3,000000f8,2847a703
556,3,000000fc,369d0737
560,3,00000100,36870713
566,3,00000104,20e7a023
570,3,00000108,00100793
576,3,0000010c,04f02823
580,3,00000110,0000006f
588,3,00000110,0000006f
596,3,00000110,0000006f
604,3,00000110,0000006f
612,3,00000110,0000006f
620,3,00000110,0000006f
628,3,00000110,0000006f
636,3,00000110,0000006f
644,3,00000110,0000006f
652,3,00000110,0000006f
660,3,00000110,0000006f
668,3,00000110,0000006f
676,3,00000110,0000006f
684,3,00000110,0000006f
692,3,00000110,0000006f
700,3,00000110,0000006f
708,3,00000110,0000006f
716,3,00000110,0000006f
724,3,00000110,0000006f
732,3,00000110,0000006f
740,3,00000110,0000006f
748,3,00000110,0000006f
756,3,00000110,0000006f
764,3,00000110,0000006f
772,3,00000110,0000006f
780,3,00000110,0000006f
788,3,00000110,0000006f
796,3,00000110,0000006f
804,3,00000110,0000006f
812,3,00000110,0000006f
820,3,00000110,0000006f
828,3,00000110,0000006f
836,3,00000110,0000006f
844,3,00000110,0000006f
852,3,00000110,0000006f
860,3,00000110,0000006f
868,3,00000110,0000006f
876,3,00000110,0000006f
884,3,00000110,0000006f
892,3,00000110,0000006f
900,3,00000110,0000006f
908,3,00000110,0000006f
916,3,00000110,0000006f
924,3,00000110,0000006f
932,3,00000110,0000006f
940,3,00000110,0000006f
948,3,00000110,0000006f
956,3,00000110,0000006f
964,3,00000110,0000006f
972,3,00000110,0000006f
980,3,00000110,0000006f
988,3,00000110,0000006f
996,3,00000110,0000006f
1004,3,00000110,0000006f
1012,3,00000110,0000006f
1020,3,00000110,0000006f
1028,3,00000110,0000006f
1036,3,00000110,0000006f
1044,3,00000110,0000006f
1052,3,00000110,0000006f
1060,3,00000110,0000006f
1068,3,00000110,0000006f
1076,3,00000110,0000006f
1084,3,00000110,0000006f
1092,3,00000110,0000006f
1100,3,00000110,0000006f
1108,3,00000110,0000006f
1116,3,00000110,0000006f
1124,3,00000110,0000006f
1132,3,00000110,0000006f
1140,3,00000110,0000006f
1148,3,00000110,0000006f
1156,3,00000110,0000006f
1164,3,00000110,0000006f
1172,3,00000110,0000006f
1180,3,00000110,0000006f
1188,3,00000110,0000006f
1196,3,00000110,0000006f
1204,3,00000110,0000006f
1212,3,00000110,0000006f
1220,3,00000110,0000006f
1228,3,00000110,0000006f
1236,3,00000110,0000006f
1244,3,00000110,0000006f
1252,3,00000110,0000006f
1260,3,00000110,0000006f
1268,3,00000110,0000006f
1276,3,00000110,0000006f
1284,3,00000110,0000006f
1292,3,00000110,0000006f
1300,3,00000110,0000006f
1308,3,00000110,0000006f
1316,3,00000110,0000006f
1324,3,00000110,0000006f
1332,3,00000110,0000006f
1340,3,00000110,0000006f
1348,3,00000110,0000006f
1356,3,00000110,0000006f
1364,3,00000110,0000006f
1372,3,00000110,0000006f
1380,3,00000110,0000006f
1388,3,00000110,0000006f
1396,3,00000110,0000006f
1404,3,00000110,0000006f
1412,3,00000110,0000006f
1420,3,00000110,0000006f
1428,3,00000110,0000006f
1436,3,00000110,0000006f
1444,3,00000110,0000006f
1452,3,00000110,0000006f
1460,3,00000110,0000006f
1468,3,00000110,0000006f
1476,3,00000110,0000006f
1484,3,00000110,0000006f
1492,3,00000110,0000006f
1500,3,00000110,0000006f
1508,3,00000110,0000006f
1516,3,00000110,0000006f
1524,3,00000110,0000006f
1532,3,00000110,0000006f
1540,3,00000110,0000006f
1548,3,00000110,0000006f
1556,3,00000110,0000006f
1564,3,00000110,0000006f
1572,3,00000110,0000006f
1580,3,00000110,0000006f
1588,3,00000110,0000006f
1596,3,00000110,0000006f
1604,3,00000110,0000006f
1612,3,00000110,0000006f
1620,3,00000110,0000006f
1628,3,00000110,0000006f
1636,3,00000110,0000006f
1644,3,00000110,0000006f
1652,3,00000110,0000006f
1660,3,00000110,0000006f
1668,3,00000110,0000006f
1676,3,00000110,0000006f
1684,3,00000110,0000006f
1692,3,00000110,0000006f
1700,3,00000110,0000006f
1708,3,00000110,0000006f
1716,3,00000110,0000006f
1724,3,00000110,0000006f
1732,3,00000110,0000006f
1740,3,00000110,0000006f
1748,3,00000110,0000006f
1756,3,00000110,0000006f
1764,3,00000110,0000006f
1772,3,00000110,0000006f
1780,3,00000110,0000006f
1788,3,00000110,0000006f
1796,3,00000110,0000006f
1804,3,00000110,0000006f
1812,3,00000110,0000006f
1820,3,00000110,0000006f
1828,3,00000110,0000006f
1836,3,00000110,0000006f
1844,3,00000110,0000006f
1852,3,00000110,0000006f
1860,3,00000110,0000006f
1868,3,00000110,0000006f
1876,3,00000110,0000006f
1884,3,00000110,0000006f
1892,3,00000110,0000006f
1900,3,00000110,0000006f
1908,3,00000110,0000006f
1916,3,00000110,0000006f
1924,3,00000110,0000006f
1932,3,00000110,0000006f
1940,3,00000110,0000006f
1948,3,00000110,0000006f
1956,3,00000110,0000006f
1964,3,00000110,0000006f
1972,3,00000110,0000006f
1980,3,00000110,0000006f
1988,3,00000110,0000006f
1996,3,00000110,0000006f
2004,3,00000110,0000006f
2012,3,00000110,0000006f
2020,3,00000110,0000006f
2028,3,00000110,0000006f
2036,3,00000110,0000006f
2044,3,00000110,0000006f
2052,3,00000110,0000006f
2060,3,00000110,0000006f
2068,3,00000110,0000006f
2076,3,00000110,0000006f
2084,3,00000110,0000006f
2092,3,00000110,0000006f
2100,3,00000110,0000006f
2108,3,00000110,0000006f
2116,3,00000110,0000006f
2124,3,00000110,0000006f
2132,3,00000110,0000006f
2140,3,00000110,0000006f
2148,3,00000110,0000006f
2156,3,00000110,0000006f
2164,3,00000110,0000006f
2172,3,00000110,0000006f
2180,3,00000110,0000006f
2188,3,00000110,0000006f
2196,3,00000110,0000006f
2204,3,00000110,0000006f
2212,3,00000110,0000006f
2220,3,00000110,0000006f
2228,3,00000110,0000006f
2236,3,00000110,0000006f
2244,3,00000110,0000006f
2252,3,00000110,0000006f
2260,3,00000110,0000006f
2268,3,00000110,0000006f
2276,3,00000110,0000006f
2284,3,00000110,0000006f
2292,3,00000110,0000006f
2300,3,00000110,0000006f
2308,3,00000110,0000006f
2316,3,00000110,0000006f
2324,3,00000110,0000006f
2332,3,00000110,0000006f
2340,3,00000110,0000006f
2348,3,00000110,0000006f
2356,3,00000110,0000006f
2364,3,00000110,0000006f
2372,3,00000110,0000006f
2380,3,00000110,0000006f
2388,3,00000110,0000006f
2396,3,00000110,0000006f
2404,3,00000110,0000006f
2412,3,00000110,0000006f
2420,3,00000110,0000006f
2428,3,00000110,0000006f
2436,3,00000110,0000006f
2444,3,00000110,0000006f
2452,3,00000110,0000006f
2460,3,00000110,0000006f
2468,3,00000110,0000006f
2476,3,00000110,0000006f
2484,3,00000110,0000006f
2492,3,00000110,0000006f
2500,3,00000110,0000006f
2508,3,00000110,0000006f
2516,3,00000110,0000006f
2524,3,00000110,0000006f
2532,3,00000110,0000006f
2540,3,00000110,0000006f
2548,3,00000110,0000006f
2556,3,00000110,0000006f
2564,3,00000110,0000006f
2572,3,00000110,0000006f
2580,3,00000110,0000006f
2588,3,00000110,0000006f
2596,3,00000110,0000006f
2604,3,00000110,0000006f
2612,3,00000110,0000006f
2620,3,00000110,0000006f
2628,3,00000110,0000006f
2636,3,00000110,0000006f
2644,3,00000110,0000006f
2652,3,00000110,0000006f
2660,3,00000110,0000006f
2668,3,00000110,0000006f
2676,3,00000110,0000006f
2684,3,00000110,0000006f
2692,3,00000110,0000006f
2700,3,00000110,0000006f
2708,3,00000110,0000006f
2716,3,00000110,0000006f
2724,3,00000110,0000006f
2732,3,00000110,0000006f
2740,3,00000110,0000006f
2748,3,00000110,0000006f
2756,3,00000110,0000006f
2764,3,00000110,0000006f
2772,3,00000110,0000006f
2780,3,00000110,0000006f
2788,3,00000110,0000006f
2796,3,00000110,0000006f
2804,3,00000110,0000006f
2812,3,00000110,0000006f
2820,3,00000110,0000006f
2828,3,00000110,0000006f
2836,3,00000110,0000006f
2844,3,00000110,0000006f
2852,3,00000110,0000006f
2860,3,00000110,0000006f
2868,3,00000110,0000006f
2876,3,00000110,0000006f
2884,3,00000110,0000006f
2892,3,00000110,0000006f
2900,3,00000110,0000006f
2908,3,00000110,0000006f
2916,3,00000110,0000006f
2924,3,00000110,0000006f
2932,3,00000110,0000006f
2940,3,00000110,0000006f
2948,3,00000110,0000006f
2956,3,00000110,0000006f
2964,3,00000110,0000006f
2972,3,00000110,0000006f
2980,3,00000110,0000006f
2988,3,00000110,0000006f
2996,3,00000110,0000006f
3004,3,00000110,0000006f
3012,3,00000110,0000006f
3020,3,00000110,0000006f
3028,3,00000110,0000006f
3036,3,00000110,0000006f
3044,3,00000110,0000006f
3052,3,00000110,0000006f
3060,3,00000110,0000006f
3068,3,00000110,0000006f
3076,3,00000110,0000006f
3084,3,00000110,0000006f
3092,3,00000110,0000006f
3100,3,00000110,0000006f
3108,3,00000110,0000006f
3116,3,00000110,0000006f
3124,3,00000110,0000006f
3132,3,00000110,0000006f
3140,3,00000110,0000006f
3148,3,00000110,0000006f
3156,3,00000110,0000006f
3164,3,00000110,0000006f
3172,3,00000110,0000006f
3180,3,00000110,0000006f
3188,3,00000110,0000006f
3196,3,00000110,0000006f
3204,3,00000110,0000006f
3212,3,00000110,0000006f
3220,3,00000110,0000006f
3228,3,00000110,0000006f
3236,3,00000110,0000006f
3244,3,00000110,0000006f
3252,3,00000110,0000006f
3260,3,00000110,0000006f
3268,3,00000110,0000006f
3276,3,00000110,0000006f
3284,3,00000110,0000006f
3292,3,00000110,0000006f
3300,3,00000110,0000006f
3308,3,00000110,0000006f
3316,3,00000110,0000006f
3324,3,00000110,0000006f
3332,3,00000110,0000006f
3340,3,00000110,0000006f
3348,3,00000110,0000006f
3356,3,00000110,0000006f
3364,3,00000110,0000006f
3372,3,00000110,0000006f
3380,3,00000110,0000006f
3388,3,00000110,0000006f
3396,3,00000110,0000006f
3404,3,00000110,0000006f
3412,3,00000110,0000006f
3420,3,00000110,0000006f
3428,3,00000110,0000006f
3436,3,00000110,0000006f
3444,3,00000110,0000006f
3452,3,00000110,0000006f
3460,3,00000110,0000006f
3468,3,00000110,0000006f
3476,3,00000110,0000006f
3484,3,00000110,0000006f
3492,3,00000110,0000006f
3500,3,00000110,0000006f
3508,3,00000110,0000006f
3516,3,00000110,0000006f
3524,3,00000110,0000006f
3532,3,00000110,0000006f
3540,3,00000110,0000006f
3548,3,00000110,0000006f
3556,3,00000110,0000006f
3564,3,00000110,0000006f
3572,3,00000110,0000006f
3580,3,00000110,0000006f
3588,3,00000110,0000006f
3596,3,00000110,0000006f
3604,3,00000110,0000006f
3612,3,00000110,0000006f
3620,3,00000110,0000006f
3628,3,00000110,0000006f
3636,3,00000110,0000006f
3644,3,00000110,0000006f
3652,3,00000110,0000006f
3660,3,00000110,0000006f
3668,3,00000110,0000006f
3676,3,00000110,0000006f
3684,3,00000110,0000006f
3692,3,00000110,0000006f
3700,3,00000110,0000006f
3708,3,00000110,0000006f
3716,3,00000110,0000006f
3724,3,00000110,0000006f
3732,3,00000110,0000006f
3740,3,00000110,0000006f
3748,3,00000110,0000006f
3756,3,00000110,0000006f
3764,3,00000110,0000006f
3772,3,00000110,0000006f
3780,3,00000110,0000006f
3788,3,00000110,0000006f
3796,3,00000110,0000006f
3804,3,00000110,0000006f
3812,3,00000110,0000006f
3820,3,00000110,0000006f
3828,3,00000110,0000006f
3836,3,00000110,0000006f
3844,3,00000110,0000006f
3852,3,00000110,0000006f
3860,3,00000110,0000006f
3868,3,00000110,0000006f
3876,3,00000110,0000006f
3884,3,00000110,0000006f
3892,3,00000110,0000006f
3900,3,00000110,0000006f
3908,3,00000110,0000006f
3916,3,00000110,0000006f
3924,3,00000110,0000006f
3932,3,00000110,0000006f
3940,3,00000110,0000006f
3948,3,00000110,0000006f
3956,3,00000110,0000006f
3964,3,00000110,0000006f
3972,3,00000110,0000006f
3980,3,00000110,0000006f
3988,3,00000110,0000006f
3996,3,00000110,0000006f
4004,3,00000110,0000006f
4012,3,00000110,0000006f
4020,3,00000110,0000006f
4028,3,00000110,0000006f
4036,3,00000110,0000006f
4044,3,00000110,0000006f
4052,3,00000110,0000006f
4060,3,00000110,0000006f
4068,3,00000110,0000006f
4076,3,00000110,0000006f
4084,3,00000110,0000006f
4092,3,00000110,0000006f
4100,3,00000110,0000006f
4108,3,00000110,0000006f
4116,3,00000110,0000006f
4124,3,00000110,0000006f
4132,3,00000110,0000006f
4140,3,00000110,0000006f
4148,3,00000110,0000006f
4156,3,00000110,0000006f
4164,3,00000110,0000006f
4172,3,00000110,0000006f
4180,3,00000110,0000006f
4188,3,00000110,0000006f
4196,3,00000110,0000006f
4204,3,00000110,0000006f
4212,3,00000110,0000006f
4220,3,00000110,0000006f
4228,3,00000110,0000006f
4236,3,00000110,0000006f
4244,3,00000110,0000006f
4252,3,00000110,0000006f
4260,3,00000110,0000006f
4268,3,00000110,0000006f
4276,3,00000110,0000006f
4284,3,00000110,0000006f
4292,3,00000110,0000006f
4300,3,00000110,0000006f
4308,3,00000110,0000006f
4316,3,00000110,0000006f
4324,3,00000110,0000006f
4332,3,00000110,0000006f
4340,3,00000110,0000006f
4348,3,00000110,0000006f
4356,3,00000110,0000006f
4364,3,00000110,0000006f
4372,3,00000110,0000006f
4380,3,00000110,0000006f
4388,3,00000110,0000006f
4396,3,00000110,0000006f
4404,3,00000110,0000006f
4412,3,00000110,0000006f
4420,3,00000110,0000006f
4428,3,00000110,0000006f
4436,3,00000110,0000006f
4444,3,00000110,0000006f
4452,3,00000110,0000006f
4460,3,00000110,0000006f
4468,3,00000110,0000006f
4476,3,00000110,0000006f
4484,3,00000110,0000006f
4492,3,00000110,0000006f
4500,3,00000110,0000006f
4508,3,00000110,0000006f
4516,3,00000110,0000006f
4524,3,00000110,0000006f
4532,3,00000110,0000006f
4540,3,00000110,0000006f
4548,3,00000110,0000006f
4556,3,00000110,0000006f
4564,3,00000110,0000006f
4572,3,00000110,0000006f
4580,3,00000110,0000006f
4588,3,00000110,0000006f
4596,3,00000110,0000006f
4604,3,00000110,0000006f
4612,3,00000110,0000006f
4620,3,00000110,0000006f
4628,3,00000110,0000006f
4636,3,00000110,0000006f
4644,3,00000110,0000006f
4652,3,00000110,0000006f
4660,3,00000110,0000006f
4668,3,00000110,0000006f
4676,3,00000110,0000006f
4684,3,00000110,0000006f
4692,3,00000110,0000006f
4700,3,00000110,0000006f
4708,3,00000110,0000006f
4716,3,00000110,0000006f
4724,3,00000110,0000006f
4732,3,00000110,0000006f
4740,3,00000110,0000006f
4748,3,00000110,0000006f
4756,3,00000110,0000006f
4764,3,00000110,0000006f
4772,3,00000110,0000006f
4780,3,00000110,0000006f
4788,3,00000110,0000006f
4796,3,00000110,0000006f
4804,3,00000110,0000006f
4812,3,00000110,0000006f
4820,3,00000110,0000006f
4828,3,00000110,0000006f
4836,3,00000110,0000006f
4844,3,00000110,0000006f
4852,3,00000110,0000006f
4860,3,00000110,0000006f
4868,3,00000110,0000006f
4876,3,00000110,0000006f
4884,3,00000110,0000006f
4892,3,00000110,0000006f
4900,3,00000110,0000006f
4908,3,00000110,0000006f
4916,3,00000110,0000006f
4924,3,00000110,0000006f
4932,3,00000110,0000006f
4940,3,00000110,0000006f
4948,3,00000110,0000006f
4956,3,00000110,0000006f
4964,3,00000110,0000006f
4972,3,00000110,0000006f
4980,3,00000110,0000006f
4988,3,00000110,0000006f
4996,3,00000110,0000006f
5004,3,00000110,0000006f
5012,3,00000110,0000006f
5020,3,00000110,0000006f
5028,3,00000110,0000006f
5036,3,00000110,0000006f
5044,3,00000110,0000006f
5052,3,00000110,0000006f
5060,3,00000110,0000006f
5068,3,00000110,0000006f
5076,3,00000110,0000006f
5084,3,00000110,0000006f
5092,3,00000110,0000006f
5100,3,00000110,0000006f
5108,3,00000110,0000006f
5116,3,00000110,0000006f
5124,3,00000110,0000006f
5132,3,00000110,0000006f
5140,3,00000110,0000006f
5148,3,00000110,0000006f
5156,3,00000110,0000006f
5164,3,00000110,0000006f
5172,3,00000110,0000006f
5180,3,00000110,0000006f
5188,3,00000110,0000006f
5196,3,00000110,0000006f
5204,3,00000110,0000006f
5212,3,00000110,0000006f
5220,3,00000110,0000006f
5228,3,00000110,0000006f
5236,3,00000110,0000006f
5244,3,00000110,0000006f
5252,3,00000110,0000006f
5260,3,00000110,0000006f
5268,3,00000110,0000006f
5276,3,00000110,0000006f
5284,3,00000110,0000006f
5292,3,00000110,0000006f
5300,3,00000110,0000006f
5308,3,00000110,0000006f
5316,3,00000110,0000006f
5324,3,00000110,0000006f
5332,3,00000110,0000006f
5340,3,00000110,0000006f
5348,3,00000110,0000006f
5356,3,00000110,0000006f
5364,3,00000110,0000006f
5372,3,00000110,0000006f
5380,3,00000110,0000006f
5388,3,00000110,0000006f
5396,3,00000110,0000006f
5404,3,00000110,0000006f
5412,3,00000110,0000006f
5420,3,00000110,0000006f
5428,3,00000110,0000006f
5436,3,00000110,0000006f
5444,3,00000110,0000006f
5452,3,00000110,0000006f
5460,3,00000110,0000006f
5468,3,00000110,0000006f
5476,3,00000110,0000006f
5484,3,00000110,0000006f
5492,3,00000110,0000006f
5500,3,00000110,0000006f
5508,3,00000110,0000006f
5516,3,00000110,0000006f
5524,3,00000110,0000006f
5532,3,00000110,0000006f
5540,3,00000110,0000006f
5548,3,00000110,0000006f
5556,3,00000110,0000006f
5564,3,00000110,0000006f
5572,3,00000110,0000006f
5580,3,00000110,0000006f
5588,3,00000110,0000006f
5596,3,00000110,0000006f
5604,3,00000110,0000006f
5612,3,00000110,0000006f
5620,3,00000110,0000006f
5628,3,00000110,0000006f
5636,3,00000110,0000006f
5644,3,00000110,0000006f
5652,3,00000110,0000006f
5660,3,00000110,0000006f
5668,3,00000110,0000006f
5676,3,00000110,0000006f
5684,3,00000110,0000006f
5692,3,00000110,0000006f
5700,3,00000110,0000006f
5708,3,00000110,0000006f
5716,3,00000110,0000006f
5724,3,00000110,0000006f
5732,3,00000110,0000006f
5740,3,00000110,0000006f
5748,3,00000110,0000006f
5756,3,00000110,0000006f
5764,3,00000110,0000006f
5772,3,00000110,0000006f
5780,3,00000110,0000006f
5788,3,00000110,0000006f
5796,3,00000110,0000006f
5804,3,00000110,0000006f
5812,3,00000110,0000006f
5820,3,00000110,0000006f
5828,3,00000110,0000006f
5836,3,00000110,0000006f
5844,3,00000110,0000006f
5852,3,00000110,0000006f
5860,3,00000110,0000006f
5868,3,00000110,0000006f
5876,3,00000110,0000006f
5884,3,00000110,0000006f
5892,3,00000110,0000006f
5900,3,00000110,0000006f
5908,3,00000110,0000006f
5916,3,00000110,0000006f
5924,3,00000110,0000006f
5932,3,00000110,0000006f
5940,3,00000110,0000006f
5948,3,00000110,0000006f
5956,3,00000110,0000006f
5964,3,00000110,0000006f
5972,3,00000110,0000006f
5980,3,00000110,0000006f
5988,3,00000110,0000006f
5996,3,00000110,0000006f
6004,3,00000110,0000006f
6012,3,00000110,0000006f
6020,3,00000110,0000006f
6028,3,00000110,0000006f
6036,3,00000110,0000006f
6044,3,00000110,0000006f
6052,3,00000110,0000006f
6060,3,00000110,0000006f
6068,3,00000110,0000006f
6076,3,00000110,0000006f
6084,3,00000110,0000006f
6092,3,00000110,0000006f
6100,3,00000110,0000006f
6108,3,00000110,0000006f
6116,3,00000110,0000006f
6124,3,00000110,0000006f
6132,3,00000110,0000006f
6140,3,00000110,0000006f
6148,3,00000110,0000006f
6156,3,00000110,0000006f
6164,3,00000110,0000006f
6172,3,00000110,0000006f
6180,3,00000110,0000006f
6188,3,00000110,0000006f
6196,3,00000110,0000006f
6204,3,00000110,0000006f
6212,3,00000110,0000006f
6220,3,00000110,0000006f
6228,3,00000110,0000006f
6236,3,00000110,0000006f
6244,3,00000110,0000006f
6252,3,00000110,0000006f
6260,3,00000110,0000006f
6268,3,00000110,0000006f
6276,3,00000110,0000006f
6284,3,00000110,0000006f
6292,3,00000110,0000006f
6300,3,00000110,0000006f
6308,3,00000110,0000006f
6316,3,00000110,0000006f
6324,3,00000110,0000006f
6332,3,00000110,0000006f
6340,3,00000110,0000006f
6348,3,00000110,0000006f
6356,3,00000110,0000006f
6364,3,00000110,0000006f
6372,3,00000110,0000006f
6380,3,00000110,0000006f
6388,3,00000110,0000006f
6396,3,00000110,0000006f
6404,3,00000110,0000006f
6412,3,00000110,0000006f
6420,3,00000110,0000006f
6428,3,00000110,0000006f
6436,3,00000110,0000006f
6444,3,00000110,0000006f
6452,3,00000110,0000006f
6460,3,00000110,0000006f
6468,3,00000110,0000006f
6476,3,00000110,0000006f
6484,3,00000110,0000006f
6492,3,00000110,0000006f
6500,3,00000110,0000006f
6508,3,00000110,0000006f
6516,3,00000110,0000006f
6524,3,00000110,0000006f
6532,3,00000110,0000006f
6540,3,00000110,0000006f
6548,3,00000110,0000006f
6556,3,00000110,0000006f
6564,3,00000110,0000006f
6572,3,00000110,0000006f
6580,3,00000110,0000006f
6588,3,00000110,0000006f
6596,3,00000110,0000006f
6604,3,00000110,0000006f
6612,3,00000110,0000006f
6620,3,00000110,0000006f
6628,3,00000110,0000006f
6636,3,00000110,0000006f
6644,3,00000110,0000006f
6652,3,00000110,0000006f
6660,3,00000110,0000006f
6668,3,00000110,0000006f
6676,3,00000110,0000006f
6684,3,00000110,0000006f
6692,3,00000110,0000006f
6700,3,00000110,0000006f
6708,3,00000110,0000006f
6716,3,00000110,0000006f
6724,3,00000110,0000006f
6732,3,00000110,0000006f
6740,3,00000110,0000006f
6748,3,00000110,0000006f
6756,3,00000110,0000006f
6764,3,00000110,0000006f
6772,3,00000110,0000006f
6780,3,00000110,0000006f
6788,3,00000110,0000006f
6796,3,00000110,0000006f
6804,3,00000110,0000006f
6812,3,00000110,0000006f
6820,3,00000110,0000006f
6828,3,00000110,0000006f
6836,3,00000110,0000006f
6844,3,00000110,0000006f
6852,3,00000110,0000006f
6860,3,00000110,0000006f
6868,3,00000110,0000006f
6876,3,00000110,0000006f
6884,3,00000110,0000006f
6892,3,00000110,0000006f
6900,3,00000110,0000006f
6908,3,00000110,0000006f
6916,3,00000110,0000006f
6924,3,00000110,0000006f
6932,3,00000110,0000006f
6940,3,00000110,0000006f
6948,3,00000110,0000006f
6956,3,00000110,0000006f
6964,3,00000110,0000006f
6972,3,00000110,0000006f
6980,3,00000110,0000006f
6988,3,00000110,0000006f
6996,3,00000110,0000006f
7004,3,00000110,0000006f
7012,3,00000110,0000006f
7020,3,00000110,0000006f
7028,3,00000110,0000006f
7036,3,00000110,0000006f
7044,3,00000110,0000006f
7052,3,00000110,0000006f
7060,3,00000110,0000006f
7068,3,00000110,0000006f
7076,3,00000110,0000006f
7084,3,00000110,0000006f
7092,3,00000110,0000006f
7100,3,00000110,0000006f
7108,3,00000110,0000006f
7116,3,00000110,0000006f
7124,3,00000110,0000006f
7132,3,00000110,0000006f
7140,3,00000110,0000006f
7148,3,00000110,0000006f
7156,3,00000110,0000006f
7164,3,00000110,0000006f
7172,3,00000110,0000006f
7180,3,00000110,0000006f
7188,3,00000110,0000006f
7196,3,00000110,0000006f
7204,3,00000110,0000006f
7212,3,00000110,0000006f
7220,3,00000110,0000006f
7228,3,00000110,0000006f
7236,3,00000110,0000006f
7244,3,00000110,0000006f
7252,3,00000110,0000006f
7260,3,00000110,0000006f
7268,3,00000110,0000006f
7276,3,00000110,0000006f
7284,3,00000110,0000006f
7292,3,00000110,0000006f
7300,3,00000110,0000006f
7308,3,00000110,0000006f
7316,3,00000110,0000006f
7324,3,00000110,0000006f
7332,3,00000110,0000006f
7340,3,00000110,0000006f
7348,3,00000110,0000006f
7356,3,00000110,0000006f
7364,3,00000110,0000006f
7372,3,00000110,0000006f
7380,3,00000110,0000006f
7388,3,00000110,0000006f
7396,3,00000110,0000006f
7404,3,00000110,0000006f
7412,3,00000110,0000006f
7420,3,00000110,0000006f
7428,3,00000110,0000006f
7436,3,00000110,0000006f
7444,3,00000110,0000006f
7452,3,00000110,0000006f
7460,3,00000110,0000006f
7468,3,00000110,0000006f
7476,3,00000110,0000006f
7484,3,00000110,0000006f
7492,3,00000110,0000006f
7500,3,00000110,0000006f
7508,3,00000110,0000006f
7516,3,00000110,0000006f
7524,3,00000110,0000006f
7532,3,00000110,0000006f
7540,3,00000110,0000006f
7548,3,00000110,0000006f
7556,3,00000110,0000006f
7564,3,00000110,0000006f
7572,3,00000110,0000006f
7580,3,00000110,0000006f
7588,3,00000110,0000006f
7596,3,00000110,0000006f
7604,3,00000110,0000006f
7612,3,00000110,0000006f
7620,3,00000110,0000006f
7628,3,00000110,0000006f
7636,3,00000110,0000006f
7644,3,00000110,0000006f
7652,3,00000110,0000006f
7660,3,00000110,0000006f
7668,3,00000110,0000006f
7676,3,00000110,0000006f
7684,3,00000110,0000006f
7692,3,00000110,0000006f
7700,3,00000110,0000006f
7708,3,00000110,0000006f
7716,3,00000110,0000006f
7724,3,00000110,0000006f
7732,3,00000110,0000006f
7740,3,00000110,0000006f
7748,3,00000110,0000006f
7756,3,00000110,0000006f
7764,3,00000110,0000006f
7772,3,00000110,0000006f
7780,3,00000110,0000006f
7788,3,00000110,0000006f
7796,3,00000110,0000006f
7804,3,00000110,0000006f
7812,3,00000110,0000006f
7820,3,00000110,0000006f
7828,3,00000110,0000006f
7836,3,00000110,0000006f
7844,3,00000110,0000006f
7852,3,00000110,0000006f
7860,3,00000110,0000006f
7868,3,00000110,0000006f
7876,3,00000110,0000006f
7884,3,00000110,0000006f
7892,3,00000110,0000006f
7900,3,00000110,0000006f
7908,3,00000110,0000006f
7916,3,00000110,0000006f
7924,3,00000110,0000006f
7932,3,00000110,0000006f
7940,3,00000110,0000006f
7948,3,00000110,0000006f
7956,3,00000110,0000006f
7964,3,00000110,0000006f
7972,3,00000110,0000006f
7980,3,00000110,0000006f
7988,3,00000110,0000006f
7996,3,00000110,0000006f
8004,3,00000110,0000006f
8012,3,00000110,0000006f
8020,3,00000110,0000006f
8028,3,00000110,0000006f
8036,3,00000110,0000006f
8044,3,00000110,0000006f
8052,3,00000110,0000006f
8060,3,00000110,0000006f
8068,3,00000110,0000006f
8076,3,00000110,0000006f
8084,3,00000110,0000006f
8092,3,00000110,0000006f
8100,3,00000110,0000006f
8108,3,00000110,0000006f
8116,3,00000110,0000006f
8124,3,00000110,0000006f
8132,3,00000110,0000006f
8140,3,00000110,0000006f
8148,3,00000110,0000006f
8156,3,00000110,0000006f
8164,3,00000110,0000006f
8172,3,00000110,0000006f
8180,3,00000110,0000006f
8188,3,00000110,0000006f
8196,3,00000110,0000006f
8204,3,00000110,0000006f
8212,3,00000110,0000006f
8220,3,00000110,0000006f
8228,3,00000110,0000006f
8236,3,00000110,0000006f
8244,3,00000110,0000006f
8252,3,00000110,0000006f
8260,3,00000110,0000006f
8268,3,00000110,0000006f
8276,3,00000110,0000006f
8284,3,00000110,0000006f
8292,3,00000110,0000006f
8300,3,00000110,0000006f
8308,3,00000110,0000006f
8316,3,00000110,0000006f
8324,3,00000110,0000006f
8332,3,00000110,0000006f
8340,3,00000110,0000006f
8348,3,00000110,0000006f
8356,3,00000110,0000006f
8364,3,00000110,0000006f
8372,3,00000110,0000006f
8380,3,00000110,0000006f
8388,3,00000110,0000006f
8396,3,00000110,0000006f
8404,3,00000110,0000006f
8412,3,00000110,0000006f
8420,3,00000110,0000006f
8428,3,00000110,0000006f
8436,3,00000110,0000006f
8444,3,00000110,0000006f
8452,3,00000110,0000006f
8460,3,00000110,0000006f
8468,3,00000110,0000006f
8476,3,00000110,0000006f
8484,3,00000110,0000006f
8492,3,00000110,0000006f
8500,3,00000110,0000006f
8508,3,00000110,0000006f
8516,3,00000110,0000006f
8524,3,00000110,0000006f
8532,3,00000110,0000006f
8540,3,00000110,0000006f
8548,3,00000110,0000006f
8556,3,00000110,0000006f
8564,3,00000110,0000006f
8572,3,00000110,0000006f
8580,3,00000110,0000006f
8588,3,00000110,0000006f
8596,3,00000110,0000006f
8604,3,00000110,0000006f
8612,3,00000110,0000006f
8620,3,00000110,0000006f
8628,3,00000110,0000006f
8636,3,00000110,0000006f
8644,3,00000110,0000006f
8652,3,00000110,0000006f
8660,3,00000110,0000006f
8668,3,00000110,0000006f
8676,3,00000110,0000006f
8684,3,00000110,0000006f
8692,3,00000110,0000006f
8700,3,00000110,0000006f
8708,3,00000110,0000006f
8716,3,00000110,0000006f
8724,3,00000110,0000006f
8732,3,00000110,0000006f
8740,3,00000110,0000006f
8748,3,00000110,0000006f
8756,3,00000110,0000006f
8764,3,00000110,0000006f
8772,3,00000110,0000006f
8780,3,00000110,0000006f
8788,3,00000110,0000006f
8796,3,00000110,0000006f
8804,3,00000110,0000006f
8812,3,00000110,0000006f
8820,3,00000110,0000006f
8828,3,00000110,0000006f
8836,3,00000110,0000006f
8844,3,00000110,0000006f
8852,3,00000110,0000006f
8860,3,00000110,0000006f
8868,3,00000110,0000006f
8876,3,00000110,0000006f
8884,3,00000110,0000006f
8892,3,00000110,0000006f
8900,3,00000110,0000006f
8908,3,00000110,0000006f
8916,3,00000110,0000006f
8924,3,00000110,0000006f
8932,3,00000110,0000006f
8940,3,00000110,0000006f
8948,3,00000110,0000006f
8956,3,00000110,0000006f
8964,3,00000110,0000006f
8972,3,00000110,0000006f
8980,3,00000110,0000006f
8988,3,00000110,0000006f
8996,3,00000110,0000006f
9004,3,00000110,0000006f
9012,3,00000110,0000006f
9020,3,00000110,0000006f
9028,3,00000110,0000006f
9036,3,00000110,0000006f
9044,3,00000110,0000006f
9052,3,00000110,0000006f
9060,3,00000110,0000006f
9068,3,00000110,0000006f
9076,3,00000110,0000006f
9084,3,00000110,0000006f
9092,3,00000110,0000006f
9100,3,00000110,0000006f
9108,3,00000110,0000006f
9116,3,00000110,0000006f
9124,3,00000110,0000006f
9132,3,00000110,0000006f
9140,3,00000110,0000006f
9148,3,00000110,0000006f
9156,3,00000110,0000006f
9164,3,00000110,0000006f
9172,3,00000110,0000006f
9180,3,00000110,0000006f
9188,3,00000110,0000006f
9196,3,00000110,0000006f
9204,3,00000110,0000006f
9212,3,00000110,0000006f
9220,3,00000110,0000006f
9228,3,00000110,0000006f
9236,3,00000110,0000006f
9244,3,00000110,0000006f
9252,3,00000110,0000006f
9260,3,00000110,0000006f
9268,3,00000110,0000006f
9276,3,00000110,0000006f
9284,3,00000110,0000006f
9292,3,00000110,0000006f
9300,3,00000110,0000006f
9308,3,00000110,0000006f
9316,3,00000110,0000006f
9324,3,00000110,0000006f
9332,3,00000110,0000006f
9340,3,00000110,0000006f
9348,3,00000110,0000006f
9356,3,00000110,0000006f
9364,3,00000110,0000006f
9372,3,00000110,0000006f
9380,3,00000110,0000006f
9388,3,00000110,0000006f
9396,3,00000110,0000006f
9404,3,00000110,0000006f
9412,3,00000110,0000006f
9420,3,00000110,0000006f
9428,3,00000110,0000006f
9436,3,00000110,0000006f
9444,3,00000110,0000006f
9452,3,00000110,0000006f
9460,3,00000110,0000006f
9468,3,00000110,0000006f
9476,3,00000110,0000006f
9484,3,00000110,0000006f
9492,3,00000110,0000006f
9500,3,00000110,0000006f
9508,3,00000110,0000006f
9516,3,00000110,0000006f
9524,3,00000110,0000006f
9532,3,00000110,0000006f
9540,3,00000110,0000006f
9548,3,00000110,0000006f
9556,3,00000110,0000006f
9564,3,00000110,0000006f
9572,3,00000110,0000006f
9580,3,00000110,0000006f
9588,3,00000110,0000006f
9596,3,00000110,0000006f
9604,3,00000110,0000006f
9612,3,00000110,0000006f
9620,3,00000110,0000006f
9628,3,00000110,0000006f
9636,3,00000110,0000006f
9644,3,00000110,0000006f
9652,3,00000110,0000006f
9660,3,00000110,0000006f
9668,3,00000110,0000006f
9676,3,00000110,0000006f
9684,3,00000110,0000006f
9692,3,00000110,0000006f
9700,3,00000110,0000006f
9708,3,00000110,0000006f
9716,3,00000110,0000006f
9724,3,00000110,0000006f
9732,3,00000110,0000006f
9740,3,00000110,0000006f
9748,3,00000110,0000006f
9756,3,00000110,0000006f
9764,3,00000110,0000006f
9772,3,00000110,0000006f
9780,3,00000110,0000006f
9788,3,00000110,0000006f
9796,3,00000110,0000006f
9804,3,00000110,0000006f
9812,3,00000110,0000006f
9820,3,00000110,0000006f
9828,3,00000110,0000006f
9836,3,00000110,0000006f
9844,3,00000110,0000006f
9852,3,00000110,0000006f
9860,3,00000110,0000006f
9868,3,00000110,0000006f
9876,3,00000110,0000006f
9884,3,00000110,0000006f
9892,3,00000110,0000006f
9900,3,00000110,0000006f
9908,3,00000110,0000006f
9916,3,00000110,0000006f
9924,3,00000110,0000006f
9932,3,00000110,0000006f
9940,3,00000110,0000006f
9948,3,00000110,0000006f
9956,3,00000110,0000006f
9964,3,00000110,0000006f
9972,3,00000110,0000006f
9980,3,00000110,0000006f
9988,3,00000110,0000006f
9996,3,00000110,0000006f
