418,3,00000000,00000000
534,3,00000000,04c0006f
538,3,0000004c,f1402573
540,3,00000050,00051063
542,3,00000054,00000297
544,3,00000058,01028293
546,3,0000005c,30529073
548,3,00000060,18005073
550,3,00000064,00000297
552,3,00000068,01c28293
554,3,0000006c,30529073
556,3,00000070,fff00293
558,3,00000074,3b029073
560,3,00000078,01f00293
562,3,0000007c,3a029073
564,3,00000080,00000297
566,3,00000084,01828293
568,3,00000088,30529073
570,3,0000008c,30205073
572,3,00000090,30305073
574,3,00000094,30405073
576,3,00000098,00000193
578,3,0000009c,00000297
580,3,000000a0,f6828293
582,3,000000a4,30529073
584,3,000000a8,00100513
586,3,000000ac,01f51513
588,3,000000b0,00054863
596,3,000000c0,00000297
598,3,000000c4,f4028293
600,3,000000c8,00028e63
608,3,000000e4,30005073
610,3,000000e8,00000297
612,3,000000ec,01428293
614,3,000000f0,34129073
616,3,000000f4,f1402573
618,3,000000f8,30200073
626,3,000000fc,ff0100b7
628,3,00000100,f0008093
630,3,00000104,0f0f1137
632,3,00000108,f0f10113
634,3,0000010c,0020cf33
636,3,00000110,f00ffeb7
638,3,00000114,00fe8e93
640,3,00000118,00200193
642,3,0000011c,4bdf1063
644,3,00000120,0ff010b7
646,3,00000124,ff008093
648,3,00000128,f0f0f137
650,3,0000012c,0f010113
652,3,00000130,0020cf33
654,3,00000134,ff010eb7
656,3,00000138,f00e8e93
658,3,0000013c,00300193
660,3,00000140,47df1e63
662,3,00000144,00ff00b7
664,3,00000148,0ff08093
666,3,0000014c,0f0f1137
668,3,00000150,f0f10113
670,3,00000154,0020cf33
672,3,00000158,0ff01eb7
674,3,0000015c,ff0e8e93
676,3,00000160,00400193
678,3,00000164,45df1c63
680,3,00000168,f00ff0b7
682,3,0000016c,00f08093
684,3,00000170,f0f0f137
686,3,00000174,0f010113
688,3,00000178,0020cf33
690,3,0000017c,00ff0eb7
692,3,00000180,0ffe8e93
694,3,00000184,00500193
696,3,00000188,43df1a63
698,3,0000018c,ff0100b7
700,3,00000190,f0008093
702,3,00000194,0f0f1137
704,3,00000198,f0f10113
706,3,0000019c,0020c0b3
708,3,000001a0,f00ffeb7
710,3,000001a4,00fe8e93
712,3,000001a8,00600193
714,3,000001ac,41d09863
716,3,000001b0,ff0100b7
718,3,000001b4,f0008093
720,3,000001b8,0f0f1137
722,3,000001bc,f0f10113
724,3,000001c0,0020c133
726,3,000001c4,f00ffeb7
728,3,000001c8,00fe8e93
730,3,000001cc,00700193
732,3,000001d0,3fd11663
734,3,000001d4,ff0100b7
736,3,000001d8,f0008093
738,3,000001dc,0010c0b3
740,3,000001e0,00000e93
742,3,000001e4,00800193
744,3,000001e8,3dd09a63
746,3,000001ec,00000213
748,3,000001f0,ff0100b7
750,3,000001f4,f0008093
752,3,000001f8,0f0f1137
754,3,000001fc,f0f10113
756,3,00000200,0020cf33
758,3,00000204,000f0313
760,3,00000208,00120213
762,3,0000020c,00200293
764,3,00000210,fe5210e3
768,3,000001f0,ff0100b7
770,3,000001f4,f0008093
772,3,000001f8,0f0f1137
774,3,000001fc,f0f10113
776,3,00000200,0020cf33
778,3,00000204,000f0313
780,3,00000208,00120213
782,3,0000020c,00200293
784,3,00000210,fe5210e3
792,3,00000214,f00ffeb7
794,3,00000218,00fe8e93
796,3,0000021c,00900193
798,3,00000220,39d31e63
800,3,00000224,00000213
802,3,00000228,0ff010b7
804,3,0000022c,ff008093
806,3,00000230,f0f0f137
808,3,00000234,0f010113
810,3,00000238,0020cf33
812,3,0000023c,00000013
814,3,00000240,000f0313
816,3,00000244,00120213
818,3,00000248,00200293
820,3,0000024c,fc521ee3
824,3,00000228,0ff010b7
826,3,0000022c,ff008093
828,3,00000230,f0f0f137
830,3,00000234,0f010113
832,3,00000238,0020cf33
834,3,0000023c,00000013
836,3,00000240,000f0313
838,3,00000244,00120213
840,3,00000248,00200293
842,3,0000024c,fc521ee3
850,3,00000250,ff010eb7
852,3,00000254,f00e8e93
854,3,00000258,00a00193
856,3,0000025c,37d31063
858,3,00000260,00000213
860,3,00000264,00ff00b7
862,3,00000268,0ff08093
864,3,0000026c,0f0f1137
866,3,00000270,f0f10113
868,3,00000274,0020cf33
870,3,00000278,00000013
872,3,0000027c,00000013
874,3,00000280,000f0313
876,3,00000284,00120213
878,3,00000288,00200293
880,3,0000028c,fc521ce3
884,3,00000264,00ff00b7
886,3,00000268,0ff08093
888,3,0000026c,0f0f1137
890,3,00000270,f0f10113
892,3,00000274,0020cf33
894,3,00000278,00000013
896,3,0000027c,00000013
898,3,00000280,000f0313
900,3,00000284,00120213
902,3,00000288,00200293
904,3,0000028c,fc521ce3
912,3,00000290,0ff01eb7
914,3,00000294,ff0e8e93
916,3,00000298,00b00193
918,3,0000029c,33d31063
920,3,000002a0,00000213
922,3,000002a4,ff0100b7
924,3,000002a8,f0008093
926,3,000002ac,0f0f1137
928,3,000002b0,f0f10113
930,3,000002b4,0020cf33
932,3,000002b8,00120213
934,3,000002bc,00200293
936,3,000002c0,fe5212e3
940,3,000002a4,ff0100b7
942,3,000002a8,f0008093
944,3,000002ac,0f0f1137
946,3,000002b0,f0f10113
948,3,000002b4,0020cf33
950,3,000002b8,00120213
952,3,000002bc,00200293
954,3,000002c0,fe5212e3
962,3,000002c4,f00ffeb7
964,3,000002c8,00fe8e93
966,3,000002cc,00c00193
968,3,000002d0,2fdf1663
970,3,000002d4,00000213
972,3,000002d8,0ff010b7
974,3,000002dc,ff008093
976,3,000002e0,f0f0f137
978,3,000002e4,0f010113
980,3,000002e8,00000013
982,3,000002ec,0020cf33
984,3,000002f0,00120213
986,3,000002f4,00200293
988,3,000002f8,fe5210e3
992,3,000002d8,0ff010b7
994,3,000002dc,ff008093
996,3,000002e0,f0f0f137
998,3,000002e4,0f010113
1000,3,000002e8,00000013
1002,3,000002ec,0020cf33
1004,3,000002f0,00120213
1006,3,000002f4,00200293
1008,3,000002f8,fe5210e3
1016,3,000002fc,ff010eb7
1018,3,00000300,f00e8e93
1020,3,00000304,00d00193
1022,3,00000308,2bdf1a63
1024,3,0000030c,00000213
1026,3,00000310,00ff00b7
1028,3,00000314,0ff08093
1030,3,00000318,0f0f1137
1032,3,0000031c,f0f10113
1034,3,00000320,00000013
1036,3,00000324,00000013
1038,3,00000328,0020cf33
1040,3,0000032c,00120213
1042,3,00000330,00200293
1044,3,00000334,fc521ee3
1048,3,00000310,00ff00b7
1050,3,00000314,0ff08093
1052,3,00000318,0f0f1137
1054,3,0000031c,f0f10113
1056,3,00000320,00000013
1058,3,00000324,00000013
1060,3,00000328,0020cf33
1062,3,0000032c,00120213
1064,3,00000330,00200293
1066,3,00000334,fc521ee3
1074,3,00000338,0ff01eb7
1076,3,0000033c,ff0e8e93
1078,3,00000340,00e00193
1080,3,00000344,27df1c63
1082,3,00000348,00000213
1084,3,0000034c,ff0100b7
1086,3,00000350,f0008093
1088,3,00000354,00000013
1090,3,00000358,0f0f1137
1092,3,0000035c,f0f10113
1094,3,00000360,0020cf33
1096,3,00000364,00120213
1098,3,00000368,00200293
1100,3,0000036c,fe5210e3
1104,3,0000034c,ff0100b7
1106,3,00000350,f0008093
1108,3,00000354,00000013
1110,3,00000358,0f0f1137
1112,3,0000035c,f0f10113
1114,3,00000360,0020cf33
1116,3,00000364,00120213
1118,3,00000368,00200293
1120,3,0000036c,fe5210e3
1128,3,00000370,f00ffeb7
1130,3,00000374,00fe8e93
1132,3,00000378,00f00193
1134,3,0000037c,25df1063
1136,3,00000380,00000213
1138,3,00000384,0ff010b7
1140,3,00000388,ff008093
1142,3,0000038c,00000013
1144,3,00000390,f0f0f137
1146,3,00000394,0f010113
1148,3,00000398,00000013
1150,3,0000039c,0020cf33
1152,3,000003a0,00120213
1154,3,000003a4,00200293
1156,3,000003a8,fc521ee3
1160,3,00000384,0ff010b7
1162,3,00000388,ff008093
1164,3,0000038c,00000013
1166,3,00000390,f0f0f137
1168,3,00000394,0f010113
1170,3,00000398,00000013
1172,3,0000039c,0020cf33
1174,3,000003a0,00120213
1176,3,000003a4,00200293
1178,3,000003a8,fc521ee3
1186,3,000003ac,ff010eb7
1188,3,000003b0,f00e8e93
1190,3,000003b4,01000193
1192,3,000003b8,21df1263
1194,3,000003bc,00000213
1196,3,000003c0,00ff00b7
1198,3,000003c4,0ff08093
1200,3,000003c8,00000013
1202,3,000003cc,00000013
1204,3,000003d0,0f0f1137
1206,3,000003d4,f0f10113
1208,3,000003d8,0020cf33
1210,3,000003dc,00120213
1212,3,000003e0,00200293
1214,3,000003e4,fc521ee3
1218,3,000003c0,00ff00b7
1220,3,000003c4,0ff08093
1222,3,000003c8,00000013
1224,3,000003cc,00000013
1226,3,000003d0,0f0f1137
1228,3,000003d4,f0f10113
1230,3,000003d8,0020cf33
1232,3,000003dc,00120213
1234,3,000003e0,00200293
1236,3,000003e4,fc521ee3
1244,3,000003e8,0ff01eb7
1246,3,000003ec,ff0e8e93
1248,3,000003f0,01100193
1250,3,000003f4,1ddf1463
1252,3,000003f8,00000213
1254,3,000003fc,0f0f1137
1256,3,00000400,f0f10113
1258,3,00000404,ff0100b7
1260,3,00000408,f0008093
1262,3,0000040c,0020cf33
1264,3,00000410,00120213
1266,3,00000414,00200293
1268,3,00000418,fe5212e3
1272,3,000003fc,0f0f1137
1274,3,00000400,f0f10113
1276,3,00000404,ff0100b7
1278,3,00000408,f0008093
1280,3,0000040c,0020cf33
1282,3,00000410,00120213
1284,3,00000414,00200293
1286,3,00000418,fe5212e3
1294,3,0000041c,f00ffeb7
1296,3,00000420,00fe8e93
1298,3,00000424,01200193
1300,3,00000428,19df1a63
1302,3,0000042c,00000213
1304,3,00000430,f0f0f137
1306,3,00000434,0f010113
1308,3,00000438,0ff010b7
1310,3,0000043c,ff008093
1312,3,00000440,00000013
1314,3,00000444,0020cf33
1316,3,00000448,00120213
1318,3,0000044c,00200293
1320,3,00000450,fe5210e3
1324,3,00000430,f0f0f137
1326,3,00000434,0f010113
1328,3,00000438,0ff010b7
1330,3,0000043c,ff008093
1332,3,00000440,00000013
1334,3,00000444,0020cf33
1336,3,00000448,00120213
1338,3,0000044c,00200293
1340,3,00000450,fe5210e3
1348,3,00000454,ff010eb7
1350,3,00000458,f00e8e93
1352,3,0000045c,01300193
1354,3,00000460,15df1e63
1356,3,00000464,00000213
1358,3,00000468,0f0f1137
1360,3,0000046c,f0f10113
1362,3,00000470,00ff00b7
1364,3,00000474,0ff08093
1366,3,00000478,00000013
1368,3,0000047c,00000013
1370,3,00000480,0020cf33
1372,3,00000484,00120213
1374,3,00000488,00200293
1376,3,0000048c,fc521ee3
1380,3,00000468,0f0f1137
1382,3,0000046c,f0f10113
1384,3,00000470,00ff00b7
1386,3,00000474,0ff08093
1388,3,00000478,00000013
1390,3,0000047c,00000013
1392,3,00000480,0020cf33
1394,3,00000484,00120213
1396,3,00000488,00200293
1398,3,0000048c,fc521ee3
1406,3,00000490,0ff01eb7
1408,3,00000494,ff0e8e93
1410,3,00000498,01400193
1412,3,0000049c,13df1063
1414,3,000004a0,00000213
1416,3,000004a4,0f0f1137
1418,3,000004a8,f0f10113
1420,3,000004ac,00000013
1422,3,000004b0,ff0100b7
1424,3,000004b4,f0008093
1426,3,000004b8,0020cf33
1428,3,000004bc,00120213
1430,3,000004c0,00200293
1432,3,000004c4,fe5210e3
1436,3,000004a4,0f0f1137
1438,3,000004a8,f0f10113
1440,3,000004ac,00000013
1442,3,000004b0,ff0100b7
1444,3,000004b4,f0008093
1446,3,000004b8,0020cf33
1448,3,000004bc,00120213
1450,3,000004c0,00200293
1452,3,000004c4,fe5210e3
1460,3,000004c8,f00ffeb7
1462,3,000004cc,00fe8e93
1464,3,000004d0,01500193
1466,3,000004d4,0fdf1463
1468,3,000004d8,00000213
1470,3,000004dc,f0f0f137
1472,3,000004e0,0f010113
1474,3,000004e4,00000013
1476,3,000004e8,0ff010b7
1478,3,000004ec,ff008093
1480,3,000004f0,00000013
1482,3,000004f4,0020cf33
1484,3,000004f8,00120213
1486,3,000004fc,00200293
1488,3,00000500,fc521ee3
1492,3,000004dc,f0f0f137
1494,3,000004e0,0f010113
1496,3,000004e4,00000013
1498,3,000004e8,0ff010b7
1500,3,000004ec,ff008093
1502,3,000004f0,00000013
1504,3,000004f4,0020cf33
1506,3,000004f8,00120213
1508,3,000004fc,00200293
1510,3,00000500,fc521ee3
1518,3,00000504,ff010eb7
1520,3,00000508,f00e8e93
1522,3,0000050c,01600193
1524,3,00000510,0bdf1663
1526,3,00000514,00000213
1528,3,00000518,0f0f1137
1530,3,0000051c,f0f10113
1532,3,00000520,00000013
1534,3,00000524,00000013
1536,3,00000528,00ff00b7
1538,3,0000052c,0ff08093
1540,3,00000530,0020cf33
1542,3,00000534,00120213
1544,3,00000538,00200293
1546,3,0000053c,fc521ee3
1550,3,00000518,0f0f1137
1552,3,0000051c,f0f10113
1554,3,00000520,00000013
1556,3,00000524,00000013
1558,3,00000528,00ff00b7
1560,3,0000052c,0ff08093
1562,3,00000530,0020cf33
1564,3,00000534,00120213
1566,3,00000538,00200293
1568,3,0000053c,fc521ee3
1576,3,00000540,0ff01eb7
1578,3,00000544,ff0e8e93
1580,3,00000548,01700193
1582,3,0000054c,07df1863
1584,3,00000550,ff0100b7
1586,3,00000554,f0008093
1588,3,00000558,00104133
1590,3,0000055c,ff010eb7
1592,3,00000560,f00e8e93
1594,3,00000564,01800193
1596,3,00000568,05d11a63
1598,3,0000056c,00ff00b7
1600,3,00000570,0ff08093
1602,3,00000574,0000c133
1604,3,00000578,00ff0eb7
1606,3,0000057c,0ffe8e93
1608,3,00000580,01900193
1610,3,00000584,03d11c63
1612,3,00000588,000040b3
1614,3,0000058c,00000e93
1616,3,00000590,01a00193
1618,3,00000594,03d09463
1620,3,00000598,111110b7
1622,3,0000059c,11108093
1624,3,000005a0,22222137
1626,3,000005a4,22210113
1628,3,000005a8,0020c033
1630,3,000005ac,00000e93
1632,3,000005b0,01b00193
1634,3,000005b4,01d01463
1636,3,000005b8,00301c63
1644,3,000005d0,0ff0000f
1646,3,000005d4,00100193
1648,3,000005d8,00000073
1656,3,00000004,34202f73
1658,3,00000008,00800f93
1660,3,0000000c,03ff0a63
1662,3,00000010,00900f93
1664,3,00000014,03ff0663
1666,3,00000018,00b00f93
1668,3,0000001c,03ff0263
1676,3,00000040,00001f17
1678,3,00000044,fc3f2023
1680,3,00000048,ff9ff06f
1686,3,00000040,00001f17
1688,3,00000044,fc3f2023
1690,3,00000048,ff9ff06f
1696,3,00000040,00001f17
1698,3,00000044,fc3f2023
1700,3,00000048,ff9ff06f
1706,3,00000040,00001f17
1708,3,00000044,fc3f2023
1710,3,00000048,ff9ff06f
1716,3,00000040,00001f17
1718,3,00000044,fc3f2023
1720,3,00000048,ff9ff06f
1726,3,00000040,00001f17
1728,3,00000044,fc3f2023
1730,3,00000048,ff9ff06f
1736,3,00000040,00001f17
1738,3,00000044,fc3f2023
1740,3,00000048,ff9ff06f
1746,3,00000040,00001f17
1748,3,00000044,fc3f2023
1750,3,00000048,ff9ff06f
1756,3,00000040,00001f17
1758,3,00000044,fc3f2023
1760,3,00000048,ff9ff06f
1766,3,00000040,00001f17
1768,3,00000044,fc3f2023
1770,3,00000048,ff9ff06f
1776,3,00000040,00001f17
1778,3,00000044,fc3f2023
1780,3,00000048,ff9ff06f
1786,3,00000040,00001f17
1788,3,00000044,fc3f2023
1790,3,00000048,ff9ff06f
1796,3,00000040,00001f17
1798,3,00000044,fc3f2023
1800,3,00000048,ff9ff06f
1806,3,00000040,00001f17
1808,3,00000044,fc3f2023
1810,3,00000048,ff9ff06f
1816,3,00000040,00001f17
1818,3,00000044,fc3f2023
1820,3,00000048,ff9ff06f
1826,3,00000040,00001f17
1828,3,00000044,fc3f2023
1830,3,00000048,ff9ff06f
1836,3,00000040,00001f17
1838,3,00000044,fc3f2023
1840,3,00000048,ff9ff06f
1846,3,00000040,00001f17
1848,3,00000044,fc3f2023
1850,3,00000048,ff9ff06f
1856,3,00000040,00001f17
1858,3,00000044,fc3f2023
1860,3,00000048,ff9ff06f
1866,3,00000040,00001f17
1868,3,00000044,fc3f2023
1870,3,00000048,ff9ff06f
1876,3,00000040,00001f17
1878,3,00000044,fc3f2023
1880,3,00000048,ff9ff06f
1886,3,00000040,00001f17
1888,3,00000044,fc3f2023
1890,3,00000048,ff9ff06f
1896,3,00000040,00001f17
1898,3,00000044,fc3f2023
1900,3,00000048,ff9ff06f
1906,3,00000040,00001f17
1908,3,00000044,fc3f2023
1910,3,00000048,ff9ff06f
1916,3,00000040,00001f17
1918,3,00000044,fc3f2023
1920,3,00000048,ff9ff06f
1926,3,00000040,00001f17
1928,3,00000044,fc3f2023
1930,3,00000048,ff9ff06f
1936,3,00000040,00001f17
1938,3,00000044,fc3f2023
1940,3,00000048,ff9ff06f
1946,3,00000040,00001f17
1948,3,00000044,fc3f2023
1950,3,00000048,ff9ff06f
1956,3,00000040,00001f17
1958,3,00000044,fc3f2023
1960,3,00000048,ff9ff06f
1966,3,00000040,00001f17
1968,3,00000044,fc3f2023
1970,3,00000048,ff9ff06f
1976,3,00000040,00001f17
1978,3,00000044,fc3f2023
1980,3,00000048,ff9ff06f
1986,3,00000040,00001f17
1988,3,00000044,fc3f2023
1990,3,00000048,ff9ff06f
1996,3,00000040,00001f17
1998,3,00000044,fc3f2023
2000,3,00000048,ff9ff06f
2006,3,00000040,00001f17
2008,3,00000044,fc3f2023
2010,3,00000048,ff9ff06f
2016,3,00000040,00001f17
2018,3,00000044,fc3f2023
2020,3,00000048,ff9ff06f
2026,3,00000040,00001f17
2028,3,00000044,fc3f2023
2030,3,00000048,ff9ff06f
2036,3,00000040,00001f17
2038,3,00000044,fc3f2023
2040,3,00000048,ff9ff06f
2046,3,00000040,00001f17
2048,3,00000044,fc3f2023
2050,3,00000048,ff9ff06f
2056,3,00000040,00001f17
2058,3,00000044,fc3f2023
2060,3,00000048,ff9ff06f
2066,3,00000040,00001f17
2068,3,00000044,fc3f2023
2070,3,00000048,ff9ff06f
2076,3,00000040,00001f17
2078,3,00000044,fc3f2023
2080,3,00000048,ff9ff06f
2086,3,00000040,00001f17
2088,3,00000044,fc3f2023
2090,3,00000048,ff9ff06f
2096,3,00000040,00001f17
2098,3,00000044,fc3f2023
2100,3,00000048,ff9ff06f
2106,3,00000040,00001f17
2108,3,00000044,fc3f2023
2110,3,00000048,ff9ff06f
2116,3,00000040,00001f17
2118,3,00000044,fc3f2023
2120,3,00000048,ff9ff06f
2126,3,00000040,00001f17
2128,3,00000044,fc3f2023
2130,3,00000048,ff9ff06f
2136,3,00000040,00001f17
2138,3,00000044,fc3f2023
2140,3,00000048,ff9ff06f
2146,3,00000040,00001f17
2148,3,00000044,fc3f2023
2150,3,00000048,ff9ff06f
2156,3,00000040,00001f17
2158,3,00000044,fc3f2023
2160,3,00000048,ff9ff06f
2166,3,00000040,00001f17
2168,3,00000044,fc3f2023
2170,3,00000048,ff9ff06f
2176,3,00000040,00001f17
2178,3,00000044,fc3f2023
2180,3,00000048,ff9ff06f
2186,3,00000040,00001f17
2188,3,00000044,fc3f2023
2190,3,00000048,ff9ff06f
2196,3,00000040,00001f17
2198,3,00000044,fc3f2023
2200,3,00000048,ff9ff06f
2206,3,00000040,00001f17
2208,3,00000044,fc3f2023
2210,3,00000048,ff9ff06f
2216,3,00000040,00001f17
2218,3,00000044,fc3f2023
2220,3,00000048,ff9ff06f
2226,3,00000040,00001f17
2228,3,00000044,fc3f2023
2230,3,00000048,ff9ff06f
2236,3,00000040,00001f17
2238,3,00000044,fc3f2023
2240,3,00000048,ff9ff06f
2246,3,00000040,00001f17
2248,3,00000044,fc3f2023
2250,3,00000048,ff9ff06f
2256,3,00000040,00001f17
2258,3,00000044,fc3f2023
2260,3,00000048,ff9ff06f
2266,3,00000040,00001f17
2268,3,00000044,fc3f2023
2270,3,00000048,ff9ff06f
2276,3,00000040,00001f17
2278,3,00000044,fc3f2023
2280,3,00000048,ff9ff06f
2286,3,00000040,00001f17
2288,3,00000044,fc3f2023
2290,3,00000048,ff9ff06f
2296,3,00000040,00001f17
2298,3,00000044,fc3f2023
2300,3,00000048,ff9ff06f
2306,3,00000040,00001f17
2308,3,00000044,fc3f2023
2310,3,00000048,ff9ff06f
2316,3,00000040,00001f17
2318,3,00000044,fc3f2023
2320,3,00000048,ff9ff06f
2326,3,00000040,00001f17
2328,3,00000044,fc3f2023
2330,3,00000048,ff9ff06f
2336,3,00000040,00001f17
2338,3,00000044,fc3f2023
2340,3,00000048,ff9ff06f
2346,3,00000040,00001f17
2348,3,00000044,fc3f2023
2350,3,00000048,ff9ff06f
2356,3,00000040,00001f17
2358,3,00000044,fc3f2023
2360,3,00000048,ff9ff06f
2366,3,00000040,00001f17
2368,3,00000044,fc3f2023
2370,3,00000048,ff9ff06f
2376,3,00000040,00001f17
2378,3,00000044,fc3f2023
2380,3,00000048,ff9ff06f
2386,3,00000040,00001f17
2388,3,00000044,fc3f2023
2390,3,00000048,ff9ff06f
2396,3,00000040,00001f17
2398,3,00000044,fc3f2023
2400,3,00000048,ff9ff06f
2406,3,00000040,00001f17
2408,3,00000044,fc3f2023
2410,3,00000048,ff9ff06f
2416,3,00000040,00001f17
2418,3,00000044,fc3f2023
2420,3,00000048,ff9ff06f
2426,3,00000040,00001f17
2428,3,00000044,fc3f2023
2430,3,00000048,ff9ff06f
2436,3,00000040,00001f17
2438,3,00000044,fc3f2023
2440,3,00000048,ff9ff06f
2446,3,00000040,00001f17
2448,3,00000044,fc3f2023
2450,3,00000048,ff9ff06f
2456,3,00000040,00001f17
2458,3,00000044,fc3f2023
2460,3,00000048,ff9ff06f
2466,3,00000040,00001f17
2468,3,00000044,fc3f2023
2470,3,00000048,ff9ff06f
2476,3,00000040,00001f17
2478,3,00000044,fc3f2023
2480,3,00000048,ff9ff06f
2486,3,00000040,00001f17
2488,3,00000044,fc3f2023
2490,3,00000048,ff9ff06f
2496,3,00000040,00001f17
2498,3,00000044,fc3f2023
2500,3,00000048,ff9ff06f
2506,3,00000040,00001f17
2508,3,00000044,fc3f2023
2510,3,00000048,ff9ff06f
2516,3,00000040,00001f17
2518,3,00000044,fc3f2023
2520,3,00000048,ff9ff06f
2526,3,00000040,00001f17
2528,3,00000044,fc3f2023
2530,3,00000048,ff9ff06f
2536,3,00000040,00001f17
2538,3,00000044,fc3f2023
2540,3,00000048,ff9ff06f
2546,3,00000040,00001f17
2548,3,00000044,fc3f2023
2550,3,00000048,ff9ff06f
2556,3,00000040,00001f17
2558,3,00000044,fc3f2023
2560,3,00000048,ff9ff06f
2566,3,00000040,00001f17
2568,3,00000044,fc3f2023
2570,3,00000048,ff9ff06f
2576,3,00000040,00001f17
2578,3,00000044,fc3f2023
2580,3,00000048,ff9ff06f
2586,3,00000040,00001f17
2588,3,00000044,fc3f2023
2590,3,00000048,ff9ff06f
2596,3,00000040,00001f17
2598,3,00000044,fc3f2023
2600,3,00000048,ff9ff06f
2606,3,00000040,00001f17
2608,3,00000044,fc3f2023
2610,3,00000048,ff9ff06f
2616,3,00000040,00001f17
2618,3,00000044,fc3f2023
2620,3,00000048,ff9ff06f
2626,3,00000040,00001f17
2628,3,00000044,fc3f2023
2630,3,00000048,ff9ff06f
2636,3,00000040,00001f17
2638,3,00000044,fc3f2023
2640,3,00000048,ff9ff06f
2646,3,00000040,00001f17
2648,3,00000044,fc3f2023
2650,3,00000048,ff9ff06f
2656,3,00000040,00001f17
2658,3,00000044,fc3f2023
2660,3,00000048,ff9ff06f
2666,3,00000040,00001f17
2668,3,00000044,fc3f2023
2670,3,00000048,ff9ff06f
2676,3,00000040,00001f17
2678,3,00000044,fc3f2023
2680,3,00000048,ff9ff06f
2686,3,00000040,00001f17
2688,3,00000044,fc3f2023
2690,3,00000048,ff9ff06f
2696,3,00000040,00001f17
2698,3,00000044,fc3f2023
2700,3,00000048,ff9ff06f
2706,3,00000040,00001f17
2708,3,00000044,fc3f2023
2710,3,00000048,ff9ff06f
2716,3,00000040,00001f17
2718,3,00000044,fc3f2023
2720,3,00000048,ff9ff06f
2726,3,00000040,00001f17
2728,3,00000044,fc3f2023
2730,3,00000048,ff9ff06f
2736,3,00000040,00001f17
2738,3,00000044,fc3f2023
2740,3,00000048,ff9ff06f
2746,3,00000040,00001f17
2748,3,00000044,fc3f2023
2750,3,00000048,ff9ff06f
2756,3,00000040,00001f17
2758,3,00000044,fc3f2023
2760,3,00000048,ff9ff06f
2766,3,00000040,00001f17
2768,3,00000044,fc3f2023
2770,3,00000048,ff9ff06f
2776,3,00000040,00001f17
2778,3,00000044,fc3f2023
2780,3,00000048,ff9ff06f
2786,3,00000040,00001f17
2788,3,00000044,fc3f2023
2790,3,00000048,ff9ff06f
2796,3,00000040,00001f17
2798,3,00000044,fc3f2023
2800,3,00000048,ff9ff06f
2806,3,00000040,00001f17
2808,3,00000044,fc3f2023
2810,3,00000048,ff9ff06f
2816,3,00000040,00001f17
2818,3,00000044,fc3f2023
2820,3,00000048,ff9ff06f
2826,3,00000040,00001f17
2828,3,00000044,fc3f2023
2830,3,00000048,ff9ff06f
2836,3,00000040,00001f17
2838,3,00000044,fc3f2023
2840,3,00000048,ff9ff06f
2846,3,00000040,00001f17
2848,3,00000044,fc3f2023
2850,3,00000048,ff9ff06f
2856,3,00000040,00001f17
2858,3,00000044,fc3f2023
2860,3,00000048,ff9ff06f
2866,3,00000040,00001f17
2868,3,00000044,fc3f2023
2870,3,00000048,ff9ff06f
2876,3,00000040,00001f17
2878,3,00000044,fc3f2023
2880,3,00000048,ff9ff06f
2886,3,00000040,00001f17
2888,3,00000044,fc3f2023
2890,3,00000048,ff9ff06f
2896,3,00000040,00001f17
2898,3,00000044,fc3f2023
2900,3,00000048,ff9ff06f
2906,3,00000040,00001f17
2908,3,00000044,fc3f2023
2910,3,00000048,ff9ff06f
2916,3,00000040,00001f17
2918,3,00000044,fc3f2023
2920,3,00000048,ff9ff06f
2926,3,00000040,00001f17
2928,3,00000044,fc3f2023
2930,3,00000048,ff9ff06f
2936,3,00000040,00001f17
2938,3,00000044,fc3f2023
2940,3,00000048,ff9ff06f
2946,3,00000040,00001f17
2948,3,00000044,fc3f2023
2950,3,00000048,ff9ff06f
2956,3,00000040,00001f17
2958,3,00000044,fc3f2023
2960,3,00000048,ff9ff06f
2966,3,00000040,00001f17
2968,3,00000044,fc3f2023
2970,3,00000048,ff9ff06f
2976,3,00000040,00001f17
2978,3,00000044,fc3f2023
2980,3,00000048,ff9ff06f
2986,3,00000040,00001f17
2988,3,00000044,fc3f2023
2990,3,00000048,ff9ff06f
2996,3,00000040,00001f17
2998,3,00000044,fc3f2023
3000,3,00000048,ff9ff06f
3006,3,00000040,00001f17
3008,3,00000044,fc3f2023
3010,3,00000048,ff9ff06f
3016,3,00000040,00001f17
3018,3,00000044,fc3f2023
3020,3,00000048,ff9ff06f
3026,3,00000040,00001f17
3028,3,00000044,fc3f2023
3030,3,00000048,ff9ff06f
3036,3,00000040,00001f17
3038,3,00000044,fc3f2023
3040,3,00000048,ff9ff06f
3046,3,00000040,00001f17
3048,3,00000044,fc3f2023
3050,3,00000048,ff9ff06f
3056,3,00000040,00001f17
3058,3,00000044,fc3f2023
3060,3,00000048,ff9ff06f
3066,3,00000040,00001f17
3068,3,00000044,fc3f2023
3070,3,00000048,ff9ff06f
3076,3,00000040,00001f17
3078,3,00000044,fc3f2023
3080,3,00000048,ff9ff06f
3086,3,00000040,00001f17
3088,3,00000044,fc3f2023
3090,3,00000048,ff9ff06f
3096,3,00000040,00001f17
3098,3,00000044,fc3f2023
3100,3,00000048,ff9ff06f
3106,3,00000040,00001f17
3108,3,00000044,fc3f2023
3110,3,00000048,ff9ff06f
3116,3,00000040,00001f17
3118,3,00000044,fc3f2023
3120,3,00000048,ff9ff06f
3126,3,00000040,00001f17
3128,3,00000044,fc3f2023
3130,3,00000048,ff9ff06f
3136,3,00000040,00001f17
3138,3,00000044,fc3f2023
3140,3,00000048,ff9ff06f
3146,3,00000040,00001f17
3148,3,00000044,fc3f2023
3150,3,00000048,ff9ff06f
3156,3,00000040,00001f17
3158,3,00000044,fc3f2023
3160,3,00000048,ff9ff06f
3166,3,00000040,00001f17
3168,3,00000044,fc3f2023
3170,3,00000048,ff9ff06f
3176,3,00000040,00001f17
3178,3,00000044,fc3f2023
3180,3,00000048,ff9ff06f
3186,3,00000040,00001f17
3188,3,00000044,fc3f2023
3190,3,00000048,ff9ff06f
3196,3,00000040,00001f17
3198,3,00000044,fc3f2023
3200,3,00000048,ff9ff06f
3206,3,00000040,00001f17
3208,3,00000044,fc3f2023
3210,3,00000048,ff9ff06f
3216,3,00000040,00001f17
3218,3,00000044,fc3f2023
3220,3,00000048,ff9ff06f
3226,3,00000040,00001f17
3228,3,00000044,fc3f2023
3230,3,00000048,ff9ff06f
3236,3,00000040,00001f17
3238,3,00000044,fc3f2023
3240,3,00000048,ff9ff06f
3246,3,00000040,00001f17
3248,3,00000044,fc3f2023
3250,3,00000048,ff9ff06f
3256,3,00000040,00001f17
3258,3,00000044,fc3f2023
3260,3,00000048,ff9ff06f
3266,3,00000040,00001f17
3268,3,00000044,fc3f2023
3270,3,00000048,ff9ff06f
3276,3,00000040,00001f17
3278,3,00000044,fc3f2023
3280,3,00000048,ff9ff06f
3286,3,00000040,00001f17
3288,3,00000044,fc3f2023
3290,3,00000048,ff9ff06f
3296,3,00000040,00001f17
3298,3,00000044,fc3f2023
3300,3,00000048,ff9ff06f
3306,3,00000040,00001f17
3308,3,00000044,fc3f2023
3310,3,00000048,ff9ff06f
3316,3,00000040,00001f17
3318,3,00000044,fc3f2023
3320,3,00000048,ff9ff06f
3326,3,00000040,00001f17
3328,3,00000044,fc3f2023
3330,3,00000048,ff9ff06f
3336,3,00000040,00001f17
3338,3,00000044,fc3f2023
3340,3,00000048,ff9ff06f
3346,3,00000040,00001f17
3348,3,00000044,fc3f2023
3350,3,00000048,ff9ff06f
3356,3,00000040,00001f17
3358,3,00000044,fc3f2023
3360,3,00000048,ff9ff06f
3366,3,00000040,00001f17
3368,3,00000044,fc3f2023
3370,3,00000048,ff9ff06f
3376,3,00000040,00001f17
3378,3,00000044,fc3f2023
3380,3,00000048,ff9ff06f
3386,3,00000040,00001f17
3388,3,00000044,fc3f2023
3390,3,00000048,ff9ff06f
3396,3,00000040,00001f17
3398,3,00000044,fc3f2023
3400,3,00000048,ff9ff06f
3406,3,00000040,00001f17
3408,3,00000044,fc3f2023
3410,3,00000048,ff9ff06f
3416,3,00000040,00001f17
3418,3,00000044,fc3f2023
3420,3,00000048,ff9ff06f
3426,3,00000040,00001f17
3428,3,00000044,fc3f2023
3430,3,00000048,ff9ff06f
3436,3,00000040,00001f17
3438,3,00000044,fc3f2023
3440,3,00000048,ff9ff06f
3446,3,00000040,00001f17
3448,3,00000044,fc3f2023
3450,3,00000048,ff9ff06f
3456,3,00000040,00001f17
3458,3,00000044,fc3f2023
3460,3,00000048,ff9ff06f
3466,3,00000040,00001f17
3468,3,00000044,fc3f2023
3470,3,00000048,ff9ff06f
3476,3,00000040,00001f17
3478,3,00000044,fc3f2023
3480,3,00000048,ff9ff06f
3486,3,00000040,00001f17
3488,3,00000044,fc3f2023
3490,3,00000048,ff9ff06f
3496,3,00000040,00001f17
3498,3,00000044,fc3f2023
