418,3,00000000,00000000
534,3,00000000,04c0006f
538,3,0000004c,f1402573
540,3,00000050,00051063
542,3,00000054,00000297
544,3,00000058,01028293
546,3,0000005c,30529073
548,3,00000060,18005073
550,3,00000064,00000297
552,3,00000068,01c28293
554,3,0000006c,30529073
556,3,00000070,fff00293
558,3,00000074,3b029073
560,3,00000078,01f00293
562,3,0000007c,3a029073
564,3,00000080,00000297
566,3,00000084,01828293
568,3,00000088,30529073
570,3,0000008c,30205073
572,3,00000090,30305073
574,3,00000094,30405073
576,3,00000098,00000193
578,3,0000009c,00000297
580,3,000000a0,f6828293
582,3,000000a4,30529073
584,3,000000a8,00100513
586,3,000000ac,01f51513
588,3,000000b0,00054863
596,3,000000c0,00000297
598,3,000000c4,f4028293
600,3,000000c8,00028e63
608,3,000000e4,30005073
610,3,000000e8,00000297
612,3,000000ec,01428293
614,3,000000f0,34129073
616,3,000000f4,f1402573
618,3,000000f8,30200073
626,3,000000fc,800000b7
628,3,00000100,00000113
630,3,00000104,0020df33
632,3,00000108,80000eb7
634,3,0000010c,00200193
636,3,00000110,57df1863
638,3,00000114,800000b7
640,3,00000118,00100113
642,3,0000011c,0020df33
644,3,00000120,40000eb7
646,3,00000124,00300193
648,3,00000128,55df1c63
650,3,0000012c,800000b7
652,3,00000130,00700113
654,3,00000134,0020df33
656,3,00000138,01000eb7
658,3,0000013c,00400193
660,3,00000140,55df1063
662,3,00000144,800000b7
664,3,00000148,00e00113
666,3,0000014c,0020df33
668,3,00000150,00020eb7
670,3,00000154,00500193
672,3,00000158,53df1463
674,3,0000015c,800000b7
676,3,00000160,00108093
678,3,00000164,01f00113
680,3,00000168,0020df33
682,3,0000016c,00100e93
684,3,00000170,00600193
686,3,00000174,51df1663
688,3,00000178,fff00093
690,3,0000017c,00000113
692,3,00000180,0020df33
694,3,00000184,fff00e93
696,3,00000188,00700193
698,3,0000018c,4fdf1a63
700,3,00000190,fff00093
702,3,00000194,00100113
704,3,00000198,0020df33
706,3,0000019c,80000eb7
708,3,000001a0,fffe8e93
710,3,000001a4,00800193
712,3,000001a8,4ddf1c63
714,3,000001ac,fff00093
716,3,000001b0,00700113
718,3,000001b4,0020df33
720,3,000001b8,02000eb7
722,3,000001bc,fffe8e93
724,3,000001c0,00900193
726,3,000001c4,4bdf1e63
728,3,000001c8,fff00093
730,3,000001cc,00e00113
732,3,000001d0,0020df33
734,3,000001d4,00040eb7
736,3,000001d8,fffe8e93
738,3,000001dc,00a00193
740,3,000001e0,4bdf1063
742,3,000001e4,fff00093
744,3,000001e8,01f00113
746,3,000001ec,0020df33
748,3,000001f0,00100e93
750,3,000001f4,00b00193
752,3,000001f8,49df1463
754,3,000001fc,212120b7
756,3,00000200,12108093
758,3,00000204,00000113
760,3,00000208,0020df33
762,3,0000020c,21212eb7
764,3,00000210,121e8e93
766,3,00000214,00c00193
768,3,00000218,47df1463
770,3,0000021c,212120b7
772,3,00000220,12108093
774,3,00000224,00100113
776,3,00000228,0020df33
778,3,0000022c,10909eb7
780,3,00000230,090e8e93
782,3,00000234,00d00193
784,3,00000238,45df1463
786,3,0000023c,212120b7
788,3,00000240,12108093
790,3,00000244,00700113
792,3,00000248,0020df33
794,3,0000024c,00424eb7
796,3,00000250,242e8e93
798,3,00000254,00e00193
800,3,00000258,43df1463
802,3,0000025c,212120b7
804,3,00000260,12108093
806,3,00000264,00e00113
808,3,00000268,0020df33
810,3,0000026c,00008eb7
812,3,00000270,484e8e93
814,3,00000274,00f00193
816,3,00000278,41df1463
818,3,0000027c,212120b7
820,3,00000280,12108093
822,3,00000284,01f00113
824,3,00000288,0020df33
826,3,0000028c,00000e93
828,3,00000290,01000193
830,3,00000294,3fdf1663
832,3,00000298,212120b7
834,3,0000029c,12108093
836,3,000002a0,fc000113
838,3,000002a4,0020df33
840,3,000002a8,21212eb7
842,3,000002ac,121e8e93
844,3,000002b0,01100193
846,3,000002b4,3ddf1663
848,3,000002b8,212120b7
850,3,000002bc,12108093
852,3,000002c0,fc100113
854,3,000002c4,0020df33
856,3,000002c8,10909eb7
858,3,000002cc,090e8e93
860,3,000002d0,01200193
862,3,000002d4,3bdf1663
864,3,000002d8,212120b7
866,3,000002dc,12108093
868,3,000002e0,fc700113
870,3,000002e4,0020df33
872,3,000002e8,00424eb7
874,3,000002ec,242e8e93
876,3,000002f0,01300193
878,3,000002f4,39df1663
880,3,000002f8,212120b7
882,3,000002fc,12108093
884,3,00000300,fce00113
886,3,00000304,0020df33
888,3,00000308,00008eb7
890,3,0000030c,484e8e93
892,3,00000310,01400193
894,3,00000314,37df1663
896,3,00000318,212120b7
898,3,0000031c,12108093
900,3,00000320,fff00113
902,3,00000324,0020df33
904,3,00000328,00000e93
906,3,0000032c,01500193
908,3,00000330,35df1863
910,3,00000334,800000b7
912,3,00000338,00700113
914,3,0000033c,0020d0b3
916,3,00000340,01000eb7
918,3,00000344,01600193
920,3,00000348,33d09c63
922,3,0000034c,800000b7
924,3,00000350,00e00113
926,3,00000354,0020d133
928,3,00000358,00020eb7
930,3,0000035c,01700193
932,3,00000360,33d11063
934,3,00000364,00700093
936,3,00000368,0010d0b3
938,3,0000036c,00000e93
940,3,00000370,01800193
942,3,00000374,31d09663
944,3,00000378,00000213
946,3,0000037c,800000b7
948,3,00000380,00700113
950,3,00000384,0020df33
952,3,00000388,000f0313
954,3,0000038c,00120213
956,3,00000390,00200293
958,3,00000394,fe5214e3
962,3,0000037c,800000b7
964,3,00000380,00700113
966,3,00000384,0020df33
968,3,00000388,000f0313
970,3,0000038c,00120213
972,3,00000390,00200293
974,3,00000394,fe5214e3
982,3,00000398,01000eb7
984,3,0000039c,01900193
986,3,000003a0,2fd31063
988,3,000003a4,00000213
990,3,000003a8,800000b7
992,3,000003ac,00e00113
994,3,000003b0,0020df33
996,3,000003b4,00000013
998,3,000003b8,000f0313
1000,3,000003bc,00120213
1002,3,000003c0,00200293
1004,3,000003c4,fe5212e3
1008,3,000003a8,800000b7
1010,3,000003ac,00e00113
1012,3,000003b0,0020df33
1014,3,000003b4,00000013
1016,3,000003b8,000f0313
1018,3,000003bc,00120213
1020,3,000003c0,00200293
1022,3,000003c4,fe5212e3
1030,3,000003c8,00020eb7
1032,3,000003cc,01a00193
1034,3,000003d0,2bd31863
1036,3,000003d4,00000213
1038,3,000003d8,800000b7
1040,3,000003dc,01f00113
1042,3,000003e0,0020df33
1044,3,000003e4,00000013
1046,3,000003e8,00000013
1048,3,000003ec,000f0313
1050,3,000003f0,00120213
1052,3,000003f4,00200293
1054,3,000003f8,fe5210e3
1058,3,000003d8,800000b7
1060,3,000003dc,01f00113
1062,3,000003e0,0020df33
1064,3,000003e4,00000013
1066,3,000003e8,00000013
1068,3,000003ec,000f0313
1070,3,000003f0,00120213
1072,3,000003f4,00200293
1074,3,000003f8,fe5210e3
1082,3,000003fc,00100e93
1084,3,00000400,01b00193
1086,3,00000404,27d31e63
1088,3,00000408,00000213
1090,3,0000040c,800000b7
1092,3,00000410,00700113
1094,3,00000414,0020df33
1096,3,00000418,00120213
1098,3,0000041c,00200293
1100,3,00000420,fe5216e3
1104,3,0000040c,800000b7
1106,3,00000410,00700113
1108,3,00000414,0020df33
1110,3,00000418,00120213
1112,3,0000041c,00200293
1114,3,00000420,fe5216e3
1122,3,00000424,01000eb7
1124,3,00000428,01c00193
1126,3,0000042c,25df1a63
1128,3,00000430,00000213
1130,3,00000434,800000b7
1132,3,00000438,00e00113
1134,3,0000043c,00000013
1136,3,00000440,0020df33
1138,3,00000444,00120213
1140,3,00000448,00200293
1142,3,0000044c,fe5214e3
1146,3,00000434,800000b7
1148,3,00000438,00e00113
1150,3,0000043c,00000013
1152,3,00000440,0020df33
1154,3,00000444,00120213
1156,3,00000448,00200293
1158,3,0000044c,fe5214e3
1166,3,00000450,00020eb7
1168,3,00000454,01d00193
1170,3,00000458,23df1463
1172,3,0000045c,00000213
1174,3,00000460,800000b7
1176,3,00000464,01f00113
1178,3,00000468,00000013
1180,3,0000046c,00000013
1182,3,00000470,0020df33
1184,3,00000474,00120213
1186,3,00000478,00200293
1188,3,0000047c,fe5212e3
1192,3,00000460,800000b7
1194,3,00000464,01f00113
1196,3,00000468,00000013
1198,3,0000046c,00000013
1200,3,00000470,0020df33
1202,3,00000474,00120213
1204,3,00000478,00200293
1206,3,0000047c,fe5212e3
1214,3,00000480,00100e93
1216,3,00000484,01e00193
1218,3,00000488,1fdf1c63
1220,3,0000048c,00000213
1222,3,00000490,800000b7
1224,3,00000494,00000013
1226,3,00000498,00700113
1228,3,0000049c,0020df33
1230,3,000004a0,00120213
1232,3,000004a4,00200293
1234,3,000004a8,fe5214e3
1238,3,00000490,800000b7
1240,3,00000494,00000013
1242,3,00000498,00700113
1244,3,0000049c,0020df33
1246,3,000004a0,00120213
1248,3,000004a4,00200293
1250,3,000004a8,fe5214e3
1258,3,000004ac,01000eb7
1260,3,000004b0,01f00193
1262,3,000004b4,1ddf1663
1264,3,000004b8,00000213
1266,3,000004bc,800000b7
1268,3,000004c0,00000013
1270,3,000004c4,00e00113
1272,3,000004c8,00000013
1274,3,000004cc,0020df33
1276,3,000004d0,00120213
1278,3,000004d4,00200293
1280,3,000004d8,fe5212e3
1284,3,000004bc,800000b7
1286,3,000004c0,00000013
1288,3,000004c4,00e00113
1290,3,000004c8,00000013
1292,3,000004cc,0020df33
1294,3,000004d0,00120213
1296,3,000004d4,00200293
1298,3,000004d8,fe5212e3
1306,3,000004dc,00020eb7
1308,3,000004e0,02000193
1310,3,000004e4,19df1e63
1312,3,000004e8,00000213
1314,3,000004ec,800000b7
1316,3,000004f0,00000013
1318,3,000004f4,00000013
1320,3,000004f8,01f00113
1322,3,000004fc,0020df33
1324,3,00000500,00120213
1326,3,00000504,00200293
1328,3,00000508,fe5212e3
1332,3,000004ec,800000b7
1334,3,000004f0,00000013
1336,3,000004f4,00000013
1338,3,000004f8,01f00113
1340,3,000004fc,0020df33
1342,3,00000500,00120213
1344,3,00000504,00200293
1346,3,00000508,fe5212e3
1354,3,0000050c,00100e93
1356,3,00000510,02100193
1358,3,00000514,17df1663
1360,3,00000518,00000213
1362,3,0000051c,00700113
1364,3,00000520,800000b7
1366,3,00000524,0020df33
1368,3,00000528,00120213
1370,3,0000052c,00200293
1372,3,00000530,fe5216e3
1376,3,0000051c,00700113
1378,3,00000520,800000b7
1380,3,00000524,0020df33
1382,3,00000528,00120213
1384,3,0000052c,00200293
1386,3,00000530,fe5216e3
1394,3,00000534,01000eb7
1396,3,00000538,02200193
1398,3,0000053c,15df1263
1400,3,00000540,00000213
1402,3,00000544,00e00113
1404,3,00000548,800000b7
1406,3,0000054c,00000013
1408,3,00000550,0020df33
1410,3,00000554,00120213
1412,3,00000558,00200293
1414,3,0000055c,fe5214e3
1418,3,00000544,00e00113
1420,3,00000548,800000b7
1422,3,0000054c,00000013
1424,3,00000550,0020df33
1426,3,00000554,00120213
1428,3,00000558,00200293
1430,3,0000055c,fe5214e3
1438,3,00000560,00020eb7
1440,3,00000564,02300193
1442,3,00000568,11df1c63
1444,3,0000056c,00000213
1446,3,00000570,01f00113
1448,3,00000574,800000b7
1450,3,00000578,00000013
1452,3,0000057c,00000013
1454,3,00000580,0020df33
1456,3,00000584,00120213
1458,3,00000588,00200293
1460,3,0000058c,fe5212e3
1464,3,00000570,01f00113
1466,3,00000574,800000b7
1468,3,00000578,00000013
1470,3,0000057c,00000013
1472,3,00000580,0020df33
1474,3,00000584,00120213
1476,3,00000588,00200293
1478,3,0000058c,fe5212e3
1486,3,00000590,00100e93
1488,3,00000594,02400193
1490,3,00000598,0fdf1463
1492,3,0000059c,00000213
1494,3,000005a0,00700113
1496,3,000005a4,00000013
1498,3,000005a8,800000b7
1500,3,000005ac,0020df33
1502,3,000005b0,00120213
1504,3,000005b4,00200293
1506,3,000005b8,fe5214e3
1510,3,000005a0,00700113
1512,3,000005a4,00000013
1514,3,000005a8,800000b7
1516,3,000005ac,0020df33
1518,3,000005b0,00120213
1520,3,000005b4,00200293
1522,3,000005b8,fe5214e3
1530,3,000005bc,01000eb7
1532,3,000005c0,02500193
1534,3,000005c4,0bdf1e63
1536,3,000005c8,00000213
1538,3,000005cc,00e00113
1540,3,000005d0,00000013
1542,3,000005d4,800000b7
1544,3,000005d8,00000013
1546,3,000005dc,0020df33
1548,3,000005e0,00120213
1550,3,000005e4,00200293
1552,3,000005e8,fe5212e3
1556,3,000005cc,00e00113
1558,3,000005d0,00000013
1560,3,000005d4,800000b7
1562,3,000005d8,00000013
1564,3,000005dc,0020df33
1566,3,000005e0,00120213
1568,3,000005e4,00200293
1570,3,000005e8,fe5212e3
1578,3,000005ec,00020eb7
1580,3,000005f0,02600193
1582,3,000005f4,09df1663
1584,3,000005f8,00000213
1586,3,000005fc,01f00113
1588,3,00000600,00000013
1590,3,00000604,00000013
1592,3,00000608,800000b7
1594,3,0000060c,0020df33
1596,3,00000610,00120213
1598,3,00000614,00200293
1600,3,00000618,fe5212e3
1604,3,000005fc,01f00113
1606,3,00000600,00000013
1608,3,00000604,00000013
1610,3,00000608,800000b7
1612,3,0000060c,0020df33
1614,3,00000610,00120213
1616,3,00000614,00200293
1618,3,00000618,fe5212e3
1626,3,0000061c,00100e93
1628,3,00000620,02700193
1630,3,00000624,05df1e63
1632,3,00000628,00f00093
1634,3,0000062c,00105133
1636,3,00000630,00000e93
1638,3,00000634,02800193
1640,3,00000638,05d11463
1642,3,0000063c,02000093
1644,3,00000640,0000d133
1646,3,00000644,02000e93
1648,3,00000648,02900193
1650,3,0000064c,03d11a63
1652,3,00000650,000050b3
1654,3,00000654,00000e93
1656,3,00000658,02a00193
1658,3,0000065c,03d09263
1660,3,00000660,40000093
1662,3,00000664,00001137
1664,3,00000668,80010113
1666,3,0000066c,0020d033
1668,3,00000670,00000e93
1670,3,00000674,02b00193
1672,3,00000678,01d01463
1674,3,0000067c,00301c63
1682,3,00000694,0ff0000f
1684,3,00000698,00100193
1686,3,0000069c,00000073
1694,3,00000004,34202f73
1696,3,00000008,00800f93
1698,3,0000000c,03ff0a63
1700,3,00000010,00900f93
1702,3,00000014,03ff0663
1704,3,00000018,00b00f93
1706,3,0000001c,03ff0263
1714,3,00000040,00001f17
1716,3,00000044,fc3f2023
1718,3,00000048,ff9ff06f
1724,3,00000040,00001f17
1726,3,00000044,fc3f2023
1728,3,00000048,ff9ff06f
1734,3,00000040,00001f17
1736,3,00000044,fc3f2023
1738,3,00000048,ff9ff06f
1744,3,00000040,00001f17
1746,3,00000044,fc3f2023
1748,3,00000048,ff9ff06f
1754,3,00000040,00001f17
1756,3,00000044,fc3f2023
1758,3,00000048,ff9ff06f
1764,3,00000040,00001f17
1766,3,00000044,fc3f2023
1768,3,00000048,ff9ff06f
1774,3,00000040,00001f17
1776,3,00000044,fc3f2023
1778,3,00000048,ff9ff06f
1784,3,00000040,00001f17
1786,3,00000044,fc3f2023
1788,3,00000048,ff9ff06f
1794,3,00000040,00001f17
1796,3,00000044,fc3f2023
1798,3,00000048,ff9ff06f
1804,3,00000040,00001f17
1806,3,00000044,fc3f2023
1808,3,00000048,ff9ff06f
1814,3,00000040,00001f17
1816,3,00000044,fc3f2023
1818,3,00000048,ff9ff06f
1824,3,00000040,00001f17
1826,3,00000044,fc3f2023
1828,3,00000048,ff9ff06f
1834,3,00000040,00001f17
1836,3,00000044,fc3f2023
1838,3,00000048,ff9ff06f
1844,3,00000040,00001f17
1846,3,00000044,fc3f2023
1848,3,00000048,ff9ff06f
1854,3,00000040,00001f17
1856,3,00000044,fc3f2023
1858,3,00000048,ff9ff06f
1864,3,00000040,00001f17
1866,3,00000044,fc3f2023
1868,3,00000048,ff9ff06f
1874,3,00000040,00001f17
1876,3,00000044,fc3f2023
1878,3,00000048,ff9ff06f
1884,3,00000040,00001f17
1886,3,00000044,fc3f2023
1888,3,00000048,ff9ff06f
1894,3,00000040,00001f17
1896,3,00000044,fc3f2023
1898,3,00000048,ff9ff06f
1904,3,00000040,00001f17
1906,3,00000044,fc3f2023
1908,3,00000048,ff9ff06f
1914,3,00000040,00001f17
1916,3,00000044,fc3f2023
1918,3,00000048,ff9ff06f
1924,3,00000040,00001f17
1926,3,00000044,fc3f2023
1928,3,00000048,ff9ff06f
1934,3,00000040,00001f17
1936,3,00000044,fc3f2023
1938,3,00000048,ff9ff06f
1944,3,00000040,00001f17
1946,3,00000044,fc3f2023
1948,3,00000048,ff9ff06f
1954,3,00000040,00001f17
1956,3,00000044,fc3f2023
1958,3,00000048,ff9ff06f
1964,3,00000040,00001f17
1966,3,00000044,fc3f2023
1968,3,00000048,ff9ff06f
1974,3,00000040,00001f17
1976,3,00000044,fc3f2023
1978,3,00000048,ff9ff06f
1984,3,00000040,00001f17
1986,3,00000044,fc3f2023
1988,3,00000048,ff9ff06f
1994,3,00000040,00001f17
1996,3,00000044,fc3f2023
1998,3,00000048,ff9ff06f
2004,3,00000040,00001f17
2006,3,00000044,fc3f2023
2008,3,00000048,ff9ff06f
2014,3,00000040,00001f17
2016,3,00000044,fc3f2023
2018,3,00000048,ff9ff06f
2024,3,00000040,00001f17
2026,3,00000044,fc3f2023
2028,3,00000048,ff9ff06f
2034,3,00000040,00001f17
2036,3,00000044,fc3f2023
2038,3,00000048,ff9ff06f
2044,3,00000040,00001f17
2046,3,00000044,fc3f2023
2048,3,00000048,ff9ff06f
2054,3,00000040,00001f17
2056,3,00000044,fc3f2023
2058,3,00000048,ff9ff06f
2064,3,00000040,00001f17
2066,3,00000044,fc3f2023
2068,3,00000048,ff9ff06f
2074,3,00000040,00001f17
2076,3,00000044,fc3f2023
2078,3,00000048,ff9ff06f
2084,3,00000040,00001f17
2086,3,00000044,fc3f2023
2088,3,00000048,ff9ff06f
2094,3,00000040,00001f17
2096,3,00000044,fc3f2023
2098,3,00000048,ff9ff06f
2104,3,00000040,00001f17
2106,3,00000044,fc3f2023
2108,3,00000048,ff9ff06f
2114,3,00000040,00001f17
2116,3,00000044,fc3f2023
2118,3,00000048,ff9ff06f
2124,3,00000040,00001f17
2126,3,00000044,fc3f2023
2128,3,00000048,ff9ff06f
2134,3,00000040,00001f17
2136,3,00000044,fc3f2023
2138,3,00000048,ff9ff06f
2144,3,00000040,00001f17
2146,3,00000044,fc3f2023
2148,3,00000048,ff9ff06f
2154,3,00000040,00001f17
2156,3,00000044,fc3f2023
2158,3,00000048,ff9ff06f
2164,3,00000040,00001f17
2166,3,00000044,fc3f2023
2168,3,00000048,ff9ff06f
2174,3,00000040,00001f17
2176,3,00000044,fc3f2023
2178,3,00000048,ff9ff06f
2184,3,00000040,00001f17
2186,3,00000044,fc3f2023
2188,3,00000048,ff9ff06f
2194,3,00000040,00001f17
2196,3,00000044,fc3f2023
2198,3,00000048,ff9ff06f
2204,3,00000040,00001f17
2206,3,00000044,fc3f2023
2208,3,00000048,ff9ff06f
2214,3,00000040,00001f17
2216,3,00000044,fc3f2023
2218,3,00000048,ff9ff06f
2224,3,00000040,00001f17
2226,3,00000044,fc3f2023
2228,3,00000048,ff9ff06f
2234,3,00000040,00001f17
2236,3,00000044,fc3f2023
2238,3,00000048,ff9ff06f
2244,3,00000040,00001f17
2246,3,00000044,fc3f2023
2248,3,00000048,ff9ff06f
2254,3,00000040,00001f17
2256,3,00000044,fc3f2023
2258,3,00000048,ff9ff06f
2264,3,00000040,00001f17
2266,3,00000044,fc3f2023
2268,3,00000048,ff9ff06f
2274,3,00000040,00001f17
2276,3,00000044,fc3f2023
2278,3,00000048,ff9ff06f
2284,3,00000040,00001f17
2286,3,00000044,fc3f2023
2288,3,00000048,ff9ff06f
2294,3,00000040,00001f17
2296,3,00000044,fc3f2023
2298,3,00000048,ff9ff06f
2304,3,00000040,00001f17
2306,3,00000044,fc3f2023
2308,3,00000048,ff9ff06f
2314,3,00000040,00001f17
2316,3,00000044,fc3f2023
2318,3,00000048,ff9ff06f
2324,3,00000040,00001f17
2326,3,00000044,fc3f2023
2328,3,00000048,ff9ff06f
2334,3,00000040,00001f17
2336,3,00000044,fc3f2023
2338,3,00000048,ff9ff06f
2344,3,00000040,00001f17
2346,3,00000044,fc3f2023
2348,3,00000048,ff9ff06f
2354,3,00000040,00001f17
2356,3,00000044,fc3f2023
2358,3,00000048,ff9ff06f
2364,3,00000040,00001f17
2366,3,00000044,fc3f2023
2368,3,00000048,ff9ff06f
2374,3,00000040,00001f17
2376,3,00000044,fc3f2023
2378,3,00000048,ff9ff06f
2384,3,00000040,00001f17
2386,3,00000044,fc3f2023
2388,3,00000048,ff9ff06f
2394,3,00000040,00001f17
2396,3,00000044,fc3f2023
2398,3,00000048,ff9ff06f
2404,3,00000040,00001f17
2406,3,00000044,fc3f2023
2408,3,00000048,ff9ff06f
2414,3,00000040,00001f17
2416,3,00000044,fc3f2023
2418,3,00000048,ff9ff06f
2424,3,00000040,00001f17
2426,3,00000044,fc3f2023
2428,3,00000048,ff9ff06f
2434,3,00000040,00001f17
2436,3,00000044,fc3f2023
2438,3,00000048,ff9ff06f
2444,3,00000040,00001f17
2446,3,00000044,fc3f2023
2448,3,00000048,ff9ff06f
2454,3,00000040,00001f17
2456,3,00000044,fc3f2023
2458,3,00000048,ff9ff06f
2464,3,00000040,00001f17
2466,3,00000044,fc3f2023
2468,3,00000048,ff9ff06f
2474,3,00000040,00001f17
2476,3,00000044,fc3f2023
2478,3,00000048,ff9ff06f
2484,3,00000040,00001f17
2486,3,00000044,fc3f2023
2488,3,00000048,ff9ff06f
2494,3,00000040,00001f17
2496,3,00000044,fc3f2023
2498,3,00000048,ff9ff06f
2504,3,00000040,00001f17
2506,3,00000044,fc3f2023
2508,3,00000048,ff9ff06f
2514,3,00000040,00001f17
2516,3,00000044,fc3f2023
2518,3,00000048,ff9ff06f
2524,3,00000040,00001f17
2526,3,00000044,fc3f2023
2528,3,00000048,ff9ff06f
2534,3,00000040,00001f17
2536,3,00000044,fc3f2023
2538,3,00000048,ff9ff06f
2544,3,00000040,00001f17
2546,3,00000044,fc3f2023
2548,3,00000048,ff9ff06f
2554,3,00000040,00001f17
2556,3,00000044,fc3f2023
2558,3,00000048,ff9ff06f
2564,3,00000040,00001f17
2566,3,00000044,fc3f2023
2568,3,00000048,ff9ff06f
2574,3,00000040,00001f17
2576,3,00000044,fc3f2023
2578,3,00000048,ff9ff06f
2584,3,00000040,00001f17
2586,3,00000044,fc3f2023
2588,3,00000048,ff9ff06f
2594,3,00000040,00001f17
2596,3,00000044,fc3f2023
2598,3,00000048,ff9ff06f
2604,3,00000040,00001f17
2606,3,00000044,fc3f2023
2608,3,00000048,ff9ff06f
2614,3,00000040,00001f17
2616,3,00000044,fc3f2023
2618,3,00000048,ff9ff06f
2624,3,00000040,00001f17
2626,3,00000044,fc3f2023
2628,3,00000048,ff9ff06f
2634,3,00000040,00001f17
2636,3,00000044,fc3f2023
2638,3,00000048,ff9ff06f
2644,3,00000040,00001f17
2646,3,00000044,fc3f2023
2648,3,00000048,ff9ff06f
2654,3,00000040,00001f17
2656,3,00000044,fc3f2023
2658,3,00000048,ff9ff06f
2664,3,00000040,00001f17
2666,3,00000044,fc3f2023
2668,3,00000048,ff9ff06f
2674,3,00000040,00001f17
2676,3,00000044,fc3f2023
2678,3,00000048,ff9ff06f
2684,3,00000040,00001f17
2686,3,00000044,fc3f2023
2688,3,00000048,ff9ff06f
2694,3,00000040,00001f17
2696,3,00000044,fc3f2023
2698,3,00000048,ff9ff06f
2704,3,00000040,00001f17
2706,3,00000044,fc3f2023
2708,3,00000048,ff9ff06f
2714,3,00000040,00001f17
2716,3,00000044,fc3f2023
2718,3,00000048,ff9ff06f
2724,3,00000040,00001f17
2726,3,00000044,fc3f2023
2728,3,00000048,ff9ff06f
2734,3,00000040,00001f17
2736,3,00000044,fc3f2023
2738,3,00000048,ff9ff06f
2744,3,00000040,00001f17
2746,3,00000044,fc3f2023
2748,3,00000048,ff9ff06f
2754,3,00000040,00001f17
2756,3,00000044,fc3f2023
2758,3,00000048,ff9ff06f
2764,3,00000040,00001f17
2766,3,00000044,fc3f2023
2768,3,00000048,ff9ff06f
2774,3,00000040,00001f17
2776,3,00000044,fc3f2023
2778,3,00000048,ff9ff06f
2784,3,00000040,00001f17
2786,3,00000044,fc3f2023
2788,3,00000048,ff9ff06f
2794,3,00000040,00001f17
2796,3,00000044,fc3f2023
2798,3,00000048,ff9ff06f
2804,3,00000040,00001f17
2806,3,00000044,fc3f2023
2808,3,00000048,ff9ff06f
2814,3,00000040,00001f17
2816,3,00000044,fc3f2023
2818,3,00000048,ff9ff06f
2824,3,00000040,00001f17
2826,3,00000044,fc3f2023
2828,3,00000048,ff9ff06f
2834,3,00000040,00001f17
2836,3,00000044,fc3f2023
2838,3,00000048,ff9ff06f
2844,3,00000040,00001f17
2846,3,00000044,fc3f2023
2848,3,00000048,ff9ff06f
2854,3,00000040,00001f17
2856,3,00000044,fc3f2023
2858,3,00000048,ff9ff06f
2864,3,00000040,00001f17
2866,3,00000044,fc3f2023
2868,3,00000048,ff9ff06f
2874,3,00000040,00001f17
2876,3,00000044,fc3f2023
2878,3,00000048,ff9ff06f
2884,3,00000040,00001f17
2886,3,00000044,fc3f2023
2888,3,00000048,ff9ff06f
2894,3,00000040,00001f17
2896,3,00000044,fc3f2023
2898,3,00000048,ff9ff06f
2904,3,00000040,00001f17
2906,3,00000044,fc3f2023
2908,3,00000048,ff9ff06f
2914,3,00000040,00001f17
2916,3,00000044,fc3f2023
2918,3,00000048,ff9ff06f
2924,3,00000040,00001f17
2926,3,00000044,fc3f2023
2928,3,00000048,ff9ff06f
2934,3,00000040,00001f17
2936,3,00000044,fc3f2023
2938,3,00000048,ff9ff06f
2944,3,00000040,00001f17
2946,3,00000044,fc3f2023
2948,3,00000048,ff9ff06f
2954,3,00000040,00001f17
2956,3,00000044,fc3f2023
2958,3,00000048,ff9ff06f
2964,3,00000040,00001f17
2966,3,00000044,fc3f2023
2968,3,00000048,ff9ff06f
2974,3,00000040,00001f17
2976,3,00000044,fc3f2023
2978,3,00000048,ff9ff06f
2984,3,00000040,00001f17
2986,3,00000044,fc3f2023
2988,3,00000048,ff9ff06f
2994,3,00000040,00001f17
2996,3,00000044,fc3f2023
2998,3,00000048,ff9ff06f
3004,3,00000040,00001f17
3006,3,00000044,fc3f2023
3008,3,00000048,ff9ff06f
3014,3,00000040,00001f17
3016,3,00000044,fc3f2023
3018,3,00000048,ff9ff06f
3024,3,00000040,00001f17
3026,3,00000044,fc3f2023
3028,3,00000048,ff9ff06f
3034,3,00000040,00001f17
3036,3,00000044,fc3f2023
3038,3,00000048,ff9ff06f
3044,3,00000040,00001f17
3046,3,00000044,fc3f2023
3048,3,00000048,ff9ff06f
3054,3,00000040,00001f17
3056,3,00000044,fc3f2023
3058,3,00000048,ff9ff06f
3064,3,00000040,00001f17
3066,3,00000044,fc3f2023
3068,3,00000048,ff9ff06f
3074,3,00000040,00001f17
3076,3,00000044,fc3f2023
3078,3,00000048,ff9ff06f
3084,3,00000040,00001f17
3086,3,00000044,fc3f2023
3088,3,00000048,ff9ff06f
3094,3,00000040,00001f17
3096,3,00000044,fc3f2023
3098,3,00000048,ff9ff06f
3104,3,00000040,00001f17
3106,3,00000044,fc3f2023
3108,3,00000048,ff9ff06f
3114,3,00000040,00001f17
3116,3,00000044,fc3f2023
3118,3,00000048,ff9ff06f
3124,3,00000040,00001f17
3126,3,00000044,fc3f2023
3128,3,00000048,ff9ff06f
3134,3,00000040,00001f17
3136,3,00000044,fc3f2023
3138,3,00000048,ff9ff06f
3144,3,00000040,00001f17
3146,3,00000044,fc3f2023
3148,3,00000048,ff9ff06f
3154,3,00000040,00001f17
3156,3,00000044,fc3f2023
3158,3,00000048,ff9ff06f
3164,3,00000040,00001f17
3166,3,00000044,fc3f2023
3168,3,00000048,ff9ff06f
3174,3,00000040,00001f17
3176,3,00000044,fc3f2023
3178,3,00000048,ff9ff06f
3184,3,00000040,00001f17
3186,3,00000044,fc3f2023
3188,3,00000048,ff9ff06f
3194,3,00000040,00001f17
3196,3,00000044,fc3f2023
3198,3,00000048,ff9ff06f
3204,3,00000040,00001f17
3206,3,00000044,fc3f2023
3208,3,00000048,ff9ff06f
3214,3,00000040,00001f17
3216,3,00000044,fc3f2023
3218,3,00000048,ff9ff06f
3224,3,00000040,00001f17
3226,3,00000044,fc3f2023
3228,3,00000048,ff9ff06f
3234,3,00000040,00001f17
3236,3,00000044,fc3f2023
3238,3,00000048,ff9ff06f
3244,3,00000040,00001f17
3246,3,00000044,fc3f2023
3248,3,00000048,ff9ff06f
3254,3,00000040,00001f17
3256,3,00000044,fc3f2023
3258,3,00000048,ff9ff06f
3264,3,00000040,00001f17
3266,3,00000044,fc3f2023
3268,3,00000048,ff9ff06f
3274,3,00000040,00001f17
3276,3,00000044,fc3f2023
3278,3,00000048,ff9ff06f
3284,3,00000040,00001f17
3286,3,00000044,fc3f2023
3288,3,00000048,ff9ff06f
3294,3,00000040,00001f17
3296,3,00000044,fc3f2023
3298,3,00000048,ff9ff06f
3304,3,00000040,00001f17
3306,3,00000044,fc3f2023
3308,3,00000048,ff9ff06f
3314,3,00000040,00001f17
3316,3,00000044,fc3f2023
3318,3,00000048,ff9ff06f
3324,3,00000040,00001f17
3326,3,00000044,fc3f2023
3328,3,00000048,ff9ff06f
3334,3,00000040,00001f17
3336,3,00000044,fc3f2023
3338,3,00000048,ff9ff06f
3344,3,00000040,00001f17
3346,3,00000044,fc3f2023
3348,3,00000048,ff9ff06f
3354,3,00000040,00001f17
3356,3,00000044,fc3f2023
3358,3,00000048,ff9ff06f
3364,3,00000040,00001f17
3366,3,00000044,fc3f2023
3368,3,00000048,ff9ff06f
3374,3,00000040,00001f17
3376,3,00000044,fc3f2023
3378,3,00000048,ff9ff06f
3384,3,00000040,00001f17
3386,3,00000044,fc3f2023
3388,3,00000048,ff9ff06f
3394,3,00000040,00001f17
3396,3,00000044,fc3f2023
3398,3,00000048,ff9ff06f
3404,3,00000040,00001f17
3406,3,00000044,fc3f2023
3408,3,00000048,ff9ff06f
3414,3,00000040,00001f17
3416,3,00000044,fc3f2023
3418,3,00000048,ff9ff06f
3424,3,00000040,00001f17
3426,3,00000044,fc3f2023
3428,3,00000048,ff9ff06f
3434,3,00000040,00001f17
3436,3,00000044,fc3f2023
3438,3,00000048,ff9ff06f
3444,3,00000040,00001f17
3446,3,00000044,fc3f2023
3448,3,00000048,ff9ff06f
3454,3,00000040,00001f17
3456,3,00000044,fc3f2023
3458,3,00000048,ff9ff06f
3464,3,00000040,00001f17
3466,3,00000044,fc3f2023
3468,3,00000048,ff9ff06f
3474,3,00000040,00001f17
3476,3,00000044,fc3f2023
3478,3,00000048,ff9ff06f
3484,3,00000040,00001f17
3486,3,00000044,fc3f2023
3488,3,00000048,ff9ff06f
3494,3,00000040,00001f17
3496,3,00000044,fc3f2023
3498,3,00000048,ff9ff06f
