44,3,00000000,04c0006f
52,3,0000004c,f1402573
56,3,00000050,00051063
60,3,00000054,00000297
64,3,00000058,01028293
68,3,0000005c,30529073
80,3,00000064,00000297
84,3,00000068,01c28293
88,3,0000006c,30529073
92,3,00000070,fff00293
104,3,00000080,00000297
108,3,00000084,01828293
112,3,00000088,30529073
116,3,0000008c,30205073
120,3,00000090,30305073
124,3,00000094,30405073
128,3,00000098,00000193
132,3,0000009c,00000297
136,3,000000a0,f6828293
140,3,000000a4,30529073
144,3,000000a8,00100513
148,3,000000ac,01f51513
152,3,000000b0,00054863
160,3,000000c0,00000297
164,3,000000c4,f4028293
168,3,000000c8,00028e63
176,3,000000e4,30005073
180,3,000000e8,00000297
184,3,000000ec,01428293
188,3,000000f0,34129073
192,3,000000f4,f1402573
196,3,000000f8,30200073
204,3,000000fc,0ff0000f
208,3,00000100,00100193
212,3,00000104,00000073
220,3,00000004,34202f73
224,3,00000008,00800f93
228,3,0000000c,03ff0a63
232,3,00000010,00900f93
236,3,00000014,03ff0663
240,3,00000018,00b00f93
244,3,0000001c,03ff0263
252,3,00000040,00001f17
258,3,00000044,fc3f2023
262,3,00000048,ff9ff06f
270,3,00000040,00001f17
276,3,00000044,fc3f2023
280,3,00000048,ff9ff06f
288,3,00000040,00001f17
294,3,00000044,fc3f2023
298,3,00000048,ff9ff06f
306,3,00000040,00001f17
312,3,00000044,fc3f2023
316,3,00000048,ff9ff06f
324,3,00000040,00001f17
330,3,00000044,fc3f2023
334,3,00000048,ff9ff06f
342,3,00000040,00001f17
348,3,00000044,fc3f2023
352,3,00000048,ff9ff06f
360,3,00000040,00001f17
366,3,00000044,fc3f2023
370,3,00000048,ff9ff06f
378,3,00000040,00001f17
384,3,00000044,fc3f2023
388,3,00000048,ff9ff06f
396,3,00000040,00001f17
402,3,00000044,fc3f2023
406,3,00000048,ff9ff06f
414,3,00000040,00001f17
420,3,00000044,fc3f2023
424,3,00000048,ff9ff06f
432,3,00000040,00001f17
438,3,00000044,fc3f2023
442,3,00000048,ff9ff06f
450,3,00000040,00001f17
456,3,00000044,fc3f2023
460,3,00000048,ff9ff06f
468,3,00000040,00001f17
474,3,00000044,fc3f2023
478,3,00000048,ff9ff06f
486,3,00000040,00001f17
492,3,00000044,fc3f2023
496,3,00000048,ff9ff06f
504,3,00000040,00001f17
510,3,00000044,fc3f2023
514,3,00000048,ff9ff06f
522,3,00000040,00001f17
528,3,00000044,fc3f2023
532,3,00000048,ff9ff06f
540,3,00000040,00001f17
546,3,00000044,fc3f2023
550,3,00000048,ff9ff06f
558,3,00000040,00001f17
564,3,00000044,fc3f2023
568,3,00000048,ff9ff06f
576,3,00000040,00001f17
582,3,00000044,fc3f2023
586,3,00000048,ff9ff06f
594,3,00000040,00001f17
600,3,00000044,fc3f2023
604,3,00000048,ff9ff06f
612,3,00000040,00001f17
618,3,00000044,fc3f2023
622,3,00000048,ff9ff06f
630,3,00000040,00001f17
636,3,00000044,fc3f2023
640,3,00000048,ff9ff06f
648,3,00000040,00001f17
654,3,00000044,fc3f2023
658,3,00000048,ff9ff06f
666,3,00000040,00001f17
672,3,00000044,fc3f2023
676,3,00000048,ff9ff06f
684,3,00000040,00001f17
690,3,00000044,fc3f2023
694,3,00000048,ff9ff06f
702,3,00000040,00001f17
708,3,00000044,fc3f2023
712,3,00000048,ff9ff06f
720,3,00000040,00001f17
726,3,00000044,fc3f2023
730,3,00000048,ff9ff06f
738,3,00000040,00001f17
744,3,00000044,fc3f2023
748,3,00000048,ff9ff06f
756,3,00000040,00001f17
762,3,00000044,fc3f2023
766,3,00000048,ff9ff06f
774,3,00000040,00001f17
780,3,00000044,fc3f2023
784,3,00000048,ff9ff06f
792,3,00000040,00001f17
798,3,00000044,fc3f2023
802,3,00000048,ff9ff06f
810,3,00000040,00001f17
816,3,00000044,fc3f2023
820,3,00000048,ff9ff06f
828,3,00000040,00001f17
834,3,00000044,fc3f2023
838,3,00000048,ff9ff06f
846,3,00000040,00001f17
852,3,00000044,fc3f2023
856,3,00000048,ff9ff06f
864,3,00000040,00001f17
870,3,00000044,fc3f2023
874,3,00000048,ff9ff06f
882,3,00000040,00001f17
888,3,00000044,fc3f2023
892,3,00000048,ff9ff06f
900,3,00000040,00001f17
906,3,00000044,fc3f2023
910,3,00000048,ff9ff06f
918,3,00000040,00001f17
924,3,00000044,fc3f2023
928,3,00000048,ff9ff06f
936,3,00000040,00001f17
942,3,00000044,fc3f2023
946,3,00000048,ff9ff06f
954,3,00000040,00001f17
960,3,00000044,fc3f2023
964,3,00000048,ff9ff06f
972,3,00000040,00001f17
978,3,00000044,fc3f2023
982,3,00000048,ff9ff06f
990,3,00000040,00001f17
996,3,00000044,fc3f2023
1000,3,00000048,ff9ff06f
1008,3,00000040,00001f17
1014,3,00000044,fc3f2023
1018,3,00000048,ff9ff06f
1026,3,00000040,00001f17
1032,3,00000044,fc3f2023
1036,3,00000048,ff9ff06f
1044,3,00000040,00001f17
1050,3,00000044,fc3f2023
1054,3,00000048,ff9ff06f
1062,3,00000040,00001f17
1068,3,00000044,fc3f2023
1072,3,00000048,ff9ff06f
1080,3,00000040,00001f17
1086,3,00000044,fc3f2023
1090,3,00000048,ff9ff06f
1098,3,00000040,00001f17
1104,3,00000044,fc3f2023
1108,3,00000048,ff9ff06f
1116,3,00000040,00001f17
1122,3,00000044,fc3f2023
1126,3,00000048,ff9ff06f
1134,3,00000040,00001f17
1140,3,00000044,fc3f2023
1144,3,00000048,ff9ff06f
1152,3,00000040,00001f17
1158,3,00000044,fc3f2023
1162,3,00000048,ff9ff06f
1170,3,00000040,00001f17
1176,3,00000044,fc3f2023
1180,3,00000048,ff9ff06f
1188,3,00000040,00001f17
1194,3,00000044,fc3f2023
1198,3,00000048,ff9ff06f
1206,3,00000040,00001f17
1212,3,00000044,fc3f2023
1216,3,00000048,ff9ff06f
1224,3,00000040,00001f17
1230,3,00000044,fc3f2023
1234,3,00000048,ff9ff06f
1242,3,00000040,00001f17
1248,3,00000044,fc3f2023
1252,3,00000048,ff9ff06f
1260,3,00000040,00001f17
1266,3,00000044,fc3f2023
1270,3,00000048,ff9ff06f
1278,3,00000040,00001f17
1284,3,00000044,fc3f2023
1288,3,00000048,ff9ff06f
1296,3,00000040,00001f17
1302,3,00000044,fc3f2023
1306,3,00000048,ff9ff06f
1314,3,00000040,00001f17
1320,3,00000044,fc3f2023
1324,3,00000048,ff9ff06f
1332,3,00000040,00001f17
1338,3,00000044,fc3f2023
1342,3,00000048,ff9ff06f
1350,3,00000040,00001f17
1356,3,00000044,fc3f2023
1360,3,00000048,ff9ff06f
1368,3,00000040,00001f17
1374,3,00000044,fc3f2023
1378,3,00000048,ff9ff06f
1386,3,00000040,00001f17
1392,3,00000044,fc3f2023
1396,3,00000048,ff9ff06f
1404,3,00000040,00001f17
1410,3,00000044,fc3f2023
1414,3,00000048,ff9ff06f
1422,3,00000040,00001f17
1428,3,00000044,fc3f2023
1432,3,00000048,ff9ff06f
1440,3,00000040,00001f17
1446,3,00000044,fc3f2023
1450,3,00000048,ff9ff06f
1458,3,00000040,00001f17
1464,3,00000044,fc3f2023
1468,3,00000048,ff9ff06f
1476,3,00000040,00001f17
1482,3,00000044,fc3f2023
1486,3,00000048,ff9ff06f
1494,3,00000040,00001f17
1500,3,00000044,fc3f2023
1504,3,00000048,ff9ff06f
1512,3,00000040,00001f17
1518,3,00000044,fc3f2023
1522,3,00000048,ff9ff06f
1530,3,00000040,00001f17
1536,3,00000044,fc3f2023
1540,3,00000048,ff9ff06f
1548,3,00000040,00001f17
1554,3,00000044,fc3f2023
1558,3,00000048,ff9ff06f
1566,3,00000040,00001f17
1572,3,00000044,fc3f2023
1576,3,00000048,ff9ff06f
1584,3,00000040,00001f17
1590,3,00000044,fc3f2023
1594,3,00000048,ff9ff06f
1602,3,00000040,00001f17
1608,3,00000044,fc3f2023
1612,3,00000048,ff9ff06f
1620,3,00000040,00001f17
1626,3,00000044,fc3f2023
1630,3,00000048,ff9ff06f
1638,3,00000040,00001f17
1644,3,00000044,fc3f2023
1648,3,00000048,ff9ff06f
1656,3,00000040,00001f17
1662,3,00000044,fc3f2023
1666,3,00000048,ff9ff06f
1674,3,00000040,00001f17
1680,3,00000044,fc3f2023
1684,3,00000048,ff9ff06f
1692,3,00000040,00001f17
1698,3,00000044,fc3f2023
1702,3,00000048,ff9ff06f
1710,3,00000040,00001f17
1716,3,00000044,fc3f2023
1720,3,00000048,ff9ff06f
1728,3,00000040,00001f17
1734,3,00000044,fc3f2023
1738,3,00000048,ff9ff06f
1746,3,00000040,00001f17
1752,3,00000044,fc3f2023
1756,3,00000048,ff9ff06f
1764,3,00000040,00001f17
1770,3,00000044,fc3f2023
1774,3,00000048,ff9ff06f
1782,3,00000040,00001f17
1788,3,00000044,fc3f2023
1792,3,00000048,ff9ff06f
1800,3,00000040,00001f17
1806,3,00000044,fc3f2023
1810,3,00000048,ff9ff06f
1818,3,00000040,00001f17
1824,3,00000044,fc3f2023
1828,3,00000048,ff9ff06f
1836,3,00000040,00001f17
1842,3,00000044,fc3f2023
1846,3,00000048,ff9ff06f
1854,3,00000040,00001f17
1860,3,00000044,fc3f2023
1864,3,00000048,ff9ff06f
1872,3,00000040,00001f17
1878,3,00000044,fc3f2023
1882,3,00000048,ff9ff06f
1890,3,00000040,00001f17
1896,3,00000044,fc3f2023
1900,3,00000048,ff9ff06f
1908,3,00000040,00001f17
1914,3,00000044,fc3f2023
1918,3,00000048,ff9ff06f
1926,3,00000040,00001f17
1932,3,00000044,fc3f2023
1936,3,00000048,ff9ff06f
1944,3,00000040,00001f17
1950,3,00000044,fc3f2023
1954,3,00000048,ff9ff06f
1962,3,00000040,00001f17
1968,3,00000044,fc3f2023
1972,3,00000048,ff9ff06f
1980,3,00000040,00001f17
1986,3,00000044,fc3f2023
1990,3,00000048,ff9ff06f
1998,3,00000040,00001f17
2004,3,00000044,fc3f2023
2008,3,00000048,ff9ff06f
2016,3,00000040,00001f17
2022,3,00000044,fc3f2023
2026,3,00000048,ff9ff06f
2034,3,00000040,00001f17
2040,3,00000044,fc3f2023
2044,3,00000048,ff9ff06f
2052,3,00000040,00001f17
2058,3,00000044,fc3f2023
2062,3,00000048,ff9ff06f
2070,3,00000040,00001f17
2076,3,00000044,fc3f2023
2080,3,00000048,ff9ff06f
2088,3,00000040,00001f17
2094,3,00000044,fc3f2023
2098,3,00000048,ff9ff06f
2106,3,00000040,00001f17
2112,3,00000044,fc3f2023
2116,3,00000048,ff9ff06f
2124,3,00000040,00001f17
2130,3,00000044,fc3f2023
2134,3,00000048,ff9ff06f
2142,3,00000040,00001f17
2148,3,00000044,fc3f2023
2152,3,00000048,ff9ff06f
2160,3,00000040,00001f17
2166,3,00000044,fc3f2023
2170,3,00000048,ff9ff06f
2178,3,00000040,00001f17
2184,3,00000044,fc3f2023
2188,3,00000048,ff9ff06f
2196,3,00000040,00001f17
2202,3,00000044,fc3f2023
2206,3,00000048,ff9ff06f
2214,3,00000040,00001f17
2220,3,00000044,fc3f2023
2224,3,00000048,ff9ff06f
2232,3,00000040,00001f17
2238,3,00000044,fc3f2023
2242,3,00000048,ff9ff06f
2250,3,00000040,00001f17
2256,3,00000044,fc3f2023
2260,3,00000048,ff9ff06f
2268,3,00000040,00001f17
2274,3,00000044,fc3f2023
2278,3,00000048,ff9ff06f
2286,3,00000040,00001f17
2292,3,00000044,fc3f2023
2296,3,00000048,ff9ff06f
2304,3,00000040,00001f17
2310,3,00000044,fc3f2023
2314,3,00000048,ff9ff06f
2322,3,00000040,00001f17
2328,3,00000044,fc3f2023
2332,3,00000048,ff9ff06f
2340,3,00000040,00001f17
2346,3,00000044,fc3f2023
2350,3,00000048,ff9ff06f
2358,3,00000040,00001f17
2364,3,00000044,fc3f2023
2368,3,00000048,ff9ff06f
2376,3,00000040,00001f17
2382,3,00000044,fc3f2023
2386,3,00000048,ff9ff06f
2394,3,00000040,00001f17
2400,3,00000044,fc3f2023
2404,3,00000048,ff9ff06f
2412,3,00000040,00001f17
2418,3,00000044,fc3f2023
2422,3,00000048,ff9ff06f
2430,3,00000040,00001f17
2436,3,00000044,fc3f2023
2440,3,00000048,ff9ff06f
2448,3,00000040,00001f17
2454,3,00000044,fc3f2023
2458,3,00000048,ff9ff06f
2466,3,00000040,00001f17
2472,3,00000044,fc3f2023
2476,3,00000048,ff9ff06f
2484,3,00000040,00001f17
2490,3,00000044,fc3f2023
2494,3,00000048,ff9ff06f
2502,3,00000040,00001f17
2508,3,00000044,fc3f2023
2512,3,00000048,ff9ff06f
2520,3,00000040,00001f17
2526,3,00000044,fc3f2023
2530,3,00000048,ff9ff06f
2538,3,00000040,00001f17
2544,3,00000044,fc3f2023
2548,3,00000048,ff9ff06f
2556,3,00000040,00001f17
2562,3,00000044,fc3f2023
2566,3,00000048,ff9ff06f
2574,3,00000040,00001f17
2580,3,00000044,fc3f2023
2584,3,00000048,ff9ff06f
2592,3,00000040,00001f17
2598,3,00000044,fc3f2023
2602,3,00000048,ff9ff06f
2610,3,00000040,00001f17
2616,3,00000044,fc3f2023
2620,3,00000048,ff9ff06f
2628,3,00000040,00001f17
2634,3,00000044,fc3f2023
2638,3,00000048,ff9ff06f
2646,3,00000040,00001f17
2652,3,00000044,fc3f2023
2656,3,00000048,ff9ff06f
2664,3,00000040,00001f17
2670,3,00000044,fc3f2023
2674,3,00000048,ff9ff06f
2682,3,00000040,00001f17
2688,3,00000044,fc3f2023
2692,3,00000048,ff9ff06f
2700,3,00000040,00001f17
2706,3,00000044,fc3f2023
2710,3,00000048,ff9ff06f
2718,3,00000040,00001f17
2724,3,00000044,fc3f2023
2728,3,00000048,ff9ff06f
2736,3,00000040,00001f17
2742,3,00000044,fc3f2023
2746,3,00000048,ff9ff06f
2754,3,00000040,00001f17
2760,3,00000044,fc3f2023
2764,3,00000048,ff9ff06f
2772,3,00000040,00001f17
2778,3,00000044,fc3f2023
2782,3,00000048,ff9ff06f
2790,3,00000040,00001f17
2796,3,00000044,fc3f2023
2800,3,00000048,ff9ff06f
2808,3,00000040,00001f17
2814,3,00000044,fc3f2023
2818,3,00000048,ff9ff06f
2826,3,00000040,00001f17
2832,3,00000044,fc3f2023
2836,3,00000048,ff9ff06f
2844,3,00000040,00001f17
2850,3,00000044,fc3f2023
2854,3,00000048,ff9ff06f
2862,3,00000040,00001f17
2868,3,00000044,fc3f2023
2872,3,00000048,ff9ff06f
2880,3,00000040,00001f17
2886,3,00000044,fc3f2023
2890,3,00000048,ff9ff06f
2898,3,00000040,00001f17
2904,3,00000044,fc3f2023
2908,3,00000048,ff9ff06f
2916,3,00000040,00001f17
2922,3,00000044,fc3f2023
2926,3,00000048,ff9ff06f
2934,3,00000040,00001f17
2940,3,00000044,fc3f2023
2944,3,00000048,ff9ff06f
2952,3,00000040,00001f17
2958,3,00000044,fc3f2023
2962,3,00000048,ff9ff06f
2970,3,00000040,00001f17
2976,3,00000044,fc3f2023
2980,3,00000048,ff9ff06f
2988,3,00000040,00001f17
2994,3,00000044,fc3f2023
2998,3,00000048,ff9ff06f
