44,3,00000000,04c0006f
52,3,0000004c,f1402573
56,3,00000050,00051063
60,3,00000054,30102573
64,3,00000058,00055863
72,3,00000068,00000e13
76,3,0000006c,00000297
80,3,00000070,f9828293
84,3,00000074,30529073
88,3,00000078,30205073
92,3,0000007c,30305073
96,3,00000080,30405073
100,3,00000084,00000297
104,3,00000088,f7c28293
108,3,0000008c,00028c63
116,3,000000a4,30005073
120,3,000000a8,00000297
124,3,000000ac,01428293
128,3,000000b0,34129073
132,3,000000b4,f1402573
136,3,000000b8,30200073
144,3,000000bc,00200e13
148,3,000000c0,00000093
152,3,000000c4,00000113
156,3,000000c8,0020d663
164,3,000000d4,fe20dee3
172,3,000000d0,01c01663
180,3,000000dc,00300e13
184,3,000000e0,00100093
188,3,000000e4,00100113
192,3,000000e8,0020d663
200,3,000000f4,fe20dee3
208,3,000000f0,01c01663
216,3,000000fc,00400e13
220,3,00000100,fff00093
224,3,00000104,fff00113
228,3,00000108,0020d663
236,3,00000114,fe20dee3
244,3,00000110,01c01663
252,3,0000011c,00500e13
256,3,00000120,00100093
260,3,00000124,00000113
264,3,00000128,0020d663
272,3,00000134,fe20dee3
280,3,00000130,01c01663
288,3,0000013c,00600e13
292,3,00000140,00100093
296,3,00000144,fff00113
300,3,00000148,0020d663
308,3,00000154,fe20dee3
316,3,00000150,01c01663
324,3,0000015c,00700e13
328,3,00000160,fff00093
332,3,00000164,ffe00113
336,3,00000168,0020d663
344,3,00000174,fe20dee3
352,3,00000170,01c01663
360,3,0000017c,00800e13
364,3,00000180,00000093
368,3,00000184,00100113
372,3,00000188,0020d463
376,3,0000018c,01c01463
384,3,00000194,fe20dee3
388,3,00000198,00900e13
392,3,0000019c,fff00093
396,3,000001a0,00100113
400,3,000001a4,0020d463
404,3,000001a8,01c01463
412,3,000001b0,fe20dee3
416,3,000001b4,00a00e13
420,3,000001b8,ffe00093
424,3,000001bc,fff00113
428,3,000001c0,0020d463
432,3,000001c4,01c01463
440,3,000001cc,fe20dee3
444,3,000001d0,00b00e13
448,3,000001d4,ffe00093
452,3,000001d8,00100113
456,3,000001dc,0020d463
460,3,000001e0,01c01463
468,3,000001e8,fe20dee3
472,3,000001ec,00c00e13
476,3,000001f0,00000213
480,3,000001f4,fff00093
484,3,000001f8,00000113
488,3,000001fc,1e20d063
492,3,00000200,00120213
496,3,00000204,00200293
500,3,00000208,fe5216e3
508,3,000001f4,fff00093
512,3,000001f8,00000113
516,3,000001fc,1e20d063
520,3,00000200,00120213
524,3,00000204,00200293
528,3,00000208,fe5216e3
532,3,0000020c,00d00e13
536,3,00000210,00000213
540,3,00000214,fff00093
544,3,00000218,00000113
548,3,0000021c,00000013
552,3,00000220,1a20de63
556,3,00000224,00120213
560,3,00000228,00200293
564,3,0000022c,fe5214e3
572,3,00000214,fff00093
576,3,00000218,00000113
580,3,0000021c,00000013
584,3,00000220,1a20de63
588,3,00000224,00120213
592,3,00000228,00200293
596,3,0000022c,fe5214e3
600,3,00000230,00e00e13
604,3,00000234,00000213
608,3,00000238,fff00093
612,3,0000023c,00000113
616,3,00000240,00000013
620,3,00000244,00000013
624,3,00000248,1820da63
628,3,0000024c,00120213
632,3,00000250,00200293
636,3,00000254,fe5212e3
644,3,00000238,fff00093
648,3,0000023c,00000113
652,3,00000240,00000013
656,3,00000244,00000013
660,3,00000248,1820da63
664,3,0000024c,00120213
668,3,00000250,00200293
672,3,00000254,fe5212e3
676,3,00000258,00f00e13
680,3,0000025c,00000213
684,3,00000260,fff00093
688,3,00000264,00000013
692,3,00000268,00000113
696,3,0000026c,1620d863
700,3,00000270,00120213
704,3,00000274,00200293
708,3,00000278,fe5214e3
716,3,00000260,fff00093
720,3,00000264,00000013
724,3,00000268,00000113
728,3,0000026c,1620d863
732,3,00000270,00120213
736,3,00000274,00200293
740,3,00000278,fe5214e3
744,3,0000027c,01000e13
748,3,00000280,00000213
752,3,00000284,fff00093
756,3,00000288,00000013
760,3,0000028c,00000113
764,3,00000290,00000013
768,3,00000294,1420d463
772,3,00000298,00120213
776,3,0000029c,00200293
780,3,000002a0,fe5212e3
788,3,00000284,fff00093
792,3,00000288,00000013
796,3,0000028c,00000113
800,3,00000290,00000013
804,3,00000294,1420d463
808,3,00000298,00120213
812,3,0000029c,00200293
816,3,000002a0,fe5212e3
820,3,000002a4,01100e13
824,3,000002a8,00000213
828,3,000002ac,fff00093
832,3,000002b0,00000013
836,3,000002b4,00000013
840,3,000002b8,00000113
844,3,000002bc,1220d063
848,3,000002c0,00120213
852,3,000002c4,00200293
856,3,000002c8,fe5212e3
864,3,000002ac,fff00093
868,3,000002b0,00000013
872,3,000002b4,00000013
876,3,000002b8,00000113
880,3,000002bc,1220d063
884,3,000002c0,00120213
888,3,000002c4,00200293
892,3,000002c8,fe5212e3
896,3,000002cc,01200e13
900,3,000002d0,00000213
904,3,000002d4,fff00093
908,3,000002d8,00000113
912,3,000002dc,1020d063
916,3,000002e0,00120213
920,3,000002e4,00200293
924,3,000002e8,fe5216e3
932,3,000002d4,fff00093
936,3,000002d8,00000113
940,3,000002dc,1020d063
944,3,000002e0,00120213
948,3,000002e4,00200293
952,3,000002e8,fe5216e3
956,3,000002ec,01300e13
960,3,000002f0,00000213
964,3,000002f4,fff00093
968,3,000002f8,00000113
972,3,000002fc,00000013
976,3,00000300,0c20de63
980,3,00000304,00120213
984,3,00000308,00200293
988,3,0000030c,fe5214e3
996,3,000002f4,fff00093
1000,3,000002f8,00000113
1004,3,000002fc,00000013
1008,3,00000300,0c20de63
1012,3,00000304,00120213
1016,3,00000308,00200293
1020,3,0000030c,fe5214e3
1024,3,00000310,01400e13
1028,3,00000314,00000213
1032,3,00000318,fff00093
1036,3,0000031c,00000113
1040,3,00000320,00000013
1044,3,00000324,00000013
1048,3,00000328,0a20da63
1052,3,0000032c,00120213
1056,3,00000330,00200293
1060,3,00000334,fe5212e3
1068,3,00000318,fff00093
1072,3,0000031c,00000113
1076,3,00000320,00000013
1080,3,00000324,00000013
1084,3,00000328,0a20da63
1088,3,0000032c,00120213
1092,3,00000330,00200293
1096,3,00000334,fe5212e3
1100,3,00000338,01500e13
1104,3,0000033c,00000213
1108,3,00000340,fff00093
1112,3,00000344,00000013
1116,3,00000348,00000113
1120,3,0000034c,0820d863
1124,3,00000350,00120213
1128,3,00000354,00200293
1132,3,00000358,fe5214e3
1140,3,00000340,fff00093
1144,3,00000344,00000013
1148,3,00000348,00000113
1152,3,0000034c,0820d863
1156,3,00000350,00120213
1160,3,00000354,00200293
1164,3,00000358,fe5214e3
1168,3,0000035c,01600e13
1172,3,00000360,00000213
1176,3,00000364,fff00093
1180,3,00000368,00000013
1184,3,0000036c,00000113
1188,3,00000370,00000013
1192,3,00000374,0620d463
1196,3,00000378,00120213
1200,3,0000037c,00200293
1204,3,00000380,fe5212e3
1212,3,00000364,fff00093
1216,3,00000368,00000013
1220,3,0000036c,00000113
1224,3,00000370,00000013
1228,3,00000374,0620d463
1232,3,00000378,00120213
1236,3,0000037c,00200293
1240,3,00000380,fe5212e3
1244,3,00000384,01700e13
1248,3,00000388,00000213
1252,3,0000038c,fff00093
1256,3,00000390,00000013
1260,3,00000394,00000013
1264,3,00000398,00000113
1268,3,0000039c,0420d063
1272,3,000003a0,00120213
1276,3,000003a4,00200293
1280,3,000003a8,fe5212e3
1288,3,0000038c,fff00093
1292,3,00000390,00000013
1296,3,00000394,00000013
1300,3,00000398,00000113
1304,3,0000039c,0420d063
1308,3,000003a0,00120213
1312,3,000003a4,00200293
1316,3,000003a8,fe5212e3
1320,3,000003ac,00100093
1324,3,000003b0,0000da63
1332,3,000003c4,00108093
1336,3,000003c8,00108093
1340,3,000003cc,00300e93
1344,3,000003d0,01800e13
1348,3,000003d4,01d09463
1352,3,000003d8,01c01c63
1360,3,000003f0,0ff0000f
1364,3,000003f4,00100e13
1368,3,000003f8,00000073
1376,3,00000004,34202f73
1380,3,00000008,00800f93
1384,3,0000000c,03ff0a63
1388,3,00000010,00900f93
1392,3,00000014,03ff0663
1396,3,00000018,00b00f93
1400,3,0000001c,03ff0263
1408,3,00000040,00001f17
1414,3,00000044,fdcf2023
1418,3,00000048,ff9ff06f
1426,3,00000040,00001f17
1432,3,00000044,fdcf2023
1436,3,00000048,ff9ff06f
1444,3,00000040,00001f17
1450,3,00000044,fdcf2023
1454,3,00000048,ff9ff06f
1462,3,00000040,00001f17
1468,3,00000044,fdcf2023
1472,3,00000048,ff9ff06f
1480,3,00000040,00001f17
1486,3,00000044,fdcf2023
1490,3,00000048,ff9ff06f
1498,3,00000040,00001f17
1504,3,00000044,fdcf2023
1508,3,00000048,ff9ff06f
1516,3,00000040,00001f17
1522,3,00000044,fdcf2023
1526,3,00000048,ff9ff06f
1534,3,00000040,00001f17
1540,3,00000044,fdcf2023
1544,3,00000048,ff9ff06f
1552,3,00000040,00001f17
1558,3,00000044,fdcf2023
1562,3,00000048,ff9ff06f
1570,3,00000040,00001f17
1576,3,00000044,fdcf2023
1580,3,00000048,ff9ff06f
1588,3,00000040,00001f17
1594,3,00000044,fdcf2023
1598,3,00000048,ff9ff06f
1606,3,00000040,00001f17
1612,3,00000044,fdcf2023
1616,3,00000048,ff9ff06f
1624,3,00000040,00001f17
1630,3,00000044,fdcf2023
1634,3,00000048,ff9ff06f
1642,3,00000040,00001f17
1648,3,00000044,fdcf2023
1652,3,00000048,ff9ff06f
1660,3,00000040,00001f17
1666,3,00000044,fdcf2023
1670,3,00000048,ff9ff06f
1678,3,00000040,00001f17
1684,3,00000044,fdcf2023
1688,3,00000048,ff9ff06f
1696,3,00000040,00001f17
1702,3,00000044,fdcf2023
1706,3,00000048,ff9ff06f
1714,3,00000040,00001f17
1720,3,00000044,fdcf2023
1724,3,00000048,ff9ff06f
1732,3,00000040,00001f17
1738,3,00000044,fdcf2023
1742,3,00000048,ff9ff06f
1750,3,00000040,00001f17
1756,3,00000044,fdcf2023
1760,3,00000048,ff9ff06f
1768,3,00000040,00001f17
1774,3,00000044,fdcf2023
1778,3,00000048,ff9ff06f
1786,3,00000040,00001f17
1792,3,00000044,fdcf2023
1796,3,00000048,ff9ff06f
1804,3,00000040,00001f17
1810,3,00000044,fdcf2023
1814,3,00000048,ff9ff06f
1822,3,00000040,00001f17
1828,3,00000044,fdcf2023
1832,3,00000048,ff9ff06f
1840,3,00000040,00001f17
1846,3,00000044,fdcf2023
1850,3,00000048,ff9ff06f
1858,3,00000040,00001f17
1864,3,00000044,fdcf2023
1868,3,00000048,ff9ff06f
1876,3,00000040,00001f17
1882,3,00000044,fdcf2023
1886,3,00000048,ff9ff06f
1894,3,00000040,00001f17
1900,3,00000044,fdcf2023
1904,3,00000048,ff9ff06f
1912,3,00000040,00001f17
1918,3,00000044,fdcf2023
1922,3,00000048,ff9ff06f
1930,3,00000040,00001f17
1936,3,00000044,fdcf2023
1940,3,00000048,ff9ff06f
1948,3,00000040,00001f17
1954,3,00000044,fdcf2023
1958,3,00000048,ff9ff06f
1966,3,00000040,00001f17
1972,3,00000044,fdcf2023
1976,3,00000048,ff9ff06f
1984,3,00000040,00001f17
1990,3,00000044,fdcf2023
1994,3,00000048,ff9ff06f
2002,3,00000040,00001f17
2008,3,00000044,fdcf2023
2012,3,00000048,ff9ff06f
2020,3,00000040,00001f17
2026,3,00000044,fdcf2023
2030,3,00000048,ff9ff06f
2038,3,00000040,00001f17
2044,3,00000044,fdcf2023
2048,3,00000048,ff9ff06f
2056,3,00000040,00001f17
2062,3,00000044,fdcf2023
2066,3,00000048,ff9ff06f
2074,3,00000040,00001f17
2080,3,00000044,fdcf2023
2084,3,00000048,ff9ff06f
2092,3,00000040,00001f17
2098,3,00000044,fdcf2023
2102,3,00000048,ff9ff06f
2110,3,00000040,00001f17
2116,3,00000044,fdcf2023
2120,3,00000048,ff9ff06f
2128,3,00000040,00001f17
2134,3,00000044,fdcf2023
2138,3,00000048,ff9ff06f
2146,3,00000040,00001f17
2152,3,00000044,fdcf2023
2156,3,00000048,ff9ff06f
2164,3,00000040,00001f17
2170,3,00000044,fdcf2023
2174,3,00000048,ff9ff06f
2182,3,00000040,00001f17
2188,3,00000044,fdcf2023
2192,3,00000048,ff9ff06f
2200,3,00000040,00001f17
2206,3,00000044,fdcf2023
2210,3,00000048,ff9ff06f
2218,3,00000040,00001f17
2224,3,00000044,fdcf2023
2228,3,00000048,ff9ff06f
2236,3,00000040,00001f17
2242,3,00000044,fdcf2023
2246,3,00000048,ff9ff06f
2254,3,00000040,00001f17
2260,3,00000044,fdcf2023
2264,3,00000048,ff9ff06f
2272,3,00000040,00001f17
2278,3,00000044,fdcf2023
2282,3,00000048,ff9ff06f
2290,3,00000040,00001f17
2296,3,00000044,fdcf2023
2300,3,00000048,ff9ff06f
2308,3,00000040,00001f17
2314,3,00000044,fdcf2023
2318,3,00000048,ff9ff06f
2326,3,00000040,00001f17
2332,3,00000044,fdcf2023
2336,3,00000048,ff9ff06f
2344,3,00000040,00001f17
2350,3,00000044,fdcf2023
2354,3,00000048,ff9ff06f
2362,3,00000040,00001f17
2368,3,00000044,fdcf2023
2372,3,00000048,ff9ff06f
2380,3,00000040,00001f17
2386,3,00000044,fdcf2023
2390,3,00000048,ff9ff06f
2398,3,00000040,00001f17
2404,3,00000044,fdcf2023
2408,3,00000048,ff9ff06f
2416,3,00000040,00001f17
2422,3,00000044,fdcf2023
2426,3,00000048,ff9ff06f
2434,3,00000040,00001f17
2440,3,00000044,fdcf2023
2444,3,00000048,ff9ff06f
2452,3,00000040,00001f17
2458,3,00000044,fdcf2023
2462,3,00000048,ff9ff06f
2470,3,00000040,00001f17
2476,3,00000044,fdcf2023
2480,3,00000048,ff9ff06f
2488,3,00000040,00001f17
2494,3,00000044,fdcf2023
2498,3,00000048,ff9ff06f
2506,3,00000040,00001f17
2512,3,00000044,fdcf2023
2516,3,00000048,ff9ff06f
2524,3,00000040,00001f17
2530,3,00000044,fdcf2023
2534,3,00000048,ff9ff06f
2542,3,00000040,00001f17
2548,3,00000044,fdcf2023
2552,3,00000048,ff9ff06f
2560,3,00000040,00001f17
2566,3,00000044,fdcf2023
2570,3,00000048,ff9ff06f
2578,3,00000040,00001f17
2584,3,00000044,fdcf2023
2588,3,00000048,ff9ff06f
2596,3,00000040,00001f17
2602,3,00000044,fdcf2023
2606,3,00000048,ff9ff06f
2614,3,00000040,00001f17
2620,3,00000044,fdcf2023
2624,3,00000048,ff9ff06f
2632,3,00000040,00001f17
2638,3,00000044,fdcf2023
2642,3,00000048,ff9ff06f
2650,3,00000040,00001f17
2656,3,00000044,fdcf2023
2660,3,00000048,ff9ff06f
2668,3,00000040,00001f17
2674,3,00000044,fdcf2023
2678,3,00000048,ff9ff06f
2686,3,00000040,00001f17
2692,3,00000044,fdcf2023
2696,3,00000048,ff9ff06f
2704,3,00000040,00001f17
2710,3,00000044,fdcf2023
2714,3,00000048,ff9ff06f
2722,3,00000040,00001f17
2728,3,00000044,fdcf2023
2732,3,00000048,ff9ff06f
2740,3,00000040,00001f17
2746,3,00000044,fdcf2023
2750,3,00000048,ff9ff06f
2758,3,00000040,00001f17
2764,3,00000044,fdcf2023
2768,3,00000048,ff9ff06f
2776,3,00000040,00001f17
2782,3,00000044,fdcf2023
2786,3,00000048,ff9ff06f
2794,3,00000040,00001f17
2800,3,00000044,fdcf2023
2804,3,00000048,ff9ff06f
2812,3,00000040,00001f17
2818,3,00000044,fdcf2023
2822,3,00000048,ff9ff06f
2830,3,00000040,00001f17
2836,3,00000044,fdcf2023
2840,3,00000048,ff9ff06f
2848,3,00000040,00001f17
2854,3,00000044,fdcf2023
2858,3,00000048,ff9ff06f
2866,3,00000040,00001f17
2872,3,00000044,fdcf2023
2876,3,00000048,ff9ff06f
2884,3,00000040,00001f17
2890,3,00000044,fdcf2023
2894,3,00000048,ff9ff06f
2902,3,00000040,00001f17
2908,3,00000044,fdcf2023
2912,3,00000048,ff9ff06f
2920,3,00000040,00001f17
2926,3,00000044,fdcf2023
2930,3,00000048,ff9ff06f
2938,3,00000040,00001f17
2944,3,00000044,fdcf2023
2948,3,00000048,ff9ff06f
2956,3,00000040,00001f17
2962,3,00000044,fdcf2023
2966,3,00000048,ff9ff06f
2974,3,00000040,00001f17
2980,3,00000044,fdcf2023
2984,3,00000048,ff9ff06f
2992,3,00000040,00001f17
2998,3,00000044,fdcf2023
3002,3,00000048,ff9ff06f
3010,3,00000040,00001f17
3016,3,00000044,fdcf2023
3020,3,00000048,ff9ff06f
3028,3,00000040,00001f17
3034,3,00000044,fdcf2023
3038,3,00000048,ff9ff06f
3046,3,00000040,00001f17
3052,3,00000044,fdcf2023
3056,3,00000048,ff9ff06f
3064,3,00000040,00001f17
3070,3,00000044,fdcf2023
3074,3,00000048,ff9ff06f
3082,3,00000040,00001f17
3088,3,00000044,fdcf2023
3092,3,00000048,ff9ff06f
3100,3,00000040,00001f17
3106,3,00000044,fdcf2023
3110,3,00000048,ff9ff06f
3118,3,00000040,00001f17
3124,3,00000044,fdcf2023
3128,3,00000048,ff9ff06f
3136,3,00000040,00001f17
3142,3,00000044,fdcf2023
3146,3,00000048,ff9ff06f
3154,3,00000040,00001f17
3160,3,00000044,fdcf2023
3164,3,00000048,ff9ff06f
3172,3,00000040,00001f17
3178,3,00000044,fdcf2023
3182,3,00000048,ff9ff06f
3190,3,00000040,00001f17
3196,3,00000044,fdcf2023
3200,3,00000048,ff9ff06f
3208,3,00000040,00001f17
3214,3,00000044,fdcf2023
3218,3,00000048,ff9ff06f
3226,3,00000040,00001f17
3232,3,00000044,fdcf2023
3236,3,00000048,ff9ff06f
3244,3,00000040,00001f17
3250,3,00000044,fdcf2023
3254,3,00000048,ff9ff06f
3262,3,00000040,00001f17
3268,3,00000044,fdcf2023
3272,3,00000048,ff9ff06f
3280,3,00000040,00001f17
3286,3,00000044,fdcf2023
3290,3,00000048,ff9ff06f
3298,3,00000040,00001f17
3304,3,00000044,fdcf2023
3308,3,00000048,ff9ff06f
3316,3,00000040,00001f17
3322,3,00000044,fdcf2023
3326,3,00000048,ff9ff06f
3334,3,00000040,00001f17
3340,3,00000044,fdcf2023
3344,3,00000048,ff9ff06f
3352,3,00000040,00001f17
3358,3,00000044,fdcf2023
3362,3,00000048,ff9ff06f
3370,3,00000040,00001f17
3376,3,00000044,fdcf2023
3380,3,00000048,ff9ff06f
3388,3,00000040,00001f17
3394,3,00000044,fdcf2023
3398,3,00000048,ff9ff06f
3406,3,00000040,00001f17
3412,3,00000044,fdcf2023
3416,3,00000048,ff9ff06f
3424,3,00000040,00001f17
3430,3,00000044,fdcf2023
3434,3,00000048,ff9ff06f
3442,3,00000040,00001f17
3448,3,00000044,fdcf2023
3452,3,00000048,ff9ff06f
3460,3,00000040,00001f17
3466,3,00000044,fdcf2023
3470,3,00000048,ff9ff06f
3478,3,00000040,00001f17
3484,3,00000044,fdcf2023
3488,3,00000048,ff9ff06f
3496,3,00000040,00001f17
3502,3,00000044,fdcf2023
3506,3,00000048,ff9ff06f
3514,3,00000040,00001f17
3520,3,00000044,fdcf2023
3524,3,00000048,ff9ff06f
3532,3,00000040,00001f17
3538,3,00000044,fdcf2023
3542,3,00000048,ff9ff06f
3550,3,00000040,00001f17
3556,3,00000044,fdcf2023
3560,3,00000048,ff9ff06f
3568,3,00000040,00001f17
3574,3,00000044,fdcf2023
3578,3,00000048,ff9ff06f
3586,3,00000040,00001f17
3592,3,00000044,fdcf2023
3596,3,00000048,ff9ff06f
3604,3,00000040,00001f17
3610,3,00000044,fdcf2023
3614,3,00000048,ff9ff06f
3622,3,00000040,00001f17
3628,3,00000044,fdcf2023
3632,3,00000048,ff9ff06f
3640,3,00000040,00001f17
3646,3,00000044,fdcf2023
3650,3,00000048,ff9ff06f
3658,3,00000040,00001f17
3664,3,00000044,fdcf2023
3668,3,00000048,ff9ff06f
3676,3,00000040,00001f17
3682,3,00000044,fdcf2023
3686,3,00000048,ff9ff06f
3694,3,00000040,00001f17
3700,3,00000044,fdcf2023
3704,3,00000048,ff9ff06f
3712,3,00000040,00001f17
3718,3,00000044,fdcf2023
3722,3,00000048,ff9ff06f
3730,3,00000040,00001f17
3736,3,00000044,fdcf2023
3740,3,00000048,ff9ff06f
3748,3,00000040,00001f17
3754,3,00000044,fdcf2023
3758,3,00000048,ff9ff06f
3766,3,00000040,00001f17
3772,3,00000044,fdcf2023
3776,3,00000048,ff9ff06f
3784,3,00000040,00001f17
3790,3,00000044,fdcf2023
3794,3,00000048,ff9ff06f
3802,3,00000040,00001f17
3808,3,00000044,fdcf2023
3812,3,00000048,ff9ff06f
3820,3,00000040,00001f17
3826,3,00000044,fdcf2023
3830,3,00000048,ff9ff06f
3838,3,00000040,00001f17
3844,3,00000044,fdcf2023
3848,3,00000048,ff9ff06f
3856,3,00000040,00001f17
3862,3,00000044,fdcf2023
3866,3,00000048,ff9ff06f
3874,3,00000040,00001f17
3880,3,00000044,fdcf2023
3884,3,00000048,ff9ff06f
3892,3,00000040,00001f17
3898,3,00000044,fdcf2023
