44,3,00000000,04c0006f
52,3,0000004c,f1402573
56,3,00000050,00051063
60,3,00000054,00000297
64,3,00000058,01028293
68,3,0000005c,30529073
80,3,00000064,00000297
84,3,00000068,01c28293
88,3,0000006c,30529073
92,3,00000070,fff00293
104,3,00000080,00000297
108,3,00000084,01828293
112,3,00000088,30529073
116,3,0000008c,30205073
120,3,00000090,30305073
124,3,00000094,30405073
128,3,00000098,00000193
132,3,0000009c,00000297
136,3,000000a0,f6828293
140,3,000000a4,30529073
144,3,000000a8,00100513
148,3,000000ac,01f51513
152,3,000000b0,00054863
160,3,000000c0,00000297
164,3,000000c4,f4028293
168,3,000000c8,00028e63
176,3,000000e4,30005073
180,3,000000e8,00000297
184,3,000000ec,01428293
188,3,000000f0,34129073
192,3,000000f4,f1402573
196,3,000000f8,30200073
204,3,000000fc,00002097
208,3,00000100,f0408093
214,3,00000104,0000df03
218,3,00000108,0ff00e93
222,3,0000010c,00200193
226,3,00000110,27df1663
230,3,00000114,00002097
234,3,00000118,eec08093
240,3,0000011c,0020df03
244,3,00000120,00010eb7
248,3,00000124,f00e8e93
252,3,00000128,00300193
256,3,0000012c,25df1863
260,3,00000130,00002097
264,3,00000134,ed008093
270,3,00000138,0040df03
274,3,0000013c,00001eb7
278,3,00000140,ff0e8e93
282,3,00000144,00400193
286,3,00000148,23df1a63
290,3,0000014c,00002097
294,3,00000150,eb408093
300,3,00000154,0060df03
304,3,00000158,0000feb7
308,3,0000015c,00fe8e93
312,3,00000160,00500193
316,3,00000164,21df1c63
320,3,00000168,00002097
324,3,0000016c,e9e08093
330,3,00000170,ffa0df03
334,3,00000174,0ff00e93
338,3,00000178,00600193
342,3,0000017c,21df1063
346,3,00000180,00002097
350,3,00000184,e8608093
356,3,00000188,ffc0df03
360,3,0000018c,00010eb7
364,3,00000190,f00e8e93
368,3,00000194,00700193
372,3,00000198,1fdf1263
376,3,0000019c,00002097
380,3,000001a0,e6a08093
386,3,000001a4,ffe0df03
390,3,000001a8,00001eb7
394,3,000001ac,ff0e8e93
398,3,000001b0,00800193
402,3,000001b4,1ddf1463
406,3,000001b8,00002097
410,3,000001bc,e4e08093
416,3,000001c0,0000df03
420,3,000001c4,0000feb7
424,3,000001c8,00fe8e93
428,3,000001cc,00900193
432,3,000001d0,1bdf1663
436,3,000001d4,00002097
440,3,000001d8,e2c08093
444,3,000001dc,fe008093
450,3,000001e0,0200d283
454,3,000001e4,0ff00e93
458,3,000001e8,00a00193
462,3,000001ec,19d29863
466,3,000001f0,00002097
470,3,000001f4,e1008093
474,3,000001f8,ffb08093
480,3,000001fc,0070d283
484,3,00000200,00010eb7
488,3,00000204,f00e8e93
492,3,00000208,00b00193
496,3,0000020c,17d29863
500,3,00000210,00c00193
504,3,00000214,00000213
508,3,00000218,00002097
512,3,0000021c,dea08093
518,3,00000220,0020df03
522,3,00000224,000f0313
526,3,00000228,00001eb7
530,3,0000022c,ff0e8e93
534,3,00000230,15d31663
538,3,00000234,00120213
542,3,00000238,00200293
546,3,0000023c,fc521ee3
554,3,00000218,00002097
558,3,0000021c,dea08093
564,3,00000220,0020df03
568,3,00000224,000f0313
572,3,00000228,00001eb7
576,3,0000022c,ff0e8e93
580,3,00000230,15d31663
584,3,00000234,00120213
588,3,00000238,00200293
592,3,0000023c,fc521ee3
596,3,00000240,00d00193
600,3,00000244,00000213
604,3,00000248,00002097
608,3,0000024c,dbc08093
614,3,00000250,0020df03
618,3,00000254,00000013
622,3,00000258,000f0313
626,3,0000025c,0000feb7
630,3,00000260,00fe8e93
634,3,00000264,11d31c63
638,3,00000268,00120213
642,3,0000026c,00200293
646,3,00000270,fc521ce3
654,3,00000248,00002097
658,3,0000024c,dbc08093
664,3,00000250,0020df03
668,3,00000254,00000013
672,3,00000258,000f0313
676,3,0000025c,0000feb7
680,3,00000260,00fe8e93
684,3,00000264,11d31c63
688,3,00000268,00120213
692,3,0000026c,00200293
696,3,00000270,fc521ce3
700,3,00000274,00e00193
704,3,00000278,00000213
708,3,0000027c,00002097
712,3,00000280,d8408093
718,3,00000284,0020df03
722,3,00000288,00000013
726,3,0000028c,00000013
730,3,00000290,000f0313
734,3,00000294,00010eb7
738,3,00000298,f00e8e93
742,3,0000029c,0fd31063
746,3,000002a0,00120213
750,3,000002a4,00200293
754,3,000002a8,fc521ae3
762,3,0000027c,00002097
766,3,00000280,d8408093
772,3,00000284,0020df03
776,3,00000288,00000013
780,3,0000028c,00000013
784,3,00000290,000f0313
788,3,00000294,00010eb7
792,3,00000298,f00e8e93
796,3,0000029c,0fd31063
800,3,000002a0,00120213
804,3,000002a4,00200293
808,3,000002a8,fc521ae3
812,3,000002ac,00f00193
816,3,000002b0,00000213
820,3,000002b4,00002097
824,3,000002b8,d4e08093
830,3,000002bc,0020df03
834,3,000002c0,00001eb7
838,3,000002c4,ff0e8e93
842,3,000002c8,0bdf1a63
846,3,000002cc,00120213
850,3,000002d0,00200293
854,3,000002d4,fe5210e3
862,3,000002b4,00002097
866,3,000002b8,d4e08093
872,3,000002bc,0020df03
876,3,000002c0,00001eb7
880,3,000002c4,ff0e8e93
884,3,000002c8,0bdf1a63
888,3,000002cc,00120213
892,3,000002d0,00200293
896,3,000002d4,fe5210e3
900,3,000002d8,01000193
904,3,000002dc,00000213
908,3,000002e0,00002097
912,3,000002e4,d2408093
916,3,000002e8,00000013
922,3,000002ec,0020df03
926,3,000002f0,0000feb7
930,3,000002f4,00fe8e93
934,3,000002f8,09df1263
938,3,000002fc,00120213
942,3,00000300,00200293
946,3,00000304,fc521ee3
954,3,000002e0,00002097
958,3,000002e4,d2408093
962,3,000002e8,00000013
968,3,000002ec,0020df03
972,3,000002f0,0000feb7
976,3,000002f4,00fe8e93
980,3,000002f8,09df1263
984,3,000002fc,00120213
988,3,00000300,00200293
992,3,00000304,fc521ee3
996,3,00000308,01100193
1000,3,0000030c,00000213
1004,3,00000310,00002097
1008,3,00000314,cf008093
1012,3,00000318,00000013
1016,3,0000031c,00000013
1022,3,00000320,0020df03
1026,3,00000324,00010eb7
1030,3,00000328,f00e8e93
1034,3,0000032c,05df1863
1038,3,00000330,00120213
1042,3,00000334,00200293
1046,3,00000338,fc521ce3
1054,3,00000310,00002097
1058,3,00000314,cf008093
1062,3,00000318,00000013
1066,3,0000031c,00000013
1072,3,00000320,0020df03
1076,3,00000324,00010eb7
1080,3,00000328,f00e8e93
1084,3,0000032c,05df1863
1088,3,00000330,00120213
1092,3,00000334,00200293
1096,3,00000338,fc521ce3
1100,3,0000033c,00002297
1104,3,00000340,cc428293
1110,3,00000344,0002d103
1114,3,00000348,00200113
1118,3,0000034c,00200e93
1122,3,00000350,01200193
1126,3,00000354,03d11463
1130,3,00000358,00002297
1134,3,0000035c,ca828293
1140,3,00000360,0002d103
1144,3,00000364,00000013
1148,3,00000368,00200113
1152,3,0000036c,00200e93
1156,3,00000370,01300193
1160,3,00000374,01d11463
1164,3,00000378,00301c63
1172,3,00000390,0ff0000f
1176,3,00000394,00100193
1180,3,00000398,00000073
1188,3,00000004,34202f73
1192,3,00000008,00800f93
1196,3,0000000c,03ff0a63
1200,3,00000010,00900f93
1204,3,00000014,03ff0663
1208,3,00000018,00b00f93
1212,3,0000001c,03ff0263
1220,3,00000040,00001f17
1226,3,00000044,fc3f2023
1230,3,00000048,ff9ff06f
1238,3,00000040,00001f17
1244,3,00000044,fc3f2023
1248,3,00000048,ff9ff06f
1256,3,00000040,00001f17
1262,3,00000044,fc3f2023
1266,3,00000048,ff9ff06f
1274,3,00000040,00001f17
1280,3,00000044,fc3f2023
1284,3,00000048,ff9ff06f
1292,3,00000040,00001f17
1298,3,00000044,fc3f2023
1302,3,00000048,ff9ff06f
1310,3,00000040,00001f17
1316,3,00000044,fc3f2023
1320,3,00000048,ff9ff06f
1328,3,00000040,00001f17
1334,3,00000044,fc3f2023
1338,3,00000048,ff9ff06f
1346,3,00000040,00001f17
1352,3,00000044,fc3f2023
1356,3,00000048,ff9ff06f
1364,3,00000040,00001f17
1370,3,00000044,fc3f2023
1374,3,00000048,ff9ff06f
1382,3,00000040,00001f17
1388,3,00000044,fc3f2023
1392,3,00000048,ff9ff06f
1400,3,00000040,00001f17
1406,3,00000044,fc3f2023
1410,3,00000048,ff9ff06f
1418,3,00000040,00001f17
1424,3,00000044,fc3f2023
1428,3,00000048,ff9ff06f
1436,3,00000040,00001f17
1442,3,00000044,fc3f2023
1446,3,00000048,ff9ff06f
1454,3,00000040,00001f17
1460,3,00000044,fc3f2023
1464,3,00000048,ff9ff06f
1472,3,00000040,00001f17
1478,3,00000044,fc3f2023
1482,3,00000048,ff9ff06f
1490,3,00000040,00001f17
1496,3,00000044,fc3f2023
1500,3,00000048,ff9ff06f
1508,3,00000040,00001f17
1514,3,00000044,fc3f2023
1518,3,00000048,ff9ff06f
1526,3,00000040,00001f17
1532,3,00000044,fc3f2023
1536,3,00000048,ff9ff06f
1544,3,00000040,00001f17
1550,3,00000044,fc3f2023
1554,3,00000048,ff9ff06f
1562,3,00000040,00001f17
1568,3,00000044,fc3f2023
1572,3,00000048,ff9ff06f
1580,3,00000040,00001f17
1586,3,00000044,fc3f2023
1590,3,00000048,ff9ff06f
1598,3,00000040,00001f17
1604,3,00000044,fc3f2023
1608,3,00000048,ff9ff06f
1616,3,00000040,00001f17
1622,3,00000044,fc3f2023
1626,3,00000048,ff9ff06f
1634,3,00000040,00001f17
1640,3,00000044,fc3f2023
1644,3,00000048,ff9ff06f
1652,3,00000040,00001f17
1658,3,00000044,fc3f2023
1662,3,00000048,ff9ff06f
1670,3,00000040,00001f17
1676,3,00000044,fc3f2023
1680,3,00000048,ff9ff06f
1688,3,00000040,00001f17
1694,3,00000044,fc3f2023
1698,3,00000048,ff9ff06f
1706,3,00000040,00001f17
1712,3,00000044,fc3f2023
1716,3,00000048,ff9ff06f
1724,3,00000040,00001f17
1730,3,00000044,fc3f2023
1734,3,00000048,ff9ff06f
1742,3,00000040,00001f17
1748,3,00000044,fc3f2023
1752,3,00000048,ff9ff06f
1760,3,00000040,00001f17
1766,3,00000044,fc3f2023
1770,3,00000048,ff9ff06f
1778,3,00000040,00001f17
1784,3,00000044,fc3f2023
1788,3,00000048,ff9ff06f
1796,3,00000040,00001f17
1802,3,00000044,fc3f2023
1806,3,00000048,ff9ff06f
1814,3,00000040,00001f17
1820,3,00000044,fc3f2023
1824,3,00000048,ff9ff06f
1832,3,00000040,00001f17
1838,3,00000044,fc3f2023
1842,3,00000048,ff9ff06f
1850,3,00000040,00001f17
1856,3,00000044,fc3f2023
1860,3,00000048,ff9ff06f
1868,3,00000040,00001f17
1874,3,00000044,fc3f2023
1878,3,00000048,ff9ff06f
1886,3,00000040,00001f17
1892,3,00000044,fc3f2023
1896,3,00000048,ff9ff06f
1904,3,00000040,00001f17
1910,3,00000044,fc3f2023
1914,3,00000048,ff9ff06f
1922,3,00000040,00001f17
1928,3,00000044,fc3f2023
1932,3,00000048,ff9ff06f
1940,3,00000040,00001f17
1946,3,00000044,fc3f2023
1950,3,00000048,ff9ff06f
1958,3,00000040,00001f17
1964,3,00000044,fc3f2023
1968,3,00000048,ff9ff06f
1976,3,00000040,00001f17
1982,3,00000044,fc3f2023
1986,3,00000048,ff9ff06f
1994,3,00000040,00001f17
2000,3,00000044,fc3f2023
2004,3,00000048,ff9ff06f
2012,3,00000040,00001f17
2018,3,00000044,fc3f2023
2022,3,00000048,ff9ff06f
2030,3,00000040,00001f17
2036,3,00000044,fc3f2023
2040,3,00000048,ff9ff06f
2048,3,00000040,00001f17
2054,3,00000044,fc3f2023
2058,3,00000048,ff9ff06f
2066,3,00000040,00001f17
2072,3,00000044,fc3f2023
2076,3,00000048,ff9ff06f
2084,3,00000040,00001f17
2090,3,00000044,fc3f2023
2094,3,00000048,ff9ff06f
2102,3,00000040,00001f17
2108,3,00000044,fc3f2023
2112,3,00000048,ff9ff06f
2120,3,00000040,00001f17
2126,3,00000044,fc3f2023
2130,3,00000048,ff9ff06f
2138,3,00000040,00001f17
2144,3,00000044,fc3f2023
2148,3,00000048,ff9ff06f
2156,3,00000040,00001f17
2162,3,00000044,fc3f2023
2166,3,00000048,ff9ff06f
2174,3,00000040,00001f17
2180,3,00000044,fc3f2023
2184,3,00000048,ff9ff06f
2192,3,00000040,00001f17
2198,3,00000044,fc3f2023
2202,3,00000048,ff9ff06f
2210,3,00000040,00001f17
2216,3,00000044,fc3f2023
2220,3,00000048,ff9ff06f
2228,3,00000040,00001f17
2234,3,00000044,fc3f2023
2238,3,00000048,ff9ff06f
2246,3,00000040,00001f17
2252,3,00000044,fc3f2023
2256,3,00000048,ff9ff06f
2264,3,00000040,00001f17
2270,3,00000044,fc3f2023
2274,3,00000048,ff9ff06f
2282,3,00000040,00001f17
2288,3,00000044,fc3f2023
2292,3,00000048,ff9ff06f
2300,3,00000040,00001f17
2306,3,00000044,fc3f2023
2310,3,00000048,ff9ff06f
2318,3,00000040,00001f17
2324,3,00000044,fc3f2023
2328,3,00000048,ff9ff06f
2336,3,00000040,00001f17
2342,3,00000044,fc3f2023
2346,3,00000048,ff9ff06f
2354,3,00000040,00001f17
2360,3,00000044,fc3f2023
2364,3,00000048,ff9ff06f
2372,3,00000040,00001f17
2378,3,00000044,fc3f2023
2382,3,00000048,ff9ff06f
2390,3,00000040,00001f17
2396,3,00000044,fc3f2023
2400,3,00000048,ff9ff06f
2408,3,00000040,00001f17
2414,3,00000044,fc3f2023
2418,3,00000048,ff9ff06f
2426,3,00000040,00001f17
2432,3,00000044,fc3f2023
2436,3,00000048,ff9ff06f
2444,3,00000040,00001f17
2450,3,00000044,fc3f2023
2454,3,00000048,ff9ff06f
2462,3,00000040,00001f17
2468,3,00000044,fc3f2023
2472,3,00000048,ff9ff06f
2480,3,00000040,00001f17
2486,3,00000044,fc3f2023
2490,3,00000048,ff9ff06f
2498,3,00000040,00001f17
2504,3,00000044,fc3f2023
2508,3,00000048,ff9ff06f
2516,3,00000040,00001f17
2522,3,00000044,fc3f2023
2526,3,00000048,ff9ff06f
2534,3,00000040,00001f17
2540,3,00000044,fc3f2023
2544,3,00000048,ff9ff06f
2552,3,00000040,00001f17
2558,3,00000044,fc3f2023
2562,3,00000048,ff9ff06f
2570,3,00000040,00001f17
2576,3,00000044,fc3f2023
2580,3,00000048,ff9ff06f
2588,3,00000040,00001f17
2594,3,00000044,fc3f2023
2598,3,00000048,ff9ff06f
2606,3,00000040,00001f17
2612,3,00000044,fc3f2023
2616,3,00000048,ff9ff06f
2624,3,00000040,00001f17
2630,3,00000044,fc3f2023
2634,3,00000048,ff9ff06f
2642,3,00000040,00001f17
2648,3,00000044,fc3f2023
2652,3,00000048,ff9ff06f
2660,3,00000040,00001f17
2666,3,00000044,fc3f2023
2670,3,00000048,ff9ff06f
2678,3,00000040,00001f17
2684,3,00000044,fc3f2023
2688,3,00000048,ff9ff06f
2696,3,00000040,00001f17
2702,3,00000044,fc3f2023
2706,3,00000048,ff9ff06f
2714,3,00000040,00001f17
2720,3,00000044,fc3f2023
2724,3,00000048,ff9ff06f
2732,3,00000040,00001f17
2738,3,00000044,fc3f2023
2742,3,00000048,ff9ff06f
2750,3,00000040,00001f17
2756,3,00000044,fc3f2023
2760,3,00000048,ff9ff06f
2768,3,00000040,00001f17
2774,3,00000044,fc3f2023
2778,3,00000048,ff9ff06f
2786,3,00000040,00001f17
2792,3,00000044,fc3f2023
2796,3,00000048,ff9ff06f
2804,3,00000040,00001f17
2810,3,00000044,fc3f2023
2814,3,00000048,ff9ff06f
2822,3,00000040,00001f17
2828,3,00000044,fc3f2023
2832,3,00000048,ff9ff06f
2840,3,00000040,00001f17
2846,3,00000044,fc3f2023
2850,3,00000048,ff9ff06f
2858,3,00000040,00001f17
2864,3,00000044,fc3f2023
2868,3,00000048,ff9ff06f
2876,3,00000040,00001f17
2882,3,00000044,fc3f2023
2886,3,00000048,ff9ff06f
2894,3,00000040,00001f17
2900,3,00000044,fc3f2023
2904,3,00000048,ff9ff06f
2912,3,00000040,00001f17
2918,3,00000044,fc3f2023
2922,3,00000048,ff9ff06f
2930,3,00000040,00001f17
2936,3,00000044,fc3f2023
2940,3,00000048,ff9ff06f
2948,3,00000040,00001f17
2954,3,00000044,fc3f2023
2958,3,00000048,ff9ff06f
2966,3,00000040,00001f17
2972,3,00000044,fc3f2023
2976,3,00000048,ff9ff06f
2984,3,00000040,00001f17
2990,3,00000044,fc3f2023
2994,3,00000048,ff9ff06f
