44,3,00000000,04c0006f
52,3,0000004c,f1402573
56,3,00000050,00051063
60,3,00000054,00000297
64,3,00000058,01028293
68,3,0000005c,30529073
80,3,00000064,00000297
84,3,00000068,01c28293
88,3,0000006c,30529073
92,3,00000070,fff00293
104,3,00000080,00000297
108,3,00000084,01828293
112,3,00000088,30529073
116,3,0000008c,30205073
120,3,00000090,30305073
124,3,00000094,30405073
128,3,00000098,00000193
132,3,0000009c,00000297
136,3,000000a0,f6828293
140,3,000000a4,30529073
144,3,000000a8,00100513
148,3,000000ac,01f51513
152,3,000000b0,00054863
160,3,000000c0,00000297
164,3,000000c4,f4028293
168,3,000000c8,00028e63
176,3,000000e4,30005073
180,3,000000e8,00000297
184,3,000000ec,01428293
188,3,000000f0,34129073
192,3,000000f4,f1402573
196,3,000000f8,30200073
204,3,000000fc,00200193
208,3,00000100,00000093
212,3,00000104,00100113
216,3,00000108,0020e663
224,3,00000114,fe20eee3
232,3,00000110,00301663
240,3,0000011c,00300193
244,3,00000120,ffe00093
248,3,00000124,fff00113
252,3,00000128,0020e663
260,3,00000134,fe20eee3
268,3,00000130,00301663
276,3,0000013c,00400193
280,3,00000140,00000093
284,3,00000144,fff00113
288,3,00000148,0020e663
296,3,00000154,fe20eee3
304,3,00000150,00301663
312,3,0000015c,00500193
316,3,00000160,00100093
320,3,00000164,00000113
324,3,00000168,0020e463
328,3,0000016c,00301463
336,3,00000174,fe20eee3
340,3,00000178,00600193
344,3,0000017c,fff00093
348,3,00000180,ffe00113
352,3,00000184,0020e463
356,3,00000188,00301463
364,3,00000190,fe20eee3
368,3,00000194,00700193
372,3,00000198,fff00093
376,3,0000019c,00000113
380,3,000001a0,0020e463
384,3,000001a4,00301463
392,3,000001ac,fe20eee3
396,3,000001b0,00800193
400,3,000001b4,800000b7
404,3,000001b8,80000137
408,3,000001bc,fff10113
412,3,000001c0,0020e463
416,3,000001c4,00301463
424,3,000001cc,fe20eee3
428,3,000001d0,00900193
432,3,000001d4,00000213
436,3,000001d8,f00000b7
440,3,000001dc,f0000137
444,3,000001e0,fff10113
448,3,000001e4,2020e663
452,3,000001e8,00120213
456,3,000001ec,00200293
460,3,000001f0,fe5214e3
468,3,000001d8,f00000b7
472,3,000001dc,f0000137
476,3,000001e0,fff10113
480,3,000001e4,2020e663
484,3,000001e8,00120213
488,3,000001ec,00200293
492,3,000001f0,fe5214e3
496,3,000001f4,00a00193
500,3,000001f8,00000213
504,3,000001fc,f00000b7
508,3,00000200,f0000137
512,3,00000204,fff10113
516,3,00000208,00000013
520,3,0000020c,1e20e263
524,3,00000210,00120213
528,3,00000214,00200293
532,3,00000218,fe5212e3
540,3,000001fc,f00000b7
544,3,00000200,f0000137
548,3,00000204,fff10113
552,3,00000208,00000013
556,3,0000020c,1e20e263
560,3,00000210,00120213
564,3,00000214,00200293
568,3,00000218,fe5212e3
572,3,0000021c,00b00193
576,3,00000220,00000213
580,3,00000224,f00000b7
584,3,00000228,f0000137
588,3,0000022c,fff10113
592,3,00000230,00000013
596,3,00000234,00000013
600,3,00000238,1a20ec63
604,3,0000023c,00120213
608,3,00000240,00200293
612,3,00000244,fe5210e3
620,3,00000224,f00000b7
624,3,00000228,f0000137
628,3,0000022c,fff10113
632,3,00000230,00000013
636,3,00000234,00000013
640,3,00000238,1a20ec63
644,3,0000023c,00120213
648,3,00000240,00200293
652,3,00000244,fe5210e3
656,3,00000248,00c00193
660,3,0000024c,00000213
664,3,00000250,f00000b7
668,3,00000254,00000013
672,3,00000258,f0000137
676,3,0000025c,fff10113
680,3,00000260,1820e863
684,3,00000264,00120213
688,3,00000268,00200293
692,3,0000026c,fe5212e3
700,3,00000250,f00000b7
704,3,00000254,00000013
708,3,00000258,f0000137
712,3,0000025c,fff10113
716,3,00000260,1820e863
720,3,00000264,00120213
724,3,00000268,00200293
728,3,0000026c,fe5212e3
732,3,00000270,00d00193
736,3,00000274,00000213
740,3,00000278,f00000b7
744,3,0000027c,00000013
748,3,00000280,f0000137
752,3,00000284,fff10113
756,3,00000288,00000013
760,3,0000028c,1620e263
764,3,00000290,00120213
768,3,00000294,00200293
772,3,00000298,fe5210e3
780,3,00000278,f00000b7
784,3,0000027c,00000013
788,3,00000280,f0000137
792,3,00000284,fff10113
796,3,00000288,00000013
800,3,0000028c,1620e263
804,3,00000290,00120213
808,3,00000294,00200293
812,3,00000298,fe5210e3
816,3,0000029c,00e00193
820,3,000002a0,00000213
824,3,000002a4,f00000b7
828,3,000002a8,00000013
832,3,000002ac,00000013
836,3,000002b0,f0000137
840,3,000002b4,fff10113
844,3,000002b8,1220ec63
848,3,000002bc,00120213
852,3,000002c0,00200293
856,3,000002c4,fe5210e3
864,3,000002a4,f00000b7
868,3,000002a8,00000013
872,3,000002ac,00000013
876,3,000002b0,f0000137
880,3,000002b4,fff10113
884,3,000002b8,1220ec63
888,3,000002bc,00120213
892,3,000002c0,00200293
896,3,000002c4,fe5210e3
900,3,000002c8,00f00193
904,3,000002cc,00000213
908,3,000002d0,f00000b7
912,3,000002d4,f0000137
916,3,000002d8,fff10113
920,3,000002dc,1020ea63
924,3,000002e0,00120213
928,3,000002e4,00200293
932,3,000002e8,fe5214e3
940,3,000002d0,f00000b7
944,3,000002d4,f0000137
948,3,000002d8,fff10113
952,3,000002dc,1020ea63
956,3,000002e0,00120213
960,3,000002e4,00200293
964,3,000002e8,fe5214e3
968,3,000002ec,01000193
972,3,000002f0,00000213
976,3,000002f4,f00000b7
980,3,000002f8,f0000137
984,3,000002fc,fff10113
988,3,00000300,00000013
992,3,00000304,0e20e663
996,3,00000308,00120213
1000,3,0000030c,00200293
1004,3,00000310,fe5212e3
1012,3,000002f4,f00000b7
1016,3,000002f8,f0000137
1020,3,000002fc,fff10113
1024,3,00000300,00000013
1028,3,00000304,0e20e663
1032,3,00000308,00120213
1036,3,0000030c,00200293
1040,3,00000310,fe5212e3
1044,3,00000314,01100193
1048,3,00000318,00000213
1052,3,0000031c,f00000b7
1056,3,00000320,f0000137
1060,3,00000324,fff10113
1064,3,00000328,00000013
1068,3,0000032c,00000013
1072,3,00000330,0c20e063
1076,3,00000334,00120213
1080,3,00000338,00200293
1084,3,0000033c,fe5210e3
1092,3,0000031c,f00000b7
1096,3,00000320,f0000137
1100,3,00000324,fff10113
1104,3,00000328,00000013
1108,3,0000032c,00000013
1112,3,00000330,0c20e063
1116,3,00000334,00120213
1120,3,00000338,00200293
1124,3,0000033c,fe5210e3
1128,3,00000340,01200193
1132,3,00000344,00000213
1136,3,00000348,f00000b7
1140,3,0000034c,00000013
1144,3,00000350,f0000137
1148,3,00000354,fff10113
1152,3,00000358,0820ec63
1156,3,0000035c,00120213
1160,3,00000360,00200293
1164,3,00000364,fe5212e3
1172,3,00000348,f00000b7
1176,3,0000034c,00000013
1180,3,00000350,f0000137
1184,3,00000354,fff10113
1188,3,00000358,0820ec63
1192,3,0000035c,00120213
1196,3,00000360,00200293
1200,3,00000364,fe5212e3
1204,3,00000368,01300193
1208,3,0000036c,00000213
1212,3,00000370,f00000b7
1216,3,00000374,00000013
1220,3,00000378,f0000137
1224,3,0000037c,fff10113
1228,3,00000380,00000013
1232,3,00000384,0620e663
1236,3,00000388,00120213
1240,3,0000038c,00200293
1244,3,00000390,fe5210e3
1252,3,00000370,f00000b7
1256,3,00000374,00000013
1260,3,00000378,f0000137
1264,3,0000037c,fff10113
1268,3,00000380,00000013
1272,3,00000384,0620e663
1276,3,00000388,00120213
1280,3,0000038c,00200293
1284,3,00000390,fe5210e3
1288,3,00000394,01400193
1292,3,00000398,00000213
1296,3,0000039c,f00000b7
1300,3,000003a0,00000013
1304,3,000003a4,00000013
1308,3,000003a8,f0000137
1312,3,000003ac,fff10113
1316,3,000003b0,0420e063
1320,3,000003b4,00120213
1324,3,000003b8,00200293
1328,3,000003bc,fe5210e3
1336,3,0000039c,f00000b7
1340,3,000003a0,00000013
1344,3,000003a4,00000013
1348,3,000003a8,f0000137
1352,3,000003ac,fff10113
1356,3,000003b0,0420e063
1360,3,000003b4,00120213
1364,3,000003b8,00200293
1368,3,000003bc,fe5210e3
1372,3,000003c0,00100093
1376,3,000003c4,00106a63
1384,3,000003d8,00108093
1388,3,000003dc,00108093
1392,3,000003e0,00300e93
1396,3,000003e4,01500193
1400,3,000003e8,01d09463
1404,3,000003ec,00301c63
1412,3,00000404,0ff0000f
1416,3,00000408,00100193
1420,3,0000040c,00000073
1428,3,00000004,34202f73
1432,3,00000008,00800f93
1436,3,0000000c,03ff0a63
1440,3,00000010,00900f93
1444,3,00000014,03ff0663
1448,3,00000018,00b00f93
1452,3,0000001c,03ff0263
1460,3,00000040,00001f17
1466,3,00000044,fc3f2023
1470,3,00000048,ff9ff06f
1478,3,00000040,00001f17
1484,3,00000044,fc3f2023
1488,3,00000048,ff9ff06f
1496,3,00000040,00001f17
1502,3,00000044,fc3f2023
1506,3,00000048,ff9ff06f
1514,3,00000040,00001f17
1520,3,00000044,fc3f2023
1524,3,00000048,ff9ff06f
1532,3,00000040,00001f17
1538,3,00000044,fc3f2023
1542,3,00000048,ff9ff06f
1550,3,00000040,00001f17
1556,3,00000044,fc3f2023
1560,3,00000048,ff9ff06f
1568,3,00000040,00001f17
1574,3,00000044,fc3f2023
1578,3,00000048,ff9ff06f
1586,3,00000040,00001f17
1592,3,00000044,fc3f2023
1596,3,00000048,ff9ff06f
1604,3,00000040,00001f17
1610,3,00000044,fc3f2023
1614,3,00000048,ff9ff06f
1622,3,00000040,00001f17
1628,3,00000044,fc3f2023
1632,3,00000048,ff9ff06f
1640,3,00000040,00001f17
1646,3,00000044,fc3f2023
1650,3,00000048,ff9ff06f
1658,3,00000040,00001f17
1664,3,00000044,fc3f2023
1668,3,00000048,ff9ff06f
1676,3,00000040,00001f17
1682,3,00000044,fc3f2023
1686,3,00000048,ff9ff06f
1694,3,00000040,00001f17
1700,3,00000044,fc3f2023
1704,3,00000048,ff9ff06f
1712,3,00000040,00001f17
1718,3,00000044,fc3f2023
1722,3,00000048,ff9ff06f
1730,3,00000040,00001f17
1736,3,00000044,fc3f2023
1740,3,00000048,ff9ff06f
1748,3,00000040,00001f17
1754,3,00000044,fc3f2023
1758,3,00000048,ff9ff06f
1766,3,00000040,00001f17
1772,3,00000044,fc3f2023
1776,3,00000048,ff9ff06f
1784,3,00000040,00001f17
1790,3,00000044,fc3f2023
1794,3,00000048,ff9ff06f
1802,3,00000040,00001f17
1808,3,00000044,fc3f2023
1812,3,00000048,ff9ff06f
1820,3,00000040,00001f17
1826,3,00000044,fc3f2023
1830,3,00000048,ff9ff06f
1838,3,00000040,00001f17
1844,3,00000044,fc3f2023
1848,3,00000048,ff9ff06f
1856,3,00000040,00001f17
1862,3,00000044,fc3f2023
1866,3,00000048,ff9ff06f
1874,3,00000040,00001f17
1880,3,00000044,fc3f2023
1884,3,00000048,ff9ff06f
1892,3,00000040,00001f17
1898,3,00000044,fc3f2023
1902,3,00000048,ff9ff06f
1910,3,00000040,00001f17
1916,3,00000044,fc3f2023
1920,3,00000048,ff9ff06f
1928,3,00000040,00001f17
1934,3,00000044,fc3f2023
1938,3,00000048,ff9ff06f
1946,3,00000040,00001f17
1952,3,00000044,fc3f2023
1956,3,00000048,ff9ff06f
1964,3,00000040,00001f17
1970,3,00000044,fc3f2023
1974,3,00000048,ff9ff06f
1982,3,00000040,00001f17
1988,3,00000044,fc3f2023
1992,3,00000048,ff9ff06f
2000,3,00000040,00001f17
2006,3,00000044,fc3f2023
2010,3,00000048,ff9ff06f
2018,3,00000040,00001f17
2024,3,00000044,fc3f2023
2028,3,00000048,ff9ff06f
2036,3,00000040,00001f17
2042,3,00000044,fc3f2023
2046,3,00000048,ff9ff06f
2054,3,00000040,00001f17
2060,3,00000044,fc3f2023
2064,3,00000048,ff9ff06f
2072,3,00000040,00001f17
2078,3,00000044,fc3f2023
2082,3,00000048,ff9ff06f
2090,3,00000040,00001f17
2096,3,00000044,fc3f2023
2100,3,00000048,ff9ff06f
2108,3,00000040,00001f17
2114,3,00000044,fc3f2023
2118,3,00000048,ff9ff06f
2126,3,00000040,00001f17
2132,3,00000044,fc3f2023
2136,3,00000048,ff9ff06f
2144,3,00000040,00001f17
2150,3,00000044,fc3f2023
2154,3,00000048,ff9ff06f
2162,3,00000040,00001f17
2168,3,00000044,fc3f2023
2172,3,00000048,ff9ff06f
2180,3,00000040,00001f17
2186,3,00000044,fc3f2023
2190,3,00000048,ff9ff06f
2198,3,00000040,00001f17
2204,3,00000044,fc3f2023
2208,3,00000048,ff9ff06f
2216,3,00000040,00001f17
2222,3,00000044,fc3f2023
2226,3,00000048,ff9ff06f
2234,3,00000040,00001f17
2240,3,00000044,fc3f2023
2244,3,00000048,ff9ff06f
2252,3,00000040,00001f17
2258,3,00000044,fc3f2023
2262,3,00000048,ff9ff06f
2270,3,00000040,00001f17
2276,3,00000044,fc3f2023
2280,3,00000048,ff9ff06f
2288,3,00000040,00001f17
2294,3,00000044,fc3f2023
2298,3,00000048,ff9ff06f
2306,3,00000040,00001f17
2312,3,00000044,fc3f2023
2316,3,00000048,ff9ff06f
2324,3,00000040,00001f17
2330,3,00000044,fc3f2023
2334,3,00000048,ff9ff06f
2342,3,00000040,00001f17
2348,3,00000044,fc3f2023
2352,3,00000048,ff9ff06f
2360,3,00000040,00001f17
2366,3,00000044,fc3f2023
2370,3,00000048,ff9ff06f
2378,3,00000040,00001f17
2384,3,00000044,fc3f2023
2388,3,00000048,ff9ff06f
2396,3,00000040,00001f17
2402,3,00000044,fc3f2023
2406,3,00000048,ff9ff06f
2414,3,00000040,00001f17
2420,3,00000044,fc3f2023
2424,3,00000048,ff9ff06f
2432,3,00000040,00001f17
2438,3,00000044,fc3f2023
2442,3,00000048,ff9ff06f
2450,3,00000040,00001f17
2456,3,00000044,fc3f2023
2460,3,00000048,ff9ff06f
2468,3,00000040,00001f17
2474,3,00000044,fc3f2023
2478,3,00000048,ff9ff06f
2486,3,00000040,00001f17
2492,3,00000044,fc3f2023
2496,3,00000048,ff9ff06f
2504,3,00000040,00001f17
2510,3,00000044,fc3f2023
2514,3,00000048,ff9ff06f
2522,3,00000040,00001f17
2528,3,00000044,fc3f2023
2532,3,00000048,ff9ff06f
2540,3,00000040,00001f17
2546,3,00000044,fc3f2023
2550,3,00000048,ff9ff06f
2558,3,00000040,00001f17
2564,3,00000044,fc3f2023
2568,3,00000048,ff9ff06f
2576,3,00000040,00001f17
2582,3,00000044,fc3f2023
2586,3,00000048,ff9ff06f
2594,3,00000040,00001f17
2600,3,00000044,fc3f2023
2604,3,00000048,ff9ff06f
2612,3,00000040,00001f17
2618,3,00000044,fc3f2023
2622,3,00000048,ff9ff06f
2630,3,00000040,00001f17
2636,3,00000044,fc3f2023
2640,3,00000048,ff9ff06f
2648,3,00000040,00001f17
2654,3,00000044,fc3f2023
2658,3,00000048,ff9ff06f
2666,3,00000040,00001f17
2672,3,00000044,fc3f2023
2676,3,00000048,ff9ff06f
2684,3,00000040,00001f17
2690,3,00000044,fc3f2023
2694,3,00000048,ff9ff06f
2702,3,00000040,00001f17
2708,3,00000044,fc3f2023
2712,3,00000048,ff9ff06f
2720,3,00000040,00001f17
2726,3,00000044,fc3f2023
2730,3,00000048,ff9ff06f
2738,3,00000040,00001f17
2744,3,00000044,fc3f2023
2748,3,00000048,ff9ff06f
2756,3,00000040,00001f17
2762,3,00000044,fc3f2023
2766,3,00000048,ff9ff06f
2774,3,00000040,00001f17
2780,3,00000044,fc3f2023
2784,3,00000048,ff9ff06f
2792,3,00000040,00001f17
2798,3,00000044,fc3f2023
2802,3,00000048,ff9ff06f
2810,3,00000040,00001f17
2816,3,00000044,fc3f2023
2820,3,00000048,ff9ff06f
2828,3,00000040,00001f17
2834,3,00000044,fc3f2023
2838,3,00000048,ff9ff06f
2846,3,00000040,00001f17
2852,3,00000044,fc3f2023
2856,3,00000048,ff9ff06f
2864,3,00000040,00001f17
2870,3,00000044,fc3f2023
2874,3,00000048,ff9ff06f
2882,3,00000040,00001f17
2888,3,00000044,fc3f2023
2892,3,00000048,ff9ff06f
2900,3,00000040,00001f17
2906,3,00000044,fc3f2023
2910,3,00000048,ff9ff06f
2918,3,00000040,00001f17
2924,3,00000044,fc3f2023
2928,3,00000048,ff9ff06f
2936,3,00000040,00001f17
2942,3,00000044,fc3f2023
2946,3,00000048,ff9ff06f
2954,3,00000040,00001f17
2960,3,00000044,fc3f2023
2964,3,00000048,ff9ff06f
2972,3,00000040,00001f17
2978,3,00000044,fc3f2023
2982,3,00000048,ff9ff06f
2990,3,00000040,00001f17
2996,3,00000044,fc3f2023
