44,3,00000000,04c0006f
52,3,0000004c,f1402573
56,3,00000050,00051063
60,3,00000054,30102573
64,3,00000058,00055863
72,3,00000068,00000e13
76,3,0000006c,00000297
80,3,00000070,f9828293
84,3,00000074,30529073
88,3,00000078,30205073
92,3,0000007c,30305073
96,3,00000080,30405073
100,3,00000084,00000297
104,3,00000088,f7c28293
108,3,0000008c,00028c63
116,3,000000a4,30005073
120,3,000000a8,00000297
124,3,000000ac,01428293
128,3,000000b0,34129073
132,3,000000b4,f1402573
136,3,000000b8,30200073
144,3,000000bc,ff0100b7
148,3,000000c0,f0008093
152,3,000000c4,f0f0f193
156,3,000000c8,ff010eb7
160,3,000000cc,f00e8e93
164,3,000000d0,00200e13
168,3,000000d4,1bd19463
172,3,000000d8,0ff010b7
176,3,000000dc,ff008093
180,3,000000e0,0f00f193
184,3,000000e4,0f000e93
188,3,000000e8,00300e13
192,3,000000ec,19d19863
196,3,000000f0,00ff00b7
200,3,000000f4,0ff08093
204,3,000000f8,70f0f193
208,3,000000fc,00f00e93
212,3,00000100,00400e13
216,3,00000104,17d19c63
220,3,00000108,f00ff0b7
224,3,0000010c,00f08093
228,3,00000110,0f00f193
232,3,00000114,00000e93
236,3,00000118,00500e13
240,3,0000011c,17d19063
244,3,00000120,ff0100b7
248,3,00000124,f0008093
252,3,00000128,0f00f093
256,3,0000012c,00000e93
260,3,00000130,00600e13
264,3,00000134,15d09463
268,3,00000138,00000213
272,3,0000013c,0ff010b7
276,3,00000140,ff008093
280,3,00000144,70f0f193
284,3,00000148,00018313
288,3,0000014c,00120213
292,3,00000150,00200293
296,3,00000154,fe5214e3
304,3,0000013c,0ff010b7
308,3,00000140,ff008093
312,3,00000144,70f0f193
316,3,00000148,00018313
320,3,0000014c,00120213
324,3,00000150,00200293
328,3,00000154,fe5214e3
332,3,00000158,70000e93
336,3,0000015c,00700e13
340,3,00000160,11d31e63
344,3,00000164,00000213
348,3,00000168,00ff00b7
352,3,0000016c,0ff08093
356,3,00000170,0f00f193
360,3,00000174,00000013
364,3,00000178,00018313
368,3,0000017c,00120213
372,3,00000180,00200293
376,3,00000184,fe5212e3
384,3,00000168,00ff00b7
388,3,0000016c,0ff08093
392,3,00000170,0f00f193
396,3,00000174,00000013
400,3,00000178,00018313
404,3,0000017c,00120213
408,3,00000180,00200293
412,3,00000184,fe5212e3
416,3,00000188,0f000e93
420,3,0000018c,00800e13
424,3,00000190,0fd31663
428,3,00000194,00000213
432,3,00000198,f00ff0b7
436,3,0000019c,00f08093
440,3,000001a0,f0f0f193
444,3,000001a4,00000013
448,3,000001a8,00000013
452,3,000001ac,00018313
456,3,000001b0,00120213
460,3,000001b4,00200293
464,3,000001b8,fe5210e3
472,3,00000198,f00ff0b7
476,3,0000019c,00f08093
480,3,000001a0,f0f0f193
484,3,000001a4,00000013
488,3,000001a8,00000013
492,3,000001ac,00018313
496,3,000001b0,00120213
500,3,000001b4,00200293
504,3,000001b8,fe5210e3
508,3,000001bc,f00ffeb7
512,3,000001c0,00fe8e93
516,3,000001c4,00900e13
520,3,000001c8,0bd31a63
524,3,000001cc,00000213
528,3,000001d0,0ff010b7
532,3,000001d4,ff008093
536,3,000001d8,70f0f193
540,3,000001dc,00120213
544,3,000001e0,00200293
548,3,000001e4,fe5216e3
556,3,000001d0,0ff010b7
560,3,000001d4,ff008093
564,3,000001d8,70f0f193
568,3,000001dc,00120213
572,3,000001e0,00200293
576,3,000001e4,fe5216e3
580,3,000001e8,70000e93
584,3,000001ec,00a00e13
588,3,000001f0,09d19663
592,3,000001f4,00000213
596,3,000001f8,00ff00b7
600,3,000001fc,0ff08093
604,3,00000200,00000013
608,3,00000204,0f00f193
612,3,00000208,00120213
616,3,0000020c,00200293
620,3,00000210,fe5214e3
628,3,000001f8,00ff00b7
632,3,000001fc,0ff08093
636,3,00000200,00000013
640,3,00000204,0f00f193
644,3,00000208,00120213
648,3,0000020c,00200293
652,3,00000210,fe5214e3
656,3,00000214,0f000e93
660,3,00000218,00b00e13
664,3,0000021c,07d19063
668,3,00000220,00000213
672,3,00000224,f00ff0b7
676,3,00000228,00f08093
680,3,0000022c,00000013
684,3,00000230,00000013
688,3,00000234,70f0f193
692,3,00000238,00120213
696,3,0000023c,00200293
700,3,00000240,fe5212e3
708,3,00000224,f00ff0b7
712,3,00000228,00f08093
716,3,0000022c,00000013
720,3,00000230,00000013
724,3,00000234,70f0f193
728,3,00000238,00120213
732,3,0000023c,00200293
736,3,00000240,fe5212e3
740,3,00000244,00f00e93
744,3,00000248,00c00e13
748,3,0000024c,03d19863
752,3,00000250,0f007093
756,3,00000254,00000e93
760,3,00000258,00d00e13
764,3,0000025c,03d09063
768,3,00000260,00ff00b7
772,3,00000264,0ff08093
776,3,00000268,70f0f013
780,3,0000026c,00000e93
784,3,00000270,00e00e13
788,3,00000274,01d01463
792,3,00000278,01c01c63
800,3,00000290,0ff0000f
804,3,00000294,00100e13
808,3,00000298,00000073
816,3,00000004,34202f73
820,3,00000008,00800f93
824,3,0000000c,03ff0a63
828,3,00000010,00900f93
832,3,00000014,03ff0663
836,3,00000018,00b00f93
840,3,0000001c,03ff0263
848,3,00000040,00001f17
854,3,00000044,fdcf2023
858,3,00000048,ff9ff06f
866,3,00000040,00001f17
872,3,00000044,fdcf2023
876,3,00000048,ff9ff06f
884,3,00000040,00001f17
890,3,00000044,fdcf2023
894,3,00000048,ff9ff06f
902,3,00000040,00001f17
908,3,00000044,fdcf2023
912,3,00000048,ff9ff06f
920,3,00000040,00001f17
926,3,00000044,fdcf2023
930,3,00000048,ff9ff06f
938,3,00000040,00001f17
944,3,00000044,fdcf2023
948,3,00000048,ff9ff06f
956,3,00000040,00001f17
962,3,00000044,fdcf2023
966,3,00000048,ff9ff06f
974,3,00000040,00001f17
980,3,00000044,fdcf2023
984,3,00000048,ff9ff06f
992,3,00000040,00001f17
998,3,00000044,fdcf2023
1002,3,00000048,ff9ff06f
1010,3,00000040,00001f17
1016,3,00000044,fdcf2023
1020,3,00000048,ff9ff06f
1028,3,00000040,00001f17
1034,3,00000044,fdcf2023
1038,3,00000048,ff9ff06f
1046,3,00000040,00001f17
1052,3,00000044,fdcf2023
1056,3,00000048,ff9ff06f
1064,3,00000040,00001f17
1070,3,00000044,fdcf2023
1074,3,00000048,ff9ff06f
1082,3,00000040,00001f17
1088,3,00000044,fdcf2023
1092,3,00000048,ff9ff06f
1100,3,00000040,00001f17
1106,3,00000044,fdcf2023
1110,3,00000048,ff9ff06f
1118,3,00000040,00001f17
1124,3,00000044,fdcf2023
1128,3,00000048,ff9ff06f
1136,3,00000040,00001f17
1142,3,00000044,fdcf2023
1146,3,00000048,ff9ff06f
1154,3,00000040,00001f17
1160,3,00000044,fdcf2023
1164,3,00000048,ff9ff06f
1172,3,00000040,00001f17
1178,3,00000044,fdcf2023
1182,3,00000048,ff9ff06f
1190,3,00000040,00001f17
1196,3,00000044,fdcf2023
1200,3,00000048,ff9ff06f
1208,3,00000040,00001f17
1214,3,00000044,fdcf2023
1218,3,00000048,ff9ff06f
1226,3,00000040,00001f17
1232,3,00000044,fdcf2023
1236,3,00000048,ff9ff06f
1244,3,00000040,00001f17
1250,3,00000044,fdcf2023
1254,3,00000048,ff9ff06f
1262,3,00000040,00001f17
1268,3,00000044,fdcf2023
1272,3,00000048,ff9ff06f
1280,3,00000040,00001f17
1286,3,00000044,fdcf2023
1290,3,00000048,ff9ff06f
1298,3,00000040,00001f17
1304,3,00000044,fdcf2023
1308,3,00000048,ff9ff06f
1316,3,00000040,00001f17
1322,3,00000044,fdcf2023
1326,3,00000048,ff9ff06f
1334,3,00000040,00001f17
1340,3,00000044,fdcf2023
1344,3,00000048,ff9ff06f
1352,3,00000040,00001f17
1358,3,00000044,fdcf2023
1362,3,00000048,ff9ff06f
1370,3,00000040,00001f17
1376,3,00000044,fdcf2023
1380,3,00000048,ff9ff06f
1388,3,00000040,00001f17
1394,3,00000044,fdcf2023
1398,3,00000048,ff9ff06f
1406,3,00000040,00001f17
1412,3,00000044,fdcf2023
1416,3,00000048,ff9ff06f
1424,3,00000040,00001f17
1430,3,00000044,fdcf2023
1434,3,00000048,ff9ff06f
1442,3,00000040,00001f17
1448,3,00000044,fdcf2023
1452,3,00000048,ff9ff06f
1460,3,00000040,00001f17
1466,3,00000044,fdcf2023
1470,3,00000048,ff9ff06f
1478,3,00000040,00001f17
1484,3,00000044,fdcf2023
1488,3,00000048,ff9ff06f
1496,3,00000040,00001f17
1502,3,00000044,fdcf2023
1506,3,00000048,ff9ff06f
1514,3,00000040,00001f17
1520,3,00000044,fdcf2023
1524,3,00000048,ff9ff06f
1532,3,00000040,00001f17
1538,3,00000044,fdcf2023
1542,3,00000048,ff9ff06f
1550,3,00000040,00001f17
1556,3,00000044,fdcf2023
1560,3,00000048,ff9ff06f
1568,3,00000040,00001f17
1574,3,00000044,fdcf2023
1578,3,00000048,ff9ff06f
1586,3,00000040,00001f17
1592,3,00000044,fdcf2023
1596,3,00000048,ff9ff06f
1604,3,00000040,00001f17
1610,3,00000044,fdcf2023
1614,3,00000048,ff9ff06f
1622,3,00000040,00001f17
1628,3,00000044,fdcf2023
1632,3,00000048,ff9ff06f
1640,3,00000040,00001f17
1646,3,00000044,fdcf2023
1650,3,00000048,ff9ff06f
1658,3,00000040,00001f17
1664,3,00000044,fdcf2023
1668,3,00000048,ff9ff06f
1676,3,00000040,00001f17
1682,3,00000044,fdcf2023
1686,3,00000048,ff9ff06f
1694,3,00000040,00001f17
1700,3,00000044,fdcf2023
1704,3,00000048,ff9ff06f
1712,3,00000040,00001f17
1718,3,00000044,fdcf2023
1722,3,00000048,ff9ff06f
1730,3,00000040,00001f17
1736,3,00000044,fdcf2023
1740,3,00000048,ff9ff06f
1748,3,00000040,00001f17
1754,3,00000044,fdcf2023
1758,3,00000048,ff9ff06f
1766,3,00000040,00001f17
1772,3,00000044,fdcf2023
1776,3,00000048,ff9ff06f
1784,3,00000040,00001f17
1790,3,00000044,fdcf2023
1794,3,00000048,ff9ff06f
1802,3,00000040,00001f17
1808,3,00000044,fdcf2023
1812,3,00000048,ff9ff06f
1820,3,00000040,00001f17
1826,3,00000044,fdcf2023
1830,3,00000048,ff9ff06f
1838,3,00000040,00001f17
1844,3,00000044,fdcf2023
1848,3,00000048,ff9ff06f
1856,3,00000040,00001f17
1862,3,00000044,fdcf2023
1866,3,00000048,ff9ff06f
1874,3,00000040,00001f17
1880,3,00000044,fdcf2023
1884,3,00000048,ff9ff06f
1892,3,00000040,00001f17
1898,3,00000044,fdcf2023
1902,3,00000048,ff9ff06f
1910,3,00000040,00001f17
1916,3,00000044,fdcf2023
1920,3,00000048,ff9ff06f
1928,3,00000040,00001f17
1934,3,00000044,fdcf2023
1938,3,00000048,ff9ff06f
1946,3,00000040,00001f17
1952,3,00000044,fdcf2023
1956,3,00000048,ff9ff06f
1964,3,00000040,00001f17
1970,3,00000044,fdcf2023
1974,3,00000048,ff9ff06f
1982,3,00000040,00001f17
1988,3,00000044,fdcf2023
1992,3,00000048,ff9ff06f
2000,3,00000040,00001f17
2006,3,00000044,fdcf2023
2010,3,00000048,ff9ff06f
2018,3,00000040,00001f17
2024,3,00000044,fdcf2023
2028,3,00000048,ff9ff06f
2036,3,00000040,00001f17
2042,3,00000044,fdcf2023
2046,3,00000048,ff9ff06f
2054,3,00000040,00001f17
2060,3,00000044,fdcf2023
2064,3,00000048,ff9ff06f
2072,3,00000040,00001f17
2078,3,00000044,fdcf2023
2082,3,00000048,ff9ff06f
2090,3,00000040,00001f17
2096,3,00000044,fdcf2023
2100,3,00000048,ff9ff06f
2108,3,00000040,00001f17
2114,3,00000044,fdcf2023
2118,3,00000048,ff9ff06f
2126,3,00000040,00001f17
2132,3,00000044,fdcf2023
2136,3,00000048,ff9ff06f
2144,3,00000040,00001f17
2150,3,00000044,fdcf2023
2154,3,00000048,ff9ff06f
2162,3,00000040,00001f17
2168,3,00000044,fdcf2023
2172,3,00000048,ff9ff06f
2180,3,00000040,00001f17
2186,3,00000044,fdcf2023
2190,3,00000048,ff9ff06f
2198,3,00000040,00001f17
2204,3,00000044,fdcf2023
2208,3,00000048,ff9ff06f
2216,3,00000040,00001f17
2222,3,00000044,fdcf2023
2226,3,00000048,ff9ff06f
2234,3,00000040,00001f17
2240,3,00000044,fdcf2023
2244,3,00000048,ff9ff06f
2252,3,00000040,00001f17
2258,3,00000044,fdcf2023
2262,3,00000048,ff9ff06f
2270,3,00000040,00001f17
2276,3,00000044,fdcf2023
2280,3,00000048,ff9ff06f
2288,3,00000040,00001f17
2294,3,00000044,fdcf2023
2298,3,00000048,ff9ff06f
2306,3,00000040,00001f17
2312,3,00000044,fdcf2023
2316,3,00000048,ff9ff06f
2324,3,00000040,00001f17
2330,3,00000044,fdcf2023
2334,3,00000048,ff9ff06f
2342,3,00000040,00001f17
2348,3,00000044,fdcf2023
2352,3,00000048,ff9ff06f
2360,3,00000040,00001f17
2366,3,00000044,fdcf2023
2370,3,00000048,ff9ff06f
2378,3,00000040,00001f17
2384,3,00000044,fdcf2023
2388,3,00000048,ff9ff06f
2396,3,00000040,00001f17
2402,3,00000044,fdcf2023
2406,3,00000048,ff9ff06f
2414,3,00000040,00001f17
2420,3,00000044,fdcf2023
2424,3,00000048,ff9ff06f
2432,3,00000040,00001f17
2438,3,00000044,fdcf2023
2442,3,00000048,ff9ff06f
2450,3,00000040,00001f17
2456,3,00000044,fdcf2023
2460,3,00000048,ff9ff06f
2468,3,00000040,00001f17
2474,3,00000044,fdcf2023
2478,3,00000048,ff9ff06f
2486,3,00000040,00001f17
2492,3,00000044,fdcf2023
2496,3,00000048,ff9ff06f
2504,3,00000040,00001f17
2510,3,00000044,fdcf2023
2514,3,00000048,ff9ff06f
2522,3,00000040,00001f17
2528,3,00000044,fdcf2023
2532,3,00000048,ff9ff06f
2540,3,00000040,00001f17
2546,3,00000044,fdcf2023
2550,3,00000048,ff9ff06f
2558,3,00000040,00001f17
2564,3,00000044,fdcf2023
2568,3,00000048,ff9ff06f
2576,3,00000040,00001f17
2582,3,00000044,fdcf2023
2586,3,00000048,ff9ff06f
2594,3,00000040,00001f17
2600,3,00000044,fdcf2023
2604,3,00000048,ff9ff06f
2612,3,00000040,00001f17
2618,3,00000044,fdcf2023
2622,3,00000048,ff9ff06f
2630,3,00000040,00001f17
2636,3,00000044,fdcf2023
2640,3,00000048,ff9ff06f
2648,3,00000040,00001f17
2654,3,00000044,fdcf2023
2658,3,00000048,ff9ff06f
2666,3,00000040,00001f17
2672,3,00000044,fdcf2023
2676,3,00000048,ff9ff06f
2684,3,00000040,00001f17
2690,3,00000044,fdcf2023
2694,3,00000048,ff9ff06f
2702,3,00000040,00001f17
2708,3,00000044,fdcf2023
2712,3,00000048,ff9ff06f
2720,3,00000040,00001f17
2726,3,00000044,fdcf2023
2730,3,00000048,ff9ff06f
2738,3,00000040,00001f17
2744,3,00000044,fdcf2023
2748,3,00000048,ff9ff06f
2756,3,00000040,00001f17
2762,3,00000044,fdcf2023
2766,3,00000048,ff9ff06f
2774,3,00000040,00001f17
2780,3,00000044,fdcf2023
2784,3,00000048,ff9ff06f
2792,3,00000040,00001f17
2798,3,00000044,fdcf2023
2802,3,00000048,ff9ff06f
2810,3,00000040,00001f17
2816,3,00000044,fdcf2023
2820,3,00000048,ff9ff06f
2828,3,00000040,00001f17
2834,3,00000044,fdcf2023
2838,3,00000048,ff9ff06f
2846,3,00000040,00001f17
2852,3,00000044,fdcf2023
2856,3,00000048,ff9ff06f
2864,3,00000040,00001f17
2870,3,00000044,fdcf2023
2874,3,00000048,ff9ff06f
2882,3,00000040,00001f17
2888,3,00000044,fdcf2023
2892,3,00000048,ff9ff06f
2900,3,00000040,00001f17
2906,3,00000044,fdcf2023
2910,3,00000048,ff9ff06f
2918,3,00000040,00001f17
2924,3,00000044,fdcf2023
2928,3,00000048,ff9ff06f
2936,3,00000040,00001f17
2942,3,00000044,fdcf2023
2946,3,00000048,ff9ff06f
2954,3,00000040,00001f17
2960,3,00000044,fdcf2023
2964,3,00000048,ff9ff06f
2972,3,00000040,00001f17
2978,3,00000044,fdcf2023
2982,3,00000048,ff9ff06f
2990,3,00000040,00001f17
2996,3,00000044,fdcf2023
3000,3,00000048,ff9ff06f
3008,3,00000040,00001f17
3014,3,00000044,fdcf2023
3018,3,00000048,ff9ff06f
3026,3,00000040,00001f17
3032,3,00000044,fdcf2023
3036,3,00000048,ff9ff06f
3044,3,00000040,00001f17
3050,3,00000044,fdcf2023
3054,3,00000048,ff9ff06f
3062,3,00000040,00001f17
3068,3,00000044,fdcf2023
3072,3,00000048,ff9ff06f
3080,3,00000040,00001f17
3086,3,00000044,fdcf2023
3090,3,00000048,ff9ff06f
3098,3,00000040,00001f17
3104,3,00000044,fdcf2023
3108,3,00000048,ff9ff06f
3116,3,00000040,00001f17
3122,3,00000044,fdcf2023
3126,3,00000048,ff9ff06f
3134,3,00000040,00001f17
3140,3,00000044,fdcf2023
3144,3,00000048,ff9ff06f
3152,3,00000040,00001f17
3158,3,00000044,fdcf2023
3162,3,00000048,ff9ff06f
3170,3,00000040,00001f17
3176,3,00000044,fdcf2023
3180,3,00000048,ff9ff06f
3188,3,00000040,00001f17
3194,3,00000044,fdcf2023
3198,3,00000048,ff9ff06f
3206,3,00000040,00001f17
3212,3,00000044,fdcf2023
3216,3,00000048,ff9ff06f
3224,3,00000040,00001f17
3230,3,00000044,fdcf2023
3234,3,00000048,ff9ff06f
3242,3,00000040,00001f17
3248,3,00000044,fdcf2023
3252,3,00000048,ff9ff06f
3260,3,00000040,00001f17
3266,3,00000044,fdcf2023
3270,3,00000048,ff9ff06f
3278,3,00000040,00001f17
3284,3,00000044,fdcf2023
3288,3,00000048,ff9ff06f
3296,3,00000040,00001f17
3302,3,00000044,fdcf2023
3306,3,00000048,ff9ff06f
3314,3,00000040,00001f17
3320,3,00000044,fdcf2023
3324,3,00000048,ff9ff06f
3332,3,00000040,00001f17
3338,3,00000044,fdcf2023
3342,3,00000048,ff9ff06f
3350,3,00000040,00001f17
3356,3,00000044,fdcf2023
3360,3,00000048,ff9ff06f
3368,3,00000040,00001f17
3374,3,00000044,fdcf2023
3378,3,00000048,ff9ff06f
3386,3,00000040,00001f17
3392,3,00000044,fdcf2023
3396,3,00000048,ff9ff06f
3404,3,00000040,00001f17
3410,3,00000044,fdcf2023
3414,3,00000048,ff9ff06f
3422,3,00000040,00001f17
3428,3,00000044,fdcf2023
3432,3,00000048,ff9ff06f
3440,3,00000040,00001f17
3446,3,00000044,fdcf2023
3450,3,00000048,ff9ff06f
3458,3,00000040,00001f17
3464,3,00000044,fdcf2023
3468,3,00000048,ff9ff06f
3476,3,00000040,00001f17
3482,3,00000044,fdcf2023
3486,3,00000048,ff9ff06f
3494,3,00000040,00001f17
3500,3,00000044,fdcf2023
3504,3,00000048,ff9ff06f
3512,3,00000040,00001f17
3518,3,00000044,fdcf2023
3522,3,00000048,ff9ff06f
3530,3,00000040,00001f17
3536,3,00000044,fdcf2023
3540,3,00000048,ff9ff06f
3548,3,00000040,00001f17
3554,3,00000044,fdcf2023
3558,3,00000048,ff9ff06f
3566,3,00000040,00001f17
3572,3,00000044,fdcf2023
3576,3,00000048,ff9ff06f
3584,3,00000040,00001f17
3590,3,00000044,fdcf2023
3594,3,00000048,ff9ff06f
3602,3,00000040,00001f17
3608,3,00000044,fdcf2023
3612,3,00000048,ff9ff06f
3620,3,00000040,00001f17
3626,3,00000044,fdcf2023
3630,3,00000048,ff9ff06f
3638,3,00000040,00001f17
3644,3,00000044,fdcf2023
3648,3,00000048,ff9ff06f
3656,3,00000040,00001f17
3662,3,00000044,fdcf2023
3666,3,00000048,ff9ff06f
3674,3,00000040,00001f17
3680,3,00000044,fdcf2023
3684,3,00000048,ff9ff06f
3692,3,00000040,00001f17
3698,3,00000044,fdcf2023
3702,3,00000048,ff9ff06f
3710,3,00000040,00001f17
3716,3,00000044,fdcf2023
3720,3,00000048,ff9ff06f
3728,3,00000040,00001f17
3734,3,00000044,fdcf2023
3738,3,00000048,ff9ff06f
3746,3,00000040,00001f17
3752,3,00000044,fdcf2023
3756,3,00000048,ff9ff06f
3764,3,00000040,00001f17
3770,3,00000044,fdcf2023
3774,3,00000048,ff9ff06f
3782,3,00000040,00001f17
3788,3,00000044,fdcf2023
3792,3,00000048,ff9ff06f
3800,3,00000040,00001f17
3806,3,00000044,fdcf2023
3810,3,00000048,ff9ff06f
3818,3,00000040,00001f17
3824,3,00000044,fdcf2023
3828,3,00000048,ff9ff06f
3836,3,00000040,00001f17
3842,3,00000044,fdcf2023
3846,3,00000048,ff9ff06f
3854,3,00000040,00001f17
3860,3,00000044,fdcf2023
3864,3,00000048,ff9ff06f
3872,3,00000040,00001f17
3878,3,00000044,fdcf2023
3882,3,00000048,ff9ff06f
3890,3,00000040,00001f17
3896,3,00000044,fdcf2023
