418,3,00000000,00000000
534,3,00000000,04c0006f
538,3,0000004c,f1402573
540,3,00000050,00051063
542,3,00000054,00000297
544,3,00000058,01028293
546,3,0000005c,30529073
548,3,00000060,18005073
550,3,00000064,00000297
552,3,00000068,01c28293
554,3,0000006c,30529073
556,3,00000070,fff00293
558,3,00000074,3b029073
560,3,00000078,01f00293
562,3,0000007c,3a029073
564,3,00000080,00000297
566,3,00000084,01828293
568,3,00000088,30529073
570,3,0000008c,30205073
572,3,00000090,30305073
574,3,00000094,30405073
576,3,00000098,00000193
578,3,0000009c,00000297
580,3,000000a0,f6828293
582,3,000000a4,30529073
584,3,000000a8,00100513
586,3,000000ac,01f51513
588,3,000000b0,00054863
596,3,000000c0,00000297
598,3,000000c4,f4028293
600,3,000000c8,00028e63
608,3,000000e4,30005073
610,3,000000e8,00000297
612,3,000000ec,01428293
614,3,000000f0,34129073
616,3,000000f4,f1402573
618,3,000000f8,30200073
626,3,000000fc,000080b7
628,3,00000100,e0008093
630,3,00000104,b6db7137
632,3,00000108,db710113
644,3,0000010c,02208f33
646,3,00000110,00001eb7
648,3,00000114,200e8e93
650,3,00000118,02000193
652,3,0000011c,4bdf1463
654,3,00000120,000080b7
656,3,00000124,fc008093
658,3,00000128,b6db7137
660,3,0000012c,db710113
672,3,00000130,02208f33
674,3,00000134,00001eb7
676,3,00000138,240e8e93
678,3,0000013c,02100193
680,3,00000140,49df1263
682,3,00000144,00000093
684,3,00000148,00000113
690,3,0000014c,02208f33
692,3,00000150,00000e93
694,3,00000154,00200193
696,3,00000158,47df1663
698,3,0000015c,00100093
700,3,00000160,00100113
706,3,00000164,02208f33
708,3,00000168,00100e93
710,3,0000016c,00300193
712,3,00000170,45df1a63
714,3,00000174,00300093
716,3,00000178,00700113
722,3,0000017c,02208f33
724,3,00000180,01500e93
726,3,00000184,00400193
728,3,00000188,43df1e63
730,3,0000018c,00000093
732,3,00000190,ffff8137
738,3,00000194,02208f33
740,3,00000198,00000e93
742,3,0000019c,00500193
744,3,000001a0,43df1263
746,3,000001a4,800000b7
748,3,000001a8,00000113
768,3,000001ac,02208f33
770,3,000001b0,00000e93
772,3,000001b4,00600193
774,3,000001b8,41df1663
776,3,000001bc,800000b7
778,3,000001c0,ffff8137
798,3,000001c4,02208f33
800,3,000001c8,00000e93
802,3,000001cc,00700193
804,3,000001d0,3fdf1a63
806,3,000001d4,aaaab0b7
808,3,000001d8,aab08093
810,3,000001dc,00030137
812,3,000001e0,e7d10113
832,3,000001e4,02208f33
834,3,000001e8,00010eb7
836,3,000001ec,f7fe8e93
838,3,000001f0,01e00193
840,3,000001f4,3ddf1863
842,3,000001f8,000300b7
844,3,000001fc,e7d08093
846,3,00000200,aaaab137
848,3,00000204,aab10113
862,3,00000208,02208f33
864,3,0000020c,00010eb7
866,3,00000210,f7fe8e93
868,3,00000214,01f00193
870,3,00000218,3bdf1663
872,3,0000021c,ff0000b7
874,3,00000220,ff000137
894,3,00000224,02208f33
896,3,00000228,00000e93
898,3,0000022c,02200193
900,3,00000230,39df1a63
902,3,00000234,fff00093
904,3,00000238,fff00113
924,3,0000023c,02208f33
926,3,00000240,00100e93
928,3,00000244,02300193
930,3,00000248,37df1e63
932,3,0000024c,fff00093
934,3,00000250,00100113
954,3,00000254,02208f33
956,3,00000258,fff00e93
958,3,0000025c,02400193
960,3,00000260,37df1263
962,3,00000264,00100093
964,3,00000268,fff00113
970,3,0000026c,02208f33
972,3,00000270,fff00e93
974,3,00000274,02500193
976,3,00000278,35df1663
978,3,0000027c,00d00093
980,3,00000280,00b00113
986,3,00000284,022080b3
988,3,00000288,08f00e93
990,3,0000028c,00800193
992,3,00000290,33d09a63
994,3,00000294,00e00093
996,3,00000298,00b00113
1002,3,0000029c,02208133
1004,3,000002a0,09a00e93
1006,3,000002a4,00900193
1008,3,000002a8,31d11e63
1010,3,000002ac,00d00093
1016,3,000002b0,021080b3
1018,3,000002b4,0a900e93
1020,3,000002b8,00a00193
1022,3,000002bc,31d09463
1024,3,000002c0,00000213
1026,3,000002c4,00d00093
1028,3,000002c8,00b00113
1034,3,000002cc,02208f33
1036,3,000002d0,000f0313
1038,3,000002d4,00120213
1040,3,000002d8,00200293
1042,3,000002dc,fe5214e3
1046,3,000002c4,00d00093
1048,3,000002c8,00b00113
1054,3,000002cc,02208f33
1056,3,000002d0,000f0313
1058,3,000002d4,00120213
1060,3,000002d8,00200293
1062,3,000002dc,fe5214e3
1070,3,000002e0,08f00e93
1072,3,000002e4,00b00193
1074,3,000002e8,2dd31e63
1076,3,000002ec,00000213
1078,3,000002f0,00e00093
1080,3,000002f4,00b00113
1086,3,000002f8,02208f33
1088,3,000002fc,00000013
1090,3,00000300,000f0313
1092,3,00000304,00120213
1094,3,00000308,00200293
1096,3,0000030c,fe5212e3
1100,3,000002f0,00e00093
1102,3,000002f4,00b00113
1108,3,000002f8,02208f33
1110,3,000002fc,00000013
1112,3,00000300,000f0313
1114,3,00000304,00120213
1116,3,00000308,00200293
1118,3,0000030c,fe5212e3
1126,3,00000310,09a00e93
1128,3,00000314,00c00193
1130,3,00000318,2bd31663
1132,3,0000031c,00000213
1134,3,00000320,00f00093
1136,3,00000324,00b00113
1142,3,00000328,02208f33
1144,3,0000032c,00000013
1146,3,00000330,00000013
1148,3,00000334,000f0313
1150,3,00000338,00120213
1152,3,0000033c,00200293
1154,3,00000340,fe5210e3
1158,3,00000320,00f00093
1160,3,00000324,00b00113
1166,3,00000328,02208f33
1168,3,0000032c,00000013
1170,3,00000330,00000013
1172,3,00000334,000f0313
1174,3,00000338,00120213
1176,3,0000033c,00200293
1178,3,00000340,fe5210e3
1186,3,00000344,0a500e93
1188,3,00000348,00d00193
1190,3,0000034c,27d31c63
1192,3,00000350,00000213
1194,3,00000354,00d00093
1196,3,00000358,00b00113
1202,3,0000035c,02208f33
1204,3,00000360,00120213
1206,3,00000364,00200293
1208,3,00000368,fe5216e3
1212,3,00000354,00d00093
1214,3,00000358,00b00113
1220,3,0000035c,02208f33
1222,3,00000360,00120213
1224,3,00000364,00200293
1226,3,00000368,fe5216e3
1234,3,0000036c,08f00e93
1236,3,00000370,00e00193
1238,3,00000374,25df1863
1240,3,00000378,00000213
1242,3,0000037c,00e00093
1244,3,00000380,00b00113
1246,3,00000384,00000013
1252,3,00000388,02208f33
1254,3,0000038c,00120213
1256,3,00000390,00200293
1258,3,00000394,fe5214e3
1262,3,0000037c,00e00093
1264,3,00000380,00b00113
1266,3,00000384,00000013
1272,3,00000388,02208f33
1274,3,0000038c,00120213
1276,3,00000390,00200293
1278,3,00000394,fe5214e3
1286,3,00000398,09a00e93
1288,3,0000039c,00f00193
1290,3,000003a0,23df1263
1292,3,000003a4,00000213
1294,3,000003a8,00f00093
1296,3,000003ac,00b00113
1298,3,000003b0,00000013
1300,3,000003b4,00000013
1306,3,000003b8,02208f33
1308,3,000003bc,00120213
1310,3,000003c0,00200293
1312,3,000003c4,fe5212e3
1316,3,000003a8,00f00093
1318,3,000003ac,00b00113
1320,3,000003b0,00000013
1322,3,000003b4,00000013
1328,3,000003b8,02208f33
1330,3,000003bc,00120213
1332,3,000003c0,00200293
1334,3,000003c4,fe5212e3
1342,3,000003c8,0a500e93
1344,3,000003cc,01000193
1346,3,000003d0,1fdf1a63
1348,3,000003d4,00000213
1350,3,000003d8,00d00093
1352,3,000003dc,00000013
1354,3,000003e0,00b00113
1360,3,000003e4,02208f33
1362,3,000003e8,00120213
1364,3,000003ec,00200293
1366,3,000003f0,fe5214e3
1370,3,000003d8,00d00093
1372,3,000003dc,00000013
1374,3,000003e0,00b00113
1380,3,000003e4,02208f33
1382,3,000003e8,00120213
1384,3,000003ec,00200293
1386,3,000003f0,fe5214e3
1394,3,000003f4,08f00e93
1396,3,000003f8,01100193
1398,3,000003fc,1ddf1463
1400,3,00000400,00000213
1402,3,00000404,00e00093
1404,3,00000408,00000013
1406,3,0000040c,00b00113
1408,3,00000410,00000013
1414,3,00000414,02208f33
1416,3,00000418,00120213
1418,3,0000041c,00200293
1420,3,00000420,fe5212e3
1424,3,00000404,00e00093
1426,3,00000408,00000013
1428,3,0000040c,00b00113
1430,3,00000410,00000013
1436,3,00000414,02208f33
1438,3,00000418,00120213
1440,3,0000041c,00200293
1442,3,00000420,fe5212e3
1450,3,00000424,09a00e93
1452,3,00000428,01200193
1454,3,0000042c,19df1c63
1456,3,00000430,00000213
1458,3,00000434,00f00093
1460,3,00000438,00000013
1462,3,0000043c,00000013
1464,3,00000440,00b00113
1470,3,00000444,02208f33
1472,3,00000448,00120213
1474,3,0000044c,00200293
1476,3,00000450,fe5212e3
1480,3,00000434,00f00093
1482,3,00000438,00000013
1484,3,0000043c,00000013
1486,3,00000440,00b00113
1492,3,00000444,02208f33
1494,3,00000448,00120213
1496,3,0000044c,00200293
1498,3,00000450,fe5212e3
1506,3,00000454,0a500e93
1508,3,00000458,01300193
1510,3,0000045c,17df1463
1512,3,00000460,00000213
1514,3,00000464,00b00113
1516,3,00000468,00d00093
1522,3,0000046c,02208f33
1524,3,00000470,00120213
1526,3,00000474,00200293
1528,3,00000478,fe5216e3
1532,3,00000464,00b00113
1534,3,00000468,00d00093
1540,3,0000046c,02208f33
1542,3,00000470,00120213
1544,3,00000474,00200293
1546,3,00000478,fe5216e3
1554,3,0000047c,08f00e93
1556,3,00000480,01400193
1558,3,00000484,15df1063
1560,3,00000488,00000213
1562,3,0000048c,00b00113
1564,3,00000490,00e00093
1566,3,00000494,00000013
1572,3,00000498,02208f33
1574,3,0000049c,00120213
1576,3,000004a0,00200293
1578,3,000004a4,fe5214e3
1582,3,0000048c,00b00113
1584,3,00000490,00e00093
1586,3,00000494,00000013
1592,3,00000498,02208f33
1594,3,0000049c,00120213
1596,3,000004a0,00200293
1598,3,000004a4,fe5214e3
1606,3,000004a8,09a00e93
1608,3,000004ac,01500193
1610,3,000004b0,11df1a63
1612,3,000004b4,00000213
1614,3,000004b8,00b00113
1616,3,000004bc,00f00093
1618,3,000004c0,00000013
1620,3,000004c4,00000013
1626,3,000004c8,02208f33
1628,3,000004cc,00120213
1630,3,000004d0,00200293
1632,3,000004d4,fe5212e3
1636,3,000004b8,00b00113
1638,3,000004bc,00f00093
1640,3,000004c0,00000013
1642,3,000004c4,00000013
1648,3,000004c8,02208f33
1650,3,000004cc,00120213
1652,3,000004d0,00200293
1654,3,000004d4,fe5212e3
1662,3,000004d8,0a500e93
1664,3,000004dc,01600193
1666,3,000004e0,0fdf1263
1668,3,000004e4,00000213
1670,3,000004e8,00b00113
1672,3,000004ec,00000013
1674,3,000004f0,00d00093
1680,3,000004f4,02208f33
1682,3,000004f8,00120213
1684,3,000004fc,00200293
1686,3,00000500,fe5214e3
1690,3,000004e8,00b00113
1692,3,000004ec,00000013
1694,3,000004f0,00d00093
1700,3,000004f4,02208f33
1702,3,000004f8,00120213
1704,3,000004fc,00200293
1706,3,00000500,fe5214e3
1714,3,00000504,08f00e93
1716,3,00000508,01700193
1718,3,0000050c,0bdf1c63
1720,3,00000510,00000213
1722,3,00000514,00b00113
1724,3,00000518,00000013
1726,3,0000051c,00e00093
1728,3,00000520,00000013
1734,3,00000524,02208f33
1736,3,00000528,00120213
1738,3,0000052c,00200293
1740,3,00000530,fe5212e3
1744,3,00000514,00b00113
1746,3,00000518,00000013
1748,3,0000051c,00e00093
1750,3,00000520,00000013
1756,3,00000524,02208f33
1758,3,00000528,00120213
1760,3,0000052c,00200293
1762,3,00000530,fe5212e3
1770,3,00000534,09a00e93
1772,3,00000538,01800193
1774,3,0000053c,09df1463
1776,3,00000540,00000213
1778,3,00000544,00b00113
1780,3,00000548,00000013
1782,3,0000054c,00000013
1784,3,00000550,00f00093
1790,3,00000554,02208f33
1792,3,00000558,00120213
1794,3,0000055c,00200293
1796,3,00000560,fe5212e3
1800,3,00000544,00b00113
1802,3,00000548,00000013
1804,3,0000054c,00000013
1806,3,00000550,00f00093
1812,3,00000554,02208f33
1814,3,00000558,00120213
1816,3,0000055c,00200293
1818,3,00000560,fe5212e3
1826,3,00000564,0a500e93
1828,3,00000568,01900193
1830,3,0000056c,05df1c63
1832,3,00000570,01f00093
1838,3,00000574,02100133
1840,3,00000578,00000e93
1842,3,0000057c,01a00193
1844,3,00000580,05d11263
1846,3,00000584,02000093
1854,3,00000588,02008133
1856,3,0000058c,00000e93
1858,3,00000590,01b00193
1860,3,00000594,03d11863
1866,3,00000598,020000b3
1868,3,0000059c,00000e93
1870,3,000005a0,01c00193
1872,3,000005a4,03d09063
1874,3,000005a8,02100093
1876,3,000005ac,02200113
1884,3,000005b0,02208033
1886,3,000005b4,00000e93
1888,3,000005b8,01d00193
1890,3,000005bc,01d01463
1892,3,000005c0,00301c63
1900,3,000005d8,0ff0000f
1902,3,000005dc,00100193
1904,3,000005e0,00000073
1912,3,00000004,34202f73
1914,3,00000008,00800f93
1916,3,0000000c,03ff0a63
1918,3,00000010,00900f93
1920,3,00000014,03ff0663
1922,3,00000018,00b00f93
1924,3,0000001c,03ff0263
1932,3,00000040,00001f17
1934,3,00000044,fc3f2023
1936,3,00000048,ff9ff06f
1942,3,00000040,00001f17
1944,3,00000044,fc3f2023
1946,3,00000048,ff9ff06f
1952,3,00000040,00001f17
1954,3,00000044,fc3f2023
1956,3,00000048,ff9ff06f
1962,3,00000040,00001f17
1964,3,00000044,fc3f2023
1966,3,00000048,ff9ff06f
1972,3,00000040,00001f17
1974,3,00000044,fc3f2023
1976,3,00000048,ff9ff06f
1982,3,00000040,00001f17
1984,3,00000044,fc3f2023
1986,3,00000048,ff9ff06f
1992,3,00000040,00001f17
1994,3,00000044,fc3f2023
1996,3,00000048,ff9ff06f
2002,3,00000040,00001f17
2004,3,00000044,fc3f2023
2006,3,00000048,ff9ff06f
2012,3,00000040,00001f17
2014,3,00000044,fc3f2023
2016,3,00000048,ff9ff06f
2022,3,00000040,00001f17
2024,3,00000044,fc3f2023
2026,3,00000048,ff9ff06f
2032,3,00000040,00001f17
2034,3,00000044,fc3f2023
2036,3,00000048,ff9ff06f
2042,3,00000040,00001f17
2044,3,00000044,fc3f2023
2046,3,00000048,ff9ff06f
2052,3,00000040,00001f17
2054,3,00000044,fc3f2023
2056,3,00000048,ff9ff06f
2062,3,00000040,00001f17
2064,3,00000044,fc3f2023
2066,3,00000048,ff9ff06f
2072,3,00000040,00001f17
2074,3,00000044,fc3f2023
2076,3,00000048,ff9ff06f
2082,3,00000040,00001f17
2084,3,00000044,fc3f2023
2086,3,00000048,ff9ff06f
2092,3,00000040,00001f17
2094,3,00000044,fc3f2023
2096,3,00000048,ff9ff06f
2102,3,00000040,00001f17
2104,3,00000044,fc3f2023
2106,3,00000048,ff9ff06f
2112,3,00000040,00001f17
2114,3,00000044,fc3f2023
2116,3,00000048,ff9ff06f
2122,3,00000040,00001f17
2124,3,00000044,fc3f2023
2126,3,00000048,ff9ff06f
2132,3,00000040,00001f17
2134,3,00000044,fc3f2023
2136,3,00000048,ff9ff06f
2142,3,00000040,00001f17
2144,3,00000044,fc3f2023
2146,3,00000048,ff9ff06f
2152,3,00000040,00001f17
2154,3,00000044,fc3f2023
2156,3,00000048,ff9ff06f
2162,3,00000040,00001f17
2164,3,00000044,fc3f2023
2166,3,00000048,ff9ff06f
2172,3,00000040,00001f17
2174,3,00000044,fc3f2023
2176,3,00000048,ff9ff06f
2182,3,00000040,00001f17
2184,3,00000044,fc3f2023
2186,3,00000048,ff9ff06f
2192,3,00000040,00001f17
2194,3,00000044,fc3f2023
2196,3,00000048,ff9ff06f
2202,3,00000040,00001f17
2204,3,00000044,fc3f2023
2206,3,00000048,ff9ff06f
2212,3,00000040,00001f17
2214,3,00000044,fc3f2023
2216,3,00000048,ff9ff06f
2222,3,00000040,00001f17
2224,3,00000044,fc3f2023
2226,3,00000048,ff9ff06f
2232,3,00000040,00001f17
2234,3,00000044,fc3f2023
2236,3,00000048,ff9ff06f
2242,3,00000040,00001f17
2244,3,00000044,fc3f2023
2246,3,00000048,ff9ff06f
2252,3,00000040,00001f17
2254,3,00000044,fc3f2023
2256,3,00000048,ff9ff06f
2262,3,00000040,00001f17
2264,3,00000044,fc3f2023
2266,3,00000048,ff9ff06f
2272,3,00000040,00001f17
2274,3,00000044,fc3f2023
2276,3,00000048,ff9ff06f
2282,3,00000040,00001f17
2284,3,00000044,fc3f2023
2286,3,00000048,ff9ff06f
2292,3,00000040,00001f17
2294,3,00000044,fc3f2023
2296,3,00000048,ff9ff06f
2302,3,00000040,00001f17
2304,3,00000044,fc3f2023
2306,3,00000048,ff9ff06f
2312,3,00000040,00001f17
2314,3,00000044,fc3f2023
2316,3,00000048,ff9ff06f
2322,3,00000040,00001f17
2324,3,00000044,fc3f2023
2326,3,00000048,ff9ff06f
2332,3,00000040,00001f17
2334,3,00000044,fc3f2023
2336,3,00000048,ff9ff06f
2342,3,00000040,00001f17
2344,3,00000044,fc3f2023
2346,3,00000048,ff9ff06f
2352,3,00000040,00001f17
2354,3,00000044,fc3f2023
2356,3,00000048,ff9ff06f
2362,3,00000040,00001f17
2364,3,00000044,fc3f2023
2366,3,00000048,ff9ff06f
2372,3,00000040,00001f17
2374,3,00000044,fc3f2023
2376,3,00000048,ff9ff06f
2382,3,00000040,00001f17
2384,3,00000044,fc3f2023
2386,3,00000048,ff9ff06f
2392,3,00000040,00001f17
2394,3,00000044,fc3f2023
2396,3,00000048,ff9ff06f
2402,3,00000040,00001f17
2404,3,00000044,fc3f2023
2406,3,00000048,ff9ff06f
2412,3,00000040,00001f17
2414,3,00000044,fc3f2023
2416,3,00000048,ff9ff06f
2422,3,00000040,00001f17
2424,3,00000044,fc3f2023
2426,3,00000048,ff9ff06f
2432,3,00000040,00001f17
2434,3,00000044,fc3f2023
2436,3,00000048,ff9ff06f
2442,3,00000040,00001f17
2444,3,00000044,fc3f2023
2446,3,00000048,ff9ff06f
2452,3,00000040,00001f17
2454,3,00000044,fc3f2023
2456,3,00000048,ff9ff06f
2462,3,00000040,00001f17
2464,3,00000044,fc3f2023
2466,3,00000048,ff9ff06f
2472,3,00000040,00001f17
2474,3,00000044,fc3f2023
2476,3,00000048,ff9ff06f
2482,3,00000040,00001f17
2484,3,00000044,fc3f2023
2486,3,00000048,ff9ff06f
2492,3,00000040,00001f17
2494,3,00000044,fc3f2023
2496,3,00000048,ff9ff06f
2502,3,00000040,00001f17
2504,3,00000044,fc3f2023
2506,3,00000048,ff9ff06f
2512,3,00000040,00001f17
2514,3,00000044,fc3f2023
2516,3,00000048,ff9ff06f
2522,3,00000040,00001f17
2524,3,00000044,fc3f2023
2526,3,00000048,ff9ff06f
2532,3,00000040,00001f17
2534,3,00000044,fc3f2023
2536,3,00000048,ff9ff06f
2542,3,00000040,00001f17
2544,3,00000044,fc3f2023
2546,3,00000048,ff9ff06f
2552,3,00000040,00001f17
2554,3,00000044,fc3f2023
2556,3,00000048,ff9ff06f
2562,3,00000040,00001f17
2564,3,00000044,fc3f2023
2566,3,00000048,ff9ff06f
2572,3,00000040,00001f17
2574,3,00000044,fc3f2023
2576,3,00000048,ff9ff06f
2582,3,00000040,00001f17
2584,3,00000044,fc3f2023
2586,3,00000048,ff9ff06f
2592,3,00000040,00001f17
2594,3,00000044,fc3f2023
2596,3,00000048,ff9ff06f
2602,3,00000040,00001f17
2604,3,00000044,fc3f2023
2606,3,00000048,ff9ff06f
2612,3,00000040,00001f17
2614,3,00000044,fc3f2023
2616,3,00000048,ff9ff06f
2622,3,00000040,00001f17
2624,3,00000044,fc3f2023
2626,3,00000048,ff9ff06f
2632,3,00000040,00001f17
2634,3,00000044,fc3f2023
2636,3,00000048,ff9ff06f
2642,3,00000040,00001f17
2644,3,00000044,fc3f2023
2646,3,00000048,ff9ff06f
2652,3,00000040,00001f17
2654,3,00000044,fc3f2023
2656,3,00000048,ff9ff06f
2662,3,00000040,00001f17
2664,3,00000044,fc3f2023
2666,3,00000048,ff9ff06f
2672,3,00000040,00001f17
2674,3,00000044,fc3f2023
2676,3,00000048,ff9ff06f
2682,3,00000040,00001f17
2684,3,00000044,fc3f2023
2686,3,00000048,ff9ff06f
2692,3,00000040,00001f17
2694,3,00000044,fc3f2023
2696,3,00000048,ff9ff06f
2702,3,00000040,00001f17
2704,3,00000044,fc3f2023
2706,3,00000048,ff9ff06f
2712,3,00000040,00001f17
2714,3,00000044,fc3f2023
2716,3,00000048,ff9ff06f
2722,3,00000040,00001f17
2724,3,00000044,fc3f2023
2726,3,00000048,ff9ff06f
2732,3,00000040,00001f17
2734,3,00000044,fc3f2023
2736,3,00000048,ff9ff06f
2742,3,00000040,00001f17
2744,3,00000044,fc3f2023
2746,3,00000048,ff9ff06f
2752,3,00000040,00001f17
2754,3,00000044,fc3f2023
2756,3,00000048,ff9ff06f
2762,3,00000040,00001f17
2764,3,00000044,fc3f2023
2766,3,00000048,ff9ff06f
2772,3,00000040,00001f17
2774,3,00000044,fc3f2023
2776,3,00000048,ff9ff06f
2782,3,00000040,00001f17
2784,3,00000044,fc3f2023
2786,3,00000048,ff9ff06f
2792,3,00000040,00001f17
2794,3,00000044,fc3f2023
2796,3,00000048,ff9ff06f
2802,3,00000040,00001f17
2804,3,00000044,fc3f2023
2806,3,00000048,ff9ff06f
2812,3,00000040,00001f17
2814,3,00000044,fc3f2023
2816,3,00000048,ff9ff06f
2822,3,00000040,00001f17
2824,3,00000044,fc3f2023
2826,3,00000048,ff9ff06f
2832,3,00000040,00001f17
2834,3,00000044,fc3f2023
2836,3,00000048,ff9ff06f
2842,3,00000040,00001f17
2844,3,00000044,fc3f2023
2846,3,00000048,ff9ff06f
2852,3,00000040,00001f17
2854,3,00000044,fc3f2023
2856,3,00000048,ff9ff06f
2862,3,00000040,00001f17
2864,3,00000044,fc3f2023
2866,3,00000048,ff9ff06f
2872,3,00000040,00001f17
2874,3,00000044,fc3f2023
2876,3,00000048,ff9ff06f
2882,3,00000040,00001f17
2884,3,00000044,fc3f2023
2886,3,00000048,ff9ff06f
2892,3,00000040,00001f17
2894,3,00000044,fc3f2023
2896,3,00000048,ff9ff06f
2902,3,00000040,00001f17
2904,3,00000044,fc3f2023
2906,3,00000048,ff9ff06f
2912,3,00000040,00001f17
2914,3,00000044,fc3f2023
2916,3,00000048,ff9ff06f
2922,3,00000040,00001f17
2924,3,00000044,fc3f2023
2926,3,00000048,ff9ff06f
2932,3,00000040,00001f17
2934,3,00000044,fc3f2023
2936,3,00000048,ff9ff06f
2942,3,00000040,00001f17
2944,3,00000044,fc3f2023
2946,3,00000048,ff9ff06f
2952,3,00000040,00001f17
2954,3,00000044,fc3f2023
2956,3,00000048,ff9ff06f
2962,3,00000040,00001f17
2964,3,00000044,fc3f2023
2966,3,00000048,ff9ff06f
2972,3,00000040,00001f17
2974,3,00000044,fc3f2023
2976,3,00000048,ff9ff06f
2982,3,00000040,00001f17
2984,3,00000044,fc3f2023
2986,3,00000048,ff9ff06f
2992,3,00000040,00001f17
2994,3,00000044,fc3f2023
2996,3,00000048,ff9ff06f
3002,3,00000040,00001f17
3004,3,00000044,fc3f2023
3006,3,00000048,ff9ff06f
3012,3,00000040,00001f17
3014,3,00000044,fc3f2023
3016,3,00000048,ff9ff06f
3022,3,00000040,00001f17
3024,3,00000044,fc3f2023
3026,3,00000048,ff9ff06f
3032,3,00000040,00001f17
3034,3,00000044,fc3f2023
3036,3,00000048,ff9ff06f
3042,3,00000040,00001f17
3044,3,00000044,fc3f2023
3046,3,00000048,ff9ff06f
3052,3,00000040,00001f17
3054,3,00000044,fc3f2023
3056,3,00000048,ff9ff06f
3062,3,00000040,00001f17
3064,3,00000044,fc3f2023
3066,3,00000048,ff9ff06f
3072,3,00000040,00001f17
3074,3,00000044,fc3f2023
3076,3,00000048,ff9ff06f
3082,3,00000040,00001f17
3084,3,00000044,fc3f2023
3086,3,00000048,ff9ff06f
3092,3,00000040,00001f17
3094,3,00000044,fc3f2023
3096,3,00000048,ff9ff06f
3102,3,00000040,00001f17
3104,3,00000044,fc3f2023
3106,3,00000048,ff9ff06f
3112,3,00000040,00001f17
3114,3,00000044,fc3f2023
3116,3,00000048,ff9ff06f
3122,3,00000040,00001f17
3124,3,00000044,fc3f2023
3126,3,00000048,ff9ff06f
3132,3,00000040,00001f17
3134,3,00000044,fc3f2023
3136,3,00000048,ff9ff06f
3142,3,00000040,00001f17
3144,3,00000044,fc3f2023
3146,3,00000048,ff9ff06f
3152,3,00000040,00001f17
3154,3,00000044,fc3f2023
3156,3,00000048,ff9ff06f
3162,3,00000040,00001f17
3164,3,00000044,fc3f2023
3166,3,00000048,ff9ff06f
3172,3,00000040,00001f17
3174,3,00000044,fc3f2023
3176,3,00000048,ff9ff06f
3182,3,00000040,00001f17
3184,3,00000044,fc3f2023
3186,3,00000048,ff9ff06f
3192,3,00000040,00001f17
3194,3,00000044,fc3f2023
3196,3,00000048,ff9ff06f
3202,3,00000040,00001f17
3204,3,00000044,fc3f2023
3206,3,00000048,ff9ff06f
3212,3,00000040,00001f17
3214,3,00000044,fc3f2023
3216,3,00000048,ff9ff06f
3222,3,00000040,00001f17
3224,3,00000044,fc3f2023
3226,3,00000048,ff9ff06f
3232,3,00000040,00001f17
3234,3,00000044,fc3f2023
3236,3,00000048,ff9ff06f
3242,3,00000040,00001f17
3244,3,00000044,fc3f2023
3246,3,00000048,ff9ff06f
3252,3,00000040,00001f17
3254,3,00000044,fc3f2023
3256,3,00000048,ff9ff06f
3262,3,00000040,00001f17
3264,3,00000044,fc3f2023
3266,3,00000048,ff9ff06f
3272,3,00000040,00001f17
3274,3,00000044,fc3f2023
3276,3,00000048,ff9ff06f
3282,3,00000040,00001f17
3284,3,00000044,fc3f2023
3286,3,00000048,ff9ff06f
3292,3,00000040,00001f17
3294,3,00000044,fc3f2023
3296,3,00000048,ff9ff06f
3302,3,00000040,00001f17
3304,3,00000044,fc3f2023
3306,3,00000048,ff9ff06f
3312,3,00000040,00001f17
3314,3,00000044,fc3f2023
3316,3,00000048,ff9ff06f
3322,3,00000040,00001f17
3324,3,00000044,fc3f2023
3326,3,00000048,ff9ff06f
3332,3,00000040,00001f17
3334,3,00000044,fc3f2023
3336,3,00000048,ff9ff06f
3342,3,00000040,00001f17
3344,3,00000044,fc3f2023
3346,3,00000048,ff9ff06f
3352,3,00000040,00001f17
3354,3,00000044,fc3f2023
3356,3,00000048,ff9ff06f
3362,3,00000040,00001f17
3364,3,00000044,fc3f2023
3366,3,00000048,ff9ff06f
3372,3,00000040,00001f17
3374,3,00000044,fc3f2023
3376,3,00000048,ff9ff06f
3382,3,00000040,00001f17
3384,3,00000044,fc3f2023
3386,3,00000048,ff9ff06f
3392,3,00000040,00001f17
3394,3,00000044,fc3f2023
3396,3,00000048,ff9ff06f
3402,3,00000040,00001f17
3404,3,00000044,fc3f2023
3406,3,00000048,ff9ff06f
3412,3,00000040,00001f17
3414,3,00000044,fc3f2023
3416,3,00000048,ff9ff06f
3422,3,00000040,00001f17
3424,3,00000044,fc3f2023
3426,3,00000048,ff9ff06f
3432,3,00000040,00001f17
3434,3,00000044,fc3f2023
3436,3,00000048,ff9ff06f
3442,3,00000040,00001f17
3444,3,00000044,fc3f2023
3446,3,00000048,ff9ff06f
3452,3,00000040,00001f17
3454,3,00000044,fc3f2023
3456,3,00000048,ff9ff06f
3462,3,00000040,00001f17
3464,3,00000044,fc3f2023
3466,3,00000048,ff9ff06f
3472,3,00000040,00001f17
3474,3,00000044,fc3f2023
3476,3,00000048,ff9ff06f
3482,3,00000040,00001f17
3484,3,00000044,fc3f2023
3486,3,00000048,ff9ff06f
3492,3,00000040,00001f17
3494,3,00000044,fc3f2023
3496,3,00000048,ff9ff06f
3502,3,00000040,00001f17
3504,3,00000044,fc3f2023
3506,3,00000048,ff9ff06f
3512,3,00000040,00001f17
3514,3,00000044,fc3f2023
3516,3,00000048,ff9ff06f
3522,3,00000040,00001f17
3524,3,00000044,fc3f2023
3526,3,00000048,ff9ff06f
3532,3,00000040,00001f17
3534,3,00000044,fc3f2023
3536,3,00000048,ff9ff06f
3542,3,00000040,00001f17
3544,3,00000044,fc3f2023
3546,3,00000048,ff9ff06f
3552,3,00000040,00001f17
3554,3,00000044,fc3f2023
3556,3,00000048,ff9ff06f
3562,3,00000040,00001f17
3564,3,00000044,fc3f2023
3566,3,00000048,ff9ff06f
3572,3,00000040,00001f17
3574,3,00000044,fc3f2023
3576,3,00000048,ff9ff06f
3582,3,00000040,00001f17
3584,3,00000044,fc3f2023
3586,3,00000048,ff9ff06f
3592,3,00000040,00001f17
3594,3,00000044,fc3f2023
3596,3,00000048,ff9ff06f
3602,3,00000040,00001f17
3604,3,00000044,fc3f2023
3606,3,00000048,ff9ff06f
3612,3,00000040,00001f17
3614,3,00000044,fc3f2023
3616,3,00000048,ff9ff06f
3622,3,00000040,00001f17
3624,3,00000044,fc3f2023
3626,3,00000048,ff9ff06f
3632,3,00000040,00001f17
3634,3,00000044,fc3f2023
3636,3,00000048,ff9ff06f
3642,3,00000040,00001f17
3644,3,00000044,fc3f2023
3646,3,00000048,ff9ff06f
3652,3,00000040,00001f17
3654,3,00000044,fc3f2023
3656,3,00000048,ff9ff06f
3662,3,00000040,00001f17
3664,3,00000044,fc3f2023
3666,3,00000048,ff9ff06f
3672,3,00000040,00001f17
3674,3,00000044,fc3f2023
3676,3,00000048,ff9ff06f
3682,3,00000040,00001f17
3684,3,00000044,fc3f2023
3686,3,00000048,ff9ff06f
3692,3,00000040,00001f17
3694,3,00000044,fc3f2023
3696,3,00000048,ff9ff06f
3702,3,00000040,00001f17
3704,3,00000044,fc3f2023
3706,3,00000048,ff9ff06f
3712,3,00000040,00001f17
3714,3,00000044,fc3f2023
3716,3,00000048,ff9ff06f
3722,3,00000040,00001f17
3724,3,00000044,fc3f2023
3726,3,00000048,ff9ff06f
3732,3,00000040,00001f17
3734,3,00000044,fc3f2023
3736,3,00000048,ff9ff06f
3742,3,00000040,00001f17
3744,3,00000044,fc3f2023
3746,3,00000048,ff9ff06f
3752,3,00000040,00001f17
3754,3,00000044,fc3f2023
3756,3,00000048,ff9ff06f
3762,3,00000040,00001f17
3764,3,00000044,fc3f2023
3766,3,00000048,ff9ff06f
3772,3,00000040,00001f17
3774,3,00000044,fc3f2023
3776,3,00000048,ff9ff06f
3782,3,00000040,00001f17
3784,3,00000044,fc3f2023
3786,3,00000048,ff9ff06f
3792,3,00000040,00001f17
3794,3,00000044,fc3f2023
3796,3,00000048,ff9ff06f
3802,3,00000040,00001f17
3804,3,00000044,fc3f2023
3806,3,00000048,ff9ff06f
3812,3,00000040,00001f17
3814,3,00000044,fc3f2023
3816,3,00000048,ff9ff06f
3822,3,00000040,00001f17
3824,3,00000044,fc3f2023
3826,3,00000048,ff9ff06f
3832,3,00000040,00001f17
3834,3,00000044,fc3f2023
3836,3,00000048,ff9ff06f
3842,3,00000040,00001f17
3844,3,00000044,fc3f2023
3846,3,00000048,ff9ff06f
3852,3,00000040,00001f17
3854,3,00000044,fc3f2023
3856,3,00000048,ff9ff06f
3862,3,00000040,00001f17
3864,3,00000044,fc3f2023
3866,3,00000048,ff9ff06f
3872,3,00000040,00001f17
3874,3,00000044,fc3f2023
3876,3,00000048,ff9ff06f
3882,3,00000040,00001f17
3884,3,00000044,fc3f2023
3886,3,00000048,ff9ff06f
3892,3,00000040,00001f17
3894,3,00000044,fc3f2023
3896,3,00000048,ff9ff06f
3902,3,00000040,00001f17
3904,3,00000044,fc3f2023
3906,3,00000048,ff9ff06f
3912,3,00000040,00001f17
3914,3,00000044,fc3f2023
3916,3,00000048,ff9ff06f
3922,3,00000040,00001f17
3924,3,00000044,fc3f2023
3926,3,00000048,ff9ff06f
3932,3,00000040,00001f17
3934,3,00000044,fc3f2023
3936,3,00000048,ff9ff06f
3942,3,00000040,00001f17
3944,3,00000044,fc3f2023
3946,3,00000048,ff9ff06f
3952,3,00000040,00001f17
3954,3,00000044,fc3f2023
3956,3,00000048,ff9ff06f
3962,3,00000040,00001f17
3964,3,00000044,fc3f2023
3966,3,00000048,ff9ff06f
3972,3,00000040,00001f17
3974,3,00000044,fc3f2023
3976,3,00000048,ff9ff06f
3982,3,00000040,00001f17
3984,3,00000044,fc3f2023
3986,3,00000048,ff9ff06f
3992,3,00000040,00001f17
3994,3,00000044,fc3f2023
3996,3,00000048,ff9ff06f
