44,3,00000000,04c0006f
52,3,0000004c,f1402573
56,3,00000050,00051063
60,3,00000054,00000297
64,3,00000058,01028293
68,3,0000005c,30529073
80,3,00000064,00000297
84,3,00000068,01c28293
88,3,0000006c,30529073
92,3,00000070,fff00293
104,3,00000080,00000297
108,3,00000084,01828293
112,3,00000088,30529073
116,3,0000008c,30205073
120,3,00000090,30305073
124,3,00000094,30405073
128,3,00000098,00000193
132,3,0000009c,00000297
136,3,000000a0,f6828293
140,3,000000a4,30529073
144,3,000000a8,00100513
148,3,000000ac,01f51513
152,3,000000b0,00054863
160,3,000000c0,00000297
164,3,000000c4,f4028293
168,3,000000c8,00028e63
176,3,000000e4,30005073
180,3,000000e8,00000297
184,3,000000ec,01428293
188,3,000000f0,34129073
192,3,000000f4,f1402573
196,3,000000f8,30200073
204,3,000000fc,00000093
208,3,00000100,00000113
212,3,00000104,40208f33
216,3,00000108,00000e93
220,3,0000010c,00200193
224,3,00000110,4bdf1663
228,3,00000114,00100093
232,3,00000118,00100113
236,3,0000011c,40208f33
240,3,00000120,00000e93
244,3,00000124,00300193
248,3,00000128,49df1a63
252,3,0000012c,00300093
256,3,00000130,00700113
260,3,00000134,40208f33
264,3,00000138,ffc00e93
268,3,0000013c,00400193
272,3,00000140,47df1e63
276,3,00000144,00000093
280,3,00000148,ffff8137
284,3,0000014c,40208f33
288,3,00000150,00008eb7
292,3,00000154,00500193
296,3,00000158,47df1263
300,3,0000015c,800000b7
304,3,00000160,00000113
308,3,00000164,40208f33
312,3,00000168,80000eb7
316,3,0000016c,00600193
320,3,00000170,45df1663
324,3,00000174,800000b7
328,3,00000178,ffff8137
332,3,0000017c,40208f33
336,3,00000180,80008eb7
340,3,00000184,00700193
344,3,00000188,43df1a63
348,3,0000018c,00000093
352,3,00000190,00008137
356,3,00000194,fff10113
360,3,00000198,40208f33
364,3,0000019c,ffff8eb7
368,3,000001a0,001e8e93
372,3,000001a4,00800193
376,3,000001a8,41df1a63
380,3,000001ac,800000b7
384,3,000001b0,fff08093
388,3,000001b4,00000113
392,3,000001b8,40208f33
396,3,000001bc,80000eb7
400,3,000001c0,fffe8e93
404,3,000001c4,00900193
408,3,000001c8,3fdf1a63
412,3,000001cc,800000b7
416,3,000001d0,fff08093
420,3,000001d4,00008137
424,3,000001d8,fff10113
428,3,000001dc,40208f33
432,3,000001e0,7fff8eb7
436,3,000001e4,00a00193
440,3,000001e8,3ddf1a63
444,3,000001ec,800000b7
448,3,000001f0,00008137
452,3,000001f4,fff10113
456,3,000001f8,40208f33
460,3,000001fc,7fff8eb7
464,3,00000200,001e8e93
468,3,00000204,00b00193
472,3,00000208,3bdf1a63
476,3,0000020c,800000b7
480,3,00000210,fff08093
484,3,00000214,ffff8137
488,3,00000218,40208f33
492,3,0000021c,80008eb7
496,3,00000220,fffe8e93
500,3,00000224,00c00193
504,3,00000228,39df1a63
508,3,0000022c,00000093
512,3,00000230,fff00113
516,3,00000234,40208f33
520,3,00000238,00100e93
524,3,0000023c,00d00193
528,3,00000240,37df1e63
532,3,00000244,fff00093
536,3,00000248,00100113
540,3,0000024c,40208f33
544,3,00000250,ffe00e93
548,3,00000254,00e00193
552,3,00000258,37df1263
556,3,0000025c,fff00093
560,3,00000260,fff00113
564,3,00000264,40208f33
568,3,00000268,00000e93
572,3,0000026c,00f00193
576,3,00000270,35df1663
580,3,00000274,00d00093
584,3,00000278,00b00113
588,3,0000027c,402080b3
592,3,00000280,00200e93
596,3,00000284,01000193
600,3,00000288,33d09a63
604,3,0000028c,00e00093
608,3,00000290,00b00113
612,3,00000294,40208133
616,3,00000298,00300e93
620,3,0000029c,01100193
624,3,000002a0,31d11e63
628,3,000002a4,00d00093
632,3,000002a8,401080b3
636,3,000002ac,00000e93
640,3,000002b0,01200193
644,3,000002b4,31d09463
648,3,000002b8,00000213
652,3,000002bc,00d00093
656,3,000002c0,00b00113
660,3,000002c4,40208f33
664,3,000002c8,000f0313
668,3,000002cc,00120213
672,3,000002d0,00200293
676,3,000002d4,fe5214e3
684,3,000002bc,00d00093
688,3,000002c0,00b00113
692,3,000002c4,40208f33
696,3,000002c8,000f0313
700,3,000002cc,00120213
704,3,000002d0,00200293
708,3,000002d4,fe5214e3
712,3,000002d8,00200e93
716,3,000002dc,01300193
720,3,000002e0,2dd31e63
724,3,000002e4,00000213
728,3,000002e8,00e00093
732,3,000002ec,00b00113
736,3,000002f0,40208f33
740,3,000002f4,00000013
744,3,000002f8,000f0313
748,3,000002fc,00120213
752,3,00000300,00200293
756,3,00000304,fe5212e3
764,3,000002e8,00e00093
768,3,000002ec,00b00113
772,3,000002f0,40208f33
776,3,000002f4,00000013
780,3,000002f8,000f0313
784,3,000002fc,00120213
788,3,00000300,00200293
792,3,00000304,fe5212e3
796,3,00000308,00300e93
800,3,0000030c,01400193
804,3,00000310,2bd31663
808,3,00000314,00000213
812,3,00000318,00f00093
816,3,0000031c,00b00113
820,3,00000320,40208f33
824,3,00000324,00000013
828,3,00000328,00000013
832,3,0000032c,000f0313
836,3,00000330,00120213
840,3,00000334,00200293
844,3,00000338,fe5210e3
852,3,00000318,00f00093
856,3,0000031c,00b00113
860,3,00000320,40208f33
864,3,00000324,00000013
868,3,00000328,00000013
872,3,0000032c,000f0313
876,3,00000330,00120213
880,3,00000334,00200293
884,3,00000338,fe5210e3
888,3,0000033c,00400e93
892,3,00000340,01500193
896,3,00000344,27d31c63
900,3,00000348,00000213
904,3,0000034c,00d00093
908,3,00000350,00b00113
912,3,00000354,40208f33
916,3,00000358,00120213
920,3,0000035c,00200293
924,3,00000360,fe5216e3
932,3,0000034c,00d00093
936,3,00000350,00b00113
940,3,00000354,40208f33
944,3,00000358,00120213
948,3,0000035c,00200293
952,3,00000360,fe5216e3
956,3,00000364,00200e93
960,3,00000368,01600193
964,3,0000036c,25df1863
968,3,00000370,00000213
972,3,00000374,00e00093
976,3,00000378,00b00113
980,3,0000037c,00000013
984,3,00000380,40208f33
988,3,00000384,00120213
992,3,00000388,00200293
996,3,0000038c,fe5214e3
1004,3,00000374,00e00093
1008,3,00000378,00b00113
1012,3,0000037c,00000013
1016,3,00000380,40208f33
1020,3,00000384,00120213
1024,3,00000388,00200293
1028,3,0000038c,fe5214e3
1032,3,00000390,00300e93
1036,3,00000394,01700193
1040,3,00000398,23df1263
1044,3,0000039c,00000213
1048,3,000003a0,00f00093
1052,3,000003a4,00b00113
1056,3,000003a8,00000013
1060,3,000003ac,00000013
1064,3,000003b0,40208f33
1068,3,000003b4,00120213
1072,3,000003b8,00200293
1076,3,000003bc,fe5212e3
1084,3,000003a0,00f00093
1088,3,000003a4,00b00113
1092,3,000003a8,00000013
1096,3,000003ac,00000013
1100,3,000003b0,40208f33
1104,3,000003b4,00120213
1108,3,000003b8,00200293
1112,3,000003bc,fe5212e3
1116,3,000003c0,00400e93
1120,3,000003c4,01800193
1124,3,000003c8,1fdf1a63
1128,3,000003cc,00000213
1132,3,000003d0,00d00093
1136,3,000003d4,00000013
1140,3,000003d8,00b00113
1144,3,000003dc,40208f33
1148,3,000003e0,00120213
1152,3,000003e4,00200293
1156,3,000003e8,fe5214e3
1164,3,000003d0,00d00093
1168,3,000003d4,00000013
1172,3,000003d8,00b00113
1176,3,000003dc,40208f33
1180,3,000003e0,00120213
1184,3,000003e4,00200293
1188,3,000003e8,fe5214e3
1192,3,000003ec,00200e93
1196,3,000003f0,01900193
1200,3,000003f4,1ddf1463
1204,3,000003f8,00000213
1208,3,000003fc,00e00093
1212,3,00000400,00000013
1216,3,00000404,00b00113
1220,3,00000408,00000013
1224,3,0000040c,40208f33
1228,3,00000410,00120213
1232,3,00000414,00200293
1236,3,00000418,fe5212e3
1244,3,000003fc,00e00093
1248,3,00000400,00000013
1252,3,00000404,00b00113
1256,3,00000408,00000013
1260,3,0000040c,40208f33
1264,3,00000410,00120213
1268,3,00000414,00200293
1272,3,00000418,fe5212e3
1276,3,0000041c,00300e93
1280,3,00000420,01a00193
1284,3,00000424,19df1c63
1288,3,00000428,00000213
1292,3,0000042c,00f00093
1296,3,00000430,00000013
1300,3,00000434,00000013
1304,3,00000438,00b00113
1308,3,0000043c,40208f33
1312,3,00000440,00120213
1316,3,00000444,00200293
1320,3,00000448,fe5212e3
1328,3,0000042c,00f00093
1332,3,00000430,00000013
1336,3,00000434,00000013
1340,3,00000438,00b00113
1344,3,0000043c,40208f33
1348,3,00000440,00120213
1352,3,00000444,00200293
1356,3,00000448,fe5212e3
1360,3,0000044c,00400e93
1364,3,00000450,01b00193
1368,3,00000454,17df1463
1372,3,00000458,00000213
1376,3,0000045c,00b00113
1380,3,00000460,00d00093
1384,3,00000464,40208f33
1388,3,00000468,00120213
1392,3,0000046c,00200293
1396,3,00000470,fe5216e3
1404,3,0000045c,00b00113
1408,3,00000460,00d00093
1412,3,00000464,40208f33
1416,3,00000468,00120213
1420,3,0000046c,00200293
1424,3,00000470,fe5216e3
1428,3,00000474,00200e93
1432,3,00000478,01c00193
1436,3,0000047c,15df1063
1440,3,00000480,00000213
1444,3,00000484,00b00113
1448,3,00000488,00e00093
1452,3,0000048c,00000013
1456,3,00000490,40208f33
1460,3,00000494,00120213
1464,3,00000498,00200293
1468,3,0000049c,fe5214e3
1476,3,00000484,00b00113
1480,3,00000488,00e00093
1484,3,0000048c,00000013
1488,3,00000490,40208f33
1492,3,00000494,00120213
1496,3,00000498,00200293
1500,3,0000049c,fe5214e3
1504,3,000004a0,00300e93
1508,3,000004a4,01d00193
1512,3,000004a8,11df1a63
1516,3,000004ac,00000213
1520,3,000004b0,00b00113
1524,3,000004b4,00f00093
1528,3,000004b8,00000013
1532,3,000004bc,00000013
1536,3,000004c0,40208f33
1540,3,000004c4,00120213
1544,3,000004c8,00200293
1548,3,000004cc,fe5212e3
1556,3,000004b0,00b00113
1560,3,000004b4,00f00093
1564,3,000004b8,00000013
1568,3,000004bc,00000013
1572,3,000004c0,40208f33
1576,3,000004c4,00120213
1580,3,000004c8,00200293
1584,3,000004cc,fe5212e3
1588,3,000004d0,00400e93
1592,3,000004d4,01e00193
1596,3,000004d8,0fdf1263
1600,3,000004dc,00000213
1604,3,000004e0,00b00113
1608,3,000004e4,00000013
1612,3,000004e8,00d00093
1616,3,000004ec,40208f33
1620,3,000004f0,00120213
1624,3,000004f4,00200293
1628,3,000004f8,fe5214e3
1636,3,000004e0,00b00113
1640,3,000004e4,00000013
1644,3,000004e8,00d00093
1648,3,000004ec,40208f33
1652,3,000004f0,00120213
1656,3,000004f4,00200293
1660,3,000004f8,fe5214e3
1664,3,000004fc,00200e93
1668,3,00000500,01f00193
1672,3,00000504,0bdf1c63
1676,3,00000508,00000213
1680,3,0000050c,00b00113
1684,3,00000510,00000013
1688,3,00000514,00e00093
1692,3,00000518,00000013
1696,3,0000051c,40208f33
1700,3,00000520,00120213
1704,3,00000524,00200293
1708,3,00000528,fe5212e3
1716,3,0000050c,00b00113
1720,3,00000510,00000013
1724,3,00000514,00e00093
1728,3,00000518,00000013
1732,3,0000051c,40208f33
1736,3,00000520,00120213
1740,3,00000524,00200293
1744,3,00000528,fe5212e3
1748,3,0000052c,00300e93
1752,3,00000530,02000193
1756,3,00000534,09df1463
1760,3,00000538,00000213
1764,3,0000053c,00b00113
1768,3,00000540,00000013
1772,3,00000544,00000013
1776,3,00000548,00f00093
1780,3,0000054c,40208f33
1784,3,00000550,00120213
1788,3,00000554,00200293
1792,3,00000558,fe5212e3
1800,3,0000053c,00b00113
1804,3,00000540,00000013
1808,3,00000544,00000013
1812,3,00000548,00f00093
1816,3,0000054c,40208f33
1820,3,00000550,00120213
1824,3,00000554,00200293
1828,3,00000558,fe5212e3
1832,3,0000055c,00400e93
1836,3,00000560,02100193
1840,3,00000564,05df1c63
1844,3,00000568,ff100093
1848,3,0000056c,40100133
1852,3,00000570,00f00e93
1856,3,00000574,02200193
1860,3,00000578,05d11263
1864,3,0000057c,02000093
1868,3,00000580,40008133
1872,3,00000584,02000e93
1876,3,00000588,02300193
1880,3,0000058c,03d11863
1884,3,00000590,400000b3
1888,3,00000594,00000e93
1892,3,00000598,02400193
1896,3,0000059c,03d09063
1900,3,000005a0,01000093
1904,3,000005a4,01e00113
1908,3,000005a8,40208033
1912,3,000005ac,00000e93
1916,3,000005b0,02500193
1920,3,000005b4,01d01463
1924,3,000005b8,00301c63
1932,3,000005d0,0ff0000f
1936,3,000005d4,00100193
1940,3,000005d8,00000073
1948,3,00000004,34202f73
1952,3,00000008,00800f93
1956,3,0000000c,03ff0a63
1960,3,00000010,00900f93
1964,3,00000014,03ff0663
1968,3,00000018,00b00f93
1972,3,0000001c,03ff0263
1980,3,00000040,00001f17
1986,3,00000044,fc3f2023
1990,3,00000048,ff9ff06f
1998,3,00000040,00001f17
2004,3,00000044,fc3f2023
2008,3,00000048,ff9ff06f
2016,3,00000040,00001f17
2022,3,00000044,fc3f2023
2026,3,00000048,ff9ff06f
2034,3,00000040,00001f17
2040,3,00000044,fc3f2023
2044,3,00000048,ff9ff06f
2052,3,00000040,00001f17
2058,3,00000044,fc3f2023
2062,3,00000048,ff9ff06f
2070,3,00000040,00001f17
2076,3,00000044,fc3f2023
2080,3,00000048,ff9ff06f
2088,3,00000040,00001f17
2094,3,00000044,fc3f2023
2098,3,00000048,ff9ff06f
2106,3,00000040,00001f17
2112,3,00000044,fc3f2023
2116,3,00000048,ff9ff06f
2124,3,00000040,00001f17
2130,3,00000044,fc3f2023
2134,3,00000048,ff9ff06f
2142,3,00000040,00001f17
2148,3,00000044,fc3f2023
2152,3,00000048,ff9ff06f
2160,3,00000040,00001f17
2166,3,00000044,fc3f2023
2170,3,00000048,ff9ff06f
2178,3,00000040,00001f17
2184,3,00000044,fc3f2023
2188,3,00000048,ff9ff06f
2196,3,00000040,00001f17
2202,3,00000044,fc3f2023
2206,3,00000048,ff9ff06f
2214,3,00000040,00001f17
2220,3,00000044,fc3f2023
2224,3,00000048,ff9ff06f
2232,3,00000040,00001f17
2238,3,00000044,fc3f2023
2242,3,00000048,ff9ff06f
2250,3,00000040,00001f17
2256,3,00000044,fc3f2023
2260,3,00000048,ff9ff06f
2268,3,00000040,00001f17
2274,3,00000044,fc3f2023
2278,3,00000048,ff9ff06f
2286,3,00000040,00001f17
2292,3,00000044,fc3f2023
2296,3,00000048,ff9ff06f
2304,3,00000040,00001f17
2310,3,00000044,fc3f2023
2314,3,00000048,ff9ff06f
2322,3,00000040,00001f17
2328,3,00000044,fc3f2023
2332,3,00000048,ff9ff06f
2340,3,00000040,00001f17
2346,3,00000044,fc3f2023
2350,3,00000048,ff9ff06f
2358,3,00000040,00001f17
2364,3,00000044,fc3f2023
2368,3,00000048,ff9ff06f
2376,3,00000040,00001f17
2382,3,00000044,fc3f2023
2386,3,00000048,ff9ff06f
2394,3,00000040,00001f17
2400,3,00000044,fc3f2023
2404,3,00000048,ff9ff06f
2412,3,00000040,00001f17
2418,3,00000044,fc3f2023
2422,3,00000048,ff9ff06f
2430,3,00000040,00001f17
2436,3,00000044,fc3f2023
2440,3,00000048,ff9ff06f
2448,3,00000040,00001f17
2454,3,00000044,fc3f2023
2458,3,00000048,ff9ff06f
2466,3,00000040,00001f17
2472,3,00000044,fc3f2023
2476,3,00000048,ff9ff06f
2484,3,00000040,00001f17
2490,3,00000044,fc3f2023
2494,3,00000048,ff9ff06f
2502,3,00000040,00001f17
2508,3,00000044,fc3f2023
2512,3,00000048,ff9ff06f
2520,3,00000040,00001f17
2526,3,00000044,fc3f2023
2530,3,00000048,ff9ff06f
2538,3,00000040,00001f17
2544,3,00000044,fc3f2023
2548,3,00000048,ff9ff06f
2556,3,00000040,00001f17
2562,3,00000044,fc3f2023
2566,3,00000048,ff9ff06f
2574,3,00000040,00001f17
2580,3,00000044,fc3f2023
2584,3,00000048,ff9ff06f
2592,3,00000040,00001f17
2598,3,00000044,fc3f2023
2602,3,00000048,ff9ff06f
2610,3,00000040,00001f17
2616,3,00000044,fc3f2023
2620,3,00000048,ff9ff06f
2628,3,00000040,00001f17
2634,3,00000044,fc3f2023
2638,3,00000048,ff9ff06f
2646,3,00000040,00001f17
2652,3,00000044,fc3f2023
2656,3,00000048,ff9ff06f
2664,3,00000040,00001f17
2670,3,00000044,fc3f2023
2674,3,00000048,ff9ff06f
2682,3,00000040,00001f17
2688,3,00000044,fc3f2023
2692,3,00000048,ff9ff06f
2700,3,00000040,00001f17
2706,3,00000044,fc3f2023
2710,3,00000048,ff9ff06f
2718,3,00000040,00001f17
2724,3,00000044,fc3f2023
2728,3,00000048,ff9ff06f
2736,3,00000040,00001f17
2742,3,00000044,fc3f2023
2746,3,00000048,ff9ff06f
2754,3,00000040,00001f17
2760,3,00000044,fc3f2023
2764,3,00000048,ff9ff06f
2772,3,00000040,00001f17
2778,3,00000044,fc3f2023
2782,3,00000048,ff9ff06f
2790,3,00000040,00001f17
2796,3,00000044,fc3f2023
2800,3,00000048,ff9ff06f
2808,3,00000040,00001f17
2814,3,00000044,fc3f2023
2818,3,00000048,ff9ff06f
2826,3,00000040,00001f17
2832,3,00000044,fc3f2023
2836,3,00000048,ff9ff06f
2844,3,00000040,00001f17
2850,3,00000044,fc3f2023
2854,3,00000048,ff9ff06f
2862,3,00000040,00001f17
2868,3,00000044,fc3f2023
2872,3,00000048,ff9ff06f
2880,3,00000040,00001f17
2886,3,00000044,fc3f2023
2890,3,00000048,ff9ff06f
2898,3,00000040,00001f17
2904,3,00000044,fc3f2023
2908,3,00000048,ff9ff06f
2916,3,00000040,00001f17
2922,3,00000044,fc3f2023
2926,3,00000048,ff9ff06f
2934,3,00000040,00001f17
2940,3,00000044,fc3f2023
2944,3,00000048,ff9ff06f
2952,3,00000040,00001f17
2958,3,00000044,fc3f2023
2962,3,00000048,ff9ff06f
2970,3,00000040,00001f17
2976,3,00000044,fc3f2023
2980,3,00000048,ff9ff06f
2988,3,00000040,00001f17
2994,3,00000044,fc3f2023
2998,3,00000048,ff9ff06f
