44,3,00000000,04c0006f
52,3,0000004c,f1402573
56,3,00000050,00051063
60,3,00000054,00000297
64,3,00000058,01028293
68,3,0000005c,30529073
80,3,00000064,00000297
84,3,00000068,01c28293
88,3,0000006c,30529073
92,3,00000070,fff00293
104,3,00000080,00000297
108,3,00000084,01828293
112,3,00000088,30529073
116,3,0000008c,30205073
120,3,00000090,30305073
124,3,00000094,30405073
128,3,00000098,00000193
132,3,0000009c,00000297
136,3,000000a0,f6828293
140,3,000000a4,30529073
144,3,000000a8,00100513
148,3,000000ac,01f51513
152,3,000000b0,00054863
160,3,000000c0,00000297
164,3,000000c4,f4028293
168,3,000000c8,00028e63
176,3,000000e4,30005073
180,3,000000e8,00000297
184,3,000000ec,01428293
188,3,000000f0,34129073
192,3,000000f4,f1402573
196,3,000000f8,30200073
204,3,000000fc,00002097
208,3,00000100,f0408093
214,3,00000104,00008f03
218,3,00000108,fff00e93
222,3,0000010c,00200193
226,3,00000110,23df1c63
230,3,00000114,00002097
234,3,00000118,eec08093
240,3,0000011c,00108f03
244,3,00000120,00000e93
248,3,00000124,00300193
252,3,00000128,23df1063
256,3,0000012c,00002097
260,3,00000130,ed408093
266,3,00000134,00208f03
270,3,00000138,ff000e93
274,3,0000013c,00400193
278,3,00000140,21df1463
282,3,00000144,00002097
286,3,00000148,ebc08093
292,3,0000014c,00308f03
296,3,00000150,00f00e93
300,3,00000154,00500193
304,3,00000158,1fdf1863
308,3,0000015c,00002097
312,3,00000160,ea708093
318,3,00000164,ffd08f03
322,3,00000168,fff00e93
326,3,0000016c,00600193
330,3,00000170,1ddf1c63
334,3,00000174,00002097
338,3,00000178,e8f08093
344,3,0000017c,ffe08f03
348,3,00000180,00000e93
352,3,00000184,00700193
356,3,00000188,1ddf1063
360,3,0000018c,00002097
364,3,00000190,e7708093
370,3,00000194,fff08f03
374,3,00000198,ff000e93
378,3,0000019c,00800193
382,3,000001a0,1bdf1463
386,3,000001a4,00002097
390,3,000001a8,e5f08093
396,3,000001ac,00008f03
400,3,000001b0,00f00e93
404,3,000001b4,00900193
408,3,000001b8,19df1863
412,3,000001bc,00002097
416,3,000001c0,e4408093
420,3,000001c4,fe008093
426,3,000001c8,02008283
430,3,000001cc,fff00e93
434,3,000001d0,00a00193
438,3,000001d4,17d29a63
442,3,000001d8,00002097
446,3,000001dc,e2808093
450,3,000001e0,ffa08093
456,3,000001e4,00708283
460,3,000001e8,00000e93
464,3,000001ec,00b00193
468,3,000001f0,15d29c63
472,3,000001f4,00c00193
476,3,000001f8,00000213
480,3,000001fc,00002097
484,3,00000200,e0508093
490,3,00000204,00108f03
494,3,00000208,000f0313
498,3,0000020c,ff000e93
502,3,00000210,13d31c63
506,3,00000214,00120213
510,3,00000218,00200293
514,3,0000021c,fe5210e3
522,3,000001fc,00002097
526,3,00000200,e0508093
532,3,00000204,00108f03
536,3,00000208,000f0313
540,3,0000020c,ff000e93
544,3,00000210,13d31c63
548,3,00000214,00120213
552,3,00000218,00200293
556,3,0000021c,fe5210e3
560,3,00000220,00d00193
564,3,00000224,00000213
568,3,00000228,00002097
572,3,0000022c,dda08093
578,3,00000230,00108f03
582,3,00000234,00000013
586,3,00000238,000f0313
590,3,0000023c,00f00e93
594,3,00000240,11d31463
598,3,00000244,00120213
602,3,00000248,00200293
606,3,0000024c,fc521ee3
614,3,00000228,00002097
618,3,0000022c,dda08093
624,3,00000230,00108f03
628,3,00000234,00000013
632,3,00000238,000f0313
636,3,0000023c,00f00e93
640,3,00000240,11d31463
644,3,00000244,00120213
648,3,00000248,00200293
652,3,0000024c,fc521ee3
656,3,00000250,00e00193
660,3,00000254,00000213
664,3,00000258,00002097
668,3,0000025c,da808093
674,3,00000260,00108f03
678,3,00000264,00000013
682,3,00000268,00000013
686,3,0000026c,000f0313
690,3,00000270,00000e93
694,3,00000274,0dd31a63
698,3,00000278,00120213
702,3,0000027c,00200293
706,3,00000280,fc521ce3
714,3,00000258,00002097
718,3,0000025c,da808093
724,3,00000260,00108f03
728,3,00000264,00000013
732,3,00000268,00000013
736,3,0000026c,000f0313
740,3,00000270,00000e93
744,3,00000274,0dd31a63
748,3,00000278,00120213
752,3,0000027c,00200293
756,3,00000280,fc521ce3
760,3,00000284,00f00193
764,3,00000288,00000213
768,3,0000028c,00002097
772,3,00000290,d7508093
778,3,00000294,00108f03
782,3,00000298,ff000e93
786,3,0000029c,0bdf1663
790,3,000002a0,00120213
794,3,000002a4,00200293
798,3,000002a8,fe5212e3
806,3,0000028c,00002097
810,3,00000290,d7508093
816,3,00000294,00108f03
820,3,00000298,ff000e93
824,3,0000029c,0bdf1663
828,3,000002a0,00120213
832,3,000002a4,00200293
836,3,000002a8,fe5212e3
840,3,000002ac,01000193
844,3,000002b0,00000213
848,3,000002b4,00002097
852,3,000002b8,d4e08093
856,3,000002bc,00000013
862,3,000002c0,00108f03
866,3,000002c4,00f00e93
870,3,000002c8,09df1063
874,3,000002cc,00120213
878,3,000002d0,00200293
882,3,000002d4,fe5210e3
890,3,000002b4,00002097
894,3,000002b8,d4e08093
898,3,000002bc,00000013
904,3,000002c0,00108f03
908,3,000002c4,00f00e93
912,3,000002c8,09df1063
916,3,000002cc,00120213
920,3,000002d0,00200293
924,3,000002d4,fe5210e3
928,3,000002d8,01100193
932,3,000002dc,00000213
936,3,000002e0,00002097
940,3,000002e4,d2008093
944,3,000002e8,00000013
948,3,000002ec,00000013
954,3,000002f0,00108f03
958,3,000002f4,00000e93
962,3,000002f8,05df1863
966,3,000002fc,00120213
970,3,00000300,00200293
974,3,00000304,fc521ee3
982,3,000002e0,00002097
986,3,000002e4,d2008093
990,3,000002e8,00000013
994,3,000002ec,00000013
1000,3,000002f0,00108f03
1004,3,000002f4,00000e93
1008,3,000002f8,05df1863
1012,3,000002fc,00120213
1016,3,00000300,00200293
1020,3,00000304,fc521ee3
1024,3,00000308,00002297
1028,3,0000030c,cf828293
1034,3,00000310,00028103
1038,3,00000314,00200113
1042,3,00000318,00200e93
1046,3,0000031c,01200193
1050,3,00000320,03d11463
1054,3,00000324,00002297
1058,3,00000328,cdc28293
1064,3,0000032c,00028103
1068,3,00000330,00000013
1072,3,00000334,00200113
1076,3,00000338,00200e93
1080,3,0000033c,01300193
1084,3,00000340,01d11463
1088,3,00000344,00301c63
1096,3,0000035c,0ff0000f
1100,3,00000360,00100193
1104,3,00000364,00000073
1112,3,00000004,34202f73
1116,3,00000008,00800f93
1120,3,0000000c,03ff0a63
1124,3,00000010,00900f93
1128,3,00000014,03ff0663
1132,3,00000018,00b00f93
1136,3,0000001c,03ff0263
1144,3,00000040,00001f17
1150,3,00000044,fc3f2023
1154,3,00000048,ff9ff06f
1162,3,00000040,00001f17
1168,3,00000044,fc3f2023
1172,3,00000048,ff9ff06f
1180,3,00000040,00001f17
1186,3,00000044,fc3f2023
1190,3,00000048,ff9ff06f
1198,3,00000040,00001f17
1204,3,00000044,fc3f2023
1208,3,00000048,ff9ff06f
1216,3,00000040,00001f17
1222,3,00000044,fc3f2023
1226,3,00000048,ff9ff06f
1234,3,00000040,00001f17
1240,3,00000044,fc3f2023
1244,3,00000048,ff9ff06f
1252,3,00000040,00001f17
1258,3,00000044,fc3f2023
1262,3,00000048,ff9ff06f
1270,3,00000040,00001f17
1276,3,00000044,fc3f2023
1280,3,00000048,ff9ff06f
1288,3,00000040,00001f17
1294,3,00000044,fc3f2023
1298,3,00000048,ff9ff06f
1306,3,00000040,00001f17
1312,3,00000044,fc3f2023
1316,3,00000048,ff9ff06f
1324,3,00000040,00001f17
1330,3,00000044,fc3f2023
1334,3,00000048,ff9ff06f
1342,3,00000040,00001f17
1348,3,00000044,fc3f2023
1352,3,00000048,ff9ff06f
1360,3,00000040,00001f17
1366,3,00000044,fc3f2023
1370,3,00000048,ff9ff06f
1378,3,00000040,00001f17
1384,3,00000044,fc3f2023
1388,3,00000048,ff9ff06f
1396,3,00000040,00001f17
1402,3,00000044,fc3f2023
1406,3,00000048,ff9ff06f
1414,3,00000040,00001f17
1420,3,00000044,fc3f2023
1424,3,00000048,ff9ff06f
1432,3,00000040,00001f17
1438,3,00000044,fc3f2023
1442,3,00000048,ff9ff06f
1450,3,00000040,00001f17
1456,3,00000044,fc3f2023
1460,3,00000048,ff9ff06f
1468,3,00000040,00001f17
1474,3,00000044,fc3f2023
1478,3,00000048,ff9ff06f
1486,3,00000040,00001f17
1492,3,00000044,fc3f2023
1496,3,00000048,ff9ff06f
1504,3,00000040,00001f17
1510,3,00000044,fc3f2023
1514,3,00000048,ff9ff06f
1522,3,00000040,00001f17
1528,3,00000044,fc3f2023
1532,3,00000048,ff9ff06f
1540,3,00000040,00001f17
1546,3,00000044,fc3f2023
1550,3,00000048,ff9ff06f
1558,3,00000040,00001f17
1564,3,00000044,fc3f2023
1568,3,00000048,ff9ff06f
1576,3,00000040,00001f17
1582,3,00000044,fc3f2023
1586,3,00000048,ff9ff06f
1594,3,00000040,00001f17
1600,3,00000044,fc3f2023
1604,3,00000048,ff9ff06f
1612,3,00000040,00001f17
1618,3,00000044,fc3f2023
1622,3,00000048,ff9ff06f
1630,3,00000040,00001f17
1636,3,00000044,fc3f2023
1640,3,00000048,ff9ff06f
1648,3,00000040,00001f17
1654,3,00000044,fc3f2023
1658,3,00000048,ff9ff06f
1666,3,00000040,00001f17
1672,3,00000044,fc3f2023
1676,3,00000048,ff9ff06f
1684,3,00000040,00001f17
1690,3,00000044,fc3f2023
1694,3,00000048,ff9ff06f
1702,3,00000040,00001f17
1708,3,00000044,fc3f2023
1712,3,00000048,ff9ff06f
1720,3,00000040,00001f17
1726,3,00000044,fc3f2023
1730,3,00000048,ff9ff06f
1738,3,00000040,00001f17
1744,3,00000044,fc3f2023
1748,3,00000048,ff9ff06f
1756,3,00000040,00001f17
1762,3,00000044,fc3f2023
1766,3,00000048,ff9ff06f
1774,3,00000040,00001f17
1780,3,00000044,fc3f2023
1784,3,00000048,ff9ff06f
1792,3,00000040,00001f17
1798,3,00000044,fc3f2023
1802,3,00000048,ff9ff06f
1810,3,00000040,00001f17
1816,3,00000044,fc3f2023
1820,3,00000048,ff9ff06f
1828,3,00000040,00001f17
1834,3,00000044,fc3f2023
1838,3,00000048,ff9ff06f
1846,3,00000040,00001f17
1852,3,00000044,fc3f2023
1856,3,00000048,ff9ff06f
1864,3,00000040,00001f17
1870,3,00000044,fc3f2023
1874,3,00000048,ff9ff06f
1882,3,00000040,00001f17
1888,3,00000044,fc3f2023
1892,3,00000048,ff9ff06f
1900,3,00000040,00001f17
1906,3,00000044,fc3f2023
1910,3,00000048,ff9ff06f
1918,3,00000040,00001f17
1924,3,00000044,fc3f2023
1928,3,00000048,ff9ff06f
1936,3,00000040,00001f17
1942,3,00000044,fc3f2023
1946,3,00000048,ff9ff06f
1954,3,00000040,00001f17
1960,3,00000044,fc3f2023
1964,3,00000048,ff9ff06f
1972,3,00000040,00001f17
1978,3,00000044,fc3f2023
1982,3,00000048,ff9ff06f
1990,3,00000040,00001f17
1996,3,00000044,fc3f2023
2000,3,00000048,ff9ff06f
2008,3,00000040,00001f17
2014,3,00000044,fc3f2023
2018,3,00000048,ff9ff06f
2026,3,00000040,00001f17
2032,3,00000044,fc3f2023
2036,3,00000048,ff9ff06f
2044,3,00000040,00001f17
2050,3,00000044,fc3f2023
2054,3,00000048,ff9ff06f
2062,3,00000040,00001f17
2068,3,00000044,fc3f2023
2072,3,00000048,ff9ff06f
2080,3,00000040,00001f17
2086,3,00000044,fc3f2023
2090,3,00000048,ff9ff06f
2098,3,00000040,00001f17
2104,3,00000044,fc3f2023
2108,3,00000048,ff9ff06f
2116,3,00000040,00001f17
2122,3,00000044,fc3f2023
2126,3,00000048,ff9ff06f
2134,3,00000040,00001f17
2140,3,00000044,fc3f2023
2144,3,00000048,ff9ff06f
2152,3,00000040,00001f17
2158,3,00000044,fc3f2023
2162,3,00000048,ff9ff06f
2170,3,00000040,00001f17
2176,3,00000044,fc3f2023
2180,3,00000048,ff9ff06f
2188,3,00000040,00001f17
2194,3,00000044,fc3f2023
2198,3,00000048,ff9ff06f
2206,3,00000040,00001f17
2212,3,00000044,fc3f2023
2216,3,00000048,ff9ff06f
2224,3,00000040,00001f17
2230,3,00000044,fc3f2023
2234,3,00000048,ff9ff06f
2242,3,00000040,00001f17
2248,3,00000044,fc3f2023
2252,3,00000048,ff9ff06f
2260,3,00000040,00001f17
2266,3,00000044,fc3f2023
2270,3,00000048,ff9ff06f
2278,3,00000040,00001f17
2284,3,00000044,fc3f2023
2288,3,00000048,ff9ff06f
2296,3,00000040,00001f17
2302,3,00000044,fc3f2023
2306,3,00000048,ff9ff06f
2314,3,00000040,00001f17
2320,3,00000044,fc3f2023
2324,3,00000048,ff9ff06f
2332,3,00000040,00001f17
2338,3,00000044,fc3f2023
2342,3,00000048,ff9ff06f
2350,3,00000040,00001f17
2356,3,00000044,fc3f2023
2360,3,00000048,ff9ff06f
2368,3,00000040,00001f17
2374,3,00000044,fc3f2023
2378,3,00000048,ff9ff06f
2386,3,00000040,00001f17
2392,3,00000044,fc3f2023
2396,3,00000048,ff9ff06f
2404,3,00000040,00001f17
2410,3,00000044,fc3f2023
2414,3,00000048,ff9ff06f
2422,3,00000040,00001f17
2428,3,00000044,fc3f2023
2432,3,00000048,ff9ff06f
2440,3,00000040,00001f17
2446,3,00000044,fc3f2023
2450,3,00000048,ff9ff06f
2458,3,00000040,00001f17
2464,3,00000044,fc3f2023
2468,3,00000048,ff9ff06f
2476,3,00000040,00001f17
2482,3,00000044,fc3f2023
2486,3,00000048,ff9ff06f
2494,3,00000040,00001f17
2500,3,00000044,fc3f2023
2504,3,00000048,ff9ff06f
2512,3,00000040,00001f17
2518,3,00000044,fc3f2023
2522,3,00000048,ff9ff06f
2530,3,00000040,00001f17
2536,3,00000044,fc3f2023
2540,3,00000048,ff9ff06f
2548,3,00000040,00001f17
2554,3,00000044,fc3f2023
2558,3,00000048,ff9ff06f
2566,3,00000040,00001f17
2572,3,00000044,fc3f2023
2576,3,00000048,ff9ff06f
2584,3,00000040,00001f17
2590,3,00000044,fc3f2023
2594,3,00000048,ff9ff06f
2602,3,00000040,00001f17
2608,3,00000044,fc3f2023
2612,3,00000048,ff9ff06f
2620,3,00000040,00001f17
2626,3,00000044,fc3f2023
2630,3,00000048,ff9ff06f
2638,3,00000040,00001f17
2644,3,00000044,fc3f2023
2648,3,00000048,ff9ff06f
2656,3,00000040,00001f17
2662,3,00000044,fc3f2023
2666,3,00000048,ff9ff06f
2674,3,00000040,00001f17
2680,3,00000044,fc3f2023
2684,3,00000048,ff9ff06f
2692,3,00000040,00001f17
2698,3,00000044,fc3f2023
2702,3,00000048,ff9ff06f
2710,3,00000040,00001f17
2716,3,00000044,fc3f2023
2720,3,00000048,ff9ff06f
2728,3,00000040,00001f17
2734,3,00000044,fc3f2023
2738,3,00000048,ff9ff06f
2746,3,00000040,00001f17
2752,3,00000044,fc3f2023
2756,3,00000048,ff9ff06f
2764,3,00000040,00001f17
2770,3,00000044,fc3f2023
2774,3,00000048,ff9ff06f
2782,3,00000040,00001f17
2788,3,00000044,fc3f2023
2792,3,00000048,ff9ff06f
2800,3,00000040,00001f17
2806,3,00000044,fc3f2023
2810,3,00000048,ff9ff06f
2818,3,00000040,00001f17
2824,3,00000044,fc3f2023
2828,3,00000048,ff9ff06f
2836,3,00000040,00001f17
2842,3,00000044,fc3f2023
2846,3,00000048,ff9ff06f
2854,3,00000040,00001f17
2860,3,00000044,fc3f2023
2864,3,00000048,ff9ff06f
2872,3,00000040,00001f17
2878,3,00000044,fc3f2023
2882,3,00000048,ff9ff06f
2890,3,00000040,00001f17
2896,3,00000044,fc3f2023
2900,3,00000048,ff9ff06f
2908,3,00000040,00001f17
2914,3,00000044,fc3f2023
2918,3,00000048,ff9ff06f
2926,3,00000040,00001f17
2932,3,00000044,fc3f2023
2936,3,00000048,ff9ff06f
2944,3,00000040,00001f17
2950,3,00000044,fc3f2023
2954,3,00000048,ff9ff06f
2962,3,00000040,00001f17
2968,3,00000044,fc3f2023
2972,3,00000048,ff9ff06f
2980,3,00000040,00001f17
2986,3,00000044,fc3f2023
2990,3,00000048,ff9ff06f
2998,3,00000040,00001f17
