44,3,00000000,04c0006f
52,3,0000004c,f1402573
56,3,00000050,00051063
60,3,00000054,00000297
64,3,00000058,01028293
68,3,0000005c,30529073
80,3,00000064,00000297
84,3,00000068,01c28293
88,3,0000006c,30529073
92,3,00000070,fff00293
104,3,00000080,00000297
108,3,00000084,01828293
112,3,00000088,30529073
116,3,0000008c,30205073
120,3,00000090,30305073
124,3,00000094,30405073
128,3,00000098,00000193
132,3,0000009c,00000297
136,3,000000a0,f6828293
140,3,000000a4,30529073
144,3,000000a8,00100513
148,3,000000ac,01f51513
152,3,000000b0,00054863
160,3,000000c0,00000297
164,3,000000c4,f4028293
168,3,000000c8,00028e63
176,3,000000e4,30005073
180,3,000000e8,00000297
184,3,000000ec,01428293
188,3,000000f0,34129073
192,3,000000f4,f1402573
196,3,000000f8,30200073
204,3,000000fc,00000093
208,3,00000100,0000bf13
212,3,00000104,00000e93
216,3,00000108,00200193
220,3,0000010c,27df1263
224,3,00000110,00100093
228,3,00000114,0010bf13
232,3,00000118,00000e93
236,3,0000011c,00300193
240,3,00000120,25df1863
244,3,00000124,00300093
248,3,00000128,0070bf13
252,3,0000012c,00100e93
256,3,00000130,00400193
260,3,00000134,23df1e63
264,3,00000138,00700093
268,3,0000013c,0030bf13
272,3,00000140,00000e93
276,3,00000144,00500193
280,3,00000148,23df1463
284,3,0000014c,00000093
288,3,00000150,8000bf13
292,3,00000154,00100e93
296,3,00000158,00600193
300,3,0000015c,21df1a63
304,3,00000160,800000b7
308,3,00000164,0000bf13
312,3,00000168,00000e93
316,3,0000016c,00700193
320,3,00000170,21df1063
324,3,00000174,800000b7
328,3,00000178,8000bf13
332,3,0000017c,00100e93
336,3,00000180,00800193
340,3,00000184,1fdf1663
344,3,00000188,00000093
348,3,0000018c,7ff0bf13
352,3,00000190,00100e93
356,3,00000194,00900193
360,3,00000198,1ddf1c63
364,3,0000019c,800000b7
368,3,000001a0,fff08093
372,3,000001a4,0000bf13
376,3,000001a8,00000e93
380,3,000001ac,00a00193
384,3,000001b0,1ddf1063
388,3,000001b4,800000b7
392,3,000001b8,fff08093
396,3,000001bc,7ff0bf13
400,3,000001c0,00000e93
404,3,000001c4,00b00193
408,3,000001c8,1bdf1463
412,3,000001cc,800000b7
416,3,000001d0,7ff0bf13
420,3,000001d4,00000e93
424,3,000001d8,00c00193
428,3,000001dc,19df1a63
432,3,000001e0,800000b7
436,3,000001e4,fff08093
440,3,000001e8,8000bf13
444,3,000001ec,00100e93
448,3,000001f0,00d00193
452,3,000001f4,17df1e63
456,3,000001f8,00000093
460,3,000001fc,fff0bf13
464,3,00000200,00100e93
468,3,00000204,00e00193
472,3,00000208,17df1463
476,3,0000020c,fff00093
480,3,00000210,0010bf13
484,3,00000214,00000e93
488,3,00000218,00f00193
492,3,0000021c,15df1a63
496,3,00000220,fff00093
500,3,00000224,fff0bf13
504,3,00000228,00000e93
508,3,0000022c,01000193
512,3,00000230,15df1063
516,3,00000234,00b00093
520,3,00000238,00d0b093
524,3,0000023c,00100e93
528,3,00000240,01100193
532,3,00000244,13d09663
536,3,00000248,00000213
540,3,0000024c,00f00093
544,3,00000250,00a0bf13
548,3,00000254,000f0313
552,3,00000258,00120213
556,3,0000025c,00200293
560,3,00000260,fe5216e3
568,3,0000024c,00f00093
572,3,00000250,00a0bf13
576,3,00000254,000f0313
580,3,00000258,00120213
584,3,0000025c,00200293
588,3,00000260,fe5216e3
592,3,00000264,00000e93
596,3,00000268,01200193
600,3,0000026c,11d31263
604,3,00000270,00000213
608,3,00000274,00a00093
612,3,00000278,0100bf13
616,3,0000027c,00000013
620,3,00000280,000f0313
624,3,00000284,00120213
628,3,00000288,00200293
632,3,0000028c,fe5214e3
640,3,00000274,00a00093
644,3,00000278,0100bf13
648,3,0000027c,00000013
652,3,00000280,000f0313
656,3,00000284,00120213
660,3,00000288,00200293
664,3,0000028c,fe5214e3
668,3,00000290,00100e93
672,3,00000294,01300193
676,3,00000298,0dd31c63
680,3,0000029c,00000213
684,3,000002a0,01000093
688,3,000002a4,0090bf13
692,3,000002a8,00000013
696,3,000002ac,00000013
700,3,000002b0,000f0313
704,3,000002b4,00120213
708,3,000002b8,00200293
712,3,000002bc,fe5212e3
720,3,000002a0,01000093
724,3,000002a4,0090bf13
728,3,000002a8,00000013
732,3,000002ac,00000013
736,3,000002b0,000f0313
740,3,000002b4,00120213
744,3,000002b8,00200293
748,3,000002bc,fe5212e3
752,3,000002c0,00000e93
756,3,000002c4,01400193
760,3,000002c8,0bd31463
764,3,000002cc,00000213
768,3,000002d0,00b00093
772,3,000002d4,00f0bf13
776,3,000002d8,00120213
780,3,000002dc,00200293
784,3,000002e0,fe5218e3
792,3,000002d0,00b00093
796,3,000002d4,00f0bf13
800,3,000002d8,00120213
804,3,000002dc,00200293
808,3,000002e0,fe5218e3
812,3,000002e4,00100e93
816,3,000002e8,01500193
820,3,000002ec,09df1263
824,3,000002f0,00000213
828,3,000002f4,01100093
832,3,000002f8,00000013
836,3,000002fc,0080bf13
840,3,00000300,00120213
844,3,00000304,00200293
848,3,00000308,fe5216e3
856,3,000002f4,01100093
860,3,000002f8,00000013
864,3,000002fc,0080bf13
868,3,00000300,00120213
872,3,00000304,00200293
876,3,00000308,fe5216e3
880,3,0000030c,00000e93
884,3,00000310,01600193
888,3,00000314,05df1e63
892,3,00000318,00000213
896,3,0000031c,00c00093
900,3,00000320,00000013
904,3,00000324,00000013
908,3,00000328,00e0bf13
912,3,0000032c,00120213
916,3,00000330,00200293
920,3,00000334,fe5214e3
928,3,0000031c,00c00093
932,3,00000320,00000013
936,3,00000324,00000013
940,3,00000328,00e0bf13
944,3,0000032c,00120213
948,3,00000330,00200293
952,3,00000334,fe5214e3
956,3,00000338,00100e93
960,3,0000033c,01700193
964,3,00000340,03df1863
968,3,00000344,fff03093
972,3,00000348,00100e93
976,3,0000034c,01800193
980,3,00000350,03d09063
984,3,00000354,00ff00b7
988,3,00000358,0ff08093
992,3,0000035c,fff0b013
996,3,00000360,00000e93
1000,3,00000364,01900193
1004,3,00000368,01d01463
1008,3,0000036c,00301c63
1016,3,00000384,0ff0000f
1020,3,00000388,00100193
1024,3,0000038c,00000073
1032,3,00000004,34202f73
1036,3,00000008,00800f93
1040,3,0000000c,03ff0a63
1044,3,00000010,00900f93
1048,3,00000014,03ff0663
1052,3,00000018,00b00f93
1056,3,0000001c,03ff0263
1064,3,00000040,00001f17
1070,3,00000044,fc3f2023
1074,3,00000048,ff9ff06f
1082,3,00000040,00001f17
1088,3,00000044,fc3f2023
1092,3,00000048,ff9ff06f
1100,3,00000040,00001f17
1106,3,00000044,fc3f2023
1110,3,00000048,ff9ff06f
1118,3,00000040,00001f17
1124,3,00000044,fc3f2023
1128,3,00000048,ff9ff06f
1136,3,00000040,00001f17
1142,3,00000044,fc3f2023
1146,3,00000048,ff9ff06f
1154,3,00000040,00001f17
1160,3,00000044,fc3f2023
1164,3,00000048,ff9ff06f
1172,3,00000040,00001f17
1178,3,00000044,fc3f2023
1182,3,00000048,ff9ff06f
1190,3,00000040,00001f17
1196,3,00000044,fc3f2023
1200,3,00000048,ff9ff06f
1208,3,00000040,00001f17
1214,3,00000044,fc3f2023
1218,3,00000048,ff9ff06f
1226,3,00000040,00001f17
1232,3,00000044,fc3f2023
1236,3,00000048,ff9ff06f
1244,3,00000040,00001f17
1250,3,00000044,fc3f2023
1254,3,00000048,ff9ff06f
1262,3,00000040,00001f17
1268,3,00000044,fc3f2023
1272,3,00000048,ff9ff06f
1280,3,00000040,00001f17
1286,3,00000044,fc3f2023
1290,3,00000048,ff9ff06f
1298,3,00000040,00001f17
1304,3,00000044,fc3f2023
1308,3,00000048,ff9ff06f
1316,3,00000040,00001f17
1322,3,00000044,fc3f2023
1326,3,00000048,ff9ff06f
1334,3,00000040,00001f17
1340,3,00000044,fc3f2023
1344,3,00000048,ff9ff06f
1352,3,00000040,00001f17
1358,3,00000044,fc3f2023
1362,3,00000048,ff9ff06f
1370,3,00000040,00001f17
1376,3,00000044,fc3f2023
1380,3,00000048,ff9ff06f
1388,3,00000040,00001f17
1394,3,00000044,fc3f2023
1398,3,00000048,ff9ff06f
1406,3,00000040,00001f17
1412,3,00000044,fc3f2023
1416,3,00000048,ff9ff06f
1424,3,00000040,00001f17
1430,3,00000044,fc3f2023
1434,3,00000048,ff9ff06f
1442,3,00000040,00001f17
1448,3,00000044,fc3f2023
1452,3,00000048,ff9ff06f
1460,3,00000040,00001f17
1466,3,00000044,fc3f2023
1470,3,00000048,ff9ff06f
1478,3,00000040,00001f17
1484,3,00000044,fc3f2023
1488,3,00000048,ff9ff06f
1496,3,00000040,00001f17
1502,3,00000044,fc3f2023
1506,3,00000048,ff9ff06f
1514,3,00000040,00001f17
1520,3,00000044,fc3f2023
1524,3,00000048,ff9ff06f
1532,3,00000040,00001f17
1538,3,00000044,fc3f2023
1542,3,00000048,ff9ff06f
1550,3,00000040,00001f17
1556,3,00000044,fc3f2023
1560,3,00000048,ff9ff06f
1568,3,00000040,00001f17
1574,3,00000044,fc3f2023
1578,3,00000048,ff9ff06f
1586,3,00000040,00001f17
1592,3,00000044,fc3f2023
1596,3,00000048,ff9ff06f
1604,3,00000040,00001f17
1610,3,00000044,fc3f2023
1614,3,00000048,ff9ff06f
1622,3,00000040,00001f17
1628,3,00000044,fc3f2023
1632,3,00000048,ff9ff06f
1640,3,00000040,00001f17
1646,3,00000044,fc3f2023
1650,3,00000048,ff9ff06f
1658,3,00000040,00001f17
1664,3,00000044,fc3f2023
1668,3,00000048,ff9ff06f
1676,3,00000040,00001f17
1682,3,00000044,fc3f2023
1686,3,00000048,ff9ff06f
1694,3,00000040,00001f17
1700,3,00000044,fc3f2023
1704,3,00000048,ff9ff06f
1712,3,00000040,00001f17
1718,3,00000044,fc3f2023
1722,3,00000048,ff9ff06f
1730,3,00000040,00001f17
1736,3,00000044,fc3f2023
1740,3,00000048,ff9ff06f
1748,3,00000040,00001f17
1754,3,00000044,fc3f2023
1758,3,00000048,ff9ff06f
1766,3,00000040,00001f17
1772,3,00000044,fc3f2023
1776,3,00000048,ff9ff06f
1784,3,00000040,00001f17
1790,3,00000044,fc3f2023
1794,3,00000048,ff9ff06f
1802,3,00000040,00001f17
1808,3,00000044,fc3f2023
1812,3,00000048,ff9ff06f
1820,3,00000040,00001f17
1826,3,00000044,fc3f2023
1830,3,00000048,ff9ff06f
1838,3,00000040,00001f17
1844,3,00000044,fc3f2023
1848,3,00000048,ff9ff06f
1856,3,00000040,00001f17
1862,3,00000044,fc3f2023
1866,3,00000048,ff9ff06f
1874,3,00000040,00001f17
1880,3,00000044,fc3f2023
1884,3,00000048,ff9ff06f
1892,3,00000040,00001f17
1898,3,00000044,fc3f2023
1902,3,00000048,ff9ff06f
1910,3,00000040,00001f17
1916,3,00000044,fc3f2023
1920,3,00000048,ff9ff06f
1928,3,00000040,00001f17
1934,3,00000044,fc3f2023
1938,3,00000048,ff9ff06f
1946,3,00000040,00001f17
1952,3,00000044,fc3f2023
1956,3,00000048,ff9ff06f
1964,3,00000040,00001f17
1970,3,00000044,fc3f2023
1974,3,00000048,ff9ff06f
1982,3,00000040,00001f17
1988,3,00000044,fc3f2023
1992,3,00000048,ff9ff06f
2000,3,00000040,00001f17
2006,3,00000044,fc3f2023
2010,3,00000048,ff9ff06f
2018,3,00000040,00001f17
2024,3,00000044,fc3f2023
2028,3,00000048,ff9ff06f
2036,3,00000040,00001f17
2042,3,00000044,fc3f2023
2046,3,00000048,ff9ff06f
2054,3,00000040,00001f17
2060,3,00000044,fc3f2023
2064,3,00000048,ff9ff06f
2072,3,00000040,00001f17
2078,3,00000044,fc3f2023
2082,3,00000048,ff9ff06f
2090,3,00000040,00001f17
2096,3,00000044,fc3f2023
2100,3,00000048,ff9ff06f
2108,3,00000040,00001f17
2114,3,00000044,fc3f2023
2118,3,00000048,ff9ff06f
2126,3,00000040,00001f17
2132,3,00000044,fc3f2023
2136,3,00000048,ff9ff06f
2144,3,00000040,00001f17
2150,3,00000044,fc3f2023
2154,3,00000048,ff9ff06f
2162,3,00000040,00001f17
2168,3,00000044,fc3f2023
2172,3,00000048,ff9ff06f
2180,3,00000040,00001f17
2186,3,00000044,fc3f2023
2190,3,00000048,ff9ff06f
2198,3,00000040,00001f17
2204,3,00000044,fc3f2023
2208,3,00000048,ff9ff06f
2216,3,00000040,00001f17
2222,3,00000044,fc3f2023
2226,3,00000048,ff9ff06f
2234,3,00000040,00001f17
2240,3,00000044,fc3f2023
2244,3,00000048,ff9ff06f
2252,3,00000040,00001f17
2258,3,00000044,fc3f2023
2262,3,00000048,ff9ff06f
2270,3,00000040,00001f17
2276,3,00000044,fc3f2023
2280,3,00000048,ff9ff06f
2288,3,00000040,00001f17
2294,3,00000044,fc3f2023
2298,3,00000048,ff9ff06f
2306,3,00000040,00001f17
2312,3,00000044,fc3f2023
2316,3,00000048,ff9ff06f
2324,3,00000040,00001f17
2330,3,00000044,fc3f2023
2334,3,00000048,ff9ff06f
2342,3,00000040,00001f17
2348,3,00000044,fc3f2023
2352,3,00000048,ff9ff06f
2360,3,00000040,00001f17
2366,3,00000044,fc3f2023
2370,3,00000048,ff9ff06f
2378,3,00000040,00001f17
2384,3,00000044,fc3f2023
2388,3,00000048,ff9ff06f
2396,3,00000040,00001f17
2402,3,00000044,fc3f2023
2406,3,00000048,ff9ff06f
2414,3,00000040,00001f17
2420,3,00000044,fc3f2023
2424,3,00000048,ff9ff06f
2432,3,00000040,00001f17
2438,3,00000044,fc3f2023
2442,3,00000048,ff9ff06f
2450,3,00000040,00001f17
2456,3,00000044,fc3f2023
2460,3,00000048,ff9ff06f
2468,3,00000040,00001f17
2474,3,00000044,fc3f2023
2478,3,00000048,ff9ff06f
2486,3,00000040,00001f17
2492,3,00000044,fc3f2023
2496,3,00000048,ff9ff06f
2504,3,00000040,00001f17
2510,3,00000044,fc3f2023
2514,3,00000048,ff9ff06f
2522,3,00000040,00001f17
2528,3,00000044,fc3f2023
2532,3,00000048,ff9ff06f
2540,3,00000040,00001f17
2546,3,00000044,fc3f2023
2550,3,00000048,ff9ff06f
2558,3,00000040,00001f17
2564,3,00000044,fc3f2023
2568,3,00000048,ff9ff06f
2576,3,00000040,00001f17
2582,3,00000044,fc3f2023
2586,3,00000048,ff9ff06f
2594,3,00000040,00001f17
2600,3,00000044,fc3f2023
2604,3,00000048,ff9ff06f
2612,3,00000040,00001f17
2618,3,00000044,fc3f2023
2622,3,00000048,ff9ff06f
2630,3,00000040,00001f17
2636,3,00000044,fc3f2023
2640,3,00000048,ff9ff06f
2648,3,00000040,00001f17
2654,3,00000044,fc3f2023
2658,3,00000048,ff9ff06f
2666,3,00000040,00001f17
2672,3,00000044,fc3f2023
2676,3,00000048,ff9ff06f
2684,3,00000040,00001f17
2690,3,00000044,fc3f2023
2694,3,00000048,ff9ff06f
2702,3,00000040,00001f17
2708,3,00000044,fc3f2023
2712,3,00000048,ff9ff06f
2720,3,00000040,00001f17
2726,3,00000044,fc3f2023
2730,3,00000048,ff9ff06f
2738,3,00000040,00001f17
2744,3,00000044,fc3f2023
2748,3,00000048,ff9ff06f
2756,3,00000040,00001f17
2762,3,00000044,fc3f2023
2766,3,00000048,ff9ff06f
2774,3,00000040,00001f17
2780,3,00000044,fc3f2023
2784,3,00000048,ff9ff06f
2792,3,00000040,00001f17
2798,3,00000044,fc3f2023
2802,3,00000048,ff9ff06f
2810,3,00000040,00001f17
2816,3,00000044,fc3f2023
2820,3,00000048,ff9ff06f
2828,3,00000040,00001f17
2834,3,00000044,fc3f2023
2838,3,00000048,ff9ff06f
2846,3,00000040,00001f17
2852,3,00000044,fc3f2023
2856,3,00000048,ff9ff06f
2864,3,00000040,00001f17
2870,3,00000044,fc3f2023
2874,3,00000048,ff9ff06f
2882,3,00000040,00001f17
2888,3,00000044,fc3f2023
2892,3,00000048,ff9ff06f
2900,3,00000040,00001f17
2906,3,00000044,fc3f2023
2910,3,00000048,ff9ff06f
2918,3,00000040,00001f17
2924,3,00000044,fc3f2023
2928,3,00000048,ff9ff06f
2936,3,00000040,00001f17
2942,3,00000044,fc3f2023
2946,3,00000048,ff9ff06f
2954,3,00000040,00001f17
2960,3,00000044,fc3f2023
2964,3,00000048,ff9ff06f
2972,3,00000040,00001f17
2978,3,00000044,fc3f2023
2982,3,00000048,ff9ff06f
2990,3,00000040,00001f17
2996,3,00000044,fc3f2023
