44,3,00000000,04c0006f
52,3,0000004c,f1402573
56,3,00000050,00051063
60,3,00000054,00000297
64,3,00000058,01028293
68,3,0000005c,30529073
80,3,00000064,00000297
84,3,00000068,01c28293
88,3,0000006c,30529073
92,3,00000070,fff00293
104,3,00000080,00000297
108,3,00000084,01828293
112,3,00000088,30529073
116,3,0000008c,30205073
120,3,00000090,30305073
124,3,00000094,30405073
128,3,00000098,00000193
132,3,0000009c,00000297
136,3,000000a0,f6828293
140,3,000000a4,30529073
144,3,000000a8,00100513
148,3,000000ac,01f51513
152,3,000000b0,00054863
160,3,000000c0,00000297
164,3,000000c4,f4028293
168,3,000000c8,00028e63
176,3,000000e4,30005073
180,3,000000e8,00000297
184,3,000000ec,01428293
188,3,000000f0,34129073
192,3,000000f4,f1402573
196,3,000000f8,30200073
204,3,000000fc,800000b7
208,3,00000100,00000113
212,3,00000104,4020df33
216,3,00000108,80000eb7
220,3,0000010c,00200193
224,3,00000110,59df1463
228,3,00000114,800000b7
232,3,00000118,00100113
236,3,0000011c,4020df33
240,3,00000120,c0000eb7
244,3,00000124,00300193
248,3,00000128,57df1863
252,3,0000012c,800000b7
256,3,00000130,00700113
260,3,00000134,4020df33
264,3,00000138,ff000eb7
268,3,0000013c,00400193
272,3,00000140,55df1c63
276,3,00000144,800000b7
280,3,00000148,00e00113
284,3,0000014c,4020df33
288,3,00000150,fffe0eb7
292,3,00000154,00500193
296,3,00000158,55df1063
300,3,0000015c,800000b7
304,3,00000160,00108093
308,3,00000164,01f00113
312,3,00000168,4020df33
316,3,0000016c,fff00e93
320,3,00000170,00600193
324,3,00000174,53df1263
328,3,00000178,800000b7
332,3,0000017c,fff08093
336,3,00000180,00000113
340,3,00000184,4020df33
344,3,00000188,80000eb7
348,3,0000018c,fffe8e93
352,3,00000190,00700193
356,3,00000194,51df1263
360,3,00000198,800000b7
364,3,0000019c,fff08093
368,3,000001a0,00100113
372,3,000001a4,4020df33
376,3,000001a8,40000eb7
380,3,000001ac,fffe8e93
384,3,000001b0,00800193
388,3,000001b4,4fdf1263
392,3,000001b8,800000b7
396,3,000001bc,fff08093
400,3,000001c0,00700113
404,3,000001c4,4020df33
408,3,000001c8,01000eb7
412,3,000001cc,fffe8e93
416,3,000001d0,00900193
420,3,000001d4,4ddf1263
424,3,000001d8,800000b7
428,3,000001dc,fff08093
432,3,000001e0,00e00113
436,3,000001e4,4020df33
440,3,000001e8,00020eb7
444,3,000001ec,fffe8e93
448,3,000001f0,00a00193
452,3,000001f4,4bdf1263
456,3,000001f8,800000b7
460,3,000001fc,fff08093
464,3,00000200,01f00113
468,3,00000204,4020df33
472,3,00000208,00000e93
476,3,0000020c,00b00193
480,3,00000210,49df1463
484,3,00000214,818180b7
488,3,00000218,18108093
492,3,0000021c,00000113
496,3,00000220,4020df33
500,3,00000224,81818eb7
504,3,00000228,181e8e93
508,3,0000022c,00c00193
512,3,00000230,47df1463
516,3,00000234,818180b7
520,3,00000238,18108093
524,3,0000023c,00100113
528,3,00000240,4020df33
532,3,00000244,c0c0ceb7
536,3,00000248,0c0e8e93
540,3,0000024c,00d00193
544,3,00000250,45df1463
548,3,00000254,818180b7
552,3,00000258,18108093
556,3,0000025c,00700113
560,3,00000260,4020df33
564,3,00000264,ff030eb7
568,3,00000268,303e8e93
572,3,0000026c,00e00193
576,3,00000270,43df1463
580,3,00000274,818180b7
584,3,00000278,18108093
588,3,0000027c,00e00113
592,3,00000280,4020df33
596,3,00000284,fffe0eb7
600,3,00000288,606e8e93
604,3,0000028c,00f00193
608,3,00000290,41df1463
612,3,00000294,818180b7
616,3,00000298,18108093
620,3,0000029c,01f00113
624,3,000002a0,4020df33
628,3,000002a4,fff00e93
632,3,000002a8,01000193
636,3,000002ac,3fdf1663
640,3,000002b0,818180b7
644,3,000002b4,18108093
648,3,000002b8,fc000113
652,3,000002bc,4020df33
656,3,000002c0,81818eb7
660,3,000002c4,181e8e93
664,3,000002c8,01100193
668,3,000002cc,3ddf1663
672,3,000002d0,818180b7
676,3,000002d4,18108093
680,3,000002d8,fc100113
684,3,000002dc,4020df33
688,3,000002e0,c0c0ceb7
692,3,000002e4,0c0e8e93
696,3,000002e8,01200193
700,3,000002ec,3bdf1663
704,3,000002f0,818180b7
708,3,000002f4,18108093
712,3,000002f8,fc700113
716,3,000002fc,4020df33
720,3,00000300,ff030eb7
724,3,00000304,303e8e93
728,3,00000308,01300193
732,3,0000030c,39df1663
736,3,00000310,818180b7
740,3,00000314,18108093
744,3,00000318,fce00113
748,3,0000031c,4020df33
752,3,00000320,fffe0eb7
756,3,00000324,606e8e93
760,3,00000328,01400193
764,3,0000032c,37df1663
768,3,00000330,818180b7
772,3,00000334,18108093
776,3,00000338,fff00113
780,3,0000033c,4020df33
784,3,00000340,fff00e93
788,3,00000344,01500193
792,3,00000348,35df1863
796,3,0000034c,800000b7
800,3,00000350,00700113
804,3,00000354,4020d0b3
808,3,00000358,ff000eb7
812,3,0000035c,01600193
816,3,00000360,33d09c63
820,3,00000364,800000b7
824,3,00000368,00e00113
828,3,0000036c,4020d133
832,3,00000370,fffe0eb7
836,3,00000374,01700193
840,3,00000378,33d11063
844,3,0000037c,00700093
848,3,00000380,4010d0b3
852,3,00000384,00000e93
856,3,00000388,01800193
860,3,0000038c,31d09663
864,3,00000390,00000213
868,3,00000394,800000b7
872,3,00000398,00700113
876,3,0000039c,4020df33
880,3,000003a0,000f0313
884,3,000003a4,00120213
888,3,000003a8,00200293
892,3,000003ac,fe5214e3
900,3,00000394,800000b7
904,3,00000398,00700113
908,3,0000039c,4020df33
912,3,000003a0,000f0313
916,3,000003a4,00120213
920,3,000003a8,00200293
924,3,000003ac,fe5214e3
928,3,000003b0,ff000eb7
932,3,000003b4,01900193
936,3,000003b8,2fd31063
940,3,000003bc,00000213
944,3,000003c0,800000b7
948,3,000003c4,00e00113
952,3,000003c8,4020df33
956,3,000003cc,00000013
960,3,000003d0,000f0313
964,3,000003d4,00120213
968,3,000003d8,00200293
972,3,000003dc,fe5212e3
980,3,000003c0,800000b7
984,3,000003c4,00e00113
988,3,000003c8,4020df33
992,3,000003cc,00000013
996,3,000003d0,000f0313
1000,3,000003d4,00120213
1004,3,000003d8,00200293
1008,3,000003dc,fe5212e3
1012,3,000003e0,fffe0eb7
1016,3,000003e4,01a00193
1020,3,000003e8,2bd31863
1024,3,000003ec,00000213
1028,3,000003f0,800000b7
1032,3,000003f4,01f00113
1036,3,000003f8,4020df33
1040,3,000003fc,00000013
1044,3,00000400,00000013
1048,3,00000404,000f0313
1052,3,00000408,00120213
1056,3,0000040c,00200293
1060,3,00000410,fe5210e3
1068,3,000003f0,800000b7
1072,3,000003f4,01f00113
1076,3,000003f8,4020df33
1080,3,000003fc,00000013
1084,3,00000400,00000013
1088,3,00000404,000f0313
1092,3,00000408,00120213
1096,3,0000040c,00200293
1100,3,00000410,fe5210e3
1104,3,00000414,fff00e93
1108,3,00000418,01b00193
1112,3,0000041c,27d31e63
1116,3,00000420,00000213
1120,3,00000424,800000b7
1124,3,00000428,00700113
1128,3,0000042c,4020df33
1132,3,00000430,00120213
1136,3,00000434,00200293
1140,3,00000438,fe5216e3
1148,3,00000424,800000b7
1152,3,00000428,00700113
1156,3,0000042c,4020df33
1160,3,00000430,00120213
1164,3,00000434,00200293
1168,3,00000438,fe5216e3
1172,3,0000043c,ff000eb7
1176,3,00000440,01c00193
1180,3,00000444,25df1a63
1184,3,00000448,00000213
1188,3,0000044c,800000b7
1192,3,00000450,00e00113
1196,3,00000454,00000013
1200,3,00000458,4020df33
1204,3,0000045c,00120213
1208,3,00000460,00200293
1212,3,00000464,fe5214e3
1220,3,0000044c,800000b7
1224,3,00000450,00e00113
1228,3,00000454,00000013
1232,3,00000458,4020df33
1236,3,0000045c,00120213
1240,3,00000460,00200293
1244,3,00000464,fe5214e3
1248,3,00000468,fffe0eb7
1252,3,0000046c,01d00193
1256,3,00000470,23df1463
1260,3,00000474,00000213
1264,3,00000478,800000b7
1268,3,0000047c,01f00113
1272,3,00000480,00000013
1276,3,00000484,00000013
1280,3,00000488,4020df33
1284,3,0000048c,00120213
1288,3,00000490,00200293
1292,3,00000494,fe5212e3
1300,3,00000478,800000b7
1304,3,0000047c,01f00113
1308,3,00000480,00000013
1312,3,00000484,00000013
1316,3,00000488,4020df33
1320,3,0000048c,00120213
1324,3,00000490,00200293
1328,3,00000494,fe5212e3
1332,3,00000498,fff00e93
1336,3,0000049c,01e00193
1340,3,000004a0,1fdf1c63
1344,3,000004a4,00000213
1348,3,000004a8,800000b7
1352,3,000004ac,00000013
1356,3,000004b0,00700113
1360,3,000004b4,4020df33
1364,3,000004b8,00120213
1368,3,000004bc,00200293
1372,3,000004c0,fe5214e3
1380,3,000004a8,800000b7
1384,3,000004ac,00000013
1388,3,000004b0,00700113
1392,3,000004b4,4020df33
1396,3,000004b8,00120213
1400,3,000004bc,00200293
1404,3,000004c0,fe5214e3
1408,3,000004c4,ff000eb7
1412,3,000004c8,01f00193
1416,3,000004cc,1ddf1663
1420,3,000004d0,00000213
1424,3,000004d4,800000b7
1428,3,000004d8,00000013
1432,3,000004dc,00e00113
1436,3,000004e0,00000013
1440,3,000004e4,4020df33
1444,3,000004e8,00120213
1448,3,000004ec,00200293
1452,3,000004f0,fe5212e3
1460,3,000004d4,800000b7
1464,3,000004d8,00000013
1468,3,000004dc,00e00113
1472,3,000004e0,00000013
1476,3,000004e4,4020df33
1480,3,000004e8,00120213
1484,3,000004ec,00200293
1488,3,000004f0,fe5212e3
1492,3,000004f4,fffe0eb7
1496,3,000004f8,02000193
1500,3,000004fc,19df1e63
1504,3,00000500,00000213
1508,3,00000504,800000b7
1512,3,00000508,00000013
1516,3,0000050c,00000013
1520,3,00000510,01f00113
1524,3,00000514,4020df33
1528,3,00000518,00120213
1532,3,0000051c,00200293
1536,3,00000520,fe5212e3
1544,3,00000504,800000b7
1548,3,00000508,00000013
1552,3,0000050c,00000013
1556,3,00000510,01f00113
1560,3,00000514,4020df33
1564,3,00000518,00120213
1568,3,0000051c,00200293
1572,3,00000520,fe5212e3
1576,3,00000524,fff00e93
1580,3,00000528,02100193
1584,3,0000052c,17df1663
1588,3,00000530,00000213
1592,3,00000534,00700113
1596,3,00000538,800000b7
1600,3,0000053c,4020df33
1604,3,00000540,00120213
1608,3,00000544,00200293
1612,3,00000548,fe5216e3
1620,3,00000534,00700113
1624,3,00000538,800000b7
1628,3,0000053c,4020df33
1632,3,00000540,00120213
1636,3,00000544,00200293
1640,3,00000548,fe5216e3
1644,3,0000054c,ff000eb7
1648,3,00000550,02200193
1652,3,00000554,15df1263
1656,3,00000558,00000213
1660,3,0000055c,00e00113
1664,3,00000560,800000b7
1668,3,00000564,00000013
1672,3,00000568,4020df33
1676,3,0000056c,00120213
1680,3,00000570,00200293
1684,3,00000574,fe5214e3
1692,3,0000055c,00e00113
1696,3,00000560,800000b7
1700,3,00000564,00000013
1704,3,00000568,4020df33
1708,3,0000056c,00120213
1712,3,00000570,00200293
1716,3,00000574,fe5214e3
1720,3,00000578,fffe0eb7
1724,3,0000057c,02300193
1728,3,00000580,11df1c63
1732,3,00000584,00000213
1736,3,00000588,01f00113
1740,3,0000058c,800000b7
1744,3,00000590,00000013
1748,3,00000594,00000013
1752,3,00000598,4020df33
1756,3,0000059c,00120213
1760,3,000005a0,00200293
1764,3,000005a4,fe5212e3
1772,3,00000588,01f00113
1776,3,0000058c,800000b7
1780,3,00000590,00000013
1784,3,00000594,00000013
1788,3,00000598,4020df33
1792,3,0000059c,00120213
1796,3,000005a0,00200293
1800,3,000005a4,fe5212e3
1804,3,000005a8,fff00e93
1808,3,000005ac,02400193
1812,3,000005b0,0fdf1463
1816,3,000005b4,00000213
1820,3,000005b8,00700113
1824,3,000005bc,00000013
1828,3,000005c0,800000b7
1832,3,000005c4,4020df33
1836,3,000005c8,00120213
1840,3,000005cc,00200293
1844,3,000005d0,fe5214e3
1852,3,000005b8,00700113
1856,3,000005bc,00000013
1860,3,000005c0,800000b7
1864,3,000005c4,4020df33
1868,3,000005c8,00120213
1872,3,000005cc,00200293
1876,3,000005d0,fe5214e3
1880,3,000005d4,ff000eb7
1884,3,000005d8,02500193
1888,3,000005dc,0bdf1e63
1892,3,000005e0,00000213
1896,3,000005e4,00e00113
1900,3,000005e8,00000013
1904,3,000005ec,800000b7
1908,3,000005f0,00000013
1912,3,000005f4,4020df33
1916,3,000005f8,00120213
1920,3,000005fc,00200293
1924,3,00000600,fe5212e3
1932,3,000005e4,00e00113
1936,3,000005e8,00000013
1940,3,000005ec,800000b7
1944,3,000005f0,00000013
1948,3,000005f4,4020df33
1952,3,000005f8,00120213
1956,3,000005fc,00200293
1960,3,00000600,fe5212e3
1964,3,00000604,fffe0eb7
1968,3,00000608,02600193
1972,3,0000060c,09df1663
1976,3,00000610,00000213
1980,3,00000614,01f00113
1984,3,00000618,00000013
1988,3,0000061c,00000013
1992,3,00000620,800000b7
1996,3,00000624,4020df33
2000,3,00000628,00120213
2004,3,0000062c,00200293
2008,3,00000630,fe5212e3
2016,3,00000614,01f00113
2020,3,00000618,00000013
2024,3,0000061c,00000013
2028,3,00000620,800000b7
2032,3,00000624,4020df33
2036,3,00000628,00120213
2040,3,0000062c,00200293
2044,3,00000630,fe5212e3
2048,3,00000634,fff00e93
2052,3,00000638,02700193
2056,3,0000063c,05df1e63
2060,3,00000640,00f00093
2064,3,00000644,40105133
2068,3,00000648,00000e93
2072,3,0000064c,02800193
2076,3,00000650,05d11463
2080,3,00000654,02000093
2084,3,00000658,4000d133
2088,3,0000065c,02000e93
2092,3,00000660,02900193
2096,3,00000664,03d11a63
2100,3,00000668,400050b3
2104,3,0000066c,00000e93
2108,3,00000670,02a00193
2112,3,00000674,03d09263
2116,3,00000678,40000093
2120,3,0000067c,00001137
2124,3,00000680,80010113
2128,3,00000684,4020d033
2132,3,00000688,00000e93
2136,3,0000068c,02b00193
2140,3,00000690,01d01463
2144,3,00000694,00301c63
2152,3,000006ac,0ff0000f
2156,3,000006b0,00100193
2160,3,000006b4,00000073
2168,3,00000004,34202f73
2172,3,00000008,00800f93
2176,3,0000000c,03ff0a63
2180,3,00000010,00900f93
2184,3,00000014,03ff0663
2188,3,00000018,00b00f93
2192,3,0000001c,03ff0263
2200,3,00000040,00001f17
2206,3,00000044,fc3f2023
2210,3,00000048,ff9ff06f
2218,3,00000040,00001f17
2224,3,00000044,fc3f2023
2228,3,00000048,ff9ff06f
2236,3,00000040,00001f17
2242,3,00000044,fc3f2023
2246,3,00000048,ff9ff06f
2254,3,00000040,00001f17
2260,3,00000044,fc3f2023
2264,3,00000048,ff9ff06f
2272,3,00000040,00001f17
2278,3,00000044,fc3f2023
2282,3,00000048,ff9ff06f
2290,3,00000040,00001f17
2296,3,00000044,fc3f2023
2300,3,00000048,ff9ff06f
2308,3,00000040,00001f17
2314,3,00000044,fc3f2023
2318,3,00000048,ff9ff06f
2326,3,00000040,00001f17
2332,3,00000044,fc3f2023
2336,3,00000048,ff9ff06f
2344,3,00000040,00001f17
2350,3,00000044,fc3f2023
2354,3,00000048,ff9ff06f
2362,3,00000040,00001f17
2368,3,00000044,fc3f2023
2372,3,00000048,ff9ff06f
2380,3,00000040,00001f17
2386,3,00000044,fc3f2023
2390,3,00000048,ff9ff06f
2398,3,00000040,00001f17
2404,3,00000044,fc3f2023
2408,3,00000048,ff9ff06f
2416,3,00000040,00001f17
2422,3,00000044,fc3f2023
2426,3,00000048,ff9ff06f
2434,3,00000040,00001f17
2440,3,00000044,fc3f2023
2444,3,00000048,ff9ff06f
2452,3,00000040,00001f17
2458,3,00000044,fc3f2023
2462,3,00000048,ff9ff06f
2470,3,00000040,00001f17
2476,3,00000044,fc3f2023
2480,3,00000048,ff9ff06f
2488,3,00000040,00001f17
2494,3,00000044,fc3f2023
2498,3,00000048,ff9ff06f
2506,3,00000040,00001f17
2512,3,00000044,fc3f2023
2516,3,00000048,ff9ff06f
2524,3,00000040,00001f17
2530,3,00000044,fc3f2023
2534,3,00000048,ff9ff06f
2542,3,00000040,00001f17
2548,3,00000044,fc3f2023
2552,3,00000048,ff9ff06f
2560,3,00000040,00001f17
2566,3,00000044,fc3f2023
2570,3,00000048,ff9ff06f
2578,3,00000040,00001f17
2584,3,00000044,fc3f2023
2588,3,00000048,ff9ff06f
2596,3,00000040,00001f17
2602,3,00000044,fc3f2023
2606,3,00000048,ff9ff06f
2614,3,00000040,00001f17
2620,3,00000044,fc3f2023
2624,3,00000048,ff9ff06f
2632,3,00000040,00001f17
2638,3,00000044,fc3f2023
2642,3,00000048,ff9ff06f
2650,3,00000040,00001f17
2656,3,00000044,fc3f2023
2660,3,00000048,ff9ff06f
2668,3,00000040,00001f17
2674,3,00000044,fc3f2023
2678,3,00000048,ff9ff06f
2686,3,00000040,00001f17
2692,3,00000044,fc3f2023
2696,3,00000048,ff9ff06f
2704,3,00000040,00001f17
2710,3,00000044,fc3f2023
2714,3,00000048,ff9ff06f
2722,3,00000040,00001f17
2728,3,00000044,fc3f2023
2732,3,00000048,ff9ff06f
2740,3,00000040,00001f17
2746,3,00000044,fc3f2023
2750,3,00000048,ff9ff06f
2758,3,00000040,00001f17
2764,3,00000044,fc3f2023
2768,3,00000048,ff9ff06f
2776,3,00000040,00001f17
2782,3,00000044,fc3f2023
2786,3,00000048,ff9ff06f
2794,3,00000040,00001f17
2800,3,00000044,fc3f2023
2804,3,00000048,ff9ff06f
2812,3,00000040,00001f17
2818,3,00000044,fc3f2023
2822,3,00000048,ff9ff06f
2830,3,00000040,00001f17
2836,3,00000044,fc3f2023
2840,3,00000048,ff9ff06f
2848,3,00000040,00001f17
2854,3,00000044,fc3f2023
2858,3,00000048,ff9ff06f
2866,3,00000040,00001f17
2872,3,00000044,fc3f2023
2876,3,00000048,ff9ff06f
2884,3,00000040,00001f17
2890,3,00000044,fc3f2023
2894,3,00000048,ff9ff06f
2902,3,00000040,00001f17
2908,3,00000044,fc3f2023
2912,3,00000048,ff9ff06f
2920,3,00000040,00001f17
2926,3,00000044,fc3f2023
2930,3,00000048,ff9ff06f
2938,3,00000040,00001f17
2944,3,00000044,fc3f2023
2948,3,00000048,ff9ff06f
2956,3,00000040,00001f17
2962,3,00000044,fc3f2023
2966,3,00000048,ff9ff06f
2974,3,00000040,00001f17
2980,3,00000044,fc3f2023
2984,3,00000048,ff9ff06f
2992,3,00000040,00001f17
2998,3,00000044,fc3f2023
