44,3,00000000,04c0006f
52,3,0000004c,f1402573
56,3,00000050,00051063
60,3,00000054,00000297
64,3,00000058,01028293
68,3,0000005c,30529073
80,3,00000064,00000297
84,3,00000068,01c28293
88,3,0000006c,30529073
92,3,00000070,fff00293
104,3,00000080,00000297
108,3,00000084,01828293
112,3,00000088,30529073
116,3,0000008c,30205073
120,3,00000090,30305073
124,3,00000094,30405073
128,3,00000098,00000193
132,3,0000009c,00000297
136,3,000000a0,f6828293
140,3,000000a4,30529073
144,3,000000a8,00100513
148,3,000000ac,01f51513
152,3,000000b0,00054863
160,3,000000c0,00000297
164,3,000000c4,f4028293
168,3,000000c8,00028e63
176,3,000000e4,30005073
180,3,000000e8,00000297
184,3,000000ec,01428293
188,3,000000f0,34129073
192,3,000000f4,f1402573
196,3,000000f8,30200073
204,3,000000fc,00002097
208,3,00000100,f0408093
212,3,00000104,00aa0137
216,3,00000108,0aa10113
222,3,0000010c,0020a023
228,3,00000110,0000af03
232,3,00000114,00aa0eb7
236,3,00000118,0aae8e93
240,3,0000011c,00200193
244,3,00000120,47df1063
248,3,00000124,00002097
252,3,00000128,edc08093
256,3,0000012c,aa00b137
260,3,00000130,a0010113
266,3,00000134,0020a223
272,3,00000138,0040af03
276,3,0000013c,aa00beb7
280,3,00000140,a00e8e93
284,3,00000144,00300193
288,3,00000148,43df1c63
292,3,0000014c,00002097
296,3,00000150,eb408093
300,3,00000154,0aa01137
304,3,00000158,aa010113
310,3,0000015c,0020a423
316,3,00000160,0080af03
320,3,00000164,0aa01eb7
324,3,00000168,aa0e8e93
328,3,0000016c,00400193
332,3,00000170,41df1863
336,3,00000174,00002097
340,3,00000178,e8c08093
344,3,0000017c,a00aa137
348,3,00000180,00a10113
354,3,00000184,0020a623
360,3,00000188,00c0af03
364,3,0000018c,a00aaeb7
368,3,00000190,00ae8e93
372,3,00000194,00500193
376,3,00000198,3fdf1463
380,3,0000019c,00002097
384,3,000001a0,e8008093
388,3,000001a4,00aa0137
392,3,000001a8,0aa10113
398,3,000001ac,fe20aa23
404,3,000001b0,ff40af03
408,3,000001b4,00aa0eb7
412,3,000001b8,0aae8e93
416,3,000001bc,00600193
420,3,000001c0,3ddf1063
424,3,000001c4,00002097
428,3,000001c8,e5808093
432,3,000001cc,aa00b137
436,3,000001d0,a0010113
442,3,000001d4,fe20ac23
448,3,000001d8,ff80af03
452,3,000001dc,aa00beb7
456,3,000001e0,a00e8e93
460,3,000001e4,00700193
464,3,000001e8,39df1c63
468,3,000001ec,00002097
472,3,000001f0,e3008093
476,3,000001f4,0aa01137
480,3,000001f8,aa010113
486,3,000001fc,fe20ae23
492,3,00000200,ffc0af03
496,3,00000204,0aa01eb7
500,3,00000208,aa0e8e93
504,3,0000020c,00800193
508,3,00000210,37df1863
512,3,00000214,00002097
516,3,00000218,e0808093
520,3,0000021c,a00aa137
524,3,00000220,00a10113
530,3,00000224,0020a023
536,3,00000228,0000af03
540,3,0000022c,a00aaeb7
544,3,00000230,00ae8e93
548,3,00000234,00900193
552,3,00000238,35df1463
556,3,0000023c,00002097
560,3,00000240,de408093
564,3,00000244,12345137
568,3,00000248,67810113
572,3,0000024c,fe008213
578,3,00000250,02222023
584,3,00000254,0000a283
588,3,00000258,12345eb7
592,3,0000025c,678e8e93
596,3,00000260,00a00193
600,3,00000264,31d29e63
604,3,00000268,00002097
608,3,0000026c,db808093
612,3,00000270,58213137
616,3,00000274,09810113
620,3,00000278,ffd08093
626,3,0000027c,0020a3a3
630,3,00000280,00002217
634,3,00000284,da420213
640,3,00000288,00022283
644,3,0000028c,58213eb7
648,3,00000290,098e8e93
652,3,00000294,00b00193
656,3,00000298,2fd29463
660,3,0000029c,00c00193
664,3,000002a0,00000213
668,3,000002a4,aabbd0b7
672,3,000002a8,cdd08093
676,3,000002ac,00002117
680,3,000002b0,d5410113
686,3,000002b4,00112023
692,3,000002b8,00012f03
696,3,000002bc,aabbdeb7
700,3,000002c0,cdde8e93
704,3,000002c4,2bdf1e63
708,3,000002c8,00120213
712,3,000002cc,00200293
716,3,000002d0,fc521ae3
724,3,000002a4,aabbd0b7
728,3,000002a8,cdd08093
732,3,000002ac,00002117
736,3,000002b0,d5410113
742,3,000002b4,00112023
748,3,000002b8,00012f03
752,3,000002bc,aabbdeb7
756,3,000002c0,cdde8e93
760,3,000002c4,2bdf1e63
764,3,000002c8,00120213
768,3,000002cc,00200293
772,3,000002d0,fc521ae3
776,3,000002d4,00d00193
780,3,000002d8,00000213
784,3,000002dc,daabc0b7
788,3,000002e0,ccd08093
792,3,000002e4,00002117
796,3,000002e8,d1c10113
800,3,000002ec,00000013
806,3,000002f0,00112223
812,3,000002f4,00412f03
816,3,000002f8,daabceb7
820,3,000002fc,ccde8e93
824,3,00000300,29df1063
828,3,00000304,00120213
832,3,00000308,00200293
836,3,0000030c,fc5218e3
844,3,000002dc,daabc0b7
848,3,000002e0,ccd08093
852,3,000002e4,00002117
856,3,000002e8,d1c10113
860,3,000002ec,00000013
866,3,000002f0,00112223
872,3,000002f4,00412f03
876,3,000002f8,daabceb7
880,3,000002fc,ccde8e93
884,3,00000300,29df1063
888,3,00000304,00120213
892,3,00000308,00200293
896,3,0000030c,fc5218e3
900,3,00000310,00e00193
904,3,00000314,00000213
908,3,00000318,ddaac0b7
912,3,0000031c,bcc08093
916,3,00000320,00002117
920,3,00000324,ce010113
924,3,00000328,00000013
928,3,0000032c,00000013
934,3,00000330,00112423
940,3,00000334,00812f03
944,3,00000338,ddaaceb7
948,3,0000033c,bcce8e93
952,3,00000340,25df1063
956,3,00000344,00120213
960,3,00000348,00200293
964,3,0000034c,fc5216e3
972,3,00000318,ddaac0b7
976,3,0000031c,bcc08093
980,3,00000320,00002117
984,3,00000324,ce010113
988,3,00000328,00000013
992,3,0000032c,00000013
998,3,00000330,00112423
1004,3,00000334,00812f03
1008,3,00000338,ddaaceb7
1012,3,0000033c,bcce8e93
1016,3,00000340,25df1063
1020,3,00000344,00120213
1024,3,00000348,00200293
1028,3,0000034c,fc5216e3
1032,3,00000350,00f00193
1036,3,00000354,00000213
1040,3,00000358,cddab0b7
1044,3,0000035c,bbc08093
1048,3,00000360,00000013
1052,3,00000364,00002117
1056,3,00000368,c9c10113
1062,3,0000036c,00112623
1068,3,00000370,00c12f03
1072,3,00000374,cddabeb7
1076,3,00000378,bbce8e93
1080,3,0000037c,21df1263
1084,3,00000380,00120213
1088,3,00000384,00200293
1092,3,00000388,fc5218e3
1100,3,00000358,cddab0b7
1104,3,0000035c,bbc08093
1108,3,00000360,00000013
1112,3,00000364,00002117
1116,3,00000368,c9c10113
1122,3,0000036c,00112623
1128,3,00000370,00c12f03
1132,3,00000374,cddabeb7
1136,3,00000378,bbce8e93
1140,3,0000037c,21df1263
1144,3,00000380,00120213
1148,3,00000384,00200293
1152,3,00000388,fc5218e3
1156,3,0000038c,01000193
1160,3,00000390,00000213
1164,3,00000394,ccddb0b7
1168,3,00000398,abb08093
1172,3,0000039c,00000013
1176,3,000003a0,00002117
1180,3,000003a4,c6010113
1184,3,000003a8,00000013
1190,3,000003ac,00112823
1196,3,000003b0,01012f03
1200,3,000003b4,ccddbeb7
1204,3,000003b8,abbe8e93
1208,3,000003bc,1ddf1263
1212,3,000003c0,00120213
1216,3,000003c4,00200293
1220,3,000003c8,fc5216e3
1228,3,00000394,ccddb0b7
1232,3,00000398,abb08093
1236,3,0000039c,00000013
1240,3,000003a0,00002117
1244,3,000003a4,c6010113
1248,3,000003a8,00000013
1254,3,000003ac,00112823
1260,3,000003b0,01012f03
1264,3,000003b4,ccddbeb7
1268,3,000003b8,abbe8e93
1272,3,000003bc,1ddf1263
1276,3,000003c0,00120213
1280,3,000003c4,00200293
1284,3,000003c8,fc5216e3
1288,3,000003cc,01100193
1292,3,000003d0,00000213
1296,3,000003d4,bccde0b7
1300,3,000003d8,aab08093
1304,3,000003dc,00000013
1308,3,000003e0,00000013
1312,3,000003e4,00002117
1316,3,000003e8,c1c10113
1322,3,000003ec,00112a23
1328,3,000003f0,01412f03
1332,3,000003f4,bccdeeb7
1336,3,000003f8,aabe8e93
1340,3,000003fc,19df1263
1344,3,00000400,00120213
1348,3,00000404,00200293
1352,3,00000408,fc5216e3
1360,3,000003d4,bccde0b7
1364,3,000003d8,aab08093
1368,3,000003dc,00000013
1372,3,000003e0,00000013
1376,3,000003e4,00002117
1380,3,000003e8,c1c10113
1386,3,000003ec,00112a23
1392,3,000003f0,01412f03
1396,3,000003f4,bccdeeb7
1400,3,000003f8,aabe8e93
1404,3,000003fc,19df1263
1408,3,00000400,00120213
1412,3,00000404,00200293
1416,3,00000408,fc5216e3
1420,3,0000040c,01200193
1424,3,00000410,00000213
1428,3,00000414,00002117
1432,3,00000418,bec10113
1436,3,0000041c,001120b7
1440,3,00000420,23308093
1446,3,00000424,00112023
1452,3,00000428,00012f03
1456,3,0000042c,00112eb7
1460,3,00000430,233e8e93
1464,3,00000434,15df1663
1468,3,00000438,00120213
1472,3,0000043c,00200293
1476,3,00000440,fc521ae3
1484,3,00000414,00002117
1488,3,00000418,bec10113
1492,3,0000041c,001120b7
1496,3,00000420,23308093
1502,3,00000424,00112023
1508,3,00000428,00012f03
1512,3,0000042c,00112eb7
1516,3,00000430,233e8e93
1520,3,00000434,15df1663
1524,3,00000438,00120213
1528,3,0000043c,00200293
1532,3,00000440,fc521ae3
1536,3,00000444,01300193
1540,3,00000448,00000213
1544,3,0000044c,00002117
1548,3,00000450,bb410113
1552,3,00000454,300110b7
1556,3,00000458,22308093
1560,3,0000045c,00000013
1566,3,00000460,00112223
1572,3,00000464,00412f03
1576,3,00000468,30011eb7
1580,3,0000046c,223e8e93
1584,3,00000470,11df1863
1588,3,00000474,00120213
1592,3,00000478,00200293
1596,3,0000047c,fc5218e3
1604,3,0000044c,00002117
1608,3,00000450,bb410113
1612,3,00000454,300110b7
1616,3,00000458,22308093
1620,3,0000045c,00000013
1626,3,00000460,00112223
1632,3,00000464,00412f03
1636,3,00000468,30011eb7
1640,3,0000046c,223e8e93
1644,3,00000470,11df1863
1648,3,00000474,00120213
1652,3,00000478,00200293
1656,3,0000047c,fc5218e3
1660,3,00000480,01400193
1664,3,00000484,00000213
1668,3,00000488,00002117
1672,3,0000048c,b7810113
1676,3,00000490,330010b7
1680,3,00000494,12208093
1684,3,00000498,00000013
1688,3,0000049c,00000013
1694,3,000004a0,00112423
1700,3,000004a4,00812f03
1704,3,000004a8,33001eb7
1708,3,000004ac,122e8e93
1712,3,000004b0,0ddf1863
1716,3,000004b4,00120213
1720,3,000004b8,00200293
1724,3,000004bc,fc5216e3
1732,3,00000488,00002117
1736,3,0000048c,b7810113
1740,3,00000490,330010b7
1744,3,00000494,12208093
1748,3,00000498,00000013
1752,3,0000049c,00000013
1758,3,000004a0,00112423
1764,3,000004a4,00812f03
1768,3,000004a8,33001eb7
1772,3,000004ac,122e8e93
1776,3,000004b0,0ddf1863
1780,3,000004b4,00120213
1784,3,000004b8,00200293
1788,3,000004bc,fc5216e3
1792,3,000004c0,01500193
1796,3,000004c4,00000213
1800,3,000004c8,00002117
1804,3,000004cc,b3810113
1808,3,000004d0,00000013
1812,3,000004d4,233000b7
1816,3,000004d8,11208093
1822,3,000004dc,00112623
1828,3,000004e0,00c12f03
1832,3,000004e4,23300eb7
1836,3,000004e8,112e8e93
1840,3,000004ec,09df1a63
1844,3,000004f0,00120213
1848,3,000004f4,00200293
1852,3,000004f8,fc5218e3
1860,3,000004c8,00002117
1864,3,000004cc,b3810113
1868,3,000004d0,00000013
1872,3,000004d4,233000b7
1876,3,000004d8,11208093
1882,3,000004dc,00112623
1888,3,000004e0,00c12f03
1892,3,000004e4,23300eb7
1896,3,000004e8,112e8e93
1900,3,000004ec,09df1a63
1904,3,000004f0,00120213
1908,3,000004f4,00200293
1912,3,000004f8,fc5218e3
1916,3,000004fc,01600193
1920,3,00000500,00000213
1924,3,00000504,00002117
1928,3,00000508,afc10113
1932,3,0000050c,00000013
1936,3,00000510,223300b7
1940,3,00000514,01108093
1944,3,00000518,00000013
1950,3,0000051c,00112823
1956,3,00000520,01012f03
1960,3,00000524,22330eb7
1964,3,00000528,011e8e93
1968,3,0000052c,05df1a63
1972,3,00000530,00120213
1976,3,00000534,00200293
1980,3,00000538,fc5216e3
1988,3,00000504,00002117
1992,3,00000508,afc10113
1996,3,0000050c,00000013
2000,3,00000510,223300b7
2004,3,00000514,01108093
2008,3,00000518,00000013
2014,3,0000051c,00112823
2020,3,00000520,01012f03
2024,3,00000524,22330eb7
2028,3,00000528,011e8e93
2032,3,0000052c,05df1a63
2036,3,00000530,00120213
2040,3,00000534,00200293
2044,3,00000538,fc5216e3
2048,3,0000053c,01700193
2052,3,00000540,00000213
2056,3,00000544,00002117
2060,3,00000548,abc10113
2064,3,0000054c,00000013
2068,3,00000550,00000013
2072,3,00000554,122330b7
2076,3,00000558,00108093
2082,3,0000055c,00112a23
2088,3,00000560,01412f03
2092,3,00000564,12233eb7
2096,3,00000568,001e8e93
2100,3,0000056c,01df1a63
2104,3,00000570,00120213
2108,3,00000574,00200293
2112,3,00000578,fc5216e3
2120,3,00000544,00002117
2124,3,00000548,abc10113
2128,3,0000054c,00000013
2132,3,00000550,00000013
2136,3,00000554,122330b7
2140,3,00000558,00108093
2146,3,0000055c,00112a23
2152,3,00000560,01412f03
2156,3,00000564,12233eb7
2160,3,00000568,001e8e93
2164,3,0000056c,01df1a63
2168,3,00000570,00120213
2172,3,00000574,00200293
2176,3,00000578,fc5216e3
2180,3,0000057c,00301c63
2188,3,00000594,0ff0000f
2192,3,00000598,00100193
2196,3,0000059c,00000073
2204,3,00000004,34202f73
2208,3,00000008,00800f93
2212,3,0000000c,03ff0a63
2216,3,00000010,00900f93
2220,3,00000014,03ff0663
2224,3,00000018,00b00f93
2228,3,0000001c,03ff0263
2236,3,00000040,00001f17
2242,3,00000044,fc3f2023
2246,3,00000048,ff9ff06f
2254,3,00000040,00001f17
2260,3,00000044,fc3f2023
2264,3,00000048,ff9ff06f
2272,3,00000040,00001f17
2278,3,00000044,fc3f2023
2282,3,00000048,ff9ff06f
2290,3,00000040,00001f17
2296,3,00000044,fc3f2023
2300,3,00000048,ff9ff06f
2308,3,00000040,00001f17
2314,3,00000044,fc3f2023
2318,3,00000048,ff9ff06f
2326,3,00000040,00001f17
2332,3,00000044,fc3f2023
2336,3,00000048,ff9ff06f
2344,3,00000040,00001f17
2350,3,00000044,fc3f2023
2354,3,00000048,ff9ff06f
2362,3,00000040,00001f17
2368,3,00000044,fc3f2023
2372,3,00000048,ff9ff06f
2380,3,00000040,00001f17
2386,3,00000044,fc3f2023
2390,3,00000048,ff9ff06f
2398,3,00000040,00001f17
2404,3,00000044,fc3f2023
2408,3,00000048,ff9ff06f
2416,3,00000040,00001f17
2422,3,00000044,fc3f2023
2426,3,00000048,ff9ff06f
2434,3,00000040,00001f17
2440,3,00000044,fc3f2023
2444,3,00000048,ff9ff06f
2452,3,00000040,00001f17
2458,3,00000044,fc3f2023
2462,3,00000048,ff9ff06f
2470,3,00000040,00001f17
2476,3,00000044,fc3f2023
2480,3,00000048,ff9ff06f
2488,3,00000040,00001f17
2494,3,00000044,fc3f2023
2498,3,00000048,ff9ff06f
2506,3,00000040,00001f17
2512,3,00000044,fc3f2023
2516,3,00000048,ff9ff06f
2524,3,00000040,00001f17
2530,3,00000044,fc3f2023
2534,3,00000048,ff9ff06f
2542,3,00000040,00001f17
2548,3,00000044,fc3f2023
2552,3,00000048,ff9ff06f
2560,3,00000040,00001f17
2566,3,00000044,fc3f2023
2570,3,00000048,ff9ff06f
2578,3,00000040,00001f17
2584,3,00000044,fc3f2023
2588,3,00000048,ff9ff06f
2596,3,00000040,00001f17
2602,3,00000044,fc3f2023
2606,3,00000048,ff9ff06f
2614,3,00000040,00001f17
2620,3,00000044,fc3f2023
2624,3,00000048,ff9ff06f
2632,3,00000040,00001f17
2638,3,00000044,fc3f2023
2642,3,00000048,ff9ff06f
2650,3,00000040,00001f17
2656,3,00000044,fc3f2023
2660,3,00000048,ff9ff06f
2668,3,00000040,00001f17
2674,3,00000044,fc3f2023
2678,3,00000048,ff9ff06f
2686,3,00000040,00001f17
2692,3,00000044,fc3f2023
2696,3,00000048,ff9ff06f
2704,3,00000040,00001f17
2710,3,00000044,fc3f2023
2714,3,00000048,ff9ff06f
2722,3,00000040,00001f17
2728,3,00000044,fc3f2023
2732,3,00000048,ff9ff06f
2740,3,00000040,00001f17
2746,3,00000044,fc3f2023
2750,3,00000048,ff9ff06f
2758,3,00000040,00001f17
2764,3,00000044,fc3f2023
2768,3,00000048,ff9ff06f
2776,3,00000040,00001f17
2782,3,00000044,fc3f2023
2786,3,00000048,ff9ff06f
2794,3,00000040,00001f17
2800,3,00000044,fc3f2023
2804,3,00000048,ff9ff06f
2812,3,00000040,00001f17
2818,3,00000044,fc3f2023
2822,3,00000048,ff9ff06f
2830,3,00000040,00001f17
2836,3,00000044,fc3f2023
2840,3,00000048,ff9ff06f
2848,3,00000040,00001f17
2854,3,00000044,fc3f2023
2858,3,00000048,ff9ff06f
2866,3,00000040,00001f17
2872,3,00000044,fc3f2023
2876,3,00000048,ff9ff06f
2884,3,00000040,00001f17
2890,3,00000044,fc3f2023
2894,3,00000048,ff9ff06f
2902,3,00000040,00001f17
2908,3,00000044,fc3f2023
2912,3,00000048,ff9ff06f
2920,3,00000040,00001f17
2926,3,00000044,fc3f2023
2930,3,00000048,ff9ff06f
2938,3,00000040,00001f17
2944,3,00000044,fc3f2023
2948,3,00000048,ff9ff06f
2956,3,00000040,00001f17
2962,3,00000044,fc3f2023
2966,3,00000048,ff9ff06f
2974,3,00000040,00001f17
2980,3,00000044,fc3f2023
2984,3,00000048,ff9ff06f
2992,3,00000040,00001f17
2998,3,00000044,fc3f2023
