44,3,00000000,04c0006f
52,3,0000004c,f1402573
56,3,00000050,00051063
60,3,00000054,00000297
64,3,00000058,01028293
68,3,0000005c,30529073
80,3,00000064,00000297
84,3,00000068,01c28293
88,3,0000006c,30529073
92,3,00000070,fff00293
104,3,00000080,00000297
108,3,00000084,01828293
112,3,00000088,30529073
116,3,0000008c,30205073
120,3,00000090,30305073
124,3,00000094,30405073
128,3,00000098,00000193
132,3,0000009c,00000297
136,3,000000a0,f6828293
140,3,000000a4,30529073
144,3,000000a8,00100513
148,3,000000ac,01f51513
152,3,000000b0,00054863
160,3,000000c0,00000297
164,3,000000c4,f4028293
168,3,000000c8,00028e63
176,3,000000e4,30005073
180,3,000000e8,00000297
184,3,000000ec,01428293
188,3,000000f0,34129073
192,3,000000f4,f1402573
196,3,000000f8,30200073
204,3,000000fc,00000013
208,3,00000100,00002517
212,3,00000104,71c50513
216,3,00000108,004005ef
224,3,0000010c,40b50533
228,3,00000110,00002eb7
232,3,00000114,710e8e93
236,3,00000118,00200193
240,3,0000011c,03d51463
244,3,00000120,ffffe517
248,3,00000124,8fc50513
252,3,00000128,004005ef
260,3,0000012c,40b50533
264,3,00000130,ffffeeb7
268,3,00000134,8f0e8e93
272,3,00000138,00300193
276,3,0000013c,01d51463
280,3,00000140,00301c63
288,3,00000158,0ff0000f
292,3,0000015c,00100193
296,3,00000160,00000073
304,3,00000004,34202f73
308,3,00000008,00800f93
312,3,0000000c,03ff0a63
316,3,00000010,00900f93
320,3,00000014,03ff0663
324,3,00000018,00b00f93
328,3,0000001c,03ff0263
336,3,00000040,00001f17
342,3,00000044,fc3f2023
346,3,00000048,ff9ff06f
354,3,00000040,00001f17
360,3,00000044,fc3f2023
364,3,00000048,ff9ff06f
372,3,00000040,00001f17
378,3,00000044,fc3f2023
382,3,00000048,ff9ff06f
390,3,00000040,00001f17
396,3,00000044,fc3f2023
400,3,00000048,ff9ff06f
408,3,00000040,00001f17
414,3,00000044,fc3f2023
418,3,00000048,ff9ff06f
426,3,00000040,00001f17
432,3,00000044,fc3f2023
436,3,00000048,ff9ff06f
444,3,00000040,00001f17
450,3,00000044,fc3f2023
454,3,00000048,ff9ff06f
462,3,00000040,00001f17
468,3,00000044,fc3f2023
472,3,00000048,ff9ff06f
480,3,00000040,00001f17
486,3,00000044,fc3f2023
490,3,00000048,ff9ff06f
498,3,00000040,00001f17
504,3,00000044,fc3f2023
508,3,00000048,ff9ff06f
516,3,00000040,00001f17
522,3,00000044,fc3f2023
526,3,00000048,ff9ff06f
534,3,00000040,00001f17
540,3,00000044,fc3f2023
544,3,00000048,ff9ff06f
552,3,00000040,00001f17
558,3,00000044,fc3f2023
562,3,00000048,ff9ff06f
570,3,00000040,00001f17
576,3,00000044,fc3f2023
580,3,00000048,ff9ff06f
588,3,00000040,00001f17
594,3,00000044,fc3f2023
598,3,00000048,ff9ff06f
606,3,00000040,00001f17
612,3,00000044,fc3f2023
616,3,00000048,ff9ff06f
624,3,00000040,00001f17
630,3,00000044,fc3f2023
634,3,00000048,ff9ff06f
642,3,00000040,00001f17
648,3,00000044,fc3f2023
652,3,00000048,ff9ff06f
660,3,00000040,00001f17
666,3,00000044,fc3f2023
670,3,00000048,ff9ff06f
678,3,00000040,00001f17
684,3,00000044,fc3f2023
688,3,00000048,ff9ff06f
696,3,00000040,00001f17
702,3,00000044,fc3f2023
706,3,00000048,ff9ff06f
714,3,00000040,00001f17
720,3,00000044,fc3f2023
724,3,00000048,ff9ff06f
732,3,00000040,00001f17
738,3,00000044,fc3f2023
742,3,00000048,ff9ff06f
750,3,00000040,00001f17
756,3,00000044,fc3f2023
760,3,00000048,ff9ff06f
768,3,00000040,00001f17
774,3,00000044,fc3f2023
778,3,00000048,ff9ff06f
786,3,00000040,00001f17
792,3,00000044,fc3f2023
796,3,00000048,ff9ff06f
804,3,00000040,00001f17
810,3,00000044,fc3f2023
814,3,00000048,ff9ff06f
822,3,00000040,00001f17
828,3,00000044,fc3f2023
832,3,00000048,ff9ff06f
840,3,00000040,00001f17
846,3,00000044,fc3f2023
850,3,00000048,ff9ff06f
858,3,00000040,00001f17
864,3,00000044,fc3f2023
868,3,00000048,ff9ff06f
876,3,00000040,00001f17
882,3,00000044,fc3f2023
886,3,00000048,ff9ff06f
894,3,00000040,00001f17
900,3,00000044,fc3f2023
904,3,00000048,ff9ff06f
912,3,00000040,00001f17
918,3,00000044,fc3f2023
922,3,00000048,ff9ff06f
930,3,00000040,00001f17
936,3,00000044,fc3f2023
940,3,00000048,ff9ff06f
948,3,00000040,00001f17
954,3,00000044,fc3f2023
958,3,00000048,ff9ff06f
966,3,00000040,00001f17
972,3,00000044,fc3f2023
976,3,00000048,ff9ff06f
984,3,00000040,00001f17
990,3,00000044,fc3f2023
994,3,00000048,ff9ff06f
1002,3,00000040,00001f17
1008,3,00000044,fc3f2023
1012,3,00000048,ff9ff06f
1020,3,00000040,00001f17
1026,3,00000044,fc3f2023
1030,3,00000048,ff9ff06f
1038,3,00000040,00001f17
1044,3,00000044,fc3f2023
1048,3,00000048,ff9ff06f
1056,3,00000040,00001f17
1062,3,00000044,fc3f2023
1066,3,00000048,ff9ff06f
1074,3,00000040,00001f17
1080,3,00000044,fc3f2023
1084,3,00000048,ff9ff06f
1092,3,00000040,00001f17
1098,3,00000044,fc3f2023
1102,3,00000048,ff9ff06f
1110,3,00000040,00001f17
1116,3,00000044,fc3f2023
1120,3,00000048,ff9ff06f
1128,3,00000040,00001f17
1134,3,00000044,fc3f2023
1138,3,00000048,ff9ff06f
1146,3,00000040,00001f17
1152,3,00000044,fc3f2023
1156,3,00000048,ff9ff06f
1164,3,00000040,00001f17
1170,3,00000044,fc3f2023
1174,3,00000048,ff9ff06f
1182,3,00000040,00001f17
1188,3,00000044,fc3f2023
1192,3,00000048,ff9ff06f
1200,3,00000040,00001f17
1206,3,00000044,fc3f2023
1210,3,00000048,ff9ff06f
1218,3,00000040,00001f17
1224,3,00000044,fc3f2023
1228,3,00000048,ff9ff06f
1236,3,00000040,00001f17
1242,3,00000044,fc3f2023
1246,3,00000048,ff9ff06f
1254,3,00000040,00001f17
1260,3,00000044,fc3f2023
1264,3,00000048,ff9ff06f
1272,3,00000040,00001f17
1278,3,00000044,fc3f2023
1282,3,00000048,ff9ff06f
1290,3,00000040,00001f17
1296,3,00000044,fc3f2023
1300,3,00000048,ff9ff06f
1308,3,00000040,00001f17
1314,3,00000044,fc3f2023
1318,3,00000048,ff9ff06f
1326,3,00000040,00001f17
1332,3,00000044,fc3f2023
1336,3,00000048,ff9ff06f
1344,3,00000040,00001f17
1350,3,00000044,fc3f2023
1354,3,00000048,ff9ff06f
1362,3,00000040,00001f17
1368,3,00000044,fc3f2023
1372,3,00000048,ff9ff06f
1380,3,00000040,00001f17
1386,3,00000044,fc3f2023
1390,3,00000048,ff9ff06f
1398,3,00000040,00001f17
1404,3,00000044,fc3f2023
1408,3,00000048,ff9ff06f
1416,3,00000040,00001f17
1422,3,00000044,fc3f2023
1426,3,00000048,ff9ff06f
1434,3,00000040,00001f17
1440,3,00000044,fc3f2023
1444,3,00000048,ff9ff06f
1452,3,00000040,00001f17
1458,3,00000044,fc3f2023
1462,3,00000048,ff9ff06f
1470,3,00000040,00001f17
1476,3,00000044,fc3f2023
1480,3,00000048,ff9ff06f
1488,3,00000040,00001f17
1494,3,00000044,fc3f2023
1498,3,00000048,ff9ff06f
1506,3,00000040,00001f17
1512,3,00000044,fc3f2023
1516,3,00000048,ff9ff06f
1524,3,00000040,00001f17
1530,3,00000044,fc3f2023
1534,3,00000048,ff9ff06f
1542,3,00000040,00001f17
1548,3,00000044,fc3f2023
1552,3,00000048,ff9ff06f
1560,3,00000040,00001f17
1566,3,00000044,fc3f2023
1570,3,00000048,ff9ff06f
1578,3,00000040,00001f17
1584,3,00000044,fc3f2023
1588,3,00000048,ff9ff06f
1596,3,00000040,00001f17
1602,3,00000044,fc3f2023
1606,3,00000048,ff9ff06f
1614,3,00000040,00001f17
1620,3,00000044,fc3f2023
1624,3,00000048,ff9ff06f
1632,3,00000040,00001f17
1638,3,00000044,fc3f2023
1642,3,00000048,ff9ff06f
1650,3,00000040,00001f17
1656,3,00000044,fc3f2023
1660,3,00000048,ff9ff06f
1668,3,00000040,00001f17
1674,3,00000044,fc3f2023
1678,3,00000048,ff9ff06f
1686,3,00000040,00001f17
1692,3,00000044,fc3f2023
1696,3,00000048,ff9ff06f
1704,3,00000040,00001f17
1710,3,00000044,fc3f2023
1714,3,00000048,ff9ff06f
1722,3,00000040,00001f17
1728,3,00000044,fc3f2023
1732,3,00000048,ff9ff06f
1740,3,00000040,00001f17
1746,3,00000044,fc3f2023
1750,3,00000048,ff9ff06f
1758,3,00000040,00001f17
1764,3,00000044,fc3f2023
1768,3,00000048,ff9ff06f
1776,3,00000040,00001f17
1782,3,00000044,fc3f2023
1786,3,00000048,ff9ff06f
1794,3,00000040,00001f17
1800,3,00000044,fc3f2023
1804,3,00000048,ff9ff06f
1812,3,00000040,00001f17
1818,3,00000044,fc3f2023
1822,3,00000048,ff9ff06f
1830,3,00000040,00001f17
1836,3,00000044,fc3f2023
1840,3,00000048,ff9ff06f
1848,3,00000040,00001f17
1854,3,00000044,fc3f2023
1858,3,00000048,ff9ff06f
1866,3,00000040,00001f17
1872,3,00000044,fc3f2023
1876,3,00000048,ff9ff06f
1884,3,00000040,00001f17
1890,3,00000044,fc3f2023
1894,3,00000048,ff9ff06f
1902,3,00000040,00001f17
1908,3,00000044,fc3f2023
1912,3,00000048,ff9ff06f
1920,3,00000040,00001f17
1926,3,00000044,fc3f2023
1930,3,00000048,ff9ff06f
1938,3,00000040,00001f17
1944,3,00000044,fc3f2023
1948,3,00000048,ff9ff06f
1956,3,00000040,00001f17
1962,3,00000044,fc3f2023
1966,3,00000048,ff9ff06f
1974,3,00000040,00001f17
1980,3,00000044,fc3f2023
1984,3,00000048,ff9ff06f
1992,3,00000040,00001f17
1998,3,00000044,fc3f2023
2002,3,00000048,ff9ff06f
2010,3,00000040,00001f17
2016,3,00000044,fc3f2023
2020,3,00000048,ff9ff06f
2028,3,00000040,00001f17
2034,3,00000044,fc3f2023
2038,3,00000048,ff9ff06f
2046,3,00000040,00001f17
2052,3,00000044,fc3f2023
2056,3,00000048,ff9ff06f
2064,3,00000040,00001f17
2070,3,00000044,fc3f2023
2074,3,00000048,ff9ff06f
2082,3,00000040,00001f17
2088,3,00000044,fc3f2023
2092,3,00000048,ff9ff06f
2100,3,00000040,00001f17
2106,3,00000044,fc3f2023
2110,3,00000048,ff9ff06f
2118,3,00000040,00001f17
2124,3,00000044,fc3f2023
2128,3,00000048,ff9ff06f
2136,3,00000040,00001f17
2142,3,00000044,fc3f2023
2146,3,00000048,ff9ff06f
2154,3,00000040,00001f17
2160,3,00000044,fc3f2023
2164,3,00000048,ff9ff06f
2172,3,00000040,00001f17
2178,3,00000044,fc3f2023
2182,3,00000048,ff9ff06f
2190,3,00000040,00001f17
2196,3,00000044,fc3f2023
2200,3,00000048,ff9ff06f
2208,3,00000040,00001f17
2214,3,00000044,fc3f2023
2218,3,00000048,ff9ff06f
2226,3,00000040,00001f17
2232,3,00000044,fc3f2023
2236,3,00000048,ff9ff06f
2244,3,00000040,00001f17
2250,3,00000044,fc3f2023
2254,3,00000048,ff9ff06f
2262,3,00000040,00001f17
2268,3,00000044,fc3f2023
2272,3,00000048,ff9ff06f
2280,3,00000040,00001f17
2286,3,00000044,fc3f2023
2290,3,00000048,ff9ff06f
2298,3,00000040,00001f17
2304,3,00000044,fc3f2023
2308,3,00000048,ff9ff06f
2316,3,00000040,00001f17
2322,3,00000044,fc3f2023
2326,3,00000048,ff9ff06f
2334,3,00000040,00001f17
2340,3,00000044,fc3f2023
2344,3,00000048,ff9ff06f
2352,3,00000040,00001f17
2358,3,00000044,fc3f2023
2362,3,00000048,ff9ff06f
2370,3,00000040,00001f17
2376,3,00000044,fc3f2023
2380,3,00000048,ff9ff06f
2388,3,00000040,00001f17
2394,3,00000044,fc3f2023
2398,3,00000048,ff9ff06f
2406,3,00000040,00001f17
2412,3,00000044,fc3f2023
2416,3,00000048,ff9ff06f
2424,3,00000040,00001f17
2430,3,00000044,fc3f2023
2434,3,00000048,ff9ff06f
2442,3,00000040,00001f17
2448,3,00000044,fc3f2023
2452,3,00000048,ff9ff06f
2460,3,00000040,00001f17
2466,3,00000044,fc3f2023
2470,3,00000048,ff9ff06f
2478,3,00000040,00001f17
2484,3,00000044,fc3f2023
2488,3,00000048,ff9ff06f
2496,3,00000040,00001f17
2502,3,00000044,fc3f2023
2506,3,00000048,ff9ff06f
2514,3,00000040,00001f17
2520,3,00000044,fc3f2023
2524,3,00000048,ff9ff06f
2532,3,00000040,00001f17
2538,3,00000044,fc3f2023
2542,3,00000048,ff9ff06f
2550,3,00000040,00001f17
2556,3,00000044,fc3f2023
2560,3,00000048,ff9ff06f
2568,3,00000040,00001f17
2574,3,00000044,fc3f2023
2578,3,00000048,ff9ff06f
2586,3,00000040,00001f17
2592,3,00000044,fc3f2023
2596,3,00000048,ff9ff06f
2604,3,00000040,00001f17
2610,3,00000044,fc3f2023
2614,3,00000048,ff9ff06f
2622,3,00000040,00001f17
2628,3,00000044,fc3f2023
2632,3,00000048,ff9ff06f
2640,3,00000040,00001f17
2646,3,00000044,fc3f2023
2650,3,00000048,ff9ff06f
2658,3,00000040,00001f17
2664,3,00000044,fc3f2023
2668,3,00000048,ff9ff06f
2676,3,00000040,00001f17
2682,3,00000044,fc3f2023
2686,3,00000048,ff9ff06f
2694,3,00000040,00001f17
2700,3,00000044,fc3f2023
2704,3,00000048,ff9ff06f
2712,3,00000040,00001f17
2718,3,00000044,fc3f2023
2722,3,00000048,ff9ff06f
2730,3,00000040,00001f17
2736,3,00000044,fc3f2023
2740,3,00000048,ff9ff06f
2748,3,00000040,00001f17
2754,3,00000044,fc3f2023
2758,3,00000048,ff9ff06f
2766,3,00000040,00001f17
2772,3,00000044,fc3f2023
2776,3,00000048,ff9ff06f
2784,3,00000040,00001f17
2790,3,00000044,fc3f2023
2794,3,00000048,ff9ff06f
2802,3,00000040,00001f17
2808,3,00000044,fc3f2023
2812,3,00000048,ff9ff06f
2820,3,00000040,00001f17
2826,3,00000044,fc3f2023
2830,3,00000048,ff9ff06f
2838,3,00000040,00001f17
2844,3,00000044,fc3f2023
2848,3,00000048,ff9ff06f
2856,3,00000040,00001f17
2862,3,00000044,fc3f2023
2866,3,00000048,ff9ff06f
2874,3,00000040,00001f17
2880,3,00000044,fc3f2023
2884,3,00000048,ff9ff06f
2892,3,00000040,00001f17
2898,3,00000044,fc3f2023
2902,3,00000048,ff9ff06f
2910,3,00000040,00001f17
2916,3,00000044,fc3f2023
2920,3,00000048,ff9ff06f
2928,3,00000040,00001f17
2934,3,00000044,fc3f2023
2938,3,00000048,ff9ff06f
2946,3,00000040,00001f17
2952,3,00000044,fc3f2023
2956,3,00000048,ff9ff06f
2964,3,00000040,00001f17
2970,3,00000044,fc3f2023
2974,3,00000048,ff9ff06f
2982,3,00000040,00001f17
2988,3,00000044,fc3f2023
2992,3,00000048,ff9ff06f
