418,3,00000000,00000000
534,3,00000000,04c0006f
538,3,0000004c,f1402573
540,3,00000050,00051063
542,3,00000054,00000297
544,3,00000058,01028293
546,3,0000005c,30529073
548,3,00000060,18005073
550,3,00000064,00000297
552,3,00000068,01c28293
554,3,0000006c,30529073
556,3,00000070,fff00293
558,3,00000074,3b029073
560,3,00000078,01f00293
562,3,0000007c,3a029073
564,3,00000080,00000297
566,3,00000084,01828293
568,3,00000088,30529073
570,3,0000008c,30205073
572,3,00000090,30305073
574,3,00000094,30405073
576,3,00000098,00000193
578,3,0000009c,00000297
580,3,000000a0,f6828293
582,3,000000a4,30529073
584,3,000000a8,00100513
586,3,000000ac,01f51513
588,3,000000b0,00054863
596,3,000000c0,00000297
598,3,000000c4,f4028293
600,3,000000c8,00028e63
608,3,000000e4,30005073
610,3,000000e8,00000297
612,3,000000ec,01428293
614,3,000000f0,34129073
616,3,000000f4,f1402573
618,3,000000f8,30200073
626,3,000000fc,01400093
628,3,00000100,00600113
640,3,00000104,0220ff33
642,3,00000108,00200e93
644,3,0000010c,00200193
646,3,00000110,0ddf1463
648,3,00000114,fec00093
650,3,00000118,00600113
716,3,0000011c,0220ff33
718,3,00000120,00200e93
720,3,00000124,00300193
722,3,00000128,0bdf1863
724,3,0000012c,01400093
726,3,00000130,ffa00113
732,3,00000134,0220ff33
734,3,00000138,01400e93
736,3,0000013c,00400193
738,3,00000140,09df1c63
740,3,00000144,fec00093
742,3,00000148,ffa00113
750,3,0000014c,0220ff33
752,3,00000150,fec00e93
754,3,00000154,00500193
756,3,00000158,09df1063
758,3,0000015c,800000b7
760,3,00000160,00100113
830,3,00000164,0220ff33
832,3,00000168,00000e93
834,3,0000016c,00600193
836,3,00000170,07df1463
838,3,00000174,800000b7
840,3,00000178,fff00113
848,3,0000017c,0220ff33
850,3,00000180,80000eb7
852,3,00000184,00700193
854,3,00000188,05df1863
856,3,0000018c,800000b7
858,3,00000190,00000113
864,3,00000194,0220ff33
866,3,00000198,80000eb7
868,3,0000019c,00800193
870,3,000001a0,03df1c63
872,3,000001a4,00100093
874,3,000001a8,00000113
880,3,000001ac,0220ff33
882,3,000001b0,00100e93
884,3,000001b4,00900193
886,3,000001b8,03df1063
888,3,000001bc,00000093
890,3,000001c0,00000113
896,3,000001c4,0220ff33
898,3,000001c8,00000e93
900,3,000001cc,00a00193
902,3,000001d0,01df1463
904,3,000001d4,00301c63
912,3,000001ec,0ff0000f
914,3,000001f0,00100193
916,3,000001f4,00000073
924,3,00000004,34202f73
926,3,00000008,00800f93
928,3,0000000c,03ff0a63
930,3,00000010,00900f93
932,3,00000014,03ff0663
934,3,00000018,00b00f93
936,3,0000001c,03ff0263
944,3,00000040,00001f17
946,3,00000044,fc3f2023
948,3,00000048,ff9ff06f
954,3,00000040,00001f17
956,3,00000044,fc3f2023
958,3,00000048,ff9ff06f
964,3,00000040,00001f17
966,3,00000044,fc3f2023
968,3,00000048,ff9ff06f
974,3,00000040,00001f17
976,3,00000044,fc3f2023
978,3,00000048,ff9ff06f
984,3,00000040,00001f17
986,3,00000044,fc3f2023
988,3,00000048,ff9ff06f
994,3,00000040,00001f17
996,3,00000044,fc3f2023
998,3,00000048,ff9ff06f
1004,3,00000040,00001f17
1006,3,00000044,fc3f2023
1008,3,00000048,ff9ff06f
1014,3,00000040,00001f17
1016,3,00000044,fc3f2023
1018,3,00000048,ff9ff06f
1024,3,00000040,00001f17
1026,3,00000044,fc3f2023
1028,3,00000048,ff9ff06f
1034,3,00000040,00001f17
1036,3,00000044,fc3f2023
1038,3,00000048,ff9ff06f
1044,3,00000040,00001f17
1046,3,00000044,fc3f2023
1048,3,00000048,ff9ff06f
1054,3,00000040,00001f17
1056,3,00000044,fc3f2023
1058,3,00000048,ff9ff06f
1064,3,00000040,00001f17
1066,3,00000044,fc3f2023
1068,3,00000048,ff9ff06f
1074,3,00000040,00001f17
1076,3,00000044,fc3f2023
1078,3,00000048,ff9ff06f
1084,3,00000040,00001f17
1086,3,00000044,fc3f2023
1088,3,00000048,ff9ff06f
1094,3,00000040,00001f17
1096,3,00000044,fc3f2023
1098,3,00000048,ff9ff06f
1104,3,00000040,00001f17
1106,3,00000044,fc3f2023
1108,3,00000048,ff9ff06f
1114,3,00000040,00001f17
1116,3,00000044,fc3f2023
1118,3,00000048,ff9ff06f
1124,3,00000040,00001f17
1126,3,00000044,fc3f2023
1128,3,00000048,ff9ff06f
1134,3,00000040,00001f17
1136,3,00000044,fc3f2023
1138,3,00000048,ff9ff06f
1144,3,00000040,00001f17
1146,3,00000044,fc3f2023
1148,3,00000048,ff9ff06f
1154,3,00000040,00001f17
1156,3,00000044,fc3f2023
1158,3,00000048,ff9ff06f
1164,3,00000040,00001f17
1166,3,00000044,fc3f2023
1168,3,00000048,ff9ff06f
1174,3,00000040,00001f17
1176,3,00000044,fc3f2023
1178,3,00000048,ff9ff06f
1184,3,00000040,00001f17
1186,3,00000044,fc3f2023
1188,3,00000048,ff9ff06f
1194,3,00000040,00001f17
1196,3,00000044,fc3f2023
1198,3,00000048,ff9ff06f
1204,3,00000040,00001f17
1206,3,00000044,fc3f2023
1208,3,00000048,ff9ff06f
1214,3,00000040,00001f17
1216,3,00000044,fc3f2023
1218,3,00000048,ff9ff06f
1224,3,00000040,00001f17
1226,3,00000044,fc3f2023
1228,3,00000048,ff9ff06f
1234,3,00000040,00001f17
1236,3,00000044,fc3f2023
1238,3,00000048,ff9ff06f
1244,3,00000040,00001f17
1246,3,00000044,fc3f2023
1248,3,00000048,ff9ff06f
1254,3,00000040,00001f17
1256,3,00000044,fc3f2023
1258,3,00000048,ff9ff06f
1264,3,00000040,00001f17
1266,3,00000044,fc3f2023
1268,3,00000048,ff9ff06f
1274,3,00000040,00001f17
1276,3,00000044,fc3f2023
1278,3,00000048,ff9ff06f
1284,3,00000040,00001f17
1286,3,00000044,fc3f2023
1288,3,00000048,ff9ff06f
1294,3,00000040,00001f17
1296,3,00000044,fc3f2023
1298,3,00000048,ff9ff06f
1304,3,00000040,00001f17
1306,3,00000044,fc3f2023
1308,3,00000048,ff9ff06f
1314,3,00000040,00001f17
1316,3,00000044,fc3f2023
1318,3,00000048,ff9ff06f
1324,3,00000040,00001f17
1326,3,00000044,fc3f2023
1328,3,00000048,ff9ff06f
1334,3,00000040,00001f17
1336,3,00000044,fc3f2023
1338,3,00000048,ff9ff06f
1344,3,00000040,00001f17
1346,3,00000044,fc3f2023
1348,3,00000048,ff9ff06f
1354,3,00000040,00001f17
1356,3,00000044,fc3f2023
1358,3,00000048,ff9ff06f
1364,3,00000040,00001f17
1366,3,00000044,fc3f2023
1368,3,00000048,ff9ff06f
1374,3,00000040,00001f17
1376,3,00000044,fc3f2023
1378,3,00000048,ff9ff06f
1384,3,00000040,00001f17
1386,3,00000044,fc3f2023
1388,3,00000048,ff9ff06f
1394,3,00000040,00001f17
1396,3,00000044,fc3f2023
1398,3,00000048,ff9ff06f
1404,3,00000040,00001f17
1406,3,00000044,fc3f2023
1408,3,00000048,ff9ff06f
1414,3,00000040,00001f17
1416,3,00000044,fc3f2023
1418,3,00000048,ff9ff06f
1424,3,00000040,00001f17
1426,3,00000044,fc3f2023
1428,3,00000048,ff9ff06f
1434,3,00000040,00001f17
1436,3,00000044,fc3f2023
1438,3,00000048,ff9ff06f
1444,3,00000040,00001f17
1446,3,00000044,fc3f2023
1448,3,00000048,ff9ff06f
1454,3,00000040,00001f17
1456,3,00000044,fc3f2023
1458,3,00000048,ff9ff06f
1464,3,00000040,00001f17
1466,3,00000044,fc3f2023
1468,3,00000048,ff9ff06f
1474,3,00000040,00001f17
1476,3,00000044,fc3f2023
1478,3,00000048,ff9ff06f
1484,3,00000040,00001f17
1486,3,00000044,fc3f2023
1488,3,00000048,ff9ff06f
1494,3,00000040,00001f17
1496,3,00000044,fc3f2023
1498,3,00000048,ff9ff06f
1504,3,00000040,00001f17
1506,3,00000044,fc3f2023
1508,3,00000048,ff9ff06f
1514,3,00000040,00001f17
1516,3,00000044,fc3f2023
1518,3,00000048,ff9ff06f
1524,3,00000040,00001f17
1526,3,00000044,fc3f2023
1528,3,00000048,ff9ff06f
1534,3,00000040,00001f17
1536,3,00000044,fc3f2023
1538,3,00000048,ff9ff06f
1544,3,00000040,00001f17
1546,3,00000044,fc3f2023
1548,3,00000048,ff9ff06f
1554,3,00000040,00001f17
1556,3,00000044,fc3f2023
1558,3,00000048,ff9ff06f
1564,3,00000040,00001f17
1566,3,00000044,fc3f2023
1568,3,00000048,ff9ff06f
1574,3,00000040,00001f17
1576,3,00000044,fc3f2023
1578,3,00000048,ff9ff06f
1584,3,00000040,00001f17
1586,3,00000044,fc3f2023
1588,3,00000048,ff9ff06f
1594,3,00000040,00001f17
1596,3,00000044,fc3f2023
1598,3,00000048,ff9ff06f
1604,3,00000040,00001f17
1606,3,00000044,fc3f2023
1608,3,00000048,ff9ff06f
1614,3,00000040,00001f17
1616,3,00000044,fc3f2023
1618,3,00000048,ff9ff06f
1624,3,00000040,00001f17
1626,3,00000044,fc3f2023
1628,3,00000048,ff9ff06f
1634,3,00000040,00001f17
1636,3,00000044,fc3f2023
1638,3,00000048,ff9ff06f
1644,3,00000040,00001f17
1646,3,00000044,fc3f2023
1648,3,00000048,ff9ff06f
1654,3,00000040,00001f17
1656,3,00000044,fc3f2023
1658,3,00000048,ff9ff06f
1664,3,00000040,00001f17
1666,3,00000044,fc3f2023
1668,3,00000048,ff9ff06f
1674,3,00000040,00001f17
1676,3,00000044,fc3f2023
1678,3,00000048,ff9ff06f
1684,3,00000040,00001f17
1686,3,00000044,fc3f2023
1688,3,00000048,ff9ff06f
1694,3,00000040,00001f17
1696,3,00000044,fc3f2023
1698,3,00000048,ff9ff06f
1704,3,00000040,00001f17
1706,3,00000044,fc3f2023
1708,3,00000048,ff9ff06f
1714,3,00000040,00001f17
1716,3,00000044,fc3f2023
1718,3,00000048,ff9ff06f
1724,3,00000040,00001f17
1726,3,00000044,fc3f2023
1728,3,00000048,ff9ff06f
1734,3,00000040,00001f17
1736,3,00000044,fc3f2023
1738,3,00000048,ff9ff06f
1744,3,00000040,00001f17
1746,3,00000044,fc3f2023
1748,3,00000048,ff9ff06f
1754,3,00000040,00001f17
1756,3,00000044,fc3f2023
1758,3,00000048,ff9ff06f
1764,3,00000040,00001f17
1766,3,00000044,fc3f2023
1768,3,00000048,ff9ff06f
1774,3,00000040,00001f17
1776,3,00000044,fc3f2023
1778,3,00000048,ff9ff06f
1784,3,00000040,00001f17
1786,3,00000044,fc3f2023
1788,3,00000048,ff9ff06f
1794,3,00000040,00001f17
1796,3,00000044,fc3f2023
1798,3,00000048,ff9ff06f
1804,3,00000040,00001f17
1806,3,00000044,fc3f2023
1808,3,00000048,ff9ff06f
1814,3,00000040,00001f17
1816,3,00000044,fc3f2023
1818,3,00000048,ff9ff06f
1824,3,00000040,00001f17
1826,3,00000044,fc3f2023
1828,3,00000048,ff9ff06f
1834,3,00000040,00001f17
1836,3,00000044,fc3f2023
1838,3,00000048,ff9ff06f
1844,3,00000040,00001f17
1846,3,00000044,fc3f2023
1848,3,00000048,ff9ff06f
1854,3,00000040,00001f17
1856,3,00000044,fc3f2023
1858,3,00000048,ff9ff06f
1864,3,00000040,00001f17
1866,3,00000044,fc3f2023
1868,3,00000048,ff9ff06f
1874,3,00000040,00001f17
1876,3,00000044,fc3f2023
1878,3,00000048,ff9ff06f
1884,3,00000040,00001f17
1886,3,00000044,fc3f2023
1888,3,00000048,ff9ff06f
1894,3,00000040,00001f17
1896,3,00000044,fc3f2023
1898,3,00000048,ff9ff06f
1904,3,00000040,00001f17
1906,3,00000044,fc3f2023
1908,3,00000048,ff9ff06f
1914,3,00000040,00001f17
1916,3,00000044,fc3f2023
1918,3,00000048,ff9ff06f
1924,3,00000040,00001f17
1926,3,00000044,fc3f2023
1928,3,00000048,ff9ff06f
1934,3,00000040,00001f17
1936,3,00000044,fc3f2023
1938,3,00000048,ff9ff06f
1944,3,00000040,00001f17
1946,3,00000044,fc3f2023
1948,3,00000048,ff9ff06f
1954,3,00000040,00001f17
1956,3,00000044,fc3f2023
1958,3,00000048,ff9ff06f
1964,3,00000040,00001f17
1966,3,00000044,fc3f2023
1968,3,00000048,ff9ff06f
1974,3,00000040,00001f17
1976,3,00000044,fc3f2023
1978,3,00000048,ff9ff06f
1984,3,00000040,00001f17
1986,3,00000044,fc3f2023
1988,3,00000048,ff9ff06f
1994,3,00000040,00001f17
1996,3,00000044,fc3f2023
1998,3,00000048,ff9ff06f
2004,3,00000040,00001f17
2006,3,00000044,fc3f2023
2008,3,00000048,ff9ff06f
2014,3,00000040,00001f17
2016,3,00000044,fc3f2023
2018,3,00000048,ff9ff06f
2024,3,00000040,00001f17
2026,3,00000044,fc3f2023
2028,3,00000048,ff9ff06f
2034,3,00000040,00001f17
2036,3,00000044,fc3f2023
2038,3,00000048,ff9ff06f
2044,3,00000040,00001f17
2046,3,00000044,fc3f2023
2048,3,00000048,ff9ff06f
2054,3,00000040,00001f17
2056,3,00000044,fc3f2023
2058,3,00000048,ff9ff06f
2064,3,00000040,00001f17
2066,3,00000044,fc3f2023
2068,3,00000048,ff9ff06f
2074,3,00000040,00001f17
2076,3,00000044,fc3f2023
2078,3,00000048,ff9ff06f
2084,3,00000040,00001f17
2086,3,00000044,fc3f2023
2088,3,00000048,ff9ff06f
2094,3,00000040,00001f17
2096,3,00000044,fc3f2023
2098,3,00000048,ff9ff06f
2104,3,00000040,00001f17
2106,3,00000044,fc3f2023
2108,3,00000048,ff9ff06f
2114,3,00000040,00001f17
2116,3,00000044,fc3f2023
2118,3,00000048,ff9ff06f
2124,3,00000040,00001f17
2126,3,00000044,fc3f2023
2128,3,00000048,ff9ff06f
2134,3,00000040,00001f17
2136,3,00000044,fc3f2023
2138,3,00000048,ff9ff06f
2144,3,00000040,00001f17
2146,3,00000044,fc3f2023
2148,3,00000048,ff9ff06f
2154,3,00000040,00001f17
2156,3,00000044,fc3f2023
2158,3,00000048,ff9ff06f
2164,3,00000040,00001f17
2166,3,00000044,fc3f2023
2168,3,00000048,ff9ff06f
2174,3,00000040,00001f17
2176,3,00000044,fc3f2023
2178,3,00000048,ff9ff06f
2184,3,00000040,00001f17
2186,3,00000044,fc3f2023
2188,3,00000048,ff9ff06f
2194,3,00000040,00001f17
2196,3,00000044,fc3f2023
2198,3,00000048,ff9ff06f
2204,3,00000040,00001f17
2206,3,00000044,fc3f2023
2208,3,00000048,ff9ff06f
2214,3,00000040,00001f17
2216,3,00000044,fc3f2023
2218,3,00000048,ff9ff06f
2224,3,00000040,00001f17
2226,3,00000044,fc3f2023
2228,3,00000048,ff9ff06f
2234,3,00000040,00001f17
2236,3,00000044,fc3f2023
2238,3,00000048,ff9ff06f
2244,3,00000040,00001f17
2246,3,00000044,fc3f2023
2248,3,00000048,ff9ff06f
2254,3,00000040,00001f17
2256,3,00000044,fc3f2023
2258,3,00000048,ff9ff06f
2264,3,00000040,00001f17
2266,3,00000044,fc3f2023
2268,3,00000048,ff9ff06f
2274,3,00000040,00001f17
2276,3,00000044,fc3f2023
2278,3,00000048,ff9ff06f
2284,3,00000040,00001f17
2286,3,00000044,fc3f2023
2288,3,00000048,ff9ff06f
2294,3,00000040,00001f17
2296,3,00000044,fc3f2023
2298,3,00000048,ff9ff06f
2304,3,00000040,00001f17
2306,3,00000044,fc3f2023
2308,3,00000048,ff9ff06f
2314,3,00000040,00001f17
2316,3,00000044,fc3f2023
2318,3,00000048,ff9ff06f
2324,3,00000040,00001f17
2326,3,00000044,fc3f2023
2328,3,00000048,ff9ff06f
2334,3,00000040,00001f17
2336,3,00000044,fc3f2023
2338,3,00000048,ff9ff06f
2344,3,00000040,00001f17
2346,3,00000044,fc3f2023
2348,3,00000048,ff9ff06f
2354,3,00000040,00001f17
2356,3,00000044,fc3f2023
2358,3,00000048,ff9ff06f
2364,3,00000040,00001f17
2366,3,00000044,fc3f2023
2368,3,00000048,ff9ff06f
2374,3,00000040,00001f17
2376,3,00000044,fc3f2023
2378,3,00000048,ff9ff06f
2384,3,00000040,00001f17
2386,3,00000044,fc3f2023
2388,3,00000048,ff9ff06f
2394,3,00000040,00001f17
2396,3,00000044,fc3f2023
2398,3,00000048,ff9ff06f
2404,3,00000040,00001f17
2406,3,00000044,fc3f2023
2408,3,00000048,ff9ff06f
2414,3,00000040,00001f17
2416,3,00000044,fc3f2023
2418,3,00000048,ff9ff06f
2424,3,00000040,00001f17
2426,3,00000044,fc3f2023
2428,3,00000048,ff9ff06f
2434,3,00000040,00001f17
2436,3,00000044,fc3f2023
2438,3,00000048,ff9ff06f
2444,3,00000040,00001f17
2446,3,00000044,fc3f2023
2448,3,00000048,ff9ff06f
2454,3,00000040,00001f17
2456,3,00000044,fc3f2023
2458,3,00000048,ff9ff06f
2464,3,00000040,00001f17
2466,3,00000044,fc3f2023
2468,3,00000048,ff9ff06f
2474,3,00000040,00001f17
2476,3,00000044,fc3f2023
2478,3,00000048,ff9ff06f
2484,3,00000040,00001f17
2486,3,00000044,fc3f2023
2488,3,00000048,ff9ff06f
2494,3,00000040,00001f17
2496,3,00000044,fc3f2023
2498,3,00000048,ff9ff06f
2504,3,00000040,00001f17
2506,3,00000044,fc3f2023
2508,3,00000048,ff9ff06f
2514,3,00000040,00001f17
2516,3,00000044,fc3f2023
2518,3,00000048,ff9ff06f
2524,3,00000040,00001f17
2526,3,00000044,fc3f2023
2528,3,00000048,ff9ff06f
2534,3,00000040,00001f17
2536,3,00000044,fc3f2023
2538,3,00000048,ff9ff06f
2544,3,00000040,00001f17
2546,3,00000044,fc3f2023
2548,3,00000048,ff9ff06f
2554,3,00000040,00001f17
2556,3,00000044,fc3f2023
2558,3,00000048,ff9ff06f
2564,3,00000040,00001f17
2566,3,00000044,fc3f2023
2568,3,00000048,ff9ff06f
2574,3,00000040,00001f17
2576,3,00000044,fc3f2023
2578,3,00000048,ff9ff06f
2584,3,00000040,00001f17
2586,3,00000044,fc3f2023
2588,3,00000048,ff9ff06f
2594,3,00000040,00001f17
2596,3,00000044,fc3f2023
2598,3,00000048,ff9ff06f
2604,3,00000040,00001f17
2606,3,00000044,fc3f2023
2608,3,00000048,ff9ff06f
2614,3,00000040,00001f17
2616,3,00000044,fc3f2023
2618,3,00000048,ff9ff06f
2624,3,00000040,00001f17
2626,3,00000044,fc3f2023
2628,3,00000048,ff9ff06f
2634,3,00000040,00001f17
2636,3,00000044,fc3f2023
2638,3,00000048,ff9ff06f
2644,3,00000040,00001f17
2646,3,00000044,fc3f2023
2648,3,00000048,ff9ff06f
2654,3,00000040,00001f17
2656,3,00000044,fc3f2023
2658,3,00000048,ff9ff06f
2664,3,00000040,00001f17
2666,3,00000044,fc3f2023
2668,3,00000048,ff9ff06f
2674,3,00000040,00001f17
2676,3,00000044,fc3f2023
2678,3,00000048,ff9ff06f
2684,3,00000040,00001f17
2686,3,00000044,fc3f2023
2688,3,00000048,ff9ff06f
2694,3,00000040,00001f17
2696,3,00000044,fc3f2023
2698,3,00000048,ff9ff06f
2704,3,00000040,00001f17
2706,3,00000044,fc3f2023
2708,3,00000048,ff9ff06f
2714,3,00000040,00001f17
2716,3,00000044,fc3f2023
2718,3,00000048,ff9ff06f
2724,3,00000040,00001f17
2726,3,00000044,fc3f2023
2728,3,00000048,ff9ff06f
2734,3,00000040,00001f17
2736,3,00000044,fc3f2023
2738,3,00000048,ff9ff06f
2744,3,00000040,00001f17
2746,3,00000044,fc3f2023
2748,3,00000048,ff9ff06f
2754,3,00000040,00001f17
2756,3,00000044,fc3f2023
2758,3,00000048,ff9ff06f
2764,3,00000040,00001f17
2766,3,00000044,fc3f2023
2768,3,00000048,ff9ff06f
2774,3,00000040,00001f17
2776,3,00000044,fc3f2023
2778,3,00000048,ff9ff06f
2784,3,00000040,00001f17
2786,3,00000044,fc3f2023
2788,3,00000048,ff9ff06f
2794,3,00000040,00001f17
2796,3,00000044,fc3f2023
2798,3,00000048,ff9ff06f
2804,3,00000040,00001f17
2806,3,00000044,fc3f2023
2808,3,00000048,ff9ff06f
2814,3,00000040,00001f17
2816,3,00000044,fc3f2023
2818,3,00000048,ff9ff06f
2824,3,00000040,00001f17
2826,3,00000044,fc3f2023
2828,3,00000048,ff9ff06f
2834,3,00000040,00001f17
2836,3,00000044,fc3f2023
2838,3,00000048,ff9ff06f
2844,3,00000040,00001f17
2846,3,00000044,fc3f2023
2848,3,00000048,ff9ff06f
2854,3,00000040,00001f17
2856,3,00000044,fc3f2023
2858,3,00000048,ff9ff06f
2864,3,00000040,00001f17
2866,3,00000044,fc3f2023
2868,3,00000048,ff9ff06f
2874,3,00000040,00001f17
2876,3,00000044,fc3f2023
2878,3,00000048,ff9ff06f
2884,3,00000040,00001f17
2886,3,00000044,fc3f2023
2888,3,00000048,ff9ff06f
2894,3,00000040,00001f17
2896,3,00000044,fc3f2023
2898,3,00000048,ff9ff06f
2904,3,00000040,00001f17
2906,3,00000044,fc3f2023
2908,3,00000048,ff9ff06f
2914,3,00000040,00001f17
2916,3,00000044,fc3f2023
2918,3,00000048,ff9ff06f
2924,3,00000040,00001f17
2926,3,00000044,fc3f2023
2928,3,00000048,ff9ff06f
2934,3,00000040,00001f17
2936,3,00000044,fc3f2023
2938,3,00000048,ff9ff06f
2944,3,00000040,00001f17
2946,3,00000044,fc3f2023
2948,3,00000048,ff9ff06f
2954,3,00000040,00001f17
2956,3,00000044,fc3f2023
2958,3,00000048,ff9ff06f
2964,3,00000040,00001f17
2966,3,00000044,fc3f2023
2968,3,00000048,ff9ff06f
2974,3,00000040,00001f17
2976,3,00000044,fc3f2023
2978,3,00000048,ff9ff06f
2984,3,00000040,00001f17
2986,3,00000044,fc3f2023
2988,3,00000048,ff9ff06f
2994,3,00000040,00001f17
2996,3,00000044,fc3f2023
2998,3,00000048,ff9ff06f
3004,3,00000040,00001f17
3006,3,00000044,fc3f2023
3008,3,00000048,ff9ff06f
3014,3,00000040,00001f17
3016,3,00000044,fc3f2023
3018,3,00000048,ff9ff06f
3024,3,00000040,00001f17
3026,3,00000044,fc3f2023
3028,3,00000048,ff9ff06f
3034,3,00000040,00001f17
3036,3,00000044,fc3f2023
3038,3,00000048,ff9ff06f
3044,3,00000040,00001f17
3046,3,00000044,fc3f2023
3048,3,00000048,ff9ff06f
3054,3,00000040,00001f17
3056,3,00000044,fc3f2023
3058,3,00000048,ff9ff06f
3064,3,00000040,00001f17
3066,3,00000044,fc3f2023
3068,3,00000048,ff9ff06f
3074,3,00000040,00001f17
3076,3,00000044,fc3f2023
3078,3,00000048,ff9ff06f
3084,3,00000040,00001f17
3086,3,00000044,fc3f2023
3088,3,00000048,ff9ff06f
3094,3,00000040,00001f17
3096,3,00000044,fc3f2023
3098,3,00000048,ff9ff06f
3104,3,00000040,00001f17
3106,3,00000044,fc3f2023
3108,3,00000048,ff9ff06f
3114,3,00000040,00001f17
3116,3,00000044,fc3f2023
3118,3,00000048,ff9ff06f
3124,3,00000040,00001f17
3126,3,00000044,fc3f2023
3128,3,00000048,ff9ff06f
3134,3,00000040,00001f17
3136,3,00000044,fc3f2023
3138,3,00000048,ff9ff06f
3144,3,00000040,00001f17
3146,3,00000044,fc3f2023
3148,3,00000048,ff9ff06f
3154,3,00000040,00001f17
3156,3,00000044,fc3f2023
3158,3,00000048,ff9ff06f
3164,3,00000040,00001f17
3166,3,00000044,fc3f2023
3168,3,00000048,ff9ff06f
3174,3,00000040,00001f17
3176,3,00000044,fc3f2023
3178,3,00000048,ff9ff06f
3184,3,00000040,00001f17
3186,3,00000044,fc3f2023
3188,3,00000048,ff9ff06f
3194,3,00000040,00001f17
3196,3,00000044,fc3f2023
3198,3,00000048,ff9ff06f
3204,3,00000040,00001f17
3206,3,00000044,fc3f2023
3208,3,00000048,ff9ff06f
3214,3,00000040,00001f17
3216,3,00000044,fc3f2023
3218,3,00000048,ff9ff06f
3224,3,00000040,00001f17
3226,3,00000044,fc3f2023
3228,3,00000048,ff9ff06f
3234,3,00000040,00001f17
3236,3,00000044,fc3f2023
3238,3,00000048,ff9ff06f
3244,3,00000040,00001f17
3246,3,00000044,fc3f2023
3248,3,00000048,ff9ff06f
3254,3,00000040,00001f17
3256,3,00000044,fc3f2023
3258,3,00000048,ff9ff06f
3264,3,00000040,00001f17
3266,3,00000044,fc3f2023
3268,3,00000048,ff9ff06f
3274,3,00000040,00001f17
3276,3,00000044,fc3f2023
3278,3,00000048,ff9ff06f
3284,3,00000040,00001f17
3286,3,00000044,fc3f2023
3288,3,00000048,ff9ff06f
3294,3,00000040,00001f17
3296,3,00000044,fc3f2023
3298,3,00000048,ff9ff06f
3304,3,00000040,00001f17
3306,3,00000044,fc3f2023
3308,3,00000048,ff9ff06f
3314,3,00000040,00001f17
3316,3,00000044,fc3f2023
3318,3,00000048,ff9ff06f
3324,3,00000040,00001f17
3326,3,00000044,fc3f2023
3328,3,00000048,ff9ff06f
3334,3,00000040,00001f17
3336,3,00000044,fc3f2023
3338,3,00000048,ff9ff06f
3344,3,00000040,00001f17
3346,3,00000044,fc3f2023
3348,3,00000048,ff9ff06f
3354,3,00000040,00001f17
3356,3,00000044,fc3f2023
3358,3,00000048,ff9ff06f
3364,3,00000040,00001f17
3366,3,00000044,fc3f2023
3368,3,00000048,ff9ff06f
3374,3,00000040,00001f17
3376,3,00000044,fc3f2023
3378,3,00000048,ff9ff06f
3384,3,00000040,00001f17
3386,3,00000044,fc3f2023
3388,3,00000048,ff9ff06f
3394,3,00000040,00001f17
3396,3,00000044,fc3f2023
3398,3,00000048,ff9ff06f
3404,3,00000040,00001f17
3406,3,00000044,fc3f2023
3408,3,00000048,ff9ff06f
3414,3,00000040,00001f17
3416,3,00000044,fc3f2023
3418,3,00000048,ff9ff06f
3424,3,00000040,00001f17
3426,3,00000044,fc3f2023
3428,3,00000048,ff9ff06f
3434,3,00000040,00001f17
3436,3,00000044,fc3f2023
3438,3,00000048,ff9ff06f
3444,3,00000040,00001f17
3446,3,00000044,fc3f2023
3448,3,00000048,ff9ff06f
3454,3,00000040,00001f17
3456,3,00000044,fc3f2023
3458,3,00000048,ff9ff06f
3464,3,00000040,00001f17
3466,3,00000044,fc3f2023
3468,3,00000048,ff9ff06f
3474,3,00000040,00001f17
3476,3,00000044,fc3f2023
3478,3,00000048,ff9ff06f
3484,3,00000040,00001f17
3486,3,00000044,fc3f2023
3488,3,00000048,ff9ff06f
3494,3,00000040,00001f17
3496,3,00000044,fc3f2023
3498,3,00000048,ff9ff06f
