420,3,00000000,00000000
534,3,00000000,04c0006f
538,3,0000004c,f1402573
540,3,00000050,00051063
542,3,00000054,00000297
544,3,00000058,01028293
546,3,0000005c,30529073
556,3,00000064,00000297
558,3,00000068,01c28293
560,3,0000006c,30529073
562,3,00000070,fff00293
572,3,00000080,00000297
574,3,00000084,01828293
576,3,00000088,30529073
578,3,0000008c,30205073
580,3,00000090,30305073
582,3,00000094,30405073
584,3,00000098,00000193
586,3,0000009c,00000297
588,3,000000a0,f6828293
590,3,000000a4,30529073
592,3,000000a8,00100513
594,3,000000ac,01f51513
596,3,000000b0,00054863
604,3,000000c0,00000297
606,3,000000c4,f4028293
608,3,000000c8,00028e63
616,3,000000e4,30005073
618,3,000000e8,00000297
620,3,000000ec,01428293
622,3,000000f0,34129073
624,3,000000f4,f1402573
626,3,000000f8,30200073
634,0,000000fc,00200193
636,0,00000100,00000093
638,0,00000104,00100113
640,0,00000108,0020c663
648,0,00000114,fe20cee3
652,0,00000110,00301663
660,0,0000011c,00300193
662,0,00000120,fff00093
664,0,00000124,00100113
666,0,00000128,0020c663
674,0,00000134,fe20cee3
678,0,00000130,00301663
686,0,0000013c,00400193
688,0,00000140,ffe00093
690,0,00000144,fff00113
692,0,00000148,0020c663
700,0,00000154,fe20cee3
704,0,00000150,00301663
712,0,0000015c,00500193
714,0,00000160,00100093
716,0,00000164,00000113
718,0,00000168,0020c463
720,0,0000016c,00301463
728,0,00000174,fe20cee3
736,0,00000178,00600193
738,0,0000017c,00100093
740,0,00000180,fff00113
742,0,00000184,0020c463
744,0,00000188,00301463
752,0,00000190,fe20cee3
760,0,00000194,00700193
762,0,00000198,fff00093
764,0,0000019c,ffe00113
766,0,000001a0,0020c463
768,0,000001a4,00301463
776,0,000001ac,fe20cee3
784,0,000001b0,00800193
786,0,000001b4,00100093
788,0,000001b8,ffe00113
790,0,000001bc,0020c463
792,0,000001c0,00301463
800,0,000001c8,fe20cee3
808,0,000001cc,00900193
810,0,000001d0,00000213
812,0,000001d4,00000093
814,0,000001d8,fff00113
816,0,000001dc,1e20c063
818,0,000001e0,00120213
820,0,000001e4,00200293
822,0,000001e8,fe5216e3
826,0,000001d4,00000093
828,0,000001d8,fff00113
830,0,000001dc,1e20c063
832,0,000001e0,00120213
834,0,000001e4,00200293
836,0,000001e8,fe5216e3
844,0,000001ec,00a00193
846,0,000001f0,00000213
848,0,000001f4,00000093
850,0,000001f8,fff00113
852,0,000001fc,00000013
854,0,00000200,1a20ce63
856,0,00000204,00120213
858,0,00000208,00200293
860,0,0000020c,fe5214e3
864,0,000001f4,00000093
866,0,000001f8,fff00113
868,0,000001fc,00000013
870,0,00000200,1a20ce63
872,0,00000204,00120213
874,0,00000208,00200293
876,0,0000020c,fe5214e3
884,0,00000210,00b00193
886,0,00000214,00000213
888,0,00000218,00000093
890,0,0000021c,fff00113
892,0,00000220,00000013
894,0,00000224,00000013
896,0,00000228,1820ca63
898,0,0000022c,00120213
900,0,00000230,00200293
902,0,00000234,fe5212e3
906,0,00000218,00000093
908,0,0000021c,fff00113
910,0,00000220,00000013
912,0,00000224,00000013
914,0,00000228,1820ca63
916,0,0000022c,00120213
918,0,00000230,00200293
920,0,00000234,fe5212e3
928,0,00000238,00c00193
930,0,0000023c,00000213
932,0,00000240,00000093
934,0,00000244,00000013
936,0,00000248,fff00113
938,0,0000024c,1620c863
940,0,00000250,00120213
942,0,00000254,00200293
944,0,00000258,fe5214e3
948,0,00000240,00000093
950,0,00000244,00000013
952,0,00000248,fff00113
954,0,0000024c,1620c863
956,0,00000250,00120213
958,0,00000254,00200293
960,0,00000258,fe5214e3
968,0,0000025c,00d00193
970,0,00000260,00000213
972,0,00000264,00000093
974,0,00000268,00000013
976,0,0000026c,fff00113
978,0,00000270,00000013
980,0,00000274,1420c463
982,0,00000278,00120213
984,0,0000027c,00200293
986,0,00000280,fe5212e3
990,0,00000264,00000093
992,0,00000268,00000013
994,0,0000026c,fff00113
996,0,00000270,00000013
998,0,00000274,1420c463
1000,0,00000278,00120213
1002,0,0000027c,00200293
1004,0,00000280,fe5212e3
1012,0,00000284,00e00193
1014,0,00000288,00000213
1016,0,0000028c,00000093
1018,0,00000290,00000013
1020,0,00000294,00000013
1022,0,00000298,fff00113
1024,0,0000029c,1220c063
1026,0,000002a0,00120213
1028,0,000002a4,00200293
1030,0,000002a8,fe5212e3
1034,0,0000028c,00000093
1036,0,00000290,00000013
1038,0,00000294,00000013
1040,0,00000298,fff00113
1042,0,0000029c,1220c063
1044,0,000002a0,00120213
1046,0,000002a4,00200293
1048,0,000002a8,fe5212e3
1056,0,000002ac,00f00193
1058,0,000002b0,00000213
1060,0,000002b4,00000093
1062,0,000002b8,fff00113
1064,0,000002bc,1020c063
1066,0,000002c0,00120213
1068,0,000002c4,00200293
1070,0,000002c8,fe5216e3
1074,0,000002b4,00000093
1076,0,000002b8,fff00113
1078,0,000002bc,1020c063
1080,0,000002c0,00120213
1082,0,000002c4,00200293
1084,0,000002c8,fe5216e3
1092,0,000002cc,01000193
1094,0,000002d0,00000213
1096,0,000002d4,00000093
1098,0,000002d8,fff00113
1100,0,000002dc,00000013
1102,0,000002e0,0c20ce63
1104,0,000002e4,00120213
1106,0,000002e8,00200293
1108,0,000002ec,fe5214e3
1112,0,000002d4,00000093
1114,0,000002d8,fff00113
1116,0,000002dc,00000013
1118,0,000002e0,0c20ce63
1120,0,000002e4,00120213
1122,0,000002e8,00200293
1124,0,000002ec,fe5214e3
1132,0,000002f0,01100193
1134,0,000002f4,00000213
1136,0,000002f8,00000093
1138,0,000002fc,fff00113
1140,0,00000300,00000013
1142,0,00000304,00000013
1144,0,00000308,0a20ca63
1146,0,0000030c,00120213
1148,0,00000310,00200293
1150,0,00000314,fe5212e3
1154,0,000002f8,00000093
1156,0,000002fc,fff00113
1158,0,00000300,00000013
1160,0,00000304,00000013
1162,0,00000308,0a20ca63
1164,0,0000030c,00120213
1166,0,00000310,00200293
1168,0,00000314,fe5212e3
1176,0,00000318,01200193
1178,0,0000031c,00000213
1180,0,00000320,00000093
1182,0,00000324,00000013
1184,0,00000328,fff00113
1186,0,0000032c,0820c863
1188,0,00000330,00120213
1190,0,00000334,00200293
1192,0,00000338,fe5214e3
1196,0,00000320,00000093
1198,0,00000324,00000013
1200,0,00000328,fff00113
1202,0,0000032c,0820c863
1204,0,00000330,00120213
1206,0,00000334,00200293
1208,0,00000338,fe5214e3
1216,0,0000033c,01300193
1218,0,00000340,00000213
1220,0,00000344,00000093
1222,0,00000348,00000013
1224,0,0000034c,fff00113
1226,0,00000350,00000013
1228,0,00000354,0620c463
1230,0,00000358,00120213
1232,0,0000035c,00200293
1234,0,00000360,fe5212e3
1238,0,00000344,00000093
1240,0,00000348,00000013
1242,0,0000034c,fff00113
1244,0,00000350,00000013
1246,0,00000354,0620c463
1248,0,00000358,00120213
1250,0,0000035c,00200293
1252,0,00000360,fe5212e3
1260,0,00000364,01400193
1262,0,00000368,00000213
1264,0,0000036c,00000093
1266,0,00000370,00000013
1268,0,00000374,00000013
1270,0,00000378,fff00113
1272,0,0000037c,0420c063
1274,0,00000380,00120213
1276,0,00000384,00200293
1278,0,00000388,fe5212e3
1282,0,0000036c,00000093
1284,0,00000370,00000013
1286,0,00000374,00000013
1288,0,00000378,fff00113
1290,0,0000037c,0420c063
1292,0,00000380,00120213
1294,0,00000384,00200293
1296,0,00000388,fe5212e3
1304,0,0000038c,00100093
1306,0,00000390,00104a63
1314,0,000003a4,00108093
1316,0,000003a8,00108093
1318,0,000003ac,00300e93
1320,0,000003b0,01500193
1322,0,000003b4,01d09463
1324,0,000003b8,00301c63
1332,0,000003d0,0ff0000f
1334,0,000003d4,00100193
1336,0,000003d8,00000073
1344,3,00000004,34202f73
1346,3,00000008,00800f93
1348,3,0000000c,03ff0a63
1350,3,00000010,00900f93
1352,3,00000014,03ff0663
1354,3,00000018,00b00f93
1356,3,0000001c,03ff0263
1364,3,00000040,00001f17
1366,3,00000044,fc3f2023
1368,3,00000048,ff9ff06f
1374,3,00000040,00001f17
1376,3,00000044,fc3f2023
1378,3,00000048,ff9ff06f
1384,3,00000040,00001f17
1386,3,00000044,fc3f2023
1388,3,00000048,ff9ff06f
1394,3,00000040,00001f17
1396,3,00000044,fc3f2023
1398,3,00000048,ff9ff06f
1404,3,00000040,00001f17
1406,3,00000044,fc3f2023
1408,3,00000048,ff9ff06f
1414,3,00000040,00001f17
1416,3,00000044,fc3f2023
1418,3,00000048,ff9ff06f
1424,3,00000040,00001f17
1426,3,00000044,fc3f2023
1428,3,00000048,ff9ff06f
1434,3,00000040,00001f17
1436,3,00000044,fc3f2023
1438,3,00000048,ff9ff06f
1444,3,00000040,00001f17
1446,3,00000044,fc3f2023
1448,3,00000048,ff9ff06f
1454,3,00000040,00001f17
1456,3,00000044,fc3f2023
1458,3,00000048,ff9ff06f
1464,3,00000040,00001f17
1466,3,00000044,fc3f2023
1468,3,00000048,ff9ff06f
1474,3,00000040,00001f17
1476,3,00000044,fc3f2023
1478,3,00000048,ff9ff06f
1484,3,00000040,00001f17
1486,3,00000044,fc3f2023
1488,3,00000048,ff9ff06f
1494,3,00000040,00001f17
1496,3,00000044,fc3f2023
1498,3,00000048,ff9ff06f
1504,3,00000040,00001f17
1506,3,00000044,fc3f2023
1508,3,00000048,ff9ff06f
1514,3,00000040,00001f17
1516,3,00000044,fc3f2023
1518,3,00000048,ff9ff06f
1524,3,00000040,00001f17
1526,3,00000044,fc3f2023
1528,3,00000048,ff9ff06f
1534,3,00000040,00001f17
1536,3,00000044,fc3f2023
1538,3,00000048,ff9ff06f
1544,3,00000040,00001f17
1546,3,00000044,fc3f2023
1548,3,00000048,ff9ff06f
1554,3,00000040,00001f17
1556,3,00000044,fc3f2023
1558,3,00000048,ff9ff06f
1564,3,00000040,00001f17
1566,3,00000044,fc3f2023
1568,3,00000048,ff9ff06f
1574,3,00000040,00001f17
1576,3,00000044,fc3f2023
1578,3,00000048,ff9ff06f
1584,3,00000040,00001f17
1586,3,00000044,fc3f2023
1588,3,00000048,ff9ff06f
1594,3,00000040,00001f17
1596,3,00000044,fc3f2023
1598,3,00000048,ff9ff06f
1604,3,00000040,00001f17
1606,3,00000044,fc3f2023
1608,3,00000048,ff9ff06f
1614,3,00000040,00001f17
1616,3,00000044,fc3f2023
1618,3,00000048,ff9ff06f
1624,3,00000040,00001f17
1626,3,00000044,fc3f2023
1628,3,00000048,ff9ff06f
1634,3,00000040,00001f17
1636,3,00000044,fc3f2023
1638,3,00000048,ff9ff06f
1644,3,00000040,00001f17
1646,3,00000044,fc3f2023
1648,3,00000048,ff9ff06f
1654,3,00000040,00001f17
1656,3,00000044,fc3f2023
1658,3,00000048,ff9ff06f
1664,3,00000040,00001f17
1666,3,00000044,fc3f2023
1668,3,00000048,ff9ff06f
1674,3,00000040,00001f17
1676,3,00000044,fc3f2023
1678,3,00000048,ff9ff06f
1684,3,00000040,00001f17
1686,3,00000044,fc3f2023
1688,3,00000048,ff9ff06f
1694,3,00000040,00001f17
1696,3,00000044,fc3f2023
1698,3,00000048,ff9ff06f
1704,3,00000040,00001f17
1706,3,00000044,fc3f2023
1708,3,00000048,ff9ff06f
1714,3,00000040,00001f17
1716,3,00000044,fc3f2023
1718,3,00000048,ff9ff06f
1724,3,00000040,00001f17
1726,3,00000044,fc3f2023
1728,3,00000048,ff9ff06f
1734,3,00000040,00001f17
1736,3,00000044,fc3f2023
1738,3,00000048,ff9ff06f
1744,3,00000040,00001f17
1746,3,00000044,fc3f2023
1748,3,00000048,ff9ff06f
1754,3,00000040,00001f17
1756,3,00000044,fc3f2023
1758,3,00000048,ff9ff06f
1764,3,00000040,00001f17
1766,3,00000044,fc3f2023
1768,3,00000048,ff9ff06f
1774,3,00000040,00001f17
1776,3,00000044,fc3f2023
1778,3,00000048,ff9ff06f
1784,3,00000040,00001f17
1786,3,00000044,fc3f2023
1788,3,00000048,ff9ff06f
1794,3,00000040,00001f17
1796,3,00000044,fc3f2023
1798,3,00000048,ff9ff06f
1804,3,00000040,00001f17
1806,3,00000044,fc3f2023
1808,3,00000048,ff9ff06f
1814,3,00000040,00001f17
1816,3,00000044,fc3f2023
1818,3,00000048,ff9ff06f
1824,3,00000040,00001f17
1826,3,00000044,fc3f2023
1828,3,00000048,ff9ff06f
1834,3,00000040,00001f17
1836,3,00000044,fc3f2023
1838,3,00000048,ff9ff06f
1844,3,00000040,00001f17
1846,3,00000044,fc3f2023
1848,3,00000048,ff9ff06f
1854,3,00000040,00001f17
1856,3,00000044,fc3f2023
1858,3,00000048,ff9ff06f
1864,3,00000040,00001f17
1866,3,00000044,fc3f2023
1868,3,00000048,ff9ff06f
1874,3,00000040,00001f17
1876,3,00000044,fc3f2023
1878,3,00000048,ff9ff06f
1884,3,00000040,00001f17
1886,3,00000044,fc3f2023
1888,3,00000048,ff9ff06f
1894,3,00000040,00001f17
1896,3,00000044,fc3f2023
1898,3,00000048,ff9ff06f
1904,3,00000040,00001f17
1906,3,00000044,fc3f2023
1908,3,00000048,ff9ff06f
1914,3,00000040,00001f17
1916,3,00000044,fc3f2023
1918,3,00000048,ff9ff06f
1924,3,00000040,00001f17
1926,3,00000044,fc3f2023
1928,3,00000048,ff9ff06f
1934,3,00000040,00001f17
1936,3,00000044,fc3f2023
1938,3,00000048,ff9ff06f
1944,3,00000040,00001f17
1946,3,00000044,fc3f2023
1948,3,00000048,ff9ff06f
1954,3,00000040,00001f17
1956,3,00000044,fc3f2023
1958,3,00000048,ff9ff06f
1964,3,00000040,00001f17
1966,3,00000044,fc3f2023
1968,3,00000048,ff9ff06f
1974,3,00000040,00001f17
1976,3,00000044,fc3f2023
1978,3,00000048,ff9ff06f
1984,3,00000040,00001f17
1986,3,00000044,fc3f2023
1988,3,00000048,ff9ff06f
1994,3,00000040,00001f17
1996,3,00000044,fc3f2023
1998,3,00000048,ff9ff06f
2004,3,00000040,00001f17
2006,3,00000044,fc3f2023
2008,3,00000048,ff9ff06f
2014,3,00000040,00001f17
2016,3,00000044,fc3f2023
2018,3,00000048,ff9ff06f
2024,3,00000040,00001f17
2026,3,00000044,fc3f2023
2028,3,00000048,ff9ff06f
2034,3,00000040,00001f17
2036,3,00000044,fc3f2023
2038,3,00000048,ff9ff06f
2044,3,00000040,00001f17
2046,3,00000044,fc3f2023
2048,3,00000048,ff9ff06f
2054,3,00000040,00001f17
2056,3,00000044,fc3f2023
2058,3,00000048,ff9ff06f
2064,3,00000040,00001f17
2066,3,00000044,fc3f2023
2068,3,00000048,ff9ff06f
2074,3,00000040,00001f17
2076,3,00000044,fc3f2023
2078,3,00000048,ff9ff06f
2084,3,00000040,00001f17
2086,3,00000044,fc3f2023
2088,3,00000048,ff9ff06f
2094,3,00000040,00001f17
2096,3,00000044,fc3f2023
2098,3,00000048,ff9ff06f
2104,3,00000040,00001f17
2106,3,00000044,fc3f2023
2108,3,00000048,ff9ff06f
2114,3,00000040,00001f17
2116,3,00000044,fc3f2023
2118,3,00000048,ff9ff06f
2124,3,00000040,00001f17
2126,3,00000044,fc3f2023
2128,3,00000048,ff9ff06f
2134,3,00000040,00001f17
2136,3,00000044,fc3f2023
2138,3,00000048,ff9ff06f
2144,3,00000040,00001f17
2146,3,00000044,fc3f2023
2148,3,00000048,ff9ff06f
2154,3,00000040,00001f17
2156,3,00000044,fc3f2023
2158,3,00000048,ff9ff06f
2164,3,00000040,00001f17
2166,3,00000044,fc3f2023
2168,3,00000048,ff9ff06f
2174,3,00000040,00001f17
2176,3,00000044,fc3f2023
2178,3,00000048,ff9ff06f
2184,3,00000040,00001f17
2186,3,00000044,fc3f2023
2188,3,00000048,ff9ff06f
2194,3,00000040,00001f17
2196,3,00000044,fc3f2023
2198,3,00000048,ff9ff06f
2204,3,00000040,00001f17
2206,3,00000044,fc3f2023
2208,3,00000048,ff9ff06f
2214,3,00000040,00001f17
2216,3,00000044,fc3f2023
2218,3,00000048,ff9ff06f
2224,3,00000040,00001f17
2226,3,00000044,fc3f2023
2228,3,00000048,ff9ff06f
2234,3,00000040,00001f17
2236,3,00000044,fc3f2023
2238,3,00000048,ff9ff06f
2244,3,00000040,00001f17
2246,3,00000044,fc3f2023
2248,3,00000048,ff9ff06f
2254,3,00000040,00001f17
2256,3,00000044,fc3f2023
2258,3,00000048,ff9ff06f
2264,3,00000040,00001f17
2266,3,00000044,fc3f2023
2268,3,00000048,ff9ff06f
2274,3,00000040,00001f17
2276,3,00000044,fc3f2023
2278,3,00000048,ff9ff06f
2284,3,00000040,00001f17
2286,3,00000044,fc3f2023
2288,3,00000048,ff9ff06f
2294,3,00000040,00001f17
2296,3,00000044,fc3f2023
2298,3,00000048,ff9ff06f
2304,3,00000040,00001f17
2306,3,00000044,fc3f2023
2308,3,00000048,ff9ff06f
2314,3,00000040,00001f17
2316,3,00000044,fc3f2023
2318,3,00000048,ff9ff06f
2324,3,00000040,00001f17
2326,3,00000044,fc3f2023
2328,3,00000048,ff9ff06f
2334,3,00000040,00001f17
2336,3,00000044,fc3f2023
2338,3,00000048,ff9ff06f
2344,3,00000040,00001f17
2346,3,00000044,fc3f2023
2348,3,00000048,ff9ff06f
2354,3,00000040,00001f17
2356,3,00000044,fc3f2023
2358,3,00000048,ff9ff06f
2364,3,00000040,00001f17
2366,3,00000044,fc3f2023
2368,3,00000048,ff9ff06f
2374,3,00000040,00001f17
2376,3,00000044,fc3f2023
2378,3,00000048,ff9ff06f
2384,3,00000040,00001f17
2386,3,00000044,fc3f2023
2388,3,00000048,ff9ff06f
2394,3,00000040,00001f17
2396,3,00000044,fc3f2023
2398,3,00000048,ff9ff06f
2404,3,00000040,00001f17
2406,3,00000044,fc3f2023
2408,3,00000048,ff9ff06f
2414,3,00000040,00001f17
2416,3,00000044,fc3f2023
2418,3,00000048,ff9ff06f
2424,3,00000040,00001f17
2426,3,00000044,fc3f2023
2428,3,00000048,ff9ff06f
2434,3,00000040,00001f17
2436,3,00000044,fc3f2023
2438,3,00000048,ff9ff06f
2444,3,00000040,00001f17
2446,3,00000044,fc3f2023
2448,3,00000048,ff9ff06f
2454,3,00000040,00001f17
2456,3,00000044,fc3f2023
2458,3,00000048,ff9ff06f
2464,3,00000040,00001f17
2466,3,00000044,fc3f2023
2468,3,00000048,ff9ff06f
2474,3,00000040,00001f17
2476,3,00000044,fc3f2023
2478,3,00000048,ff9ff06f
2484,3,00000040,00001f17
2486,3,00000044,fc3f2023
2488,3,00000048,ff9ff06f
2494,3,00000040,00001f17
2496,3,00000044,fc3f2023
2498,3,00000048,ff9ff06f
2504,3,00000040,00001f17
2506,3,00000044,fc3f2023
2508,3,00000048,ff9ff06f
2514,3,00000040,00001f17
2516,3,00000044,fc3f2023
2518,3,00000048,ff9ff06f
2524,3,00000040,00001f17
2526,3,00000044,fc3f2023
2528,3,00000048,ff9ff06f
2534,3,00000040,00001f17
2536,3,00000044,fc3f2023
2538,3,00000048,ff9ff06f
2544,3,00000040,00001f17
2546,3,00000044,fc3f2023
2548,3,00000048,ff9ff06f
2554,3,00000040,00001f17
2556,3,00000044,fc3f2023
2558,3,00000048,ff9ff06f
2564,3,00000040,00001f17
2566,3,00000044,fc3f2023
2568,3,00000048,ff9ff06f
2574,3,00000040,00001f17
2576,3,00000044,fc3f2023
2578,3,00000048,ff9ff06f
2584,3,00000040,00001f17
2586,3,00000044,fc3f2023
2588,3,00000048,ff9ff06f
2594,3,00000040,00001f17
2596,3,00000044,fc3f2023
2598,3,00000048,ff9ff06f
2604,3,00000040,00001f17
2606,3,00000044,fc3f2023
2608,3,00000048,ff9ff06f
2614,3,00000040,00001f17
2616,3,00000044,fc3f2023
2618,3,00000048,ff9ff06f
2624,3,00000040,00001f17
2626,3,00000044,fc3f2023
2628,3,00000048,ff9ff06f
2634,3,00000040,00001f17
2636,3,00000044,fc3f2023
2638,3,00000048,ff9ff06f
2644,3,00000040,00001f17
2646,3,00000044,fc3f2023
2648,3,00000048,ff9ff06f
2654,3,00000040,00001f17
2656,3,00000044,fc3f2023
2658,3,00000048,ff9ff06f
2664,3,00000040,00001f17
2666,3,00000044,fc3f2023
2668,3,00000048,ff9ff06f
2674,3,00000040,00001f17
2676,3,00000044,fc3f2023
2678,3,00000048,ff9ff06f
2684,3,00000040,00001f17
2686,3,00000044,fc3f2023
2688,3,00000048,ff9ff06f
2694,3,00000040,00001f17
2696,3,00000044,fc3f2023
2698,3,00000048,ff9ff06f
2704,3,00000040,00001f17
2706,3,00000044,fc3f2023
2708,3,00000048,ff9ff06f
2714,3,00000040,00001f17
2716,3,00000044,fc3f2023
2718,3,00000048,ff9ff06f
2724,3,00000040,00001f17
2726,3,00000044,fc3f2023
2728,3,00000048,ff9ff06f
2734,3,00000040,00001f17
2736,3,00000044,fc3f2023
2738,3,00000048,ff9ff06f
2744,3,00000040,00001f17
2746,3,00000044,fc3f2023
2748,3,00000048,ff9ff06f
2754,3,00000040,00001f17
2756,3,00000044,fc3f2023
2758,3,00000048,ff9ff06f
2764,3,00000040,00001f17
2766,3,00000044,fc3f2023
2768,3,00000048,ff9ff06f
2774,3,00000040,00001f17
2776,3,00000044,fc3f2023
2778,3,00000048,ff9ff06f
2784,3,00000040,00001f17
2786,3,00000044,fc3f2023
2788,3,00000048,ff9ff06f
2794,3,00000040,00001f17
2796,3,00000044,fc3f2023
2798,3,00000048,ff9ff06f
2804,3,00000040,00001f17
2806,3,00000044,fc3f2023
2808,3,00000048,ff9ff06f
2814,3,00000040,00001f17
2816,3,00000044,fc3f2023
2818,3,00000048,ff9ff06f
2824,3,00000040,00001f17
2826,3,00000044,fc3f2023
2828,3,00000048,ff9ff06f
2834,3,00000040,00001f17
2836,3,00000044,fc3f2023
2838,3,00000048,ff9ff06f
2844,3,00000040,00001f17
2846,3,00000044,fc3f2023
2848,3,00000048,ff9ff06f
2854,3,00000040,00001f17
2856,3,00000044,fc3f2023
2858,3,00000048,ff9ff06f
2864,3,00000040,00001f17
2866,3,00000044,fc3f2023
2868,3,00000048,ff9ff06f
2874,3,00000040,00001f17
2876,3,00000044,fc3f2023
2878,3,00000048,ff9ff06f
2884,3,00000040,00001f17
2886,3,00000044,fc3f2023
2888,3,00000048,ff9ff06f
2894,3,00000040,00001f17
2896,3,00000044,fc3f2023
2898,3,00000048,ff9ff06f
2904,3,00000040,00001f17
2906,3,00000044,fc3f2023
2908,3,00000048,ff9ff06f
2914,3,00000040,00001f17
2916,3,00000044,fc3f2023
2918,3,00000048,ff9ff06f
2924,3,00000040,00001f17
2926,3,00000044,fc3f2023
2928,3,00000048,ff9ff06f
2934,3,00000040,00001f17
2936,3,00000044,fc3f2023
2938,3,00000048,ff9ff06f
2944,3,00000040,00001f17
2946,3,00000044,fc3f2023
2948,3,00000048,ff9ff06f
2954,3,00000040,00001f17
2956,3,00000044,fc3f2023
2958,3,00000048,ff9ff06f
2964,3,00000040,00001f17
2966,3,00000044,fc3f2023
2968,3,00000048,ff9ff06f
2974,3,00000040,00001f17
2976,3,00000044,fc3f2023
2978,3,00000048,ff9ff06f
2984,3,00000040,00001f17
2986,3,00000044,fc3f2023
2988,3,00000048,ff9ff06f
2994,3,00000040,00001f17
2996,3,00000044,fc3f2023
2998,3,00000048,ff9ff06f
3004,3,00000040,00001f17
3006,3,00000044,fc3f2023
3008,3,00000048,ff9ff06f
3014,3,00000040,00001f17
3016,3,00000044,fc3f2023
3018,3,00000048,ff9ff06f
3024,3,00000040,00001f17
3026,3,00000044,fc3f2023
3028,3,00000048,ff9ff06f
3034,3,00000040,00001f17
3036,3,00000044,fc3f2023
3038,3,00000048,ff9ff06f
3044,3,00000040,00001f17
3046,3,00000044,fc3f2023
3048,3,00000048,ff9ff06f
3054,3,00000040,00001f17
3056,3,00000044,fc3f2023
3058,3,00000048,ff9ff06f
3064,3,00000040,00001f17
3066,3,00000044,fc3f2023
3068,3,00000048,ff9ff06f
3074,3,00000040,00001f17
3076,3,00000044,fc3f2023
3078,3,00000048,ff9ff06f
3084,3,00000040,00001f17
3086,3,00000044,fc3f2023
3088,3,00000048,ff9ff06f
3094,3,00000040,00001f17
3096,3,00000044,fc3f2023
3098,3,00000048,ff9ff06f
3104,3,00000040,00001f17
3106,3,00000044,fc3f2023
3108,3,00000048,ff9ff06f
3114,3,00000040,00001f17
3116,3,00000044,fc3f2023
3118,3,00000048,ff9ff06f
3124,3,00000040,00001f17
3126,3,00000044,fc3f2023
3128,3,00000048,ff9ff06f
3134,3,00000040,00001f17
3136,3,00000044,fc3f2023
3138,3,00000048,ff9ff06f
3144,3,00000040,00001f17
3146,3,00000044,fc3f2023
3148,3,00000048,ff9ff06f
3154,3,00000040,00001f17
3156,3,00000044,fc3f2023
3158,3,00000048,ff9ff06f
3164,3,00000040,00001f17
3166,3,00000044,fc3f2023
3168,3,00000048,ff9ff06f
3174,3,00000040,00001f17
3176,3,00000044,fc3f2023
3178,3,00000048,ff9ff06f
3184,3,00000040,00001f17
3186,3,00000044,fc3f2023
3188,3,00000048,ff9ff06f
3194,3,00000040,00001f17
3196,3,00000044,fc3f2023
3198,3,00000048,ff9ff06f
3204,3,00000040,00001f17
3206,3,00000044,fc3f2023
3208,3,00000048,ff9ff06f
3214,3,00000040,00001f17
3216,3,00000044,fc3f2023
3218,3,00000048,ff9ff06f
3224,3,00000040,00001f17
3226,3,00000044,fc3f2023
3228,3,00000048,ff9ff06f
3234,3,00000040,00001f17
3236,3,00000044,fc3f2023
3238,3,00000048,ff9ff06f
3244,3,00000040,00001f17
3246,3,00000044,fc3f2023
3248,3,00000048,ff9ff06f
3254,3,00000040,00001f17
3256,3,00000044,fc3f2023
3258,3,00000048,ff9ff06f
3264,3,00000040,00001f17
3266,3,00000044,fc3f2023
3268,3,00000048,ff9ff06f
3274,3,00000040,00001f17
3276,3,00000044,fc3f2023
3278,3,00000048,ff9ff06f
3284,3,00000040,00001f17
3286,3,00000044,fc3f2023
3288,3,00000048,ff9ff06f
3294,3,00000040,00001f17
3296,3,00000044,fc3f2023
3298,3,00000048,ff9ff06f
3304,3,00000040,00001f17
3306,3,00000044,fc3f2023
3308,3,00000048,ff9ff06f
3314,3,00000040,00001f17
3316,3,00000044,fc3f2023
3318,3,00000048,ff9ff06f
3324,3,00000040,00001f17
3326,3,00000044,fc3f2023
3328,3,00000048,ff9ff06f
3334,3,00000040,00001f17
3336,3,00000044,fc3f2023
3338,3,00000048,ff9ff06f
3344,3,00000040,00001f17
3346,3,00000044,fc3f2023
3348,3,00000048,ff9ff06f
3354,3,00000040,00001f17
3356,3,00000044,fc3f2023
3358,3,00000048,ff9ff06f
3364,3,00000040,00001f17
3366,3,00000044,fc3f2023
3368,3,00000048,ff9ff06f
3374,3,00000040,00001f17
3376,3,00000044,fc3f2023
3378,3,00000048,ff9ff06f
3384,3,00000040,00001f17
3386,3,00000044,fc3f2023
3388,3,00000048,ff9ff06f
3394,3,00000040,00001f17
3396,3,00000044,fc3f2023
3398,3,00000048,ff9ff06f
3404,3,00000040,00001f17
3406,3,00000044,fc3f2023
3408,3,00000048,ff9ff06f
3414,3,00000040,00001f17
3416,3,00000044,fc3f2023
3418,3,00000048,ff9ff06f
3424,3,00000040,00001f17
3426,3,00000044,fc3f2023
3428,3,00000048,ff9ff06f
3434,3,00000040,00001f17
3436,3,00000044,fc3f2023
3438,3,00000048,ff9ff06f
3444,3,00000040,00001f17
3446,3,00000044,fc3f2023
3448,3,00000048,ff9ff06f
3454,3,00000040,00001f17
3456,3,00000044,fc3f2023
3458,3,00000048,ff9ff06f
3464,3,00000040,00001f17
3466,3,00000044,fc3f2023
3468,3,00000048,ff9ff06f
3474,3,00000040,00001f17
3476,3,00000044,fc3f2023
3478,3,00000048,ff9ff06f
3484,3,00000040,00001f17
3486,3,00000044,fc3f2023
3488,3,00000048,ff9ff06f
3494,3,00000040,00001f17
3496,3,00000044,fc3f2023
3498,3,00000048,ff9ff06f
