44,3,00000000,04c0006f
52,3,0000004c,f1402573
56,3,00000050,00051063
60,3,00000054,30102573
64,3,00000058,00055863
72,3,00000068,00000e13
76,3,0000006c,00000297
80,3,00000070,f9828293
84,3,00000074,30529073
88,3,00000078,30205073
92,3,0000007c,30305073
96,3,00000080,30405073
100,3,00000084,00000297
104,3,00000088,f7c28293
108,3,0000008c,00028c63
116,3,000000a4,30005073
120,3,000000a8,00000297
124,3,000000ac,01428293
128,3,000000b0,34129073
132,3,000000b4,f1402573
136,3,000000b8,30200073
144,3,000000bc,00000093
148,3,000000c0,4000d193
152,3,000000c4,00000e93
156,3,000000c8,00200e13
160,3,000000cc,2bd19463
164,3,000000d0,800000b7
168,3,000000d4,4010d193
172,3,000000d8,c0000eb7
176,3,000000dc,00300e13
180,3,000000e0,29d19a63
184,3,000000e4,800000b7
188,3,000000e8,4070d193
192,3,000000ec,ff000eb7
196,3,000000f0,00400e13
200,3,000000f4,29d19063
204,3,000000f8,800000b7
208,3,000000fc,40e0d193
212,3,00000100,fffe0eb7
216,3,00000104,00500e13
220,3,00000108,27d19663
224,3,0000010c,800000b7
228,3,00000110,00108093
232,3,00000114,41f0d193
236,3,00000118,fff00e93
240,3,0000011c,00600e13
244,3,00000120,25d19a63
248,3,00000124,800000b7
252,3,00000128,fff08093
256,3,0000012c,4000d193
260,3,00000130,80000eb7
264,3,00000134,fffe8e93
268,3,00000138,00700e13
272,3,0000013c,23d19c63
276,3,00000140,800000b7
280,3,00000144,fff08093
284,3,00000148,4010d193
288,3,0000014c,40000eb7
292,3,00000150,fffe8e93
296,3,00000154,00800e13
300,3,00000158,21d19e63
304,3,0000015c,800000b7
308,3,00000160,fff08093
312,3,00000164,4070d193
316,3,00000168,01000eb7
320,3,0000016c,fffe8e93
324,3,00000170,00900e13
328,3,00000174,21d19063
332,3,00000178,800000b7
336,3,0000017c,fff08093
340,3,00000180,40e0d193
344,3,00000184,00020eb7
348,3,00000188,fffe8e93
352,3,0000018c,00a00e13
356,3,00000190,1fd19263
360,3,00000194,800000b7
364,3,00000198,fff08093
368,3,0000019c,41f0d193
372,3,000001a0,00000e93
376,3,000001a4,00b00e13
380,3,000001a8,1dd19663
384,3,000001ac,818180b7
388,3,000001b0,18108093
392,3,000001b4,4000d193
396,3,000001b8,81818eb7
400,3,000001bc,181e8e93
404,3,000001c0,00c00e13
408,3,000001c4,1bd19863
412,3,000001c8,818180b7
416,3,000001cc,18108093
420,3,000001d0,4010d193
424,3,000001d4,c0c0ceb7
428,3,000001d8,0c0e8e93
432,3,000001dc,00d00e13
436,3,000001e0,19d19a63
440,3,000001e4,818180b7
444,3,000001e8,18108093
448,3,000001ec,4070d193
452,3,000001f0,ff030eb7
456,3,000001f4,303e8e93
460,3,000001f8,00e00e13
464,3,000001fc,17d19c63
468,3,00000200,818180b7
472,3,00000204,18108093
476,3,00000208,40e0d193
480,3,0000020c,fffe0eb7
484,3,00000210,606e8e93
488,3,00000214,00f00e13
492,3,00000218,15d19e63
496,3,0000021c,818180b7
500,3,00000220,18108093
504,3,00000224,41f0d193
508,3,00000228,fff00e93
512,3,0000022c,01000e13
516,3,00000230,15d19263
520,3,00000234,800000b7
524,3,00000238,4070d093
528,3,0000023c,ff000eb7
532,3,00000240,01100e13
536,3,00000244,13d09863
540,3,00000248,00000213
544,3,0000024c,800000b7
548,3,00000250,4070d193
552,3,00000254,00018313
556,3,00000258,00120213
560,3,0000025c,00200293
564,3,00000260,fe5216e3
572,3,0000024c,800000b7
576,3,00000250,4070d193
580,3,00000254,00018313
584,3,00000258,00120213
588,3,0000025c,00200293
592,3,00000260,fe5216e3
596,3,00000264,ff000eb7
600,3,00000268,01200e13
604,3,0000026c,11d31463
608,3,00000270,00000213
612,3,00000274,800000b7
616,3,00000278,40e0d193
620,3,0000027c,00000013
624,3,00000280,00018313
628,3,00000284,00120213
632,3,00000288,00200293
636,3,0000028c,fe5214e3
644,3,00000274,800000b7
648,3,00000278,40e0d193
652,3,0000027c,00000013
656,3,00000280,00018313
660,3,00000284,00120213
664,3,00000288,00200293
668,3,0000028c,fe5214e3
672,3,00000290,fffe0eb7
676,3,00000294,01300e13
680,3,00000298,0dd31e63
684,3,0000029c,00000213
688,3,000002a0,800000b7
692,3,000002a4,00108093
696,3,000002a8,41f0d193
700,3,000002ac,00000013
704,3,000002b0,00000013
708,3,000002b4,00018313
712,3,000002b8,00120213
716,3,000002bc,00200293
720,3,000002c0,fe5210e3
728,3,000002a0,800000b7
732,3,000002a4,00108093
736,3,000002a8,41f0d193
740,3,000002ac,00000013
744,3,000002b0,00000013
748,3,000002b4,00018313
752,3,000002b8,00120213
756,3,000002bc,00200293
760,3,000002c0,fe5210e3
764,3,000002c4,fff00e93
768,3,000002c8,01400e13
772,3,000002cc,0bd31463
776,3,000002d0,00000213
780,3,000002d4,800000b7
784,3,000002d8,4070d193
788,3,000002dc,00120213
792,3,000002e0,00200293
796,3,000002e4,fe5218e3
804,3,000002d4,800000b7
808,3,000002d8,4070d193
812,3,000002dc,00120213
816,3,000002e0,00200293
820,3,000002e4,fe5218e3
824,3,000002e8,ff000eb7
828,3,000002ec,01500e13
832,3,000002f0,09d19263
836,3,000002f4,00000213
840,3,000002f8,800000b7
844,3,000002fc,00000013
848,3,00000300,40e0d193
852,3,00000304,00120213
856,3,00000308,00200293
860,3,0000030c,fe5216e3
868,3,000002f8,800000b7
872,3,000002fc,00000013
876,3,00000300,40e0d193
880,3,00000304,00120213
884,3,00000308,00200293
888,3,0000030c,fe5216e3
892,3,00000310,fffe0eb7
896,3,00000314,01600e13
900,3,00000318,05d19e63
904,3,0000031c,00000213
908,3,00000320,800000b7
912,3,00000324,00108093
916,3,00000328,00000013
920,3,0000032c,00000013
924,3,00000330,41f0d193
928,3,00000334,00120213
932,3,00000338,00200293
936,3,0000033c,fe5212e3
944,3,00000320,800000b7
948,3,00000324,00108093
952,3,00000328,00000013
956,3,0000032c,00000013
960,3,00000330,41f0d193
964,3,00000334,00120213
968,3,00000338,00200293
972,3,0000033c,fe5212e3
976,3,00000340,fff00e93
980,3,00000344,01700e13
984,3,00000348,03d19663
988,3,0000034c,40405093
992,3,00000350,00000e93
996,3,00000354,01800e13
1000,3,00000358,01d09e63
1004,3,0000035c,02100093
1008,3,00000360,40a0d013
1012,3,00000364,00000e93
1016,3,00000368,01900e13
1020,3,0000036c,01d01463
1024,3,00000370,01c01c63
1032,3,00000388,0ff0000f
1036,3,0000038c,00100e13
1040,3,00000390,00000073
1048,3,00000004,34202f73
1052,3,00000008,00800f93
1056,3,0000000c,03ff0a63
1060,3,00000010,00900f93
1064,3,00000014,03ff0663
1068,3,00000018,00b00f93
1072,3,0000001c,03ff0263
1080,3,00000040,00001f17
1086,3,00000044,fdcf2023
1090,3,00000048,ff9ff06f
1098,3,00000040,00001f17
1104,3,00000044,fdcf2023
1108,3,00000048,ff9ff06f
1116,3,00000040,00001f17
1122,3,00000044,fdcf2023
1126,3,00000048,ff9ff06f
1134,3,00000040,00001f17
1140,3,00000044,fdcf2023
1144,3,00000048,ff9ff06f
1152,3,00000040,00001f17
1158,3,00000044,fdcf2023
1162,3,00000048,ff9ff06f
1170,3,00000040,00001f17
1176,3,00000044,fdcf2023
1180,3,00000048,ff9ff06f
1188,3,00000040,00001f17
1194,3,00000044,fdcf2023
1198,3,00000048,ff9ff06f
1206,3,00000040,00001f17
1212,3,00000044,fdcf2023
1216,3,00000048,ff9ff06f
1224,3,00000040,00001f17
1230,3,00000044,fdcf2023
1234,3,00000048,ff9ff06f
1242,3,00000040,00001f17
1248,3,00000044,fdcf2023
1252,3,00000048,ff9ff06f
1260,3,00000040,00001f17
1266,3,00000044,fdcf2023
1270,3,00000048,ff9ff06f
1278,3,00000040,00001f17
1284,3,00000044,fdcf2023
1288,3,00000048,ff9ff06f
1296,3,00000040,00001f17
1302,3,00000044,fdcf2023
1306,3,00000048,ff9ff06f
1314,3,00000040,00001f17
1320,3,00000044,fdcf2023
1324,3,00000048,ff9ff06f
1332,3,00000040,00001f17
1338,3,00000044,fdcf2023
1342,3,00000048,ff9ff06f
1350,3,00000040,00001f17
1356,3,00000044,fdcf2023
1360,3,00000048,ff9ff06f
1368,3,00000040,00001f17
1374,3,00000044,fdcf2023
1378,3,00000048,ff9ff06f
1386,3,00000040,00001f17
1392,3,00000044,fdcf2023
1396,3,00000048,ff9ff06f
1404,3,00000040,00001f17
1410,3,00000044,fdcf2023
1414,3,00000048,ff9ff06f
1422,3,00000040,00001f17
1428,3,00000044,fdcf2023
1432,3,00000048,ff9ff06f
1440,3,00000040,00001f17
1446,3,00000044,fdcf2023
1450,3,00000048,ff9ff06f
1458,3,00000040,00001f17
1464,3,00000044,fdcf2023
1468,3,00000048,ff9ff06f
1476,3,00000040,00001f17
1482,3,00000044,fdcf2023
1486,3,00000048,ff9ff06f
1494,3,00000040,00001f17
1500,3,00000044,fdcf2023
1504,3,00000048,ff9ff06f
1512,3,00000040,00001f17
1518,3,00000044,fdcf2023
1522,3,00000048,ff9ff06f
1530,3,00000040,00001f17
1536,3,00000044,fdcf2023
1540,3,00000048,ff9ff06f
1548,3,00000040,00001f17
1554,3,00000044,fdcf2023
1558,3,00000048,ff9ff06f
1566,3,00000040,00001f17
1572,3,00000044,fdcf2023
1576,3,00000048,ff9ff06f
1584,3,00000040,00001f17
1590,3,00000044,fdcf2023
1594,3,00000048,ff9ff06f
1602,3,00000040,00001f17
1608,3,00000044,fdcf2023
1612,3,00000048,ff9ff06f
1620,3,00000040,00001f17
1626,3,00000044,fdcf2023
1630,3,00000048,ff9ff06f
1638,3,00000040,00001f17
1644,3,00000044,fdcf2023
1648,3,00000048,ff9ff06f
1656,3,00000040,00001f17
1662,3,00000044,fdcf2023
1666,3,00000048,ff9ff06f
1674,3,00000040,00001f17
1680,3,00000044,fdcf2023
1684,3,00000048,ff9ff06f
1692,3,00000040,00001f17
1698,3,00000044,fdcf2023
1702,3,00000048,ff9ff06f
1710,3,00000040,00001f17
1716,3,00000044,fdcf2023
1720,3,00000048,ff9ff06f
1728,3,00000040,00001f17
1734,3,00000044,fdcf2023
1738,3,00000048,ff9ff06f
1746,3,00000040,00001f17
1752,3,00000044,fdcf2023
1756,3,00000048,ff9ff06f
1764,3,00000040,00001f17
1770,3,00000044,fdcf2023
1774,3,00000048,ff9ff06f
1782,3,00000040,00001f17
1788,3,00000044,fdcf2023
1792,3,00000048,ff9ff06f
1800,3,00000040,00001f17
1806,3,00000044,fdcf2023
1810,3,00000048,ff9ff06f
1818,3,00000040,00001f17
1824,3,00000044,fdcf2023
1828,3,00000048,ff9ff06f
1836,3,00000040,00001f17
1842,3,00000044,fdcf2023
1846,3,00000048,ff9ff06f
1854,3,00000040,00001f17
1860,3,00000044,fdcf2023
1864,3,00000048,ff9ff06f
1872,3,00000040,00001f17
1878,3,00000044,fdcf2023
1882,3,00000048,ff9ff06f
1890,3,00000040,00001f17
1896,3,00000044,fdcf2023
1900,3,00000048,ff9ff06f
1908,3,00000040,00001f17
1914,3,00000044,fdcf2023
1918,3,00000048,ff9ff06f
1926,3,00000040,00001f17
1932,3,00000044,fdcf2023
1936,3,00000048,ff9ff06f
1944,3,00000040,00001f17
1950,3,00000044,fdcf2023
1954,3,00000048,ff9ff06f
1962,3,00000040,00001f17
1968,3,00000044,fdcf2023
1972,3,00000048,ff9ff06f
1980,3,00000040,00001f17
1986,3,00000044,fdcf2023
1990,3,00000048,ff9ff06f
1998,3,00000040,00001f17
2004,3,00000044,fdcf2023
2008,3,00000048,ff9ff06f
2016,3,00000040,00001f17
2022,3,00000044,fdcf2023
2026,3,00000048,ff9ff06f
2034,3,00000040,00001f17
2040,3,00000044,fdcf2023
2044,3,00000048,ff9ff06f
2052,3,00000040,00001f17
2058,3,00000044,fdcf2023
2062,3,00000048,ff9ff06f
2070,3,00000040,00001f17
2076,3,00000044,fdcf2023
2080,3,00000048,ff9ff06f
2088,3,00000040,00001f17
2094,3,00000044,fdcf2023
2098,3,00000048,ff9ff06f
2106,3,00000040,00001f17
2112,3,00000044,fdcf2023
2116,3,00000048,ff9ff06f
2124,3,00000040,00001f17
2130,3,00000044,fdcf2023
2134,3,00000048,ff9ff06f
2142,3,00000040,00001f17
2148,3,00000044,fdcf2023
2152,3,00000048,ff9ff06f
2160,3,00000040,00001f17
2166,3,00000044,fdcf2023
2170,3,00000048,ff9ff06f
2178,3,00000040,00001f17
2184,3,00000044,fdcf2023
2188,3,00000048,ff9ff06f
2196,3,00000040,00001f17
2202,3,00000044,fdcf2023
2206,3,00000048,ff9ff06f
2214,3,00000040,00001f17
2220,3,00000044,fdcf2023
2224,3,00000048,ff9ff06f
2232,3,00000040,00001f17
2238,3,00000044,fdcf2023
2242,3,00000048,ff9ff06f
2250,3,00000040,00001f17
2256,3,00000044,fdcf2023
2260,3,00000048,ff9ff06f
2268,3,00000040,00001f17
2274,3,00000044,fdcf2023
2278,3,00000048,ff9ff06f
2286,3,00000040,00001f17
2292,3,00000044,fdcf2023
2296,3,00000048,ff9ff06f
2304,3,00000040,00001f17
2310,3,00000044,fdcf2023
2314,3,00000048,ff9ff06f
2322,3,00000040,00001f17
2328,3,00000044,fdcf2023
2332,3,00000048,ff9ff06f
2340,3,00000040,00001f17
2346,3,00000044,fdcf2023
2350,3,00000048,ff9ff06f
2358,3,00000040,00001f17
2364,3,00000044,fdcf2023
2368,3,00000048,ff9ff06f
2376,3,00000040,00001f17
2382,3,00000044,fdcf2023
2386,3,00000048,ff9ff06f
2394,3,00000040,00001f17
2400,3,00000044,fdcf2023
2404,3,00000048,ff9ff06f
2412,3,00000040,00001f17
2418,3,00000044,fdcf2023
2422,3,00000048,ff9ff06f
2430,3,00000040,00001f17
2436,3,00000044,fdcf2023
2440,3,00000048,ff9ff06f
2448,3,00000040,00001f17
2454,3,00000044,fdcf2023
2458,3,00000048,ff9ff06f
2466,3,00000040,00001f17
2472,3,00000044,fdcf2023
2476,3,00000048,ff9ff06f
2484,3,00000040,00001f17
2490,3,00000044,fdcf2023
2494,3,00000048,ff9ff06f
2502,3,00000040,00001f17
2508,3,00000044,fdcf2023
2512,3,00000048,ff9ff06f
2520,3,00000040,00001f17
2526,3,00000044,fdcf2023
2530,3,00000048,ff9ff06f
2538,3,00000040,00001f17
2544,3,00000044,fdcf2023
2548,3,00000048,ff9ff06f
2556,3,00000040,00001f17
2562,3,00000044,fdcf2023
2566,3,00000048,ff9ff06f
2574,3,00000040,00001f17
2580,3,00000044,fdcf2023
2584,3,00000048,ff9ff06f
2592,3,00000040,00001f17
2598,3,00000044,fdcf2023
2602,3,00000048,ff9ff06f
2610,3,00000040,00001f17
2616,3,00000044,fdcf2023
2620,3,00000048,ff9ff06f
2628,3,00000040,00001f17
2634,3,00000044,fdcf2023
2638,3,00000048,ff9ff06f
2646,3,00000040,00001f17
2652,3,00000044,fdcf2023
2656,3,00000048,ff9ff06f
2664,3,00000040,00001f17
2670,3,00000044,fdcf2023
2674,3,00000048,ff9ff06f
2682,3,00000040,00001f17
2688,3,00000044,fdcf2023
2692,3,00000048,ff9ff06f
2700,3,00000040,00001f17
2706,3,00000044,fdcf2023
2710,3,00000048,ff9ff06f
2718,3,00000040,00001f17
2724,3,00000044,fdcf2023
2728,3,00000048,ff9ff06f
2736,3,00000040,00001f17
2742,3,00000044,fdcf2023
2746,3,00000048,ff9ff06f
2754,3,00000040,00001f17
2760,3,00000044,fdcf2023
2764,3,00000048,ff9ff06f
2772,3,00000040,00001f17
2778,3,00000044,fdcf2023
2782,3,00000048,ff9ff06f
2790,3,00000040,00001f17
2796,3,00000044,fdcf2023
2800,3,00000048,ff9ff06f
2808,3,00000040,00001f17
2814,3,00000044,fdcf2023
2818,3,00000048,ff9ff06f
2826,3,00000040,00001f17
2832,3,00000044,fdcf2023
2836,3,00000048,ff9ff06f
2844,3,00000040,00001f17
2850,3,00000044,fdcf2023
2854,3,00000048,ff9ff06f
2862,3,00000040,00001f17
2868,3,00000044,fdcf2023
2872,3,00000048,ff9ff06f
2880,3,00000040,00001f17
2886,3,00000044,fdcf2023
2890,3,00000048,ff9ff06f
2898,3,00000040,00001f17
2904,3,00000044,fdcf2023
2908,3,00000048,ff9ff06f
2916,3,00000040,00001f17
2922,3,00000044,fdcf2023
2926,3,00000048,ff9ff06f
2934,3,00000040,00001f17
2940,3,00000044,fdcf2023
2944,3,00000048,ff9ff06f
2952,3,00000040,00001f17
2958,3,00000044,fdcf2023
2962,3,00000048,ff9ff06f
2970,3,00000040,00001f17
2976,3,00000044,fdcf2023
2980,3,00000048,ff9ff06f
2988,3,00000040,00001f17
2994,3,00000044,fdcf2023
2998,3,00000048,ff9ff06f
3006,3,00000040,00001f17
3012,3,00000044,fdcf2023
3016,3,00000048,ff9ff06f
3024,3,00000040,00001f17
3030,3,00000044,fdcf2023
3034,3,00000048,ff9ff06f
3042,3,00000040,00001f17
3048,3,00000044,fdcf2023
3052,3,00000048,ff9ff06f
3060,3,00000040,00001f17
3066,3,00000044,fdcf2023
3070,3,00000048,ff9ff06f
3078,3,00000040,00001f17
3084,3,00000044,fdcf2023
3088,3,00000048,ff9ff06f
3096,3,00000040,00001f17
3102,3,00000044,fdcf2023
3106,3,00000048,ff9ff06f
3114,3,00000040,00001f17
3120,3,00000044,fdcf2023
3124,3,00000048,ff9ff06f
3132,3,00000040,00001f17
3138,3,00000044,fdcf2023
3142,3,00000048,ff9ff06f
3150,3,00000040,00001f17
3156,3,00000044,fdcf2023
3160,3,00000048,ff9ff06f
3168,3,00000040,00001f17
3174,3,00000044,fdcf2023
3178,3,00000048,ff9ff06f
3186,3,00000040,00001f17
3192,3,00000044,fdcf2023
3196,3,00000048,ff9ff06f
3204,3,00000040,00001f17
3210,3,00000044,fdcf2023
3214,3,00000048,ff9ff06f
3222,3,00000040,00001f17
3228,3,00000044,fdcf2023
3232,3,00000048,ff9ff06f
3240,3,00000040,00001f17
3246,3,00000044,fdcf2023
3250,3,00000048,ff9ff06f
3258,3,00000040,00001f17
3264,3,00000044,fdcf2023
3268,3,00000048,ff9ff06f
3276,3,00000040,00001f17
3282,3,00000044,fdcf2023
3286,3,00000048,ff9ff06f
3294,3,00000040,00001f17
3300,3,00000044,fdcf2023
3304,3,00000048,ff9ff06f
3312,3,00000040,00001f17
3318,3,00000044,fdcf2023
3322,3,00000048,ff9ff06f
3330,3,00000040,00001f17
3336,3,00000044,fdcf2023
3340,3,00000048,ff9ff06f
3348,3,00000040,00001f17
3354,3,00000044,fdcf2023
3358,3,00000048,ff9ff06f
3366,3,00000040,00001f17
3372,3,00000044,fdcf2023
3376,3,00000048,ff9ff06f
3384,3,00000040,00001f17
3390,3,00000044,fdcf2023
3394,3,00000048,ff9ff06f
3402,3,00000040,00001f17
3408,3,00000044,fdcf2023
3412,3,00000048,ff9ff06f
3420,3,00000040,00001f17
3426,3,00000044,fdcf2023
3430,3,00000048,ff9ff06f
3438,3,00000040,00001f17
3444,3,00000044,fdcf2023
3448,3,00000048,ff9ff06f
3456,3,00000040,00001f17
3462,3,00000044,fdcf2023
3466,3,00000048,ff9ff06f
3474,3,00000040,00001f17
3480,3,00000044,fdcf2023
3484,3,00000048,ff9ff06f
3492,3,00000040,00001f17
3498,3,00000044,fdcf2023
3502,3,00000048,ff9ff06f
3510,3,00000040,00001f17
3516,3,00000044,fdcf2023
3520,3,00000048,ff9ff06f
3528,3,00000040,00001f17
3534,3,00000044,fdcf2023
3538,3,00000048,ff9ff06f
3546,3,00000040,00001f17
3552,3,00000044,fdcf2023
3556,3,00000048,ff9ff06f
3564,3,00000040,00001f17
3570,3,00000044,fdcf2023
3574,3,00000048,ff9ff06f
3582,3,00000040,00001f17
3588,3,00000044,fdcf2023
3592,3,00000048,ff9ff06f
3600,3,00000040,00001f17
3606,3,00000044,fdcf2023
3610,3,00000048,ff9ff06f
3618,3,00000040,00001f17
3624,3,00000044,fdcf2023
3628,3,00000048,ff9ff06f
3636,3,00000040,00001f17
3642,3,00000044,fdcf2023
3646,3,00000048,ff9ff06f
3654,3,00000040,00001f17
3660,3,00000044,fdcf2023
3664,3,00000048,ff9ff06f
3672,3,00000040,00001f17
3678,3,00000044,fdcf2023
3682,3,00000048,ff9ff06f
3690,3,00000040,00001f17
3696,3,00000044,fdcf2023
3700,3,00000048,ff9ff06f
3708,3,00000040,00001f17
3714,3,00000044,fdcf2023
3718,3,00000048,ff9ff06f
3726,3,00000040,00001f17
3732,3,00000044,fdcf2023
3736,3,00000048,ff9ff06f
3744,3,00000040,00001f17
3750,3,00000044,fdcf2023
3754,3,00000048,ff9ff06f
3762,3,00000040,00001f17
3768,3,00000044,fdcf2023
3772,3,00000048,ff9ff06f
3780,3,00000040,00001f17
3786,3,00000044,fdcf2023
3790,3,00000048,ff9ff06f
3798,3,00000040,00001f17
3804,3,00000044,fdcf2023
3808,3,00000048,ff9ff06f
3816,3,00000040,00001f17
3822,3,00000044,fdcf2023
3826,3,00000048,ff9ff06f
3834,3,00000040,00001f17
3840,3,00000044,fdcf2023
3844,3,00000048,ff9ff06f
3852,3,00000040,00001f17
3858,3,00000044,fdcf2023
3862,3,00000048,ff9ff06f
3870,3,00000040,00001f17
3876,3,00000044,fdcf2023
3880,3,00000048,ff9ff06f
3888,3,00000040,00001f17
3894,3,00000044,fdcf2023
3898,3,00000048,ff9ff06f
