44,3,00000000,04c0006f
52,3,0000004c,f1402573
56,3,00000050,00051063
60,3,00000054,00000297
64,3,00000058,01028293
68,3,0000005c,30529073
80,3,00000064,00000297
84,3,00000068,01c28293
88,3,0000006c,30529073
92,3,00000070,fff00293
104,3,00000080,00000297
108,3,00000084,01828293
112,3,00000088,30529073
116,3,0000008c,30205073
120,3,00000090,30305073
124,3,00000094,30405073
128,3,00000098,00000193
132,3,0000009c,00000297
136,3,000000a0,f6828293
140,3,000000a4,30529073
144,3,000000a8,00100513
148,3,000000ac,01f51513
152,3,000000b0,00054863
160,3,000000c0,00000297
164,3,000000c4,f4028293
168,3,000000c8,00028e63
176,3,000000e4,30005073
180,3,000000e8,00000297
184,3,000000ec,01428293
188,3,000000f0,34129073
192,3,000000f4,f1402573
196,3,000000f8,30200073
204,3,000000fc,00002097
208,3,00000100,f0408093
214,3,00000104,0000af03
218,3,00000108,00ff0eb7
222,3,0000010c,0ffe8e93
226,3,00000110,00200193
230,3,00000114,27df1a63
234,3,00000118,00002097
238,3,0000011c,ee808093
244,3,00000120,0040af03
248,3,00000124,ff010eb7
252,3,00000128,f00e8e93
256,3,0000012c,00300193
260,3,00000130,25df1c63
264,3,00000134,00002097
268,3,00000138,ecc08093
274,3,0000013c,0080af03
278,3,00000140,0ff01eb7
282,3,00000144,ff0e8e93
286,3,00000148,00400193
290,3,0000014c,23df1e63
294,3,00000150,00002097
298,3,00000154,eb008093
304,3,00000158,00c0af03
308,3,0000015c,f00ffeb7
312,3,00000160,00fe8e93
316,3,00000164,00500193
320,3,00000168,23df1063
324,3,0000016c,00002097
328,3,00000170,ea008093
334,3,00000174,ff40af03
338,3,00000178,00ff0eb7
342,3,0000017c,0ffe8e93
346,3,00000180,00600193
350,3,00000184,21df1263
354,3,00000188,00002097
358,3,0000018c,e8408093
364,3,00000190,ff80af03
368,3,00000194,ff010eb7
372,3,00000198,f00e8e93
376,3,0000019c,00700193
380,3,000001a0,1fdf1463
384,3,000001a4,00002097
388,3,000001a8,e6808093
394,3,000001ac,ffc0af03
398,3,000001b0,0ff01eb7
402,3,000001b4,ff0e8e93
406,3,000001b8,00800193
410,3,000001bc,1ddf1663
414,3,000001c0,00002097
418,3,000001c4,e4c08093
424,3,000001c8,0000af03
428,3,000001cc,f00ffeb7
432,3,000001d0,00fe8e93
436,3,000001d4,00900193
440,3,000001d8,1bdf1863
444,3,000001dc,00002097
448,3,000001e0,e2408093
452,3,000001e4,fe008093
458,3,000001e8,0200a283
462,3,000001ec,00ff0eb7
466,3,000001f0,0ffe8e93
470,3,000001f4,00a00193
474,3,000001f8,19d29863
478,3,000001fc,00002097
482,3,00000200,e0408093
486,3,00000204,ffd08093
492,3,00000208,0070a283
496,3,0000020c,ff010eb7
500,3,00000210,f00e8e93
504,3,00000214,00b00193
508,3,00000218,17d29863
512,3,0000021c,00c00193
516,3,00000220,00000213
520,3,00000224,00002097
524,3,00000228,de008093
530,3,0000022c,0040af03
534,3,00000230,000f0313
538,3,00000234,0ff01eb7
542,3,00000238,ff0e8e93
546,3,0000023c,15d31663
550,3,00000240,00120213
554,3,00000244,00200293
558,3,00000248,fc521ee3
566,3,00000224,00002097
570,3,00000228,de008093
576,3,0000022c,0040af03
580,3,00000230,000f0313
584,3,00000234,0ff01eb7
588,3,00000238,ff0e8e93
592,3,0000023c,15d31663
596,3,00000240,00120213
600,3,00000244,00200293
604,3,00000248,fc521ee3
608,3,0000024c,00d00193
612,3,00000250,00000213
616,3,00000254,00002097
620,3,00000258,db408093
626,3,0000025c,0040af03
630,3,00000260,00000013
634,3,00000264,000f0313
638,3,00000268,f00ffeb7
642,3,0000026c,00fe8e93
646,3,00000270,11d31c63
650,3,00000274,00120213
654,3,00000278,00200293
658,3,0000027c,fc521ce3
666,3,00000254,00002097
670,3,00000258,db408093
676,3,0000025c,0040af03
680,3,00000260,00000013
684,3,00000264,000f0313
688,3,00000268,f00ffeb7
692,3,0000026c,00fe8e93
696,3,00000270,11d31c63
700,3,00000274,00120213
704,3,00000278,00200293
708,3,0000027c,fc521ce3
712,3,00000280,00e00193
716,3,00000284,00000213
720,3,00000288,00002097
724,3,0000028c,d7808093
730,3,00000290,0040af03
734,3,00000294,00000013
738,3,00000298,00000013
742,3,0000029c,000f0313
746,3,000002a0,ff010eb7
750,3,000002a4,f00e8e93
754,3,000002a8,0fd31063
758,3,000002ac,00120213
762,3,000002b0,00200293
766,3,000002b4,fc521ae3
774,3,00000288,00002097
778,3,0000028c,d7808093
784,3,00000290,0040af03
788,3,00000294,00000013
792,3,00000298,00000013
796,3,0000029c,000f0313
800,3,000002a0,ff010eb7
804,3,000002a4,f00e8e93
808,3,000002a8,0fd31063
812,3,000002ac,00120213
816,3,000002b0,00200293
820,3,000002b4,fc521ae3
824,3,000002b8,00f00193
828,3,000002bc,00000213
832,3,000002c0,00002097
836,3,000002c4,d4408093
842,3,000002c8,0040af03
846,3,000002cc,0ff01eb7
850,3,000002d0,ff0e8e93
854,3,000002d4,0bdf1a63
858,3,000002d8,00120213
862,3,000002dc,00200293
866,3,000002e0,fe5210e3
874,3,000002c0,00002097
878,3,000002c4,d4408093
884,3,000002c8,0040af03
888,3,000002cc,0ff01eb7
892,3,000002d0,ff0e8e93
896,3,000002d4,0bdf1a63
900,3,000002d8,00120213
904,3,000002dc,00200293
908,3,000002e0,fe5210e3
912,3,000002e4,01000193
916,3,000002e8,00000213
920,3,000002ec,00002097
924,3,000002f0,d1c08093
928,3,000002f4,00000013
934,3,000002f8,0040af03
938,3,000002fc,f00ffeb7
942,3,00000300,00fe8e93
946,3,00000304,09df1263
950,3,00000308,00120213
954,3,0000030c,00200293
958,3,00000310,fc521ee3
966,3,000002ec,00002097
970,3,000002f0,d1c08093
974,3,000002f4,00000013
980,3,000002f8,0040af03
984,3,000002fc,f00ffeb7
988,3,00000300,00fe8e93
992,3,00000304,09df1263
996,3,00000308,00120213
1000,3,0000030c,00200293
1004,3,00000310,fc521ee3
1008,3,00000314,01100193
1012,3,00000318,00000213
1016,3,0000031c,00002097
1020,3,00000320,ce408093
1024,3,00000324,00000013
1028,3,00000328,00000013
1034,3,0000032c,0040af03
1038,3,00000330,ff010eb7
1042,3,00000334,f00e8e93
1046,3,00000338,05df1863
1050,3,0000033c,00120213
1054,3,00000340,00200293
1058,3,00000344,fc521ce3
1066,3,0000031c,00002097
1070,3,00000320,ce408093
1074,3,00000324,00000013
1078,3,00000328,00000013
1084,3,0000032c,0040af03
1088,3,00000330,ff010eb7
1092,3,00000334,f00e8e93
1096,3,00000338,05df1863
1100,3,0000033c,00120213
1104,3,00000340,00200293
1108,3,00000344,fc521ce3
1112,3,00000348,00002297
1116,3,0000034c,cb828293
1122,3,00000350,0002a103
1126,3,00000354,00200113
1130,3,00000358,00200e93
1134,3,0000035c,01200193
1138,3,00000360,03d11463
1142,3,00000364,00002297
1146,3,00000368,c9c28293
1152,3,0000036c,0002a103
1156,3,00000370,00000013
1160,3,00000374,00200113
1164,3,00000378,00200e93
1168,3,0000037c,01300193
1172,3,00000380,01d11463
1176,3,00000384,00301c63
1184,3,0000039c,0ff0000f
1188,3,000003a0,00100193
1192,3,000003a4,00000073
1200,3,00000004,34202f73
1204,3,00000008,00800f93
1208,3,0000000c,03ff0a63
1212,3,00000010,00900f93
1216,3,00000014,03ff0663
1220,3,00000018,00b00f93
1224,3,0000001c,03ff0263
1232,3,00000040,00001f17
1238,3,00000044,fc3f2023
1242,3,00000048,ff9ff06f
1250,3,00000040,00001f17
1256,3,00000044,fc3f2023
1260,3,00000048,ff9ff06f
1268,3,00000040,00001f17
1274,3,00000044,fc3f2023
1278,3,00000048,ff9ff06f
1286,3,00000040,00001f17
1292,3,00000044,fc3f2023
1296,3,00000048,ff9ff06f
1304,3,00000040,00001f17
1310,3,00000044,fc3f2023
1314,3,00000048,ff9ff06f
1322,3,00000040,00001f17
1328,3,00000044,fc3f2023
1332,3,00000048,ff9ff06f
1340,3,00000040,00001f17
1346,3,00000044,fc3f2023
1350,3,00000048,ff9ff06f
1358,3,00000040,00001f17
1364,3,00000044,fc3f2023
1368,3,00000048,ff9ff06f
1376,3,00000040,00001f17
1382,3,00000044,fc3f2023
1386,3,00000048,ff9ff06f
1394,3,00000040,00001f17
1400,3,00000044,fc3f2023
1404,3,00000048,ff9ff06f
1412,3,00000040,00001f17
1418,3,00000044,fc3f2023
1422,3,00000048,ff9ff06f
1430,3,00000040,00001f17
1436,3,00000044,fc3f2023
1440,3,00000048,ff9ff06f
1448,3,00000040,00001f17
1454,3,00000044,fc3f2023
1458,3,00000048,ff9ff06f
1466,3,00000040,00001f17
1472,3,00000044,fc3f2023
1476,3,00000048,ff9ff06f
1484,3,00000040,00001f17
1490,3,00000044,fc3f2023
1494,3,00000048,ff9ff06f
1502,3,00000040,00001f17
1508,3,00000044,fc3f2023
1512,3,00000048,ff9ff06f
1520,3,00000040,00001f17
1526,3,00000044,fc3f2023
1530,3,00000048,ff9ff06f
1538,3,00000040,00001f17
1544,3,00000044,fc3f2023
1548,3,00000048,ff9ff06f
1556,3,00000040,00001f17
1562,3,00000044,fc3f2023
1566,3,00000048,ff9ff06f
1574,3,00000040,00001f17
1580,3,00000044,fc3f2023
1584,3,00000048,ff9ff06f
1592,3,00000040,00001f17
1598,3,00000044,fc3f2023
1602,3,00000048,ff9ff06f
1610,3,00000040,00001f17
1616,3,00000044,fc3f2023
1620,3,00000048,ff9ff06f
1628,3,00000040,00001f17
1634,3,00000044,fc3f2023
1638,3,00000048,ff9ff06f
1646,3,00000040,00001f17
1652,3,00000044,fc3f2023
1656,3,00000048,ff9ff06f
1664,3,00000040,00001f17
1670,3,00000044,fc3f2023
1674,3,00000048,ff9ff06f
1682,3,00000040,00001f17
1688,3,00000044,fc3f2023
1692,3,00000048,ff9ff06f
1700,3,00000040,00001f17
1706,3,00000044,fc3f2023
1710,3,00000048,ff9ff06f
1718,3,00000040,00001f17
1724,3,00000044,fc3f2023
1728,3,00000048,ff9ff06f
1736,3,00000040,00001f17
1742,3,00000044,fc3f2023
1746,3,00000048,ff9ff06f
1754,3,00000040,00001f17
1760,3,00000044,fc3f2023
1764,3,00000048,ff9ff06f
1772,3,00000040,00001f17
1778,3,00000044,fc3f2023
1782,3,00000048,ff9ff06f
1790,3,00000040,00001f17
1796,3,00000044,fc3f2023
1800,3,00000048,ff9ff06f
1808,3,00000040,00001f17
1814,3,00000044,fc3f2023
1818,3,00000048,ff9ff06f
1826,3,00000040,00001f17
1832,3,00000044,fc3f2023
1836,3,00000048,ff9ff06f
1844,3,00000040,00001f17
1850,3,00000044,fc3f2023
1854,3,00000048,ff9ff06f
1862,3,00000040,00001f17
1868,3,00000044,fc3f2023
1872,3,00000048,ff9ff06f
1880,3,00000040,00001f17
1886,3,00000044,fc3f2023
1890,3,00000048,ff9ff06f
1898,3,00000040,00001f17
1904,3,00000044,fc3f2023
1908,3,00000048,ff9ff06f
1916,3,00000040,00001f17
1922,3,00000044,fc3f2023
1926,3,00000048,ff9ff06f
1934,3,00000040,00001f17
1940,3,00000044,fc3f2023
1944,3,00000048,ff9ff06f
1952,3,00000040,00001f17
1958,3,00000044,fc3f2023
1962,3,00000048,ff9ff06f
1970,3,00000040,00001f17
1976,3,00000044,fc3f2023
1980,3,00000048,ff9ff06f
1988,3,00000040,00001f17
1994,3,00000044,fc3f2023
1998,3,00000048,ff9ff06f
2006,3,00000040,00001f17
2012,3,00000044,fc3f2023
2016,3,00000048,ff9ff06f
2024,3,00000040,00001f17
2030,3,00000044,fc3f2023
2034,3,00000048,ff9ff06f
2042,3,00000040,00001f17
2048,3,00000044,fc3f2023
2052,3,00000048,ff9ff06f
2060,3,00000040,00001f17
2066,3,00000044,fc3f2023
2070,3,00000048,ff9ff06f
2078,3,00000040,00001f17
2084,3,00000044,fc3f2023
2088,3,00000048,ff9ff06f
2096,3,00000040,00001f17
2102,3,00000044,fc3f2023
2106,3,00000048,ff9ff06f
2114,3,00000040,00001f17
2120,3,00000044,fc3f2023
2124,3,00000048,ff9ff06f
2132,3,00000040,00001f17
2138,3,00000044,fc3f2023
2142,3,00000048,ff9ff06f
2150,3,00000040,00001f17
2156,3,00000044,fc3f2023
2160,3,00000048,ff9ff06f
2168,3,00000040,00001f17
2174,3,00000044,fc3f2023
2178,3,00000048,ff9ff06f
2186,3,00000040,00001f17
2192,3,00000044,fc3f2023
2196,3,00000048,ff9ff06f
2204,3,00000040,00001f17
2210,3,00000044,fc3f2023
2214,3,00000048,ff9ff06f
2222,3,00000040,00001f17
2228,3,00000044,fc3f2023
2232,3,00000048,ff9ff06f
2240,3,00000040,00001f17
2246,3,00000044,fc3f2023
2250,3,00000048,ff9ff06f
2258,3,00000040,00001f17
2264,3,00000044,fc3f2023
2268,3,00000048,ff9ff06f
2276,3,00000040,00001f17
2282,3,00000044,fc3f2023
2286,3,00000048,ff9ff06f
2294,3,00000040,00001f17
2300,3,00000044,fc3f2023
2304,3,00000048,ff9ff06f
2312,3,00000040,00001f17
2318,3,00000044,fc3f2023
2322,3,00000048,ff9ff06f
2330,3,00000040,00001f17
2336,3,00000044,fc3f2023
2340,3,00000048,ff9ff06f
2348,3,00000040,00001f17
2354,3,00000044,fc3f2023
2358,3,00000048,ff9ff06f
2366,3,00000040,00001f17
2372,3,00000044,fc3f2023
2376,3,00000048,ff9ff06f
2384,3,00000040,00001f17
2390,3,00000044,fc3f2023
2394,3,00000048,ff9ff06f
2402,3,00000040,00001f17
2408,3,00000044,fc3f2023
2412,3,00000048,ff9ff06f
2420,3,00000040,00001f17
2426,3,00000044,fc3f2023
2430,3,00000048,ff9ff06f
2438,3,00000040,00001f17
2444,3,00000044,fc3f2023
2448,3,00000048,ff9ff06f
2456,3,00000040,00001f17
2462,3,00000044,fc3f2023
2466,3,00000048,ff9ff06f
2474,3,00000040,00001f17
2480,3,00000044,fc3f2023
2484,3,00000048,ff9ff06f
2492,3,00000040,00001f17
2498,3,00000044,fc3f2023
2502,3,00000048,ff9ff06f
2510,3,00000040,00001f17
2516,3,00000044,fc3f2023
2520,3,00000048,ff9ff06f
2528,3,00000040,00001f17
2534,3,00000044,fc3f2023
2538,3,00000048,ff9ff06f
2546,3,00000040,00001f17
2552,3,00000044,fc3f2023
2556,3,00000048,ff9ff06f
2564,3,00000040,00001f17
2570,3,00000044,fc3f2023
2574,3,00000048,ff9ff06f
2582,3,00000040,00001f17
2588,3,00000044,fc3f2023
2592,3,00000048,ff9ff06f
2600,3,00000040,00001f17
2606,3,00000044,fc3f2023
2610,3,00000048,ff9ff06f
2618,3,00000040,00001f17
2624,3,00000044,fc3f2023
2628,3,00000048,ff9ff06f
2636,3,00000040,00001f17
2642,3,00000044,fc3f2023
2646,3,00000048,ff9ff06f
2654,3,00000040,00001f17
2660,3,00000044,fc3f2023
2664,3,00000048,ff9ff06f
2672,3,00000040,00001f17
2678,3,00000044,fc3f2023
2682,3,00000048,ff9ff06f
2690,3,00000040,00001f17
2696,3,00000044,fc3f2023
2700,3,00000048,ff9ff06f
2708,3,00000040,00001f17
2714,3,00000044,fc3f2023
2718,3,00000048,ff9ff06f
2726,3,00000040,00001f17
2732,3,00000044,fc3f2023
2736,3,00000048,ff9ff06f
2744,3,00000040,00001f17
2750,3,00000044,fc3f2023
2754,3,00000048,ff9ff06f
2762,3,00000040,00001f17
2768,3,00000044,fc3f2023
2772,3,00000048,ff9ff06f
2780,3,00000040,00001f17
2786,3,00000044,fc3f2023
2790,3,00000048,ff9ff06f
2798,3,00000040,00001f17
2804,3,00000044,fc3f2023
2808,3,00000048,ff9ff06f
2816,3,00000040,00001f17
2822,3,00000044,fc3f2023
2826,3,00000048,ff9ff06f
2834,3,00000040,00001f17
2840,3,00000044,fc3f2023
2844,3,00000048,ff9ff06f
2852,3,00000040,00001f17
2858,3,00000044,fc3f2023
2862,3,00000048,ff9ff06f
2870,3,00000040,00001f17
2876,3,00000044,fc3f2023
2880,3,00000048,ff9ff06f
2888,3,00000040,00001f17
2894,3,00000044,fc3f2023
2898,3,00000048,ff9ff06f
2906,3,00000040,00001f17
2912,3,00000044,fc3f2023
2916,3,00000048,ff9ff06f
2924,3,00000040,00001f17
2930,3,00000044,fc3f2023
2934,3,00000048,ff9ff06f
2942,3,00000040,00001f17
2948,3,00000044,fc3f2023
2952,3,00000048,ff9ff06f
2960,3,00000040,00001f17
2966,3,00000044,fc3f2023
2970,3,00000048,ff9ff06f
2978,3,00000040,00001f17
2984,3,00000044,fc3f2023
2988,3,00000048,ff9ff06f
2996,3,00000040,00001f17
