418,3,00000000,00000000
534,3,00000000,04c0006f
538,3,0000004c,f1402573
540,3,00000050,00051063
542,3,00000054,00000297
544,3,00000058,01028293
546,3,0000005c,30529073
548,3,00000060,18005073
550,3,00000064,00000297
552,3,00000068,01c28293
554,3,0000006c,30529073
556,3,00000070,fff00293
558,3,00000074,3b029073
560,3,00000078,01f00293
562,3,0000007c,3a029073
564,3,00000080,00000297
566,3,00000084,01828293
568,3,00000088,30529073
570,3,0000008c,30205073
572,3,00000090,30305073
574,3,00000094,30405073
576,3,00000098,00000193
578,3,0000009c,00000297
580,3,000000a0,f6828293
582,3,000000a4,30529073
584,3,000000a8,00100513
586,3,000000ac,01f51513
588,3,000000b0,00054863
596,3,000000c0,00000297
598,3,000000c4,f4028293
600,3,000000c8,00028e63
608,3,000000e4,30005073
610,3,000000e8,00000297
612,3,000000ec,01428293
614,3,000000f0,34129073
616,3,000000f4,f1402573
618,3,000000f8,30200073
626,3,000000fc,00200193
628,3,00000100,00000093
630,3,00000104,00100113
632,3,00000108,00209663
640,3,00000114,fe209ee3
644,3,00000110,00301663
652,3,0000011c,00300193
654,3,00000120,00100093
656,3,00000124,00000113
658,3,00000128,00209663
666,3,00000134,fe209ee3
670,3,00000130,00301663
678,3,0000013c,00400193
680,3,00000140,fff00093
682,3,00000144,00100113
684,3,00000148,00209663
692,3,00000154,fe209ee3
696,3,00000150,00301663
704,3,0000015c,00500193
706,3,00000160,00100093
708,3,00000164,fff00113
710,3,00000168,00209663
718,3,00000174,fe209ee3
722,3,00000170,00301663
730,3,0000017c,00600193
732,3,00000180,00000093
734,3,00000184,00000113
736,3,00000188,00209463
738,3,0000018c,00301463
746,3,00000194,fe209ee3
754,3,00000198,00700193
756,3,0000019c,00100093
758,3,000001a0,00100113
760,3,000001a4,00209463
762,3,000001a8,00301463
770,3,000001b0,fe209ee3
778,3,000001b4,00800193
780,3,000001b8,fff00093
782,3,000001bc,fff00113
784,3,000001c0,00209463
786,3,000001c4,00301463
794,3,000001cc,fe209ee3
802,3,000001d0,00900193
804,3,000001d4,00000213
806,3,000001d8,00000093
808,3,000001dc,00000113
810,3,000001e0,1e209063
812,3,000001e4,00120213
814,3,000001e8,00200293
816,3,000001ec,fe5216e3
820,3,000001d8,00000093
822,3,000001dc,00000113
824,3,000001e0,1e209063
826,3,000001e4,00120213
828,3,000001e8,00200293
830,3,000001ec,fe5216e3
838,3,000001f0,00a00193
840,3,000001f4,00000213
842,3,000001f8,00000093
844,3,000001fc,00000113
846,3,00000200,00000013
848,3,00000204,1a209e63
850,3,00000208,00120213
852,3,0000020c,00200293
854,3,00000210,fe5214e3
858,3,000001f8,00000093
860,3,000001fc,00000113
862,3,00000200,00000013
864,3,00000204,1a209e63
866,3,00000208,00120213
868,3,0000020c,00200293
870,3,00000210,fe5214e3
878,3,00000214,00b00193
880,3,00000218,00000213
882,3,0000021c,00000093
884,3,00000220,00000113
886,3,00000224,00000013
888,3,00000228,00000013
890,3,0000022c,18209a63
892,3,00000230,00120213
894,3,00000234,00200293
896,3,00000238,fe5212e3
900,3,0000021c,00000093
902,3,00000220,00000113
904,3,00000224,00000013
906,3,00000228,00000013
908,3,0000022c,18209a63
910,3,00000230,00120213
912,3,00000234,00200293
914,3,00000238,fe5212e3
922,3,0000023c,00c00193
924,3,00000240,00000213
926,3,00000244,00000093
928,3,00000248,00000013
930,3,0000024c,00000113
932,3,00000250,16209863
934,3,00000254,00120213
936,3,00000258,00200293
938,3,0000025c,fe5214e3
942,3,00000244,00000093
944,3,00000248,00000013
946,3,0000024c,00000113
948,3,00000250,16209863
950,3,00000254,00120213
952,3,00000258,00200293
954,3,0000025c,fe5214e3
962,3,00000260,00d00193
964,3,00000264,00000213
966,3,00000268,00000093
968,3,0000026c,00000013
970,3,00000270,00000113
972,3,00000274,00000013
974,3,00000278,14209463
976,3,0000027c,00120213
978,3,00000280,00200293
980,3,00000284,fe5212e3
984,3,00000268,00000093
986,3,0000026c,00000013
988,3,00000270,00000113
990,3,00000274,00000013
992,3,00000278,14209463
994,3,0000027c,00120213
996,3,00000280,00200293
998,3,00000284,fe5212e3
1006,3,00000288,00e00193
1008,3,0000028c,00000213
1010,3,00000290,00000093
1012,3,00000294,00000013
1014,3,00000298,00000013
1016,3,0000029c,00000113
1018,3,000002a0,12209063
1020,3,000002a4,00120213
1022,3,000002a8,00200293
1024,3,000002ac,fe5212e3
1028,3,00000290,00000093
1030,3,00000294,00000013
1032,3,00000298,00000013
1034,3,0000029c,00000113
1036,3,000002a0,12209063
1038,3,000002a4,00120213
1040,3,000002a8,00200293
1042,3,000002ac,fe5212e3
1050,3,000002b0,00f00193
1052,3,000002b4,00000213
1054,3,000002b8,00000093
1056,3,000002bc,00000113
1058,3,000002c0,10209063
1060,3,000002c4,00120213
1062,3,000002c8,00200293
1064,3,000002cc,fe5216e3
1068,3,000002b8,00000093
1070,3,000002bc,00000113
1072,3,000002c0,10209063
1074,3,000002c4,00120213
1076,3,000002c8,00200293
1078,3,000002cc,fe5216e3
1086,3,000002d0,01000193
1088,3,000002d4,00000213
1090,3,000002d8,00000093
1092,3,000002dc,00000113
1094,3,000002e0,00000013
1096,3,000002e4,0c209e63
1098,3,000002e8,00120213
1100,3,000002ec,00200293
1102,3,000002f0,fe5214e3
1106,3,000002d8,00000093
1108,3,000002dc,00000113
1110,3,000002e0,00000013
1112,3,000002e4,0c209e63
1114,3,000002e8,00120213
1116,3,000002ec,00200293
1118,3,000002f0,fe5214e3
1126,3,000002f4,01100193
1128,3,000002f8,00000213
1130,3,000002fc,00000093
1132,3,00000300,00000113
1134,3,00000304,00000013
1136,3,00000308,00000013
1138,3,0000030c,0a209a63
1140,3,00000310,00120213
1142,3,00000314,00200293
1144,3,00000318,fe5212e3
1148,3,000002fc,00000093
1150,3,00000300,00000113
1152,3,00000304,00000013
1154,3,00000308,00000013
1156,3,0000030c,0a209a63
1158,3,00000310,00120213
1160,3,00000314,00200293
1162,3,00000318,fe5212e3
1170,3,0000031c,01200193
1172,3,00000320,00000213
1174,3,00000324,00000093
1176,3,00000328,00000013
1178,3,0000032c,00000113
1180,3,00000330,08209863
1182,3,00000334,00120213
1184,3,00000338,00200293
1186,3,0000033c,fe5214e3
1190,3,00000324,00000093
1192,3,00000328,00000013
1194,3,0000032c,00000113
1196,3,00000330,08209863
1198,3,00000334,00120213
1200,3,00000338,00200293
1202,3,0000033c,fe5214e3
1210,3,00000340,01300193
1212,3,00000344,00000213
1214,3,00000348,00000093
1216,3,0000034c,00000013
1218,3,00000350,00000113
1220,3,00000354,00000013
1222,3,00000358,06209463
1224,3,0000035c,00120213
1226,3,00000360,00200293
1228,3,00000364,fe5212e3
1232,3,00000348,00000093
1234,3,0000034c,00000013
1236,3,00000350,00000113
1238,3,00000354,00000013
1240,3,00000358,06209463
1242,3,0000035c,00120213
1244,3,00000360,00200293
1246,3,00000364,fe5212e3
1254,3,00000368,01400193
1256,3,0000036c,00000213
1258,3,00000370,00000093
1260,3,00000374,00000013
1262,3,00000378,00000013
1264,3,0000037c,00000113
1266,3,00000380,04209063
1268,3,00000384,00120213
1270,3,00000388,00200293
1272,3,0000038c,fe5212e3
1276,3,00000370,00000093
1278,3,00000374,00000013
1280,3,00000378,00000013
1282,3,0000037c,00000113
1284,3,00000380,04209063
1286,3,00000384,00120213
1288,3,00000388,00200293
1290,3,0000038c,fe5212e3
1298,3,00000390,00100093
1300,3,00000394,00009a63
1308,3,000003a8,00108093
1310,3,000003ac,00108093
1312,3,000003b0,00300e93
1314,3,000003b4,01500193
1316,3,000003b8,01d09463
1318,3,000003bc,00301c63
1326,3,000003d4,0ff0000f
1328,3,000003d8,00100193
1330,3,000003dc,00000073
1338,3,00000004,34202f73
1340,3,00000008,00800f93
1342,3,0000000c,03ff0a63
1344,3,00000010,00900f93
1346,3,00000014,03ff0663
1348,3,00000018,00b00f93
1350,3,0000001c,03ff0263
1358,3,00000040,00001f17
1360,3,00000044,fc3f2023
1362,3,00000048,ff9ff06f
1368,3,00000040,00001f17
1370,3,00000044,fc3f2023
1372,3,00000048,ff9ff06f
1378,3,00000040,00001f17
1380,3,00000044,fc3f2023
1382,3,00000048,ff9ff06f
1388,3,00000040,00001f17
1390,3,00000044,fc3f2023
1392,3,00000048,ff9ff06f
1398,3,00000040,00001f17
1400,3,00000044,fc3f2023
1402,3,00000048,ff9ff06f
1408,3,00000040,00001f17
1410,3,00000044,fc3f2023
1412,3,00000048,ff9ff06f
1418,3,00000040,00001f17
1420,3,00000044,fc3f2023
1422,3,00000048,ff9ff06f
1428,3,00000040,00001f17
1430,3,00000044,fc3f2023
1432,3,00000048,ff9ff06f
1438,3,00000040,00001f17
1440,3,00000044,fc3f2023
1442,3,00000048,ff9ff06f
1448,3,00000040,00001f17
1450,3,00000044,fc3f2023
1452,3,00000048,ff9ff06f
1458,3,00000040,00001f17
1460,3,00000044,fc3f2023
1462,3,00000048,ff9ff06f
1468,3,00000040,00001f17
1470,3,00000044,fc3f2023
1472,3,00000048,ff9ff06f
1478,3,00000040,00001f17
1480,3,00000044,fc3f2023
1482,3,00000048,ff9ff06f
1488,3,00000040,00001f17
1490,3,00000044,fc3f2023
1492,3,00000048,ff9ff06f
1498,3,00000040,00001f17
1500,3,00000044,fc3f2023
1502,3,00000048,ff9ff06f
1508,3,00000040,00001f17
1510,3,00000044,fc3f2023
1512,3,00000048,ff9ff06f
1518,3,00000040,00001f17
1520,3,00000044,fc3f2023
1522,3,00000048,ff9ff06f
1528,3,00000040,00001f17
1530,3,00000044,fc3f2023
1532,3,00000048,ff9ff06f
1538,3,00000040,00001f17
1540,3,00000044,fc3f2023
1542,3,00000048,ff9ff06f
1548,3,00000040,00001f17
1550,3,00000044,fc3f2023
1552,3,00000048,ff9ff06f
1558,3,00000040,00001f17
1560,3,00000044,fc3f2023
1562,3,00000048,ff9ff06f
1568,3,00000040,00001f17
1570,3,00000044,fc3f2023
1572,3,00000048,ff9ff06f
1578,3,00000040,00001f17
1580,3,00000044,fc3f2023
1582,3,00000048,ff9ff06f
1588,3,00000040,00001f17
1590,3,00000044,fc3f2023
1592,3,00000048,ff9ff06f
1598,3,00000040,00001f17
1600,3,00000044,fc3f2023
1602,3,00000048,ff9ff06f
1608,3,00000040,00001f17
1610,3,00000044,fc3f2023
1612,3,00000048,ff9ff06f
1618,3,00000040,00001f17
1620,3,00000044,fc3f2023
1622,3,00000048,ff9ff06f
1628,3,00000040,00001f17
1630,3,00000044,fc3f2023
1632,3,00000048,ff9ff06f
1638,3,00000040,00001f17
1640,3,00000044,fc3f2023
1642,3,00000048,ff9ff06f
1648,3,00000040,00001f17
1650,3,00000044,fc3f2023
1652,3,00000048,ff9ff06f
1658,3,00000040,00001f17
1660,3,00000044,fc3f2023
1662,3,00000048,ff9ff06f
1668,3,00000040,00001f17
1670,3,00000044,fc3f2023
1672,3,00000048,ff9ff06f
1678,3,00000040,00001f17
1680,3,00000044,fc3f2023
1682,3,00000048,ff9ff06f
1688,3,00000040,00001f17
1690,3,00000044,fc3f2023
1692,3,00000048,ff9ff06f
1698,3,00000040,00001f17
1700,3,00000044,fc3f2023
1702,3,00000048,ff9ff06f
1708,3,00000040,00001f17
1710,3,00000044,fc3f2023
1712,3,00000048,ff9ff06f
1718,3,00000040,00001f17
1720,3,00000044,fc3f2023
1722,3,00000048,ff9ff06f
1728,3,00000040,00001f17
1730,3,00000044,fc3f2023
1732,3,00000048,ff9ff06f
1738,3,00000040,00001f17
1740,3,00000044,fc3f2023
1742,3,00000048,ff9ff06f
1748,3,00000040,00001f17
1750,3,00000044,fc3f2023
1752,3,00000048,ff9ff06f
1758,3,00000040,00001f17
1760,3,00000044,fc3f2023
1762,3,00000048,ff9ff06f
1768,3,00000040,00001f17
1770,3,00000044,fc3f2023
1772,3,00000048,ff9ff06f
1778,3,00000040,00001f17
1780,3,00000044,fc3f2023
1782,3,00000048,ff9ff06f
1788,3,00000040,00001f17
1790,3,00000044,fc3f2023
1792,3,00000048,ff9ff06f
1798,3,00000040,00001f17
1800,3,00000044,fc3f2023
1802,3,00000048,ff9ff06f
1808,3,00000040,00001f17
1810,3,00000044,fc3f2023
1812,3,00000048,ff9ff06f
1818,3,00000040,00001f17
1820,3,00000044,fc3f2023
1822,3,00000048,ff9ff06f
1828,3,00000040,00001f17
1830,3,00000044,fc3f2023
1832,3,00000048,ff9ff06f
1838,3,00000040,00001f17
1840,3,00000044,fc3f2023
1842,3,00000048,ff9ff06f
1848,3,00000040,00001f17
1850,3,00000044,fc3f2023
1852,3,00000048,ff9ff06f
1858,3,00000040,00001f17
1860,3,00000044,fc3f2023
1862,3,00000048,ff9ff06f
1868,3,00000040,00001f17
1870,3,00000044,fc3f2023
1872,3,00000048,ff9ff06f
1878,3,00000040,00001f17
1880,3,00000044,fc3f2023
1882,3,00000048,ff9ff06f
1888,3,00000040,00001f17
1890,3,00000044,fc3f2023
1892,3,00000048,ff9ff06f
1898,3,00000040,00001f17
1900,3,00000044,fc3f2023
1902,3,00000048,ff9ff06f
1908,3,00000040,00001f17
1910,3,00000044,fc3f2023
1912,3,00000048,ff9ff06f
1918,3,00000040,00001f17
1920,3,00000044,fc3f2023
1922,3,00000048,ff9ff06f
1928,3,00000040,00001f17
1930,3,00000044,fc3f2023
1932,3,00000048,ff9ff06f
1938,3,00000040,00001f17
1940,3,00000044,fc3f2023
1942,3,00000048,ff9ff06f
1948,3,00000040,00001f17
1950,3,00000044,fc3f2023
1952,3,00000048,ff9ff06f
1958,3,00000040,00001f17
1960,3,00000044,fc3f2023
1962,3,00000048,ff9ff06f
1968,3,00000040,00001f17
1970,3,00000044,fc3f2023
1972,3,00000048,ff9ff06f
1978,3,00000040,00001f17
1980,3,00000044,fc3f2023
1982,3,00000048,ff9ff06f
1988,3,00000040,00001f17
1990,3,00000044,fc3f2023
1992,3,00000048,ff9ff06f
1998,3,00000040,00001f17
2000,3,00000044,fc3f2023
2002,3,00000048,ff9ff06f
2008,3,00000040,00001f17
2010,3,00000044,fc3f2023
2012,3,00000048,ff9ff06f
2018,3,00000040,00001f17
2020,3,00000044,fc3f2023
2022,3,00000048,ff9ff06f
2028,3,00000040,00001f17
2030,3,00000044,fc3f2023
2032,3,00000048,ff9ff06f
2038,3,00000040,00001f17
2040,3,00000044,fc3f2023
2042,3,00000048,ff9ff06f
2048,3,00000040,00001f17
2050,3,00000044,fc3f2023
2052,3,00000048,ff9ff06f
2058,3,00000040,00001f17
2060,3,00000044,fc3f2023
2062,3,00000048,ff9ff06f
2068,3,00000040,00001f17
2070,3,00000044,fc3f2023
2072,3,00000048,ff9ff06f
2078,3,00000040,00001f17
2080,3,00000044,fc3f2023
2082,3,00000048,ff9ff06f
2088,3,00000040,00001f17
2090,3,00000044,fc3f2023
2092,3,00000048,ff9ff06f
2098,3,00000040,00001f17
2100,3,00000044,fc3f2023
2102,3,00000048,ff9ff06f
2108,3,00000040,00001f17
2110,3,00000044,fc3f2023
2112,3,00000048,ff9ff06f
2118,3,00000040,00001f17
2120,3,00000044,fc3f2023
2122,3,00000048,ff9ff06f
2128,3,00000040,00001f17
2130,3,00000044,fc3f2023
2132,3,00000048,ff9ff06f
2138,3,00000040,00001f17
2140,3,00000044,fc3f2023
2142,3,00000048,ff9ff06f
2148,3,00000040,00001f17
2150,3,00000044,fc3f2023
2152,3,00000048,ff9ff06f
2158,3,00000040,00001f17
2160,3,00000044,fc3f2023
2162,3,00000048,ff9ff06f
2168,3,00000040,00001f17
2170,3,00000044,fc3f2023
2172,3,00000048,ff9ff06f
2178,3,00000040,00001f17
2180,3,00000044,fc3f2023
2182,3,00000048,ff9ff06f
2188,3,00000040,00001f17
2190,3,00000044,fc3f2023
2192,3,00000048,ff9ff06f
2198,3,00000040,00001f17
2200,3,00000044,fc3f2023
2202,3,00000048,ff9ff06f
2208,3,00000040,00001f17
2210,3,00000044,fc3f2023
2212,3,00000048,ff9ff06f
2218,3,00000040,00001f17
2220,3,00000044,fc3f2023
2222,3,00000048,ff9ff06f
2228,3,00000040,00001f17
2230,3,00000044,fc3f2023
2232,3,00000048,ff9ff06f
2238,3,00000040,00001f17
2240,3,00000044,fc3f2023
2242,3,00000048,ff9ff06f
2248,3,00000040,00001f17
2250,3,00000044,fc3f2023
2252,3,00000048,ff9ff06f
2258,3,00000040,00001f17
2260,3,00000044,fc3f2023
2262,3,00000048,ff9ff06f
2268,3,00000040,00001f17
2270,3,00000044,fc3f2023
2272,3,00000048,ff9ff06f
2278,3,00000040,00001f17
2280,3,00000044,fc3f2023
2282,3,00000048,ff9ff06f
2288,3,00000040,00001f17
2290,3,00000044,fc3f2023
2292,3,00000048,ff9ff06f
2298,3,00000040,00001f17
2300,3,00000044,fc3f2023
2302,3,00000048,ff9ff06f
2308,3,00000040,00001f17
2310,3,00000044,fc3f2023
2312,3,00000048,ff9ff06f
2318,3,00000040,00001f17
2320,3,00000044,fc3f2023
2322,3,00000048,ff9ff06f
2328,3,00000040,00001f17
2330,3,00000044,fc3f2023
2332,3,00000048,ff9ff06f
2338,3,00000040,00001f17
2340,3,00000044,fc3f2023
2342,3,00000048,ff9ff06f
2348,3,00000040,00001f17
2350,3,00000044,fc3f2023
2352,3,00000048,ff9ff06f
2358,3,00000040,00001f17
2360,3,00000044,fc3f2023
2362,3,00000048,ff9ff06f
2368,3,00000040,00001f17
2370,3,00000044,fc3f2023
2372,3,00000048,ff9ff06f
2378,3,00000040,00001f17
2380,3,00000044,fc3f2023
2382,3,00000048,ff9ff06f
2388,3,00000040,00001f17
2390,3,00000044,fc3f2023
2392,3,00000048,ff9ff06f
2398,3,00000040,00001f17
2400,3,00000044,fc3f2023
2402,3,00000048,ff9ff06f
2408,3,00000040,00001f17
2410,3,00000044,fc3f2023
2412,3,00000048,ff9ff06f
2418,3,00000040,00001f17
2420,3,00000044,fc3f2023
2422,3,00000048,ff9ff06f
2428,3,00000040,00001f17
2430,3,00000044,fc3f2023
2432,3,00000048,ff9ff06f
2438,3,00000040,00001f17
2440,3,00000044,fc3f2023
2442,3,00000048,ff9ff06f
2448,3,00000040,00001f17
2450,3,00000044,fc3f2023
2452,3,00000048,ff9ff06f
2458,3,00000040,00001f17
2460,3,00000044,fc3f2023
2462,3,00000048,ff9ff06f
2468,3,00000040,00001f17
2470,3,00000044,fc3f2023
2472,3,00000048,ff9ff06f
2478,3,00000040,00001f17
2480,3,00000044,fc3f2023
2482,3,00000048,ff9ff06f
2488,3,00000040,00001f17
2490,3,00000044,fc3f2023
2492,3,00000048,ff9ff06f
2498,3,00000040,00001f17
2500,3,00000044,fc3f2023
2502,3,00000048,ff9ff06f
2508,3,00000040,00001f17
2510,3,00000044,fc3f2023
2512,3,00000048,ff9ff06f
2518,3,00000040,00001f17
2520,3,00000044,fc3f2023
2522,3,00000048,ff9ff06f
2528,3,00000040,00001f17
2530,3,00000044,fc3f2023
2532,3,00000048,ff9ff06f
2538,3,00000040,00001f17
2540,3,00000044,fc3f2023
2542,3,00000048,ff9ff06f
2548,3,00000040,00001f17
2550,3,00000044,fc3f2023
2552,3,00000048,ff9ff06f
2558,3,00000040,00001f17
2560,3,00000044,fc3f2023
2562,3,00000048,ff9ff06f
2568,3,00000040,00001f17
2570,3,00000044,fc3f2023
2572,3,00000048,ff9ff06f
2578,3,00000040,00001f17
2580,3,00000044,fc3f2023
2582,3,00000048,ff9ff06f
2588,3,00000040,00001f17
2590,3,00000044,fc3f2023
2592,3,00000048,ff9ff06f
2598,3,00000040,00001f17
2600,3,00000044,fc3f2023
2602,3,00000048,ff9ff06f
2608,3,00000040,00001f17
2610,3,00000044,fc3f2023
2612,3,00000048,ff9ff06f
2618,3,00000040,00001f17
2620,3,00000044,fc3f2023
2622,3,00000048,ff9ff06f
2628,3,00000040,00001f17
2630,3,00000044,fc3f2023
2632,3,00000048,ff9ff06f
2638,3,00000040,00001f17
2640,3,00000044,fc3f2023
2642,3,00000048,ff9ff06f
2648,3,00000040,00001f17
2650,3,00000044,fc3f2023
2652,3,00000048,ff9ff06f
2658,3,00000040,00001f17
2660,3,00000044,fc3f2023
2662,3,00000048,ff9ff06f
2668,3,00000040,00001f17
2670,3,00000044,fc3f2023
2672,3,00000048,ff9ff06f
2678,3,00000040,00001f17
2680,3,00000044,fc3f2023
2682,3,00000048,ff9ff06f
2688,3,00000040,00001f17
2690,3,00000044,fc3f2023
2692,3,00000048,ff9ff06f
2698,3,00000040,00001f17
2700,3,00000044,fc3f2023
2702,3,00000048,ff9ff06f
2708,3,00000040,00001f17
2710,3,00000044,fc3f2023
2712,3,00000048,ff9ff06f
2718,3,00000040,00001f17
2720,3,00000044,fc3f2023
2722,3,00000048,ff9ff06f
2728,3,00000040,00001f17
2730,3,00000044,fc3f2023
2732,3,00000048,ff9ff06f
2738,3,00000040,00001f17
2740,3,00000044,fc3f2023
2742,3,00000048,ff9ff06f
2748,3,00000040,00001f17
2750,3,00000044,fc3f2023
2752,3,00000048,ff9ff06f
2758,3,00000040,00001f17
2760,3,00000044,fc3f2023
2762,3,00000048,ff9ff06f
2768,3,00000040,00001f17
2770,3,00000044,fc3f2023
2772,3,00000048,ff9ff06f
2778,3,00000040,00001f17
2780,3,00000044,fc3f2023
2782,3,00000048,ff9ff06f
2788,3,00000040,00001f17
2790,3,00000044,fc3f2023
2792,3,00000048,ff9ff06f
2798,3,00000040,00001f17
2800,3,00000044,fc3f2023
2802,3,00000048,ff9ff06f
2808,3,00000040,00001f17
2810,3,00000044,fc3f2023
2812,3,00000048,ff9ff06f
2818,3,00000040,00001f17
2820,3,00000044,fc3f2023
2822,3,00000048,ff9ff06f
2828,3,00000040,00001f17
2830,3,00000044,fc3f2023
2832,3,00000048,ff9ff06f
2838,3,00000040,00001f17
2840,3,00000044,fc3f2023
2842,3,00000048,ff9ff06f
2848,3,00000040,00001f17
2850,3,00000044,fc3f2023
2852,3,00000048,ff9ff06f
2858,3,00000040,00001f17
2860,3,00000044,fc3f2023
2862,3,00000048,ff9ff06f
2868,3,00000040,00001f17
2870,3,00000044,fc3f2023
2872,3,00000048,ff9ff06f
2878,3,00000040,00001f17
2880,3,00000044,fc3f2023
2882,3,00000048,ff9ff06f
2888,3,00000040,00001f17
2890,3,00000044,fc3f2023
2892,3,00000048,ff9ff06f
2898,3,00000040,00001f17
2900,3,00000044,fc3f2023
2902,3,00000048,ff9ff06f
2908,3,00000040,00001f17
2910,3,00000044,fc3f2023
2912,3,00000048,ff9ff06f
2918,3,00000040,00001f17
2920,3,00000044,fc3f2023
2922,3,00000048,ff9ff06f
2928,3,00000040,00001f17
2930,3,00000044,fc3f2023
2932,3,00000048,ff9ff06f
2938,3,00000040,00001f17
2940,3,00000044,fc3f2023
2942,3,00000048,ff9ff06f
2948,3,00000040,00001f17
2950,3,00000044,fc3f2023
2952,3,00000048,ff9ff06f
2958,3,00000040,00001f17
2960,3,00000044,fc3f2023
2962,3,00000048,ff9ff06f
2968,3,00000040,00001f17
2970,3,00000044,fc3f2023
2972,3,00000048,ff9ff06f
2978,3,00000040,00001f17
2980,3,00000044,fc3f2023
2982,3,00000048,ff9ff06f
2988,3,00000040,00001f17
2990,3,00000044,fc3f2023
2992,3,00000048,ff9ff06f
2998,3,00000040,00001f17
3000,3,00000044,fc3f2023
3002,3,00000048,ff9ff06f
3008,3,00000040,00001f17
3010,3,00000044,fc3f2023
3012,3,00000048,ff9ff06f
3018,3,00000040,00001f17
3020,3,00000044,fc3f2023
3022,3,00000048,ff9ff06f
3028,3,00000040,00001f17
3030,3,00000044,fc3f2023
3032,3,00000048,ff9ff06f
3038,3,00000040,00001f17
3040,3,00000044,fc3f2023
3042,3,00000048,ff9ff06f
3048,3,00000040,00001f17
3050,3,00000044,fc3f2023
3052,3,00000048,ff9ff06f
3058,3,00000040,00001f17
3060,3,00000044,fc3f2023
3062,3,00000048,ff9ff06f
3068,3,00000040,00001f17
3070,3,00000044,fc3f2023
3072,3,00000048,ff9ff06f
3078,3,00000040,00001f17
3080,3,00000044,fc3f2023
3082,3,00000048,ff9ff06f
3088,3,00000040,00001f17
3090,3,00000044,fc3f2023
3092,3,00000048,ff9ff06f
3098,3,00000040,00001f17
3100,3,00000044,fc3f2023
3102,3,00000048,ff9ff06f
3108,3,00000040,00001f17
3110,3,00000044,fc3f2023
3112,3,00000048,ff9ff06f
3118,3,00000040,00001f17
3120,3,00000044,fc3f2023
3122,3,00000048,ff9ff06f
3128,3,00000040,00001f17
3130,3,00000044,fc3f2023
3132,3,00000048,ff9ff06f
3138,3,00000040,00001f17
3140,3,00000044,fc3f2023
3142,3,00000048,ff9ff06f
3148,3,00000040,00001f17
3150,3,00000044,fc3f2023
3152,3,00000048,ff9ff06f
3158,3,00000040,00001f17
3160,3,00000044,fc3f2023
3162,3,00000048,ff9ff06f
3168,3,00000040,00001f17
3170,3,00000044,fc3f2023
3172,3,00000048,ff9ff06f
3178,3,00000040,00001f17
3180,3,00000044,fc3f2023
3182,3,00000048,ff9ff06f
3188,3,00000040,00001f17
3190,3,00000044,fc3f2023
3192,3,00000048,ff9ff06f
3198,3,00000040,00001f17
3200,3,00000044,fc3f2023
3202,3,00000048,ff9ff06f
3208,3,00000040,00001f17
3210,3,00000044,fc3f2023
3212,3,00000048,ff9ff06f
3218,3,00000040,00001f17
3220,3,00000044,fc3f2023
3222,3,00000048,ff9ff06f
3228,3,00000040,00001f17
3230,3,00000044,fc3f2023
3232,3,00000048,ff9ff06f
3238,3,00000040,00001f17
3240,3,00000044,fc3f2023
3242,3,00000048,ff9ff06f
3248,3,00000040,00001f17
3250,3,00000044,fc3f2023
3252,3,00000048,ff9ff06f
3258,3,00000040,00001f17
3260,3,00000044,fc3f2023
3262,3,00000048,ff9ff06f
3268,3,00000040,00001f17
3270,3,00000044,fc3f2023
3272,3,00000048,ff9ff06f
3278,3,00000040,00001f17
3280,3,00000044,fc3f2023
3282,3,00000048,ff9ff06f
3288,3,00000040,00001f17
3290,3,00000044,fc3f2023
3292,3,00000048,ff9ff06f
3298,3,00000040,00001f17
3300,3,00000044,fc3f2023
3302,3,00000048,ff9ff06f
3308,3,00000040,00001f17
3310,3,00000044,fc3f2023
3312,3,00000048,ff9ff06f
3318,3,00000040,00001f17
3320,3,00000044,fc3f2023
3322,3,00000048,ff9ff06f
3328,3,00000040,00001f17
3330,3,00000044,fc3f2023
3332,3,00000048,ff9ff06f
3338,3,00000040,00001f17
3340,3,00000044,fc3f2023
3342,3,00000048,ff9ff06f
3348,3,00000040,00001f17
3350,3,00000044,fc3f2023
3352,3,00000048,ff9ff06f
3358,3,00000040,00001f17
3360,3,00000044,fc3f2023
3362,3,00000048,ff9ff06f
3368,3,00000040,00001f17
3370,3,00000044,fc3f2023
3372,3,00000048,ff9ff06f
3378,3,00000040,00001f17
3380,3,00000044,fc3f2023
3382,3,00000048,ff9ff06f
3388,3,00000040,00001f17
3390,3,00000044,fc3f2023
3392,3,00000048,ff9ff06f
3398,3,00000040,00001f17
3400,3,00000044,fc3f2023
3402,3,00000048,ff9ff06f
3408,3,00000040,00001f17
3410,3,00000044,fc3f2023
3412,3,00000048,ff9ff06f
3418,3,00000040,00001f17
3420,3,00000044,fc3f2023
3422,3,00000048,ff9ff06f
3428,3,00000040,00001f17
3430,3,00000044,fc3f2023
3432,3,00000048,ff9ff06f
3438,3,00000040,00001f17
3440,3,00000044,fc3f2023
3442,3,00000048,ff9ff06f
3448,3,00000040,00001f17
3450,3,00000044,fc3f2023
3452,3,00000048,ff9ff06f
3458,3,00000040,00001f17
3460,3,00000044,fc3f2023
3462,3,00000048,ff9ff06f
3468,3,00000040,00001f17
3470,3,00000044,fc3f2023
3472,3,00000048,ff9ff06f
3478,3,00000040,00001f17
3480,3,00000044,fc3f2023
3482,3,00000048,ff9ff06f
3488,3,00000040,00001f17
3490,3,00000044,fc3f2023
3492,3,00000048,ff9ff06f
3498,3,00000040,00001f17
