44,3,00000000,04c0006f
52,3,0000004c,f1402573
56,3,00000050,00051063
60,3,00000054,00000297
64,3,00000058,01028293
68,3,0000005c,30529073
80,3,00000064,00000297
84,3,00000068,01c28293
88,3,0000006c,30529073
92,3,00000070,fff00293
104,3,00000080,00000297
108,3,00000084,01828293
112,3,00000088,30529073
116,3,0000008c,30205073
120,3,00000090,30305073
124,3,00000094,30405073
128,3,00000098,00000193
132,3,0000009c,00000297
136,3,000000a0,f6828293
140,3,000000a4,30529073
144,3,000000a8,00100513
148,3,000000ac,01f51513
152,3,000000b0,00054863
160,3,000000c0,00000297
164,3,000000c4,f4028293
168,3,000000c8,00028e63
176,3,000000e4,30005073
180,3,000000e8,00000297
184,3,000000ec,01428293
188,3,000000f0,34129073
192,3,000000f4,f1402573
196,3,000000f8,30200073
204,3,000000fc,800000b7
208,3,00000100,0000df13
212,3,00000104,80000eb7
216,3,00000108,00200193
220,3,0000010c,29df1863
224,3,00000110,800000b7
228,3,00000114,0010df13
232,3,00000118,40000eb7
236,3,0000011c,00300193
240,3,00000120,27df1e63
244,3,00000124,800000b7
248,3,00000128,0070df13
252,3,0000012c,01000eb7
256,3,00000130,00400193
260,3,00000134,27df1463
264,3,00000138,800000b7
268,3,0000013c,00e0df13
272,3,00000140,00020eb7
276,3,00000144,00500193
280,3,00000148,25df1a63
284,3,0000014c,800000b7
288,3,00000150,00108093
292,3,00000154,01f0df13
296,3,00000158,00100e93
300,3,0000015c,00600193
304,3,00000160,23df1e63
308,3,00000164,fff00093
312,3,00000168,0000df13
316,3,0000016c,fff00e93
320,3,00000170,00700193
324,3,00000174,23df1463
328,3,00000178,fff00093
332,3,0000017c,0010df13
336,3,00000180,80000eb7
340,3,00000184,fffe8e93
344,3,00000188,00800193
348,3,0000018c,21df1863
352,3,00000190,fff00093
356,3,00000194,0070df13
360,3,00000198,02000eb7
364,3,0000019c,fffe8e93
368,3,000001a0,00900193
372,3,000001a4,1fdf1c63
376,3,000001a8,fff00093
380,3,000001ac,00e0df13
384,3,000001b0,00040eb7
388,3,000001b4,fffe8e93
392,3,000001b8,00a00193
396,3,000001bc,1fdf1063
400,3,000001c0,fff00093
404,3,000001c4,01f0df13
408,3,000001c8,00100e93
412,3,000001cc,00b00193
416,3,000001d0,1ddf1663
420,3,000001d4,212120b7
424,3,000001d8,12108093
428,3,000001dc,0000df13
432,3,000001e0,21212eb7
436,3,000001e4,121e8e93
440,3,000001e8,00c00193
444,3,000001ec,1bdf1863
448,3,000001f0,212120b7
452,3,000001f4,12108093
456,3,000001f8,0010df13
460,3,000001fc,10909eb7
464,3,00000200,090e8e93
468,3,00000204,00d00193
472,3,00000208,19df1a63
476,3,0000020c,212120b7
480,3,00000210,12108093
484,3,00000214,0070df13
488,3,00000218,00424eb7
492,3,0000021c,242e8e93
496,3,00000220,00e00193
500,3,00000224,17df1c63
504,3,00000228,212120b7
508,3,0000022c,12108093
512,3,00000230,00e0df13
516,3,00000234,00008eb7
520,3,00000238,484e8e93
524,3,0000023c,00f00193
528,3,00000240,15df1e63
532,3,00000244,212120b7
536,3,00000248,12108093
540,3,0000024c,01f0df13
544,3,00000250,00000e93
548,3,00000254,01000193
552,3,00000258,15df1263
556,3,0000025c,800000b7
560,3,00000260,0070d093
564,3,00000264,01000eb7
568,3,00000268,01100193
572,3,0000026c,13d09863
576,3,00000270,00000213
580,3,00000274,800000b7
584,3,00000278,0070df13
588,3,0000027c,000f0313
592,3,00000280,00120213
596,3,00000284,00200293
600,3,00000288,fe5216e3
608,3,00000274,800000b7
612,3,00000278,0070df13
616,3,0000027c,000f0313
620,3,00000280,00120213
624,3,00000284,00200293
628,3,00000288,fe5216e3
632,3,0000028c,01000eb7
636,3,00000290,01200193
640,3,00000294,11d31463
644,3,00000298,00000213
648,3,0000029c,800000b7
652,3,000002a0,00e0df13
656,3,000002a4,00000013
660,3,000002a8,000f0313
664,3,000002ac,00120213
668,3,000002b0,00200293
672,3,000002b4,fe5214e3
680,3,0000029c,800000b7
684,3,000002a0,00e0df13
688,3,000002a4,00000013
692,3,000002a8,000f0313
696,3,000002ac,00120213
700,3,000002b0,00200293
704,3,000002b4,fe5214e3
708,3,000002b8,00020eb7
712,3,000002bc,01300193
716,3,000002c0,0dd31e63
720,3,000002c4,00000213
724,3,000002c8,800000b7
728,3,000002cc,00108093
732,3,000002d0,01f0df13
736,3,000002d4,00000013
740,3,000002d8,00000013
744,3,000002dc,000f0313
748,3,000002e0,00120213
752,3,000002e4,00200293
756,3,000002e8,fe5210e3
764,3,000002c8,800000b7
768,3,000002cc,00108093
772,3,000002d0,01f0df13
776,3,000002d4,00000013
780,3,000002d8,00000013
784,3,000002dc,000f0313
788,3,000002e0,00120213
792,3,000002e4,00200293
796,3,000002e8,fe5210e3
800,3,000002ec,00100e93
804,3,000002f0,01400193
808,3,000002f4,0bd31463
812,3,000002f8,00000213
816,3,000002fc,800000b7
820,3,00000300,0070df13
824,3,00000304,00120213
828,3,00000308,00200293
832,3,0000030c,fe5218e3
840,3,000002fc,800000b7
844,3,00000300,0070df13
848,3,00000304,00120213
852,3,00000308,00200293
856,3,0000030c,fe5218e3
860,3,00000310,01000eb7
864,3,00000314,01500193
868,3,00000318,09df1263
872,3,0000031c,00000213
876,3,00000320,800000b7
880,3,00000324,00000013
884,3,00000328,00e0df13
888,3,0000032c,00120213
892,3,00000330,00200293
896,3,00000334,fe5216e3
904,3,00000320,800000b7
908,3,00000324,00000013
912,3,00000328,00e0df13
916,3,0000032c,00120213
920,3,00000330,00200293
924,3,00000334,fe5216e3
928,3,00000338,00020eb7
932,3,0000033c,01600193
936,3,00000340,05df1e63
940,3,00000344,00000213
944,3,00000348,800000b7
948,3,0000034c,00108093
952,3,00000350,00000013
956,3,00000354,00000013
960,3,00000358,01f0df13
964,3,0000035c,00120213
968,3,00000360,00200293
972,3,00000364,fe5212e3
980,3,00000348,800000b7
984,3,0000034c,00108093
988,3,00000350,00000013
992,3,00000354,00000013
996,3,00000358,01f0df13
1000,3,0000035c,00120213
1004,3,00000360,00200293
1008,3,00000364,fe5212e3
1012,3,00000368,00100e93
1016,3,0000036c,01700193
1020,3,00000370,03df1663
1024,3,00000374,00405093
1028,3,00000378,00000e93
1032,3,0000037c,01800193
1036,3,00000380,01d09e63
1040,3,00000384,02100093
1044,3,00000388,00a0d013
1048,3,0000038c,00000e93
1052,3,00000390,01900193
1056,3,00000394,01d01463
1060,3,00000398,00301c63
1068,3,000003b0,0ff0000f
1072,3,000003b4,00100193
1076,3,000003b8,00000073
1084,3,00000004,34202f73
1088,3,00000008,00800f93
1092,3,0000000c,03ff0a63
1096,3,00000010,00900f93
1100,3,00000014,03ff0663
1104,3,00000018,00b00f93
1108,3,0000001c,03ff0263
1116,3,00000040,00001f17
1122,3,00000044,fc3f2023
1126,3,00000048,ff9ff06f
1134,3,00000040,00001f17
1140,3,00000044,fc3f2023
1144,3,00000048,ff9ff06f
1152,3,00000040,00001f17
1158,3,00000044,fc3f2023
1162,3,00000048,ff9ff06f
1170,3,00000040,00001f17
1176,3,00000044,fc3f2023
1180,3,00000048,ff9ff06f
1188,3,00000040,00001f17
1194,3,00000044,fc3f2023
1198,3,00000048,ff9ff06f
1206,3,00000040,00001f17
1212,3,00000044,fc3f2023
1216,3,00000048,ff9ff06f
1224,3,00000040,00001f17
1230,3,00000044,fc3f2023
1234,3,00000048,ff9ff06f
1242,3,00000040,00001f17
1248,3,00000044,fc3f2023
1252,3,00000048,ff9ff06f
1260,3,00000040,00001f17
1266,3,00000044,fc3f2023
1270,3,00000048,ff9ff06f
1278,3,00000040,00001f17
1284,3,00000044,fc3f2023
1288,3,00000048,ff9ff06f
1296,3,00000040,00001f17
1302,3,00000044,fc3f2023
1306,3,00000048,ff9ff06f
1314,3,00000040,00001f17
1320,3,00000044,fc3f2023
1324,3,00000048,ff9ff06f
1332,3,00000040,00001f17
1338,3,00000044,fc3f2023
1342,3,00000048,ff9ff06f
1350,3,00000040,00001f17
1356,3,00000044,fc3f2023
1360,3,00000048,ff9ff06f
1368,3,00000040,00001f17
1374,3,00000044,fc3f2023
1378,3,00000048,ff9ff06f
1386,3,00000040,00001f17
1392,3,00000044,fc3f2023
1396,3,00000048,ff9ff06f
1404,3,00000040,00001f17
1410,3,00000044,fc3f2023
1414,3,00000048,ff9ff06f
1422,3,00000040,00001f17
1428,3,00000044,fc3f2023
1432,3,00000048,ff9ff06f
1440,3,00000040,00001f17
1446,3,00000044,fc3f2023
1450,3,00000048,ff9ff06f
1458,3,00000040,00001f17
1464,3,00000044,fc3f2023
1468,3,00000048,ff9ff06f
1476,3,00000040,00001f17
1482,3,00000044,fc3f2023
1486,3,00000048,ff9ff06f
1494,3,00000040,00001f17
1500,3,00000044,fc3f2023
1504,3,00000048,ff9ff06f
1512,3,00000040,00001f17
1518,3,00000044,fc3f2023
1522,3,00000048,ff9ff06f
1530,3,00000040,00001f17
1536,3,00000044,fc3f2023
1540,3,00000048,ff9ff06f
1548,3,00000040,00001f17
1554,3,00000044,fc3f2023
1558,3,00000048,ff9ff06f
1566,3,00000040,00001f17
1572,3,00000044,fc3f2023
1576,3,00000048,ff9ff06f
1584,3,00000040,00001f17
1590,3,00000044,fc3f2023
1594,3,00000048,ff9ff06f
1602,3,00000040,00001f17
1608,3,00000044,fc3f2023
1612,3,00000048,ff9ff06f
1620,3,00000040,00001f17
1626,3,00000044,fc3f2023
1630,3,00000048,ff9ff06f
1638,3,00000040,00001f17
1644,3,00000044,fc3f2023
1648,3,00000048,ff9ff06f
1656,3,00000040,00001f17
1662,3,00000044,fc3f2023
1666,3,00000048,ff9ff06f
1674,3,00000040,00001f17
1680,3,00000044,fc3f2023
1684,3,00000048,ff9ff06f
1692,3,00000040,00001f17
1698,3,00000044,fc3f2023
1702,3,00000048,ff9ff06f
1710,3,00000040,00001f17
1716,3,00000044,fc3f2023
1720,3,00000048,ff9ff06f
1728,3,00000040,00001f17
1734,3,00000044,fc3f2023
1738,3,00000048,ff9ff06f
1746,3,00000040,00001f17
1752,3,00000044,fc3f2023
1756,3,00000048,ff9ff06f
1764,3,00000040,00001f17
1770,3,00000044,fc3f2023
1774,3,00000048,ff9ff06f
1782,3,00000040,00001f17
1788,3,00000044,fc3f2023
1792,3,00000048,ff9ff06f
1800,3,00000040,00001f17
1806,3,00000044,fc3f2023
1810,3,00000048,ff9ff06f
1818,3,00000040,00001f17
1824,3,00000044,fc3f2023
1828,3,00000048,ff9ff06f
1836,3,00000040,00001f17
1842,3,00000044,fc3f2023
1846,3,00000048,ff9ff06f
1854,3,00000040,00001f17
1860,3,00000044,fc3f2023
1864,3,00000048,ff9ff06f
1872,3,00000040,00001f17
1878,3,00000044,fc3f2023
1882,3,00000048,ff9ff06f
1890,3,00000040,00001f17
1896,3,00000044,fc3f2023
1900,3,00000048,ff9ff06f
1908,3,00000040,00001f17
1914,3,00000044,fc3f2023
1918,3,00000048,ff9ff06f
1926,3,00000040,00001f17
1932,3,00000044,fc3f2023
1936,3,00000048,ff9ff06f
1944,3,00000040,00001f17
1950,3,00000044,fc3f2023
1954,3,00000048,ff9ff06f
1962,3,00000040,00001f17
1968,3,00000044,fc3f2023
1972,3,00000048,ff9ff06f
1980,3,00000040,00001f17
1986,3,00000044,fc3f2023
1990,3,00000048,ff9ff06f
1998,3,00000040,00001f17
2004,3,00000044,fc3f2023
2008,3,00000048,ff9ff06f
2016,3,00000040,00001f17
2022,3,00000044,fc3f2023
2026,3,00000048,ff9ff06f
2034,3,00000040,00001f17
2040,3,00000044,fc3f2023
2044,3,00000048,ff9ff06f
2052,3,00000040,00001f17
2058,3,00000044,fc3f2023
2062,3,00000048,ff9ff06f
2070,3,00000040,00001f17
2076,3,00000044,fc3f2023
2080,3,00000048,ff9ff06f
2088,3,00000040,00001f17
2094,3,00000044,fc3f2023
2098,3,00000048,ff9ff06f
2106,3,00000040,00001f17
2112,3,00000044,fc3f2023
2116,3,00000048,ff9ff06f
2124,3,00000040,00001f17
2130,3,00000044,fc3f2023
2134,3,00000048,ff9ff06f
2142,3,00000040,00001f17
2148,3,00000044,fc3f2023
2152,3,00000048,ff9ff06f
2160,3,00000040,00001f17
2166,3,00000044,fc3f2023
2170,3,00000048,ff9ff06f
2178,3,00000040,00001f17
2184,3,00000044,fc3f2023
2188,3,00000048,ff9ff06f
2196,3,00000040,00001f17
2202,3,00000044,fc3f2023
2206,3,00000048,ff9ff06f
2214,3,00000040,00001f17
2220,3,00000044,fc3f2023
2224,3,00000048,ff9ff06f
2232,3,00000040,00001f17
2238,3,00000044,fc3f2023
2242,3,00000048,ff9ff06f
2250,3,00000040,00001f17
2256,3,00000044,fc3f2023
2260,3,00000048,ff9ff06f
2268,3,00000040,00001f17
2274,3,00000044,fc3f2023
2278,3,00000048,ff9ff06f
2286,3,00000040,00001f17
2292,3,00000044,fc3f2023
2296,3,00000048,ff9ff06f
2304,3,00000040,00001f17
2310,3,00000044,fc3f2023
2314,3,00000048,ff9ff06f
2322,3,00000040,00001f17
2328,3,00000044,fc3f2023
2332,3,00000048,ff9ff06f
2340,3,00000040,00001f17
2346,3,00000044,fc3f2023
2350,3,00000048,ff9ff06f
2358,3,00000040,00001f17
2364,3,00000044,fc3f2023
2368,3,00000048,ff9ff06f
2376,3,00000040,00001f17
2382,3,00000044,fc3f2023
2386,3,00000048,ff9ff06f
2394,3,00000040,00001f17
2400,3,00000044,fc3f2023
2404,3,00000048,ff9ff06f
2412,3,00000040,00001f17
2418,3,00000044,fc3f2023
2422,3,00000048,ff9ff06f
2430,3,00000040,00001f17
2436,3,00000044,fc3f2023
2440,3,00000048,ff9ff06f
2448,3,00000040,00001f17
2454,3,00000044,fc3f2023
2458,3,00000048,ff9ff06f
2466,3,00000040,00001f17
2472,3,00000044,fc3f2023
2476,3,00000048,ff9ff06f
2484,3,00000040,00001f17
2490,3,00000044,fc3f2023
2494,3,00000048,ff9ff06f
2502,3,00000040,00001f17
2508,3,00000044,fc3f2023
2512,3,00000048,ff9ff06f
2520,3,00000040,00001f17
2526,3,00000044,fc3f2023
2530,3,00000048,ff9ff06f
2538,3,00000040,00001f17
2544,3,00000044,fc3f2023
2548,3,00000048,ff9ff06f
2556,3,00000040,00001f17
2562,3,00000044,fc3f2023
2566,3,00000048,ff9ff06f
2574,3,00000040,00001f17
2580,3,00000044,fc3f2023
2584,3,00000048,ff9ff06f
2592,3,00000040,00001f17
2598,3,00000044,fc3f2023
2602,3,00000048,ff9ff06f
2610,3,00000040,00001f17
2616,3,00000044,fc3f2023
2620,3,00000048,ff9ff06f
2628,3,00000040,00001f17
2634,3,00000044,fc3f2023
2638,3,00000048,ff9ff06f
2646,3,00000040,00001f17
2652,3,00000044,fc3f2023
2656,3,00000048,ff9ff06f
2664,3,00000040,00001f17
2670,3,00000044,fc3f2023
2674,3,00000048,ff9ff06f
2682,3,00000040,00001f17
2688,3,00000044,fc3f2023
2692,3,00000048,ff9ff06f
2700,3,00000040,00001f17
2706,3,00000044,fc3f2023
2710,3,00000048,ff9ff06f
2718,3,00000040,00001f17
2724,3,00000044,fc3f2023
2728,3,00000048,ff9ff06f
2736,3,00000040,00001f17
2742,3,00000044,fc3f2023
2746,3,00000048,ff9ff06f
2754,3,00000040,00001f17
2760,3,00000044,fc3f2023
2764,3,00000048,ff9ff06f
2772,3,00000040,00001f17
2778,3,00000044,fc3f2023
2782,3,00000048,ff9ff06f
2790,3,00000040,00001f17
2796,3,00000044,fc3f2023
2800,3,00000048,ff9ff06f
2808,3,00000040,00001f17
2814,3,00000044,fc3f2023
2818,3,00000048,ff9ff06f
2826,3,00000040,00001f17
2832,3,00000044,fc3f2023
2836,3,00000048,ff9ff06f
2844,3,00000040,00001f17
2850,3,00000044,fc3f2023
2854,3,00000048,ff9ff06f
2862,3,00000040,00001f17
2868,3,00000044,fc3f2023
2872,3,00000048,ff9ff06f
2880,3,00000040,00001f17
2886,3,00000044,fc3f2023
2890,3,00000048,ff9ff06f
2898,3,00000040,00001f17
2904,3,00000044,fc3f2023
2908,3,00000048,ff9ff06f
2916,3,00000040,00001f17
2922,3,00000044,fc3f2023
2926,3,00000048,ff9ff06f
2934,3,00000040,00001f17
2940,3,00000044,fc3f2023
2944,3,00000048,ff9ff06f
2952,3,00000040,00001f17
2958,3,00000044,fc3f2023
2962,3,00000048,ff9ff06f
2970,3,00000040,00001f17
2976,3,00000044,fc3f2023
2980,3,00000048,ff9ff06f
2988,3,00000040,00001f17
2994,3,00000044,fc3f2023
2998,3,00000048,ff9ff06f
