44,3,00000000,04c0006f
52,3,0000004c,f1402573
56,3,00000050,00051063
60,3,00000054,00000297
64,3,00000058,01028293
68,3,0000005c,30529073
80,3,00000064,00000297
84,3,00000068,01c28293
88,3,0000006c,30529073
92,3,00000070,fff00293
104,3,00000080,00000297
108,3,00000084,01828293
112,3,00000088,30529073
116,3,0000008c,30205073
120,3,00000090,30305073
124,3,00000094,30405073
128,3,00000098,00000193
132,3,0000009c,00000297
136,3,000000a0,f6828293
140,3,000000a4,30529073
144,3,000000a8,00100513
148,3,000000ac,01f51513
152,3,000000b0,00054863
160,3,000000c0,00000297
164,3,000000c4,f4028293
168,3,000000c8,00028e63
176,3,000000e4,30005073
180,3,000000e8,00000297
184,3,000000ec,01428293
188,3,000000f0,34129073
192,3,000000f4,f1402573
196,3,000000f8,30200073
204,3,000000fc,00002097
208,3,00000100,f0408093
212,3,00000104,faa00113
218,3,00000108,00208023
224,3,0000010c,00008f03
228,3,00000110,faa00e93
232,3,00000114,00200193
236,3,00000118,3ddf1c63
240,3,0000011c,00002097
244,3,00000120,ee408093
248,3,00000124,00000113
254,3,00000128,002080a3
260,3,0000012c,00108f03
264,3,00000130,00000e93
268,3,00000134,00300193
272,3,00000138,3bdf1c63
276,3,0000013c,00002097
280,3,00000140,ec408093
284,3,00000144,fffff137
288,3,00000148,fa010113
294,3,0000014c,00208123
300,3,00000150,00209f03
304,3,00000154,fffffeb7
308,3,00000158,fa0e8e93
312,3,0000015c,00400193
316,3,00000160,39df1863
320,3,00000164,00002097
324,3,00000168,e9c08093
328,3,0000016c,00a00113
334,3,00000170,002081a3
340,3,00000174,00308f03
344,3,00000178,00a00e93
348,3,0000017c,00500193
352,3,00000180,37df1863
356,3,00000184,00002097
360,3,00000188,e8308093
364,3,0000018c,faa00113
370,3,00000190,fe208ea3
376,3,00000194,ffd08f03
380,3,00000198,faa00e93
384,3,0000019c,00600193
388,3,000001a0,35df1863
392,3,000001a4,00002097
396,3,000001a8,e6308093
400,3,000001ac,00000113
406,3,000001b0,fe208f23
412,3,000001b4,ffe08f03
416,3,000001b8,00000e93
420,3,000001bc,00700193
424,3,000001c0,33df1863
428,3,000001c4,00002097
432,3,000001c8,e4308093
436,3,000001cc,fa000113
442,3,000001d0,fe208fa3
448,3,000001d4,fff08f03
452,3,000001d8,fa000e93
456,3,000001dc,00800193
460,3,000001e0,31df1863
464,3,000001e4,00002097
468,3,000001e8,e2308093
472,3,000001ec,00a00113
478,3,000001f0,00208023
484,3,000001f4,00008f03
488,3,000001f8,00a00e93
492,3,000001fc,00900193
496,3,00000200,2fdf1863
500,3,00000204,00002097
504,3,00000208,e0408093
508,3,0000020c,12345137
512,3,00000210,67810113
516,3,00000214,fe008213
522,3,00000218,02220023
528,3,0000021c,00008283
532,3,00000220,07800e93
536,3,00000224,00a00193
540,3,00000228,2dd29463
544,3,0000022c,00002097
548,3,00000230,ddc08093
552,3,00000234,00003137
556,3,00000238,09810113
560,3,0000023c,ffa08093
566,3,00000240,002083a3
570,3,00000244,00002217
574,3,00000248,dc520213
580,3,0000024c,00020283
584,3,00000250,f9800e93
588,3,00000254,00b00193
592,3,00000258,29d29c63
596,3,0000025c,00c00193
600,3,00000260,00000213
604,3,00000264,fdd00093
608,3,00000268,00002117
612,3,0000026c,d9810113
618,3,00000270,00110023
624,3,00000274,00010f03
628,3,00000278,fdd00e93
632,3,0000027c,27df1a63
636,3,00000280,00120213
640,3,00000284,00200293
644,3,00000288,fc521ee3
652,3,00000264,fdd00093
656,3,00000268,00002117
660,3,0000026c,d9810113
666,3,00000270,00110023
672,3,00000274,00010f03
676,3,00000278,fdd00e93
680,3,0000027c,27df1a63
684,3,00000280,00120213
688,3,00000284,00200293
692,3,00000288,fc521ee3
696,3,0000028c,00d00193
700,3,00000290,00000213
704,3,00000294,fcd00093
708,3,00000298,00002117
712,3,0000029c,d6810113
716,3,000002a0,00000013
722,3,000002a4,001100a3
728,3,000002a8,00110f03
732,3,000002ac,fcd00e93
736,3,000002b0,25df1063
740,3,000002b4,00120213
744,3,000002b8,00200293
748,3,000002bc,fc521ce3
756,3,00000294,fcd00093
760,3,00000298,00002117
764,3,0000029c,d6810113
768,3,000002a0,00000013
774,3,000002a4,001100a3
780,3,000002a8,00110f03
784,3,000002ac,fcd00e93
788,3,000002b0,25df1063
792,3,000002b4,00120213
796,3,000002b8,00200293
800,3,000002bc,fc521ce3
804,3,000002c0,00e00193
808,3,000002c4,00000213
812,3,000002c8,fcc00093
816,3,000002cc,00002117
820,3,000002d0,d3410113
824,3,000002d4,00000013
828,3,000002d8,00000013
834,3,000002dc,00110123
840,3,000002e0,00210f03
844,3,000002e4,fcc00e93
848,3,000002e8,21df1463
852,3,000002ec,00120213
856,3,000002f0,00200293
860,3,000002f4,fc521ae3
868,3,000002c8,fcc00093
872,3,000002cc,00002117
876,3,000002d0,d3410113
880,3,000002d4,00000013
884,3,000002d8,00000013
890,3,000002dc,00110123
896,3,000002e0,00210f03
900,3,000002e4,fcc00e93
904,3,000002e8,21df1463
908,3,000002ec,00120213
912,3,000002f0,00200293
916,3,000002f4,fc521ae3
920,3,000002f8,00f00193
924,3,000002fc,00000213
928,3,00000300,fbc00093
932,3,00000304,00000013
936,3,00000308,00002117
940,3,0000030c,cf810113
946,3,00000310,001101a3
952,3,00000314,00310f03
956,3,00000318,fbc00e93
960,3,0000031c,1ddf1a63
964,3,00000320,00120213
968,3,00000324,00200293
972,3,00000328,fc521ce3
980,3,00000300,fbc00093
984,3,00000304,00000013
988,3,00000308,00002117
992,3,0000030c,cf810113
998,3,00000310,001101a3
1004,3,00000314,00310f03
1008,3,00000318,fbc00e93
1012,3,0000031c,1ddf1a63
1016,3,00000320,00120213
1020,3,00000324,00200293
1024,3,00000328,fc521ce3
1028,3,0000032c,01000193
1032,3,00000330,00000213
1036,3,00000334,fbb00093
1040,3,00000338,00000013
1044,3,0000033c,00002117
1048,3,00000340,cc410113
1052,3,00000344,00000013
1058,3,00000348,00110223
1064,3,0000034c,00410f03
1068,3,00000350,fbb00e93
1072,3,00000354,19df1e63
1076,3,00000358,00120213
1080,3,0000035c,00200293
1084,3,00000360,fc521ae3
1092,3,00000334,fbb00093
1096,3,00000338,00000013
1100,3,0000033c,00002117
1104,3,00000340,cc410113
1108,3,00000344,00000013
1114,3,00000348,00110223
1120,3,0000034c,00410f03
1124,3,00000350,fbb00e93
1128,3,00000354,19df1e63
1132,3,00000358,00120213
1136,3,0000035c,00200293
1140,3,00000360,fc521ae3
1144,3,00000364,01100193
1148,3,00000368,00000213
1152,3,0000036c,fab00093
1156,3,00000370,00000013
1160,3,00000374,00000013
1164,3,00000378,00002117
1168,3,0000037c,c8810113
1174,3,00000380,001102a3
1180,3,00000384,00510f03
1184,3,00000388,fab00e93
1188,3,0000038c,17df1263
1192,3,00000390,00120213
1196,3,00000394,00200293
1200,3,00000398,fc521ae3
1208,3,0000036c,fab00093
1212,3,00000370,00000013
1216,3,00000374,00000013
1220,3,00000378,00002117
1224,3,0000037c,c8810113
1230,3,00000380,001102a3
1236,3,00000384,00510f03
1240,3,00000388,fab00e93
1244,3,0000038c,17df1263
1248,3,00000390,00120213
1252,3,00000394,00200293
1256,3,00000398,fc521ae3
1260,3,0000039c,01200193
1264,3,000003a0,00000213
1268,3,000003a4,00002117
1272,3,000003a8,c5c10113
1276,3,000003ac,03300093
1282,3,000003b0,00110023
1288,3,000003b4,00010f03
1292,3,000003b8,03300e93
1296,3,000003bc,13df1a63
1300,3,000003c0,00120213
1304,3,000003c4,00200293
1308,3,000003c8,fc521ee3
1316,3,000003a4,00002117
1320,3,000003a8,c5c10113
1324,3,000003ac,03300093
1330,3,000003b0,00110023
1336,3,000003b4,00010f03
1340,3,000003b8,03300e93
1344,3,000003bc,13df1a63
1348,3,000003c0,00120213
1352,3,000003c4,00200293
1356,3,000003c8,fc521ee3
1360,3,000003cc,01300193
1364,3,000003d0,00000213
1368,3,000003d4,00002117
1372,3,000003d8,c2c10113
1376,3,000003dc,02300093
1380,3,000003e0,00000013
1386,3,000003e4,001100a3
1392,3,000003e8,00110f03
1396,3,000003ec,02300e93
1400,3,000003f0,11df1063
1404,3,000003f4,00120213
1408,3,000003f8,00200293
1412,3,000003fc,fc521ce3
1420,3,000003d4,00002117
1424,3,000003d8,c2c10113
1428,3,000003dc,02300093
1432,3,000003e0,00000013
1438,3,000003e4,001100a3
1444,3,000003e8,00110f03
1448,3,000003ec,02300e93
1452,3,000003f0,11df1063
1456,3,000003f4,00120213
1460,3,000003f8,00200293
1464,3,000003fc,fc521ce3
1468,3,00000400,01400193
1472,3,00000404,00000213
1476,3,00000408,00002117
1480,3,0000040c,bf810113
1484,3,00000410,02200093
1488,3,00000414,00000013
1492,3,00000418,00000013
1498,3,0000041c,00110123
1504,3,00000420,00210f03
1508,3,00000424,02200e93
1512,3,00000428,0ddf1463
1516,3,0000042c,00120213
1520,3,00000430,00200293
1524,3,00000434,fc521ae3
1532,3,00000408,00002117
1536,3,0000040c,bf810113
1540,3,00000410,02200093
1544,3,00000414,00000013
1548,3,00000418,00000013
1554,3,0000041c,00110123
1560,3,00000420,00210f03
1564,3,00000424,02200e93
1568,3,00000428,0ddf1463
1572,3,0000042c,00120213
1576,3,00000430,00200293
1580,3,00000434,fc521ae3
1584,3,00000438,01500193
1588,3,0000043c,00000213
1592,3,00000440,00002117
1596,3,00000444,bc010113
1600,3,00000448,00000013
1604,3,0000044c,01200093
1610,3,00000450,001101a3
1616,3,00000454,00310f03
1620,3,00000458,01200e93
1624,3,0000045c,09df1a63
1628,3,00000460,00120213
1632,3,00000464,00200293
1636,3,00000468,fc521ce3
1644,3,00000440,00002117
1648,3,00000444,bc010113
1652,3,00000448,00000013
1656,3,0000044c,01200093
1662,3,00000450,001101a3
1668,3,00000454,00310f03
1672,3,00000458,01200e93
1676,3,0000045c,09df1a63
1680,3,00000460,00120213
1684,3,00000464,00200293
1688,3,00000468,fc521ce3
1692,3,0000046c,01600193
1696,3,00000470,00000213
1700,3,00000474,00002117
1704,3,00000478,b8c10113
1708,3,0000047c,00000013
1712,3,00000480,01100093
1716,3,00000484,00000013
1722,3,00000488,00110223
1728,3,0000048c,00410f03
1732,3,00000490,01100e93
1736,3,00000494,05df1e63
1740,3,00000498,00120213
1744,3,0000049c,00200293
1748,3,000004a0,fc521ae3
1756,3,00000474,00002117
1760,3,00000478,b8c10113
1764,3,0000047c,00000013
1768,3,00000480,01100093
1772,3,00000484,00000013
1778,3,00000488,00110223
1784,3,0000048c,00410f03
1788,3,00000490,01100e93
1792,3,00000494,05df1e63
1796,3,00000498,00120213
1800,3,0000049c,00200293
1804,3,000004a0,fc521ae3
1808,3,000004a4,01700193
1812,3,000004a8,00000213
1816,3,000004ac,00002117
1820,3,000004b0,b5410113
1824,3,000004b4,00000013
1828,3,000004b8,00000013
1832,3,000004bc,00100093
1838,3,000004c0,001102a3
1844,3,000004c4,00510f03
1848,3,000004c8,00100e93
1852,3,000004cc,03df1263
1856,3,000004d0,00120213
1860,3,000004d4,00200293
1864,3,000004d8,fc521ae3
1872,3,000004ac,00002117
1876,3,000004b0,b5410113
1880,3,000004b4,00000013
1884,3,000004b8,00000013
1888,3,000004bc,00100093
1894,3,000004c0,001102a3
1900,3,000004c4,00510f03
1904,3,000004c8,00100e93
1908,3,000004cc,03df1263
1912,3,000004d0,00120213
1916,3,000004d4,00200293
1920,3,000004d8,fc521ae3
1924,3,000004dc,0ef00513
1928,3,000004e0,00002597
1932,3,000004e4,b2058593
1938,3,000004e8,00a581a3
1942,3,000004ec,00301c63
1950,3,00000504,0ff0000f
1954,3,00000508,00100193
1958,3,0000050c,00000073
1966,3,00000004,34202f73
1970,3,00000008,00800f93
1974,3,0000000c,03ff0a63
1978,3,00000010,00900f93
1982,3,00000014,03ff0663
1986,3,00000018,00b00f93
1990,3,0000001c,03ff0263
1998,3,00000040,00001f17
2004,3,00000044,fc3f2023
2008,3,00000048,ff9ff06f
2016,3,00000040,00001f17
2022,3,00000044,fc3f2023
2026,3,00000048,ff9ff06f
2034,3,00000040,00001f17
2040,3,00000044,fc3f2023
2044,3,00000048,ff9ff06f
2052,3,00000040,00001f17
2058,3,00000044,fc3f2023
2062,3,00000048,ff9ff06f
2070,3,00000040,00001f17
2076,3,00000044,fc3f2023
2080,3,00000048,ff9ff06f
2088,3,00000040,00001f17
2094,3,00000044,fc3f2023
2098,3,00000048,ff9ff06f
2106,3,00000040,00001f17
2112,3,00000044,fc3f2023
2116,3,00000048,ff9ff06f
2124,3,00000040,00001f17
2130,3,00000044,fc3f2023
2134,3,00000048,ff9ff06f
2142,3,00000040,00001f17
2148,3,00000044,fc3f2023
2152,3,00000048,ff9ff06f
2160,3,00000040,00001f17
2166,3,00000044,fc3f2023
2170,3,00000048,ff9ff06f
2178,3,00000040,00001f17
2184,3,00000044,fc3f2023
2188,3,00000048,ff9ff06f
2196,3,00000040,00001f17
2202,3,00000044,fc3f2023
2206,3,00000048,ff9ff06f
2214,3,00000040,00001f17
2220,3,00000044,fc3f2023
2224,3,00000048,ff9ff06f
2232,3,00000040,00001f17
2238,3,00000044,fc3f2023
2242,3,00000048,ff9ff06f
2250,3,00000040,00001f17
2256,3,00000044,fc3f2023
2260,3,00000048,ff9ff06f
2268,3,00000040,00001f17
2274,3,00000044,fc3f2023
2278,3,00000048,ff9ff06f
2286,3,00000040,00001f17
2292,3,00000044,fc3f2023
2296,3,00000048,ff9ff06f
2304,3,00000040,00001f17
2310,3,00000044,fc3f2023
2314,3,00000048,ff9ff06f
2322,3,00000040,00001f17
2328,3,00000044,fc3f2023
2332,3,00000048,ff9ff06f
2340,3,00000040,00001f17
2346,3,00000044,fc3f2023
2350,3,00000048,ff9ff06f
2358,3,00000040,00001f17
2364,3,00000044,fc3f2023
2368,3,00000048,ff9ff06f
2376,3,00000040,00001f17
2382,3,00000044,fc3f2023
2386,3,00000048,ff9ff06f
2394,3,00000040,00001f17
2400,3,00000044,fc3f2023
2404,3,00000048,ff9ff06f
2412,3,00000040,00001f17
2418,3,00000044,fc3f2023
2422,3,00000048,ff9ff06f
2430,3,00000040,00001f17
2436,3,00000044,fc3f2023
2440,3,00000048,ff9ff06f
2448,3,00000040,00001f17
2454,3,00000044,fc3f2023
2458,3,00000048,ff9ff06f
2466,3,00000040,00001f17
2472,3,00000044,fc3f2023
2476,3,00000048,ff9ff06f
2484,3,00000040,00001f17
2490,3,00000044,fc3f2023
2494,3,00000048,ff9ff06f
2502,3,00000040,00001f17
2508,3,00000044,fc3f2023
2512,3,00000048,ff9ff06f
2520,3,00000040,00001f17
2526,3,00000044,fc3f2023
2530,3,00000048,ff9ff06f
2538,3,00000040,00001f17
2544,3,00000044,fc3f2023
2548,3,00000048,ff9ff06f
2556,3,00000040,00001f17
2562,3,00000044,fc3f2023
2566,3,00000048,ff9ff06f
2574,3,00000040,00001f17
2580,3,00000044,fc3f2023
2584,3,00000048,ff9ff06f
2592,3,00000040,00001f17
2598,3,00000044,fc3f2023
2602,3,00000048,ff9ff06f
2610,3,00000040,00001f17
2616,3,00000044,fc3f2023
2620,3,00000048,ff9ff06f
2628,3,00000040,00001f17
2634,3,00000044,fc3f2023
2638,3,00000048,ff9ff06f
2646,3,00000040,00001f17
2652,3,00000044,fc3f2023
2656,3,00000048,ff9ff06f
2664,3,00000040,00001f17
2670,3,00000044,fc3f2023
2674,3,00000048,ff9ff06f
2682,3,00000040,00001f17
2688,3,00000044,fc3f2023
2692,3,00000048,ff9ff06f
2700,3,00000040,00001f17
2706,3,00000044,fc3f2023
2710,3,00000048,ff9ff06f
2718,3,00000040,00001f17
2724,3,00000044,fc3f2023
2728,3,00000048,ff9ff06f
2736,3,00000040,00001f17
2742,3,00000044,fc3f2023
2746,3,00000048,ff9ff06f
2754,3,00000040,00001f17
2760,3,00000044,fc3f2023
2764,3,00000048,ff9ff06f
2772,3,00000040,00001f17
2778,3,00000044,fc3f2023
2782,3,00000048,ff9ff06f
2790,3,00000040,00001f17
2796,3,00000044,fc3f2023
2800,3,00000048,ff9ff06f
2808,3,00000040,00001f17
2814,3,00000044,fc3f2023
2818,3,00000048,ff9ff06f
2826,3,00000040,00001f17
2832,3,00000044,fc3f2023
2836,3,00000048,ff9ff06f
2844,3,00000040,00001f17
2850,3,00000044,fc3f2023
2854,3,00000048,ff9ff06f
2862,3,00000040,00001f17
2868,3,00000044,fc3f2023
2872,3,00000048,ff9ff06f
2880,3,00000040,00001f17
2886,3,00000044,fc3f2023
2890,3,00000048,ff9ff06f
2898,3,00000040,00001f17
2904,3,00000044,fc3f2023
2908,3,00000048,ff9ff06f
2916,3,00000040,00001f17
2922,3,00000044,fc3f2023
2926,3,00000048,ff9ff06f
2934,3,00000040,00001f17
2940,3,00000044,fc3f2023
2944,3,00000048,ff9ff06f
2952,3,00000040,00001f17
2958,3,00000044,fc3f2023
2962,3,00000048,ff9ff06f
2970,3,00000040,00001f17
2976,3,00000044,fc3f2023
2980,3,00000048,ff9ff06f
2988,3,00000040,00001f17
2994,3,00000044,fc3f2023
2998,3,00000048,ff9ff06f
