44,3,00000000,04c0006f
52,3,0000004c,f1402573
56,3,00000050,00051063
60,3,00000054,30102573
64,3,00000058,00055863
72,3,00000068,00000e13
76,3,0000006c,00000297
80,3,00000070,f9828293
84,3,00000074,30529073
88,3,00000078,30205073
92,3,0000007c,30305073
96,3,00000080,30405073
100,3,00000084,00000297
104,3,00000088,f7c28293
108,3,0000008c,00028c63
116,3,000000a4,30005073
120,3,000000a8,00000297
124,3,000000ac,01428293
128,3,000000b0,34129073
132,3,000000b4,f1402573
136,3,000000b8,30200073
144,3,000000bc,00002097
148,3,000000c0,f4408093
152,3,000000c4,0aa00113
158,3,000000c8,00209023
164,3,000000cc,00009183
168,3,000000d0,0aa00e93
172,3,000000d4,00200e13
176,3,000000d8,45d19e63
180,3,000000dc,00002097
184,3,000000e0,f2408093
188,3,000000e4,ffffb137
192,3,000000e8,a0010113
198,3,000000ec,00209123
204,3,000000f0,00209183
208,3,000000f4,ffffbeb7
212,3,000000f8,a00e8e93
216,3,000000fc,00300e13
220,3,00000100,43d19a63
224,3,00000104,00002097
228,3,00000108,efc08093
232,3,0000010c,beef1137
236,3,00000110,aa010113
242,3,00000114,00209223
248,3,00000118,0040a183
252,3,0000011c,beef1eb7
256,3,00000120,aa0e8e93
260,3,00000124,00400e13
264,3,00000128,41d19663
268,3,0000012c,00002097
272,3,00000130,ed408093
276,3,00000134,ffffa137
280,3,00000138,00a10113
286,3,0000013c,00209323
292,3,00000140,00609183
296,3,00000144,ffffaeb7
300,3,00000148,00ae8e93
304,3,0000014c,00500e13
308,3,00000150,3fd19263
312,3,00000154,00002097
316,3,00000158,eba08093
320,3,0000015c,0aa00113
326,3,00000160,fe209d23
332,3,00000164,ffa09183
336,3,00000168,0aa00e93
340,3,0000016c,00600e13
344,3,00000170,3dd19263
348,3,00000174,00002097
352,3,00000178,e9a08093
356,3,0000017c,ffffb137
360,3,00000180,a0010113
366,3,00000184,fe209e23
372,3,00000188,ffc09183
376,3,0000018c,ffffbeb7
380,3,00000190,a00e8e93
384,3,00000194,00700e13
388,3,00000198,39d19e63
392,3,0000019c,00002097
396,3,000001a0,e7208093
400,3,000001a4,00001137
404,3,000001a8,aa010113
410,3,000001ac,fe209f23
416,3,000001b0,ffe09183
420,3,000001b4,00001eb7
424,3,000001b8,aa0e8e93
428,3,000001bc,00800e13
432,3,000001c0,37d19a63
436,3,000001c4,00002097
440,3,000001c8,e4a08093
444,3,000001cc,ffffa137
448,3,000001d0,00a10113
454,3,000001d4,00209023
460,3,000001d8,00009183
464,3,000001dc,ffffaeb7
468,3,000001e0,00ae8e93
472,3,000001e4,00900e13
476,3,000001e8,35d19663
480,3,000001ec,00002097
484,3,000001f0,e2408093
488,3,000001f4,12345137
492,3,000001f8,67810113
496,3,000001fc,fe008213
502,3,00000200,02221023
508,3,00000204,00009183
512,3,00000208,00005eb7
516,3,0000020c,678e8e93
520,3,00000210,00a00e13
524,3,00000214,33d19063
528,3,00000218,00002097
532,3,0000021c,df808093
536,3,00000220,00003137
540,3,00000224,09810113
544,3,00000228,ffb08093
550,3,0000022c,002093a3
554,3,00000230,00002217
558,3,00000234,de220213
564,3,00000238,00021183
568,3,0000023c,00003eb7
572,3,00000240,098e8e93
576,3,00000244,00b00e13
580,3,00000248,2fd19663
584,3,0000024c,00c00e13
588,3,00000250,00000213
592,3,00000254,ffffd0b7
596,3,00000258,cdd08093
600,3,0000025c,00002117
604,3,00000260,da410113
610,3,00000264,00111023
616,3,00000268,00011183
620,3,0000026c,ffffdeb7
624,3,00000270,cdde8e93
628,3,00000274,2dd19063
632,3,00000278,00120213
636,3,0000027c,00200293
640,3,00000280,fc521ae3
648,3,00000254,ffffd0b7
652,3,00000258,cdd08093
656,3,0000025c,00002117
660,3,00000260,da410113
666,3,00000264,00111023
672,3,00000268,00011183
676,3,0000026c,ffffdeb7
680,3,00000270,cdde8e93
684,3,00000274,2dd19063
688,3,00000278,00120213
692,3,0000027c,00200293
696,3,00000280,fc521ae3
700,3,00000284,00d00e13
704,3,00000288,00000213
708,3,0000028c,ffffc0b7
712,3,00000290,ccd08093
716,3,00000294,00002117
720,3,00000298,d6c10113
724,3,0000029c,00000013
730,3,000002a0,00111123
736,3,000002a4,00211183
740,3,000002a8,ffffceb7
744,3,000002ac,ccde8e93
748,3,000002b0,29d19263
752,3,000002b4,00120213
756,3,000002b8,00200293
760,3,000002bc,fc5218e3
768,3,0000028c,ffffc0b7
772,3,00000290,ccd08093
776,3,00000294,00002117
780,3,00000298,d6c10113
784,3,0000029c,00000013
790,3,000002a0,00111123
796,3,000002a4,00211183
800,3,000002a8,ffffceb7
804,3,000002ac,ccde8e93
808,3,000002b0,29d19263
812,3,000002b4,00120213
816,3,000002b8,00200293
820,3,000002bc,fc5218e3
824,3,000002c0,00e00e13
828,3,000002c4,00000213
832,3,000002c8,ffffc0b7
836,3,000002cc,bcc08093
840,3,000002d0,00002117
844,3,000002d4,d3010113
848,3,000002d8,00000013
852,3,000002dc,00000013
858,3,000002e0,00111223
864,3,000002e4,00411183
868,3,000002e8,ffffceb7
872,3,000002ec,bcce8e93
876,3,000002f0,25d19263
880,3,000002f4,00120213
884,3,000002f8,00200293
888,3,000002fc,fc5216e3
896,3,000002c8,ffffc0b7
900,3,000002cc,bcc08093
904,3,000002d0,00002117
908,3,000002d4,d3010113
912,3,000002d8,00000013
916,3,000002dc,00000013
922,3,000002e0,00111223
928,3,000002e4,00411183
932,3,000002e8,ffffceb7
936,3,000002ec,bcce8e93
940,3,000002f0,25d19263
944,3,000002f4,00120213
948,3,000002f8,00200293
952,3,000002fc,fc5216e3
956,3,00000300,00f00e13
960,3,00000304,00000213
964,3,00000308,ffffb0b7
968,3,0000030c,bbc08093
972,3,00000310,00000013
976,3,00000314,00002117
980,3,00000318,cec10113
986,3,0000031c,00111323
992,3,00000320,00611183
996,3,00000324,ffffbeb7
1000,3,00000328,bbce8e93
1004,3,0000032c,21d19463
1008,3,00000330,00120213
1012,3,00000334,00200293
1016,3,00000338,fc5218e3
1024,3,00000308,ffffb0b7
1028,3,0000030c,bbc08093
1032,3,00000310,00000013
1036,3,00000314,00002117
1040,3,00000318,cec10113
1046,3,0000031c,00111323
1052,3,00000320,00611183
1056,3,00000324,ffffbeb7
1060,3,00000328,bbce8e93
1064,3,0000032c,21d19463
1068,3,00000330,00120213
1072,3,00000334,00200293
1076,3,00000338,fc5218e3
1080,3,0000033c,01000e13
1084,3,00000340,00000213
1088,3,00000344,ffffb0b7
1092,3,00000348,abb08093
1096,3,0000034c,00000013
1100,3,00000350,00002117
1104,3,00000354,cb010113
1108,3,00000358,00000013
1114,3,0000035c,00111423
1120,3,00000360,00811183
1124,3,00000364,ffffbeb7
1128,3,00000368,abbe8e93
1132,3,0000036c,1dd19463
1136,3,00000370,00120213
1140,3,00000374,00200293
1144,3,00000378,fc5216e3
1152,3,00000344,ffffb0b7
1156,3,00000348,abb08093
1160,3,0000034c,00000013
1164,3,00000350,00002117
1168,3,00000354,cb010113
1172,3,00000358,00000013
1178,3,0000035c,00111423
1184,3,00000360,00811183
1188,3,00000364,ffffbeb7
1192,3,00000368,abbe8e93
1196,3,0000036c,1dd19463
1200,3,00000370,00120213
1204,3,00000374,00200293
1208,3,00000378,fc5216e3
1212,3,0000037c,01100e13
1216,3,00000380,00000213
1220,3,00000384,ffffe0b7
1224,3,00000388,aab08093
1228,3,0000038c,00000013
1232,3,00000390,00000013
1236,3,00000394,00002117
1240,3,00000398,c6c10113
1246,3,0000039c,00111523
1252,3,000003a0,00a11183
1256,3,000003a4,ffffeeb7
1260,3,000003a8,aabe8e93
1264,3,000003ac,19d19463
1268,3,000003b0,00120213
1272,3,000003b4,00200293
1276,3,000003b8,fc5216e3
1284,3,00000384,ffffe0b7
1288,3,00000388,aab08093
1292,3,0000038c,00000013
1296,3,00000390,00000013
1300,3,00000394,00002117
1304,3,00000398,c6c10113
1310,3,0000039c,00111523
1316,3,000003a0,00a11183
1320,3,000003a4,ffffeeb7
1324,3,000003a8,aabe8e93
1328,3,000003ac,19d19463
1332,3,000003b0,00120213
1336,3,000003b4,00200293
1340,3,000003b8,fc5216e3
1344,3,000003bc,01200e13
1348,3,000003c0,00000213
1352,3,000003c4,00002117
1356,3,000003c8,c3c10113
1360,3,000003cc,000020b7
1364,3,000003d0,23308093
1370,3,000003d4,00111023
1376,3,000003d8,00011183
1380,3,000003dc,00002eb7
1384,3,000003e0,233e8e93
1388,3,000003e4,15d19863
1392,3,000003e8,00120213
1396,3,000003ec,00200293
1400,3,000003f0,fc521ae3
1408,3,000003c4,00002117
1412,3,000003c8,c3c10113
1416,3,000003cc,000020b7
1420,3,000003d0,23308093
1426,3,000003d4,00111023
1432,3,000003d8,00011183
1436,3,000003dc,00002eb7
1440,3,000003e0,233e8e93
1444,3,000003e4,15d19863
1448,3,000003e8,00120213
1452,3,000003ec,00200293
1456,3,000003f0,fc521ae3
1460,3,000003f4,01300e13
1464,3,000003f8,00000213
1468,3,000003fc,00002117
1472,3,00000400,c0410113
1476,3,00000404,000010b7
1480,3,00000408,22308093
1484,3,0000040c,00000013
1490,3,00000410,00111123
1496,3,00000414,00211183
1500,3,00000418,00001eb7
1504,3,0000041c,223e8e93
1508,3,00000420,11d19a63
1512,3,00000424,00120213
1516,3,00000428,00200293
1520,3,0000042c,fc5218e3
1528,3,000003fc,00002117
1532,3,00000400,c0410113
1536,3,00000404,000010b7
1540,3,00000408,22308093
1544,3,0000040c,00000013
1550,3,00000410,00111123
1556,3,00000414,00211183
1560,3,00000418,00001eb7
1564,3,0000041c,223e8e93
1568,3,00000420,11d19a63
1572,3,00000424,00120213
1576,3,00000428,00200293
1580,3,0000042c,fc5218e3
1584,3,00000430,01400e13
1588,3,00000434,00000213
1592,3,00000438,00002117
1596,3,0000043c,bc810113
1600,3,00000440,000010b7
1604,3,00000444,12208093
1608,3,00000448,00000013
1612,3,0000044c,00000013
1618,3,00000450,00111223
1624,3,00000454,00411183
1628,3,00000458,00001eb7
1632,3,0000045c,122e8e93
1636,3,00000460,0dd19a63
1640,3,00000464,00120213
1644,3,00000468,00200293
1648,3,0000046c,fc5216e3
1656,3,00000438,00002117
1660,3,0000043c,bc810113
1664,3,00000440,000010b7
1668,3,00000444,12208093
1672,3,00000448,00000013
1676,3,0000044c,00000013
1682,3,00000450,00111223
1688,3,00000454,00411183
1692,3,00000458,00001eb7
1696,3,0000045c,122e8e93
1700,3,00000460,0dd19a63
1704,3,00000464,00120213
1708,3,00000468,00200293
1712,3,0000046c,fc5216e3
1716,3,00000470,01500e13
1720,3,00000474,00000213
1724,3,00000478,00002117
1728,3,0000047c,b8810113
1732,3,00000480,00000013
1736,3,00000484,11200093
1742,3,00000488,00111323
1748,3,0000048c,00611183
1752,3,00000490,11200e93
1756,3,00000494,0bd19063
1760,3,00000498,00120213
1764,3,0000049c,00200293
1768,3,000004a0,fc521ce3
1776,3,00000478,00002117
1780,3,0000047c,b8810113
1784,3,00000480,00000013
1788,3,00000484,11200093
1794,3,00000488,00111323
1800,3,0000048c,00611183
1804,3,00000490,11200e93
1808,3,00000494,0bd19063
1812,3,00000498,00120213
1816,3,0000049c,00200293
1820,3,000004a0,fc521ce3
1824,3,000004a4,01600e13
1828,3,000004a8,00000213
1832,3,000004ac,00002117
1836,3,000004b0,b5410113
1840,3,000004b4,00000013
1844,3,000004b8,01100093
1848,3,000004bc,00000013
1854,3,000004c0,00111423
1860,3,000004c4,00811183
1864,3,000004c8,01100e93
1868,3,000004cc,07d19463
1872,3,000004d0,00120213
1876,3,000004d4,00200293
1880,3,000004d8,fc521ae3
1888,3,000004ac,00002117
1892,3,000004b0,b5410113
1896,3,000004b4,00000013
1900,3,000004b8,01100093
1904,3,000004bc,00000013
1910,3,000004c0,00111423
1916,3,000004c4,00811183
1920,3,000004c8,01100e93
1924,3,000004cc,07d19463
1928,3,000004d0,00120213
1932,3,000004d4,00200293
1936,3,000004d8,fc521ae3
1940,3,000004dc,01700e13
1944,3,000004e0,00000213
1948,3,000004e4,00002117
1952,3,000004e8,b1c10113
1956,3,000004ec,00000013
1960,3,000004f0,00000013
1964,3,000004f4,000030b7
1968,3,000004f8,00108093
1974,3,000004fc,00111523
1980,3,00000500,00a11183
1984,3,00000504,00003eb7
1988,3,00000508,001e8e93
1992,3,0000050c,03d19463
1996,3,00000510,00120213
2000,3,00000514,00200293
2004,3,00000518,fc5216e3
2012,3,000004e4,00002117
2016,3,000004e8,b1c10113
2020,3,000004ec,00000013
2024,3,000004f0,00000013
2028,3,000004f4,000030b7
2032,3,000004f8,00108093
2038,3,000004fc,00111523
2044,3,00000500,00a11183
2048,3,00000504,00003eb7
2052,3,00000508,001e8e93
2056,3,0000050c,03d19463
2060,3,00000510,00120213
2064,3,00000514,00200293
2068,3,00000518,fc5216e3
2072,3,0000051c,0000c537
2076,3,00000520,eef50513
2080,3,00000524,00002597
2084,3,00000528,adc58593
2090,3,0000052c,00a59323
2094,3,00000530,01c01c63
2102,3,00000548,0ff0000f
2106,3,0000054c,00100e13
2110,3,00000550,00000073
2118,3,00000004,34202f73
2122,3,00000008,00800f93
2126,3,0000000c,03ff0a63
2130,3,00000010,00900f93
2134,3,00000014,03ff0663
2138,3,00000018,00b00f93
2142,3,0000001c,03ff0263
2150,3,00000040,00001f17
2156,3,00000044,fdcf2023
2160,3,00000048,ff9ff06f
2168,3,00000040,00001f17
2174,3,00000044,fdcf2023
2178,3,00000048,ff9ff06f
2186,3,00000040,00001f17
2192,3,00000044,fdcf2023
2196,3,00000048,ff9ff06f
2204,3,00000040,00001f17
2210,3,00000044,fdcf2023
2214,3,00000048,ff9ff06f
2222,3,00000040,00001f17
2228,3,00000044,fdcf2023
2232,3,00000048,ff9ff06f
2240,3,00000040,00001f17
2246,3,00000044,fdcf2023
2250,3,00000048,ff9ff06f
2258,3,00000040,00001f17
2264,3,00000044,fdcf2023
2268,3,00000048,ff9ff06f
2276,3,00000040,00001f17
2282,3,00000044,fdcf2023
2286,3,00000048,ff9ff06f
2294,3,00000040,00001f17
2300,3,00000044,fdcf2023
2304,3,00000048,ff9ff06f
2312,3,00000040,00001f17
2318,3,00000044,fdcf2023
2322,3,00000048,ff9ff06f
2330,3,00000040,00001f17
2336,3,00000044,fdcf2023
2340,3,00000048,ff9ff06f
2348,3,00000040,00001f17
2354,3,00000044,fdcf2023
2358,3,00000048,ff9ff06f
2366,3,00000040,00001f17
2372,3,00000044,fdcf2023
2376,3,00000048,ff9ff06f
2384,3,00000040,00001f17
2390,3,00000044,fdcf2023
2394,3,00000048,ff9ff06f
2402,3,00000040,00001f17
2408,3,00000044,fdcf2023
2412,3,00000048,ff9ff06f
2420,3,00000040,00001f17
2426,3,00000044,fdcf2023
2430,3,00000048,ff9ff06f
2438,3,00000040,00001f17
2444,3,00000044,fdcf2023
2448,3,00000048,ff9ff06f
2456,3,00000040,00001f17
2462,3,00000044,fdcf2023
2466,3,00000048,ff9ff06f
2474,3,00000040,00001f17
2480,3,00000044,fdcf2023
2484,3,00000048,ff9ff06f
2492,3,00000040,00001f17
2498,3,00000044,fdcf2023
2502,3,00000048,ff9ff06f
2510,3,00000040,00001f17
2516,3,00000044,fdcf2023
2520,3,00000048,ff9ff06f
2528,3,00000040,00001f17
2534,3,00000044,fdcf2023
2538,3,00000048,ff9ff06f
2546,3,00000040,00001f17
2552,3,00000044,fdcf2023
2556,3,00000048,ff9ff06f
2564,3,00000040,00001f17
2570,3,00000044,fdcf2023
2574,3,00000048,ff9ff06f
2582,3,00000040,00001f17
2588,3,00000044,fdcf2023
2592,3,00000048,ff9ff06f
2600,3,00000040,00001f17
2606,3,00000044,fdcf2023
2610,3,00000048,ff9ff06f
2618,3,00000040,00001f17
2624,3,00000044,fdcf2023
2628,3,00000048,ff9ff06f
2636,3,00000040,00001f17
2642,3,00000044,fdcf2023
2646,3,00000048,ff9ff06f
2654,3,00000040,00001f17
2660,3,00000044,fdcf2023
2664,3,00000048,ff9ff06f
2672,3,00000040,00001f17
2678,3,00000044,fdcf2023
2682,3,00000048,ff9ff06f
2690,3,00000040,00001f17
2696,3,00000044,fdcf2023
2700,3,00000048,ff9ff06f
2708,3,00000040,00001f17
2714,3,00000044,fdcf2023
2718,3,00000048,ff9ff06f
2726,3,00000040,00001f17
2732,3,00000044,fdcf2023
2736,3,00000048,ff9ff06f
2744,3,00000040,00001f17
2750,3,00000044,fdcf2023
2754,3,00000048,ff9ff06f
2762,3,00000040,00001f17
2768,3,00000044,fdcf2023
2772,3,00000048,ff9ff06f
2780,3,00000040,00001f17
2786,3,00000044,fdcf2023
2790,3,00000048,ff9ff06f
2798,3,00000040,00001f17
2804,3,00000044,fdcf2023
2808,3,00000048,ff9ff06f
2816,3,00000040,00001f17
2822,3,00000044,fdcf2023
2826,3,00000048,ff9ff06f
2834,3,00000040,00001f17
2840,3,00000044,fdcf2023
2844,3,00000048,ff9ff06f
2852,3,00000040,00001f17
2858,3,00000044,fdcf2023
2862,3,00000048,ff9ff06f
2870,3,00000040,00001f17
2876,3,00000044,fdcf2023
2880,3,00000048,ff9ff06f
2888,3,00000040,00001f17
2894,3,00000044,fdcf2023
2898,3,00000048,ff9ff06f
2906,3,00000040,00001f17
2912,3,00000044,fdcf2023
2916,3,00000048,ff9ff06f
2924,3,00000040,00001f17
2930,3,00000044,fdcf2023
2934,3,00000048,ff9ff06f
2942,3,00000040,00001f17
2948,3,00000044,fdcf2023
2952,3,00000048,ff9ff06f
2960,3,00000040,00001f17
2966,3,00000044,fdcf2023
2970,3,00000048,ff9ff06f
2978,3,00000040,00001f17
2984,3,00000044,fdcf2023
2988,3,00000048,ff9ff06f
2996,3,00000040,00001f17
3002,3,00000044,fdcf2023
3006,3,00000048,ff9ff06f
3014,3,00000040,00001f17
3020,3,00000044,fdcf2023
3024,3,00000048,ff9ff06f
3032,3,00000040,00001f17
3038,3,00000044,fdcf2023
3042,3,00000048,ff9ff06f
3050,3,00000040,00001f17
3056,3,00000044,fdcf2023
3060,3,00000048,ff9ff06f
3068,3,00000040,00001f17
3074,3,00000044,fdcf2023
3078,3,00000048,ff9ff06f
3086,3,00000040,00001f17
3092,3,00000044,fdcf2023
3096,3,00000048,ff9ff06f
3104,3,00000040,00001f17
3110,3,00000044,fdcf2023
3114,3,00000048,ff9ff06f
3122,3,00000040,00001f17
3128,3,00000044,fdcf2023
3132,3,00000048,ff9ff06f
3140,3,00000040,00001f17
3146,3,00000044,fdcf2023
3150,3,00000048,ff9ff06f
3158,3,00000040,00001f17
3164,3,00000044,fdcf2023
3168,3,00000048,ff9ff06f
3176,3,00000040,00001f17
3182,3,00000044,fdcf2023
3186,3,00000048,ff9ff06f
3194,3,00000040,00001f17
3200,3,00000044,fdcf2023
3204,3,00000048,ff9ff06f
3212,3,00000040,00001f17
3218,3,00000044,fdcf2023
3222,3,00000048,ff9ff06f
3230,3,00000040,00001f17
3236,3,00000044,fdcf2023
3240,3,00000048,ff9ff06f
3248,3,00000040,00001f17
3254,3,00000044,fdcf2023
3258,3,00000048,ff9ff06f
3266,3,00000040,00001f17
3272,3,00000044,fdcf2023
3276,3,00000048,ff9ff06f
3284,3,00000040,00001f17
3290,3,00000044,fdcf2023
3294,3,00000048,ff9ff06f
3302,3,00000040,00001f17
3308,3,00000044,fdcf2023
3312,3,00000048,ff9ff06f
3320,3,00000040,00001f17
3326,3,00000044,fdcf2023
3330,3,00000048,ff9ff06f
3338,3,00000040,00001f17
3344,3,00000044,fdcf2023
3348,3,00000048,ff9ff06f
3356,3,00000040,00001f17
3362,3,00000044,fdcf2023
3366,3,00000048,ff9ff06f
3374,3,00000040,00001f17
3380,3,00000044,fdcf2023
3384,3,00000048,ff9ff06f
3392,3,00000040,00001f17
3398,3,00000044,fdcf2023
3402,3,00000048,ff9ff06f
3410,3,00000040,00001f17
3416,3,00000044,fdcf2023
3420,3,00000048,ff9ff06f
3428,3,00000040,00001f17
3434,3,00000044,fdcf2023
3438,3,00000048,ff9ff06f
3446,3,00000040,00001f17
3452,3,00000044,fdcf2023
3456,3,00000048,ff9ff06f
3464,3,00000040,00001f17
3470,3,00000044,fdcf2023
3474,3,00000048,ff9ff06f
3482,3,00000040,00001f17
3488,3,00000044,fdcf2023
3492,3,00000048,ff9ff06f
3500,3,00000040,00001f17
3506,3,00000044,fdcf2023
3510,3,00000048,ff9ff06f
3518,3,00000040,00001f17
3524,3,00000044,fdcf2023
3528,3,00000048,ff9ff06f
3536,3,00000040,00001f17
3542,3,00000044,fdcf2023
3546,3,00000048,ff9ff06f
3554,3,00000040,00001f17
3560,3,00000044,fdcf2023
3564,3,00000048,ff9ff06f
3572,3,00000040,00001f17
3578,3,00000044,fdcf2023
3582,3,00000048,ff9ff06f
3590,3,00000040,00001f17
3596,3,00000044,fdcf2023
3600,3,00000048,ff9ff06f
3608,3,00000040,00001f17
3614,3,00000044,fdcf2023
3618,3,00000048,ff9ff06f
3626,3,00000040,00001f17
3632,3,00000044,fdcf2023
3636,3,00000048,ff9ff06f
3644,3,00000040,00001f17
3650,3,00000044,fdcf2023
3654,3,00000048,ff9ff06f
3662,3,00000040,00001f17
3668,3,00000044,fdcf2023
3672,3,00000048,ff9ff06f
3680,3,00000040,00001f17
3686,3,00000044,fdcf2023
3690,3,00000048,ff9ff06f
3698,3,00000040,00001f17
3704,3,00000044,fdcf2023
3708,3,00000048,ff9ff06f
3716,3,00000040,00001f17
3722,3,00000044,fdcf2023
3726,3,00000048,ff9ff06f
3734,3,00000040,00001f17
3740,3,00000044,fdcf2023
3744,3,00000048,ff9ff06f
3752,3,00000040,00001f17
3758,3,00000044,fdcf2023
3762,3,00000048,ff9ff06f
3770,3,00000040,00001f17
3776,3,00000044,fdcf2023
3780,3,00000048,ff9ff06f
3788,3,00000040,00001f17
3794,3,00000044,fdcf2023
3798,3,00000048,ff9ff06f
3806,3,00000040,00001f17
3812,3,00000044,fdcf2023
3816,3,00000048,ff9ff06f
3824,3,00000040,00001f17
3830,3,00000044,fdcf2023
3834,3,00000048,ff9ff06f
3842,3,00000040,00001f17
3848,3,00000044,fdcf2023
3852,3,00000048,ff9ff06f
3860,3,00000040,00001f17
3866,3,00000044,fdcf2023
3870,3,00000048,ff9ff06f
3878,3,00000040,00001f17
3884,3,00000044,fdcf2023
3888,3,00000048,ff9ff06f
3896,3,00000040,00001f17
