44,3,00000000,04c0006f
52,3,0000004c,f1402573
56,3,00000050,00051063
60,3,00000054,30102573
64,3,00000058,00055863
72,3,00000068,00000e13
76,3,0000006c,00000297
80,3,00000070,f9828293
84,3,00000074,30529073
88,3,00000078,30205073
92,3,0000007c,30305073
96,3,00000080,30405073
100,3,00000084,00000297
104,3,00000088,f7c28293
108,3,0000008c,00028c63
116,3,000000a4,30005073
120,3,000000a8,00000297
124,3,000000ac,01428293
128,3,000000b0,34129073
132,3,000000b4,f1402573
136,3,000000b8,30200073
144,3,000000bc,000000b7
148,3,000000c0,00000e93
152,3,000000c4,00200e13
156,3,000000c8,05d09a63
160,3,000000cc,fffff0b7
164,3,000000d0,4010d093
168,3,000000d4,80000e93
172,3,000000d8,00300e13
176,3,000000dc,05d09063
180,3,000000e0,7ffff0b7
184,3,000000e4,4140d093
188,3,000000e8,7ff00e93
192,3,000000ec,00400e13
196,3,000000f0,03d09663
200,3,000000f4,800000b7
204,3,000000f8,4140d093
208,3,000000fc,80000e93
212,3,00000100,00500e13
216,3,00000104,01d09c63
220,3,00000108,80000037
224,3,0000010c,00000e93
228,3,00000110,00600e13
232,3,00000114,01d01463
236,3,00000118,01c01c63
244,3,00000130,0ff0000f
248,3,00000134,00100e13
252,3,00000138,00000073
260,3,00000004,34202f73
264,3,00000008,00800f93
268,3,0000000c,03ff0a63
272,3,00000010,00900f93
276,3,00000014,03ff0663
280,3,00000018,00b00f93
284,3,0000001c,03ff0263
292,3,00000040,00001f17
298,3,00000044,fdcf2023
302,3,00000048,ff9ff06f
310,3,00000040,00001f17
316,3,00000044,fdcf2023
320,3,00000048,ff9ff06f
328,3,00000040,00001f17
334,3,00000044,fdcf2023
338,3,00000048,ff9ff06f
346,3,00000040,00001f17
352,3,00000044,fdcf2023
356,3,00000048,ff9ff06f
364,3,00000040,00001f17
370,3,00000044,fdcf2023
374,3,00000048,ff9ff06f
382,3,00000040,00001f17
388,3,00000044,fdcf2023
392,3,00000048,ff9ff06f
400,3,00000040,00001f17
406,3,00000044,fdcf2023
410,3,00000048,ff9ff06f
418,3,00000040,00001f17
424,3,00000044,fdcf2023
428,3,00000048,ff9ff06f
436,3,00000040,00001f17
442,3,00000044,fdcf2023
446,3,00000048,ff9ff06f
454,3,00000040,00001f17
460,3,00000044,fdcf2023
464,3,00000048,ff9ff06f
472,3,00000040,00001f17
478,3,00000044,fdcf2023
482,3,00000048,ff9ff06f
490,3,00000040,00001f17
496,3,00000044,fdcf2023
500,3,00000048,ff9ff06f
508,3,00000040,00001f17
514,3,00000044,fdcf2023
518,3,00000048,ff9ff06f
526,3,00000040,00001f17
532,3,00000044,fdcf2023
536,3,00000048,ff9ff06f
544,3,00000040,00001f17
550,3,00000044,fdcf2023
554,3,00000048,ff9ff06f
562,3,00000040,00001f17
568,3,00000044,fdcf2023
572,3,00000048,ff9ff06f
580,3,00000040,00001f17
586,3,00000044,fdcf2023
590,3,00000048,ff9ff06f
598,3,00000040,00001f17
604,3,00000044,fdcf2023
608,3,00000048,ff9ff06f
616,3,00000040,00001f17
622,3,00000044,fdcf2023
626,3,00000048,ff9ff06f
634,3,00000040,00001f17
640,3,00000044,fdcf2023
644,3,00000048,ff9ff06f
652,3,00000040,00001f17
658,3,00000044,fdcf2023
662,3,00000048,ff9ff06f
670,3,00000040,00001f17
676,3,00000044,fdcf2023
680,3,00000048,ff9ff06f
688,3,00000040,00001f17
694,3,00000044,fdcf2023
698,3,00000048,ff9ff06f
706,3,00000040,00001f17
712,3,00000044,fdcf2023
716,3,00000048,ff9ff06f
724,3,00000040,00001f17
730,3,00000044,fdcf2023
734,3,00000048,ff9ff06f
742,3,00000040,00001f17
748,3,00000044,fdcf2023
752,3,00000048,ff9ff06f
760,3,00000040,00001f17
766,3,00000044,fdcf2023
770,3,00000048,ff9ff06f
778,3,00000040,00001f17
784,3,00000044,fdcf2023
788,3,00000048,ff9ff06f
796,3,00000040,00001f17
802,3,00000044,fdcf2023
806,3,00000048,ff9ff06f
814,3,00000040,00001f17
820,3,00000044,fdcf2023
824,3,00000048,ff9ff06f
832,3,00000040,00001f17
838,3,00000044,fdcf2023
842,3,00000048,ff9ff06f
850,3,00000040,00001f17
856,3,00000044,fdcf2023
860,3,00000048,ff9ff06f
868,3,00000040,00001f17
874,3,00000044,fdcf2023
878,3,00000048,ff9ff06f
886,3,00000040,00001f17
892,3,00000044,fdcf2023
896,3,00000048,ff9ff06f
904,3,00000040,00001f17
910,3,00000044,fdcf2023
914,3,00000048,ff9ff06f
922,3,00000040,00001f17
928,3,00000044,fdcf2023
932,3,00000048,ff9ff06f
940,3,00000040,00001f17
946,3,00000044,fdcf2023
950,3,00000048,ff9ff06f
958,3,00000040,00001f17
964,3,00000044,fdcf2023
968,3,00000048,ff9ff06f
976,3,00000040,00001f17
982,3,00000044,fdcf2023
986,3,00000048,ff9ff06f
994,3,00000040,00001f17
1000,3,00000044,fdcf2023
1004,3,00000048,ff9ff06f
1012,3,00000040,00001f17
1018,3,00000044,fdcf2023
1022,3,00000048,ff9ff06f
1030,3,00000040,00001f17
1036,3,00000044,fdcf2023
1040,3,00000048,ff9ff06f
1048,3,00000040,00001f17
1054,3,00000044,fdcf2023
1058,3,00000048,ff9ff06f
1066,3,00000040,00001f17
1072,3,00000044,fdcf2023
1076,3,00000048,ff9ff06f
1084,3,00000040,00001f17
1090,3,00000044,fdcf2023
1094,3,00000048,ff9ff06f
1102,3,00000040,00001f17
1108,3,00000044,fdcf2023
1112,3,00000048,ff9ff06f
1120,3,00000040,00001f17
1126,3,00000044,fdcf2023
1130,3,00000048,ff9ff06f
1138,3,00000040,00001f17
1144,3,00000044,fdcf2023
1148,3,00000048,ff9ff06f
1156,3,00000040,00001f17
1162,3,00000044,fdcf2023
1166,3,00000048,ff9ff06f
1174,3,00000040,00001f17
1180,3,00000044,fdcf2023
1184,3,00000048,ff9ff06f
1192,3,00000040,00001f17
1198,3,00000044,fdcf2023
1202,3,00000048,ff9ff06f
1210,3,00000040,00001f17
1216,3,00000044,fdcf2023
1220,3,00000048,ff9ff06f
1228,3,00000040,00001f17
1234,3,00000044,fdcf2023
1238,3,00000048,ff9ff06f
1246,3,00000040,00001f17
1252,3,00000044,fdcf2023
1256,3,00000048,ff9ff06f
1264,3,00000040,00001f17
1270,3,00000044,fdcf2023
1274,3,00000048,ff9ff06f
1282,3,00000040,00001f17
1288,3,00000044,fdcf2023
1292,3,00000048,ff9ff06f
1300,3,00000040,00001f17
1306,3,00000044,fdcf2023
1310,3,00000048,ff9ff06f
1318,3,00000040,00001f17
1324,3,00000044,fdcf2023
1328,3,00000048,ff9ff06f
1336,3,00000040,00001f17
1342,3,00000044,fdcf2023
1346,3,00000048,ff9ff06f
1354,3,00000040,00001f17
1360,3,00000044,fdcf2023
1364,3,00000048,ff9ff06f
1372,3,00000040,00001f17
1378,3,00000044,fdcf2023
1382,3,00000048,ff9ff06f
1390,3,00000040,00001f17
1396,3,00000044,fdcf2023
1400,3,00000048,ff9ff06f
1408,3,00000040,00001f17
1414,3,00000044,fdcf2023
1418,3,00000048,ff9ff06f
1426,3,00000040,00001f17
1432,3,00000044,fdcf2023
1436,3,00000048,ff9ff06f
1444,3,00000040,00001f17
1450,3,00000044,fdcf2023
1454,3,00000048,ff9ff06f
1462,3,00000040,00001f17
1468,3,00000044,fdcf2023
1472,3,00000048,ff9ff06f
1480,3,00000040,00001f17
1486,3,00000044,fdcf2023
1490,3,00000048,ff9ff06f
1498,3,00000040,00001f17
1504,3,00000044,fdcf2023
1508,3,00000048,ff9ff06f
1516,3,00000040,00001f17
1522,3,00000044,fdcf2023
1526,3,00000048,ff9ff06f
1534,3,00000040,00001f17
1540,3,00000044,fdcf2023
1544,3,00000048,ff9ff06f
1552,3,00000040,00001f17
1558,3,00000044,fdcf2023
1562,3,00000048,ff9ff06f
1570,3,00000040,00001f17
1576,3,00000044,fdcf2023
1580,3,00000048,ff9ff06f
1588,3,00000040,00001f17
1594,3,00000044,fdcf2023
1598,3,00000048,ff9ff06f
1606,3,00000040,00001f17
1612,3,00000044,fdcf2023
1616,3,00000048,ff9ff06f
1624,3,00000040,00001f17
1630,3,00000044,fdcf2023
1634,3,00000048,ff9ff06f
1642,3,00000040,00001f17
1648,3,00000044,fdcf2023
1652,3,00000048,ff9ff06f
1660,3,00000040,00001f17
1666,3,00000044,fdcf2023
1670,3,00000048,ff9ff06f
1678,3,00000040,00001f17
1684,3,00000044,fdcf2023
1688,3,00000048,ff9ff06f
1696,3,00000040,00001f17
1702,3,00000044,fdcf2023
1706,3,00000048,ff9ff06f
1714,3,00000040,00001f17
1720,3,00000044,fdcf2023
1724,3,00000048,ff9ff06f
1732,3,00000040,00001f17
1738,3,00000044,fdcf2023
1742,3,00000048,ff9ff06f
1750,3,00000040,00001f17
1756,3,00000044,fdcf2023
1760,3,00000048,ff9ff06f
1768,3,00000040,00001f17
1774,3,00000044,fdcf2023
1778,3,00000048,ff9ff06f
1786,3,00000040,00001f17
1792,3,00000044,fdcf2023
1796,3,00000048,ff9ff06f
1804,3,00000040,00001f17
1810,3,00000044,fdcf2023
1814,3,00000048,ff9ff06f
1822,3,00000040,00001f17
1828,3,00000044,fdcf2023
1832,3,00000048,ff9ff06f
1840,3,00000040,00001f17
1846,3,00000044,fdcf2023
1850,3,00000048,ff9ff06f
1858,3,00000040,00001f17
1864,3,00000044,fdcf2023
1868,3,00000048,ff9ff06f
1876,3,00000040,00001f17
1882,3,00000044,fdcf2023
1886,3,00000048,ff9ff06f
1894,3,00000040,00001f17
1900,3,00000044,fdcf2023
1904,3,00000048,ff9ff06f
1912,3,00000040,00001f17
1918,3,00000044,fdcf2023
1922,3,00000048,ff9ff06f
1930,3,00000040,00001f17
1936,3,00000044,fdcf2023
1940,3,00000048,ff9ff06f
1948,3,00000040,00001f17
1954,3,00000044,fdcf2023
1958,3,00000048,ff9ff06f
1966,3,00000040,00001f17
1972,3,00000044,fdcf2023
1976,3,00000048,ff9ff06f
1984,3,00000040,00001f17
1990,3,00000044,fdcf2023
1994,3,00000048,ff9ff06f
2002,3,00000040,00001f17
2008,3,00000044,fdcf2023
2012,3,00000048,ff9ff06f
2020,3,00000040,00001f17
2026,3,00000044,fdcf2023
2030,3,00000048,ff9ff06f
2038,3,00000040,00001f17
2044,3,00000044,fdcf2023
2048,3,00000048,ff9ff06f
2056,3,00000040,00001f17
2062,3,00000044,fdcf2023
2066,3,00000048,ff9ff06f
2074,3,00000040,00001f17
2080,3,00000044,fdcf2023
2084,3,00000048,ff9ff06f
2092,3,00000040,00001f17
2098,3,00000044,fdcf2023
2102,3,00000048,ff9ff06f
2110,3,00000040,00001f17
2116,3,00000044,fdcf2023
2120,3,00000048,ff9ff06f
2128,3,00000040,00001f17
2134,3,00000044,fdcf2023
2138,3,00000048,ff9ff06f
2146,3,00000040,00001f17
2152,3,00000044,fdcf2023
2156,3,00000048,ff9ff06f
2164,3,00000040,00001f17
2170,3,00000044,fdcf2023
2174,3,00000048,ff9ff06f
2182,3,00000040,00001f17
2188,3,00000044,fdcf2023
2192,3,00000048,ff9ff06f
2200,3,00000040,00001f17
2206,3,00000044,fdcf2023
2210,3,00000048,ff9ff06f
2218,3,00000040,00001f17
2224,3,00000044,fdcf2023
2228,3,00000048,ff9ff06f
2236,3,00000040,00001f17
2242,3,00000044,fdcf2023
2246,3,00000048,ff9ff06f
2254,3,00000040,00001f17
2260,3,00000044,fdcf2023
2264,3,00000048,ff9ff06f
2272,3,00000040,00001f17
2278,3,00000044,fdcf2023
2282,3,00000048,ff9ff06f
2290,3,00000040,00001f17
2296,3,00000044,fdcf2023
2300,3,00000048,ff9ff06f
2308,3,00000040,00001f17
2314,3,00000044,fdcf2023
2318,3,00000048,ff9ff06f
2326,3,00000040,00001f17
2332,3,00000044,fdcf2023
2336,3,00000048,ff9ff06f
2344,3,00000040,00001f17
2350,3,00000044,fdcf2023
2354,3,00000048,ff9ff06f
2362,3,00000040,00001f17
2368,3,00000044,fdcf2023
2372,3,00000048,ff9ff06f
2380,3,00000040,00001f17
2386,3,00000044,fdcf2023
2390,3,00000048,ff9ff06f
2398,3,00000040,00001f17
2404,3,00000044,fdcf2023
2408,3,00000048,ff9ff06f
2416,3,00000040,00001f17
2422,3,00000044,fdcf2023
2426,3,00000048,ff9ff06f
2434,3,00000040,00001f17
2440,3,00000044,fdcf2023
2444,3,00000048,ff9ff06f
2452,3,00000040,00001f17
2458,3,00000044,fdcf2023
2462,3,00000048,ff9ff06f
2470,3,00000040,00001f17
2476,3,00000044,fdcf2023
2480,3,00000048,ff9ff06f
2488,3,00000040,00001f17
2494,3,00000044,fdcf2023
2498,3,00000048,ff9ff06f
2506,3,00000040,00001f17
2512,3,00000044,fdcf2023
2516,3,00000048,ff9ff06f
2524,3,00000040,00001f17
2530,3,00000044,fdcf2023
2534,3,00000048,ff9ff06f
2542,3,00000040,00001f17
2548,3,00000044,fdcf2023
2552,3,00000048,ff9ff06f
2560,3,00000040,00001f17
2566,3,00000044,fdcf2023
2570,3,00000048,ff9ff06f
2578,3,00000040,00001f17
2584,3,00000044,fdcf2023
2588,3,00000048,ff9ff06f
2596,3,00000040,00001f17
2602,3,00000044,fdcf2023
2606,3,00000048,ff9ff06f
2614,3,00000040,00001f17
2620,3,00000044,fdcf2023
2624,3,00000048,ff9ff06f
2632,3,00000040,00001f17
2638,3,00000044,fdcf2023
2642,3,00000048,ff9ff06f
2650,3,00000040,00001f17
2656,3,00000044,fdcf2023
2660,3,00000048,ff9ff06f
2668,3,00000040,00001f17
2674,3,00000044,fdcf2023
2678,3,00000048,ff9ff06f
2686,3,00000040,00001f17
2692,3,00000044,fdcf2023
2696,3,00000048,ff9ff06f
2704,3,00000040,00001f17
2710,3,00000044,fdcf2023
2714,3,00000048,ff9ff06f
2722,3,00000040,00001f17
2728,3,00000044,fdcf2023
2732,3,00000048,ff9ff06f
2740,3,00000040,00001f17
2746,3,00000044,fdcf2023
2750,3,00000048,ff9ff06f
2758,3,00000040,00001f17
2764,3,00000044,fdcf2023
2768,3,00000048,ff9ff06f
2776,3,00000040,00001f17
2782,3,00000044,fdcf2023
2786,3,00000048,ff9ff06f
2794,3,00000040,00001f17
2800,3,00000044,fdcf2023
2804,3,00000048,ff9ff06f
2812,3,00000040,00001f17
2818,3,00000044,fdcf2023
2822,3,00000048,ff9ff06f
2830,3,00000040,00001f17
2836,3,00000044,fdcf2023
2840,3,00000048,ff9ff06f
2848,3,00000040,00001f17
2854,3,00000044,fdcf2023
2858,3,00000048,ff9ff06f
2866,3,00000040,00001f17
2872,3,00000044,fdcf2023
2876,3,00000048,ff9ff06f
2884,3,00000040,00001f17
2890,3,00000044,fdcf2023
2894,3,00000048,ff9ff06f
2902,3,00000040,00001f17
2908,3,00000044,fdcf2023
2912,3,00000048,ff9ff06f
2920,3,00000040,00001f17
2926,3,00000044,fdcf2023
2930,3,00000048,ff9ff06f
2938,3,00000040,00001f17
2944,3,00000044,fdcf2023
2948,3,00000048,ff9ff06f
2956,3,00000040,00001f17
2962,3,00000044,fdcf2023
2966,3,00000048,ff9ff06f
2974,3,00000040,00001f17
2980,3,00000044,fdcf2023
2984,3,00000048,ff9ff06f
2992,3,00000040,00001f17
2998,3,00000044,fdcf2023
3002,3,00000048,ff9ff06f
3010,3,00000040,00001f17
3016,3,00000044,fdcf2023
3020,3,00000048,ff9ff06f
3028,3,00000040,00001f17
3034,3,00000044,fdcf2023
3038,3,00000048,ff9ff06f
3046,3,00000040,00001f17
3052,3,00000044,fdcf2023
3056,3,00000048,ff9ff06f
3064,3,00000040,00001f17
3070,3,00000044,fdcf2023
3074,3,00000048,ff9ff06f
3082,3,00000040,00001f17
3088,3,00000044,fdcf2023
3092,3,00000048,ff9ff06f
3100,3,00000040,00001f17
3106,3,00000044,fdcf2023
3110,3,00000048,ff9ff06f
3118,3,00000040,00001f17
3124,3,00000044,fdcf2023
3128,3,00000048,ff9ff06f
3136,3,00000040,00001f17
3142,3,00000044,fdcf2023
3146,3,00000048,ff9ff06f
3154,3,00000040,00001f17
3160,3,00000044,fdcf2023
3164,3,00000048,ff9ff06f
3172,3,00000040,00001f17
3178,3,00000044,fdcf2023
3182,3,00000048,ff9ff06f
3190,3,00000040,00001f17
3196,3,00000044,fdcf2023
3200,3,00000048,ff9ff06f
3208,3,00000040,00001f17
3214,3,00000044,fdcf2023
3218,3,00000048,ff9ff06f
3226,3,00000040,00001f17
3232,3,00000044,fdcf2023
3236,3,00000048,ff9ff06f
3244,3,00000040,00001f17
3250,3,00000044,fdcf2023
3254,3,00000048,ff9ff06f
3262,3,00000040,00001f17
3268,3,00000044,fdcf2023
3272,3,00000048,ff9ff06f
3280,3,00000040,00001f17
3286,3,00000044,fdcf2023
3290,3,00000048,ff9ff06f
3298,3,00000040,00001f17
3304,3,00000044,fdcf2023
3308,3,00000048,ff9ff06f
3316,3,00000040,00001f17
3322,3,00000044,fdcf2023
3326,3,00000048,ff9ff06f
3334,3,00000040,00001f17
3340,3,00000044,fdcf2023
3344,3,00000048,ff9ff06f
3352,3,00000040,00001f17
3358,3,00000044,fdcf2023
3362,3,00000048,ff9ff06f
3370,3,00000040,00001f17
3376,3,00000044,fdcf2023
3380,3,00000048,ff9ff06f
3388,3,00000040,00001f17
3394,3,00000044,fdcf2023
3398,3,00000048,ff9ff06f
3406,3,00000040,00001f17
3412,3,00000044,fdcf2023
3416,3,00000048,ff9ff06f
3424,3,00000040,00001f17
3430,3,00000044,fdcf2023
3434,3,00000048,ff9ff06f
3442,3,00000040,00001f17
3448,3,00000044,fdcf2023
3452,3,00000048,ff9ff06f
3460,3,00000040,00001f17
3466,3,00000044,fdcf2023
3470,3,00000048,ff9ff06f
3478,3,00000040,00001f17
3484,3,00000044,fdcf2023
3488,3,00000048,ff9ff06f
3496,3,00000040,00001f17
3502,3,00000044,fdcf2023
3506,3,00000048,ff9ff06f
3514,3,00000040,00001f17
3520,3,00000044,fdcf2023
3524,3,00000048,ff9ff06f
3532,3,00000040,00001f17
3538,3,00000044,fdcf2023
3542,3,00000048,ff9ff06f
3550,3,00000040,00001f17
3556,3,00000044,fdcf2023
3560,3,00000048,ff9ff06f
3568,3,00000040,00001f17
3574,3,00000044,fdcf2023
3578,3,00000048,ff9ff06f
3586,3,00000040,00001f17
3592,3,00000044,fdcf2023
3596,3,00000048,ff9ff06f
3604,3,00000040,00001f17
3610,3,00000044,fdcf2023
3614,3,00000048,ff9ff06f
3622,3,00000040,00001f17
3628,3,00000044,fdcf2023
3632,3,00000048,ff9ff06f
3640,3,00000040,00001f17
3646,3,00000044,fdcf2023
3650,3,00000048,ff9ff06f
3658,3,00000040,00001f17
3664,3,00000044,fdcf2023
3668,3,00000048,ff9ff06f
3676,3,00000040,00001f17
3682,3,00000044,fdcf2023
3686,3,00000048,ff9ff06f
3694,3,00000040,00001f17
3700,3,00000044,fdcf2023
3704,3,00000048,ff9ff06f
3712,3,00000040,00001f17
3718,3,00000044,fdcf2023
3722,3,00000048,ff9ff06f
3730,3,00000040,00001f17
3736,3,00000044,fdcf2023
3740,3,00000048,ff9ff06f
3748,3,00000040,00001f17
3754,3,00000044,fdcf2023
3758,3,00000048,ff9ff06f
3766,3,00000040,00001f17
3772,3,00000044,fdcf2023
3776,3,00000048,ff9ff06f
3784,3,00000040,00001f17
3790,3,00000044,fdcf2023
3794,3,00000048,ff9ff06f
3802,3,00000040,00001f17
3808,3,00000044,fdcf2023
3812,3,00000048,ff9ff06f
3820,3,00000040,00001f17
3826,3,00000044,fdcf2023
3830,3,00000048,ff9ff06f
3838,3,00000040,00001f17
3844,3,00000044,fdcf2023
3848,3,00000048,ff9ff06f
3856,3,00000040,00001f17
3862,3,00000044,fdcf2023
3866,3,00000048,ff9ff06f
3874,3,00000040,00001f17
3880,3,00000044,fdcf2023
3884,3,00000048,ff9ff06f
3892,3,00000040,00001f17
3898,3,00000044,fdcf2023
