44,3,00000000,04c0006f
52,3,0000004c,f1402573
56,3,00000050,00051063
60,3,00000054,00000297
64,3,00000058,01028293
68,3,0000005c,30529073
80,3,00000064,00000297
84,3,00000068,01c28293
88,3,0000006c,30529073
92,3,00000070,fff00293
104,3,00000080,00000297
108,3,00000084,01828293
112,3,00000088,30529073
116,3,0000008c,30205073
120,3,00000090,30305073
124,3,00000094,30405073
128,3,00000098,00000193
132,3,0000009c,00000297
136,3,000000a0,f6828293
140,3,000000a4,30529073
144,3,000000a8,00100513
148,3,000000ac,01f51513
152,3,000000b0,00054863
160,3,000000c0,00000297
164,3,000000c4,f4028293
168,3,000000c8,00028e63
176,3,000000e4,30005073
180,3,000000e8,00000297
184,3,000000ec,01428293
188,3,000000f0,34129073
192,3,000000f4,f1402573
196,3,000000f8,30200073
204,3,000000fc,00000093
208,3,00000100,00000113
212,3,00000104,0020af33
216,3,00000108,00000e93
220,3,0000010c,00200193
224,3,00000110,4bdf1a63
228,3,00000114,00100093
232,3,00000118,00100113
236,3,0000011c,0020af33
240,3,00000120,00000e93
244,3,00000124,00300193
248,3,00000128,49df1e63
252,3,0000012c,00300093
256,3,00000130,00700113
260,3,00000134,0020af33
264,3,00000138,00100e93
268,3,0000013c,00400193
272,3,00000140,49df1263
276,3,00000144,00700093
280,3,00000148,00300113
284,3,0000014c,0020af33
288,3,00000150,00000e93
292,3,00000154,00500193
296,3,00000158,47df1663
300,3,0000015c,00000093
304,3,00000160,ffff8137
308,3,00000164,0020af33
312,3,00000168,00000e93
316,3,0000016c,00600193
320,3,00000170,45df1a63
324,3,00000174,800000b7
328,3,00000178,00000113
332,3,0000017c,0020af33
336,3,00000180,00100e93
340,3,00000184,00700193
344,3,00000188,43df1e63
348,3,0000018c,800000b7
352,3,00000190,ffff8137
356,3,00000194,0020af33
360,3,00000198,00100e93
364,3,0000019c,00800193
368,3,000001a0,43df1263
372,3,000001a4,00000093
376,3,000001a8,00008137
380,3,000001ac,fff10113
384,3,000001b0,0020af33
388,3,000001b4,00100e93
392,3,000001b8,00900193
396,3,000001bc,41df1463
400,3,000001c0,800000b7
404,3,000001c4,fff08093
408,3,000001c8,00000113
412,3,000001cc,0020af33
416,3,000001d0,00000e93
420,3,000001d4,00a00193
424,3,000001d8,3fdf1663
428,3,000001dc,800000b7
432,3,000001e0,fff08093
436,3,000001e4,00008137
440,3,000001e8,fff10113
444,3,000001ec,0020af33
448,3,000001f0,00000e93
452,3,000001f4,00b00193
456,3,000001f8,3ddf1663
460,3,000001fc,800000b7
464,3,00000200,00008137
468,3,00000204,fff10113
472,3,00000208,0020af33
476,3,0000020c,00100e93
480,3,00000210,00c00193
484,3,00000214,3bdf1863
488,3,00000218,800000b7
492,3,0000021c,fff08093
496,3,00000220,ffff8137
500,3,00000224,0020af33
504,3,00000228,00000e93
508,3,0000022c,00d00193
512,3,00000230,39df1a63
516,3,00000234,00000093
520,3,00000238,fff00113
524,3,0000023c,0020af33
528,3,00000240,00000e93
532,3,00000244,00e00193
536,3,00000248,37df1e63
540,3,0000024c,fff00093
544,3,00000250,00100113
548,3,00000254,0020af33
552,3,00000258,00100e93
556,3,0000025c,00f00193
560,3,00000260,37df1263
564,3,00000264,fff00093
568,3,00000268,fff00113
572,3,0000026c,0020af33
576,3,00000270,00000e93
580,3,00000274,01000193
584,3,00000278,35df1663
588,3,0000027c,00e00093
592,3,00000280,00d00113
596,3,00000284,0020a0b3
600,3,00000288,00000e93
604,3,0000028c,01100193
608,3,00000290,33d09a63
612,3,00000294,00b00093
616,3,00000298,00d00113
620,3,0000029c,0020a133
624,3,000002a0,00100e93
628,3,000002a4,01200193
632,3,000002a8,31d11e63
636,3,000002ac,00d00093
640,3,000002b0,0010a0b3
644,3,000002b4,00000e93
648,3,000002b8,01300193
652,3,000002bc,31d09463
656,3,000002c0,00000213
660,3,000002c4,00b00093
664,3,000002c8,00d00113
668,3,000002cc,0020af33
672,3,000002d0,000f0313
676,3,000002d4,00120213
680,3,000002d8,00200293
684,3,000002dc,fe5214e3
692,3,000002c4,00b00093
696,3,000002c8,00d00113
700,3,000002cc,0020af33
704,3,000002d0,000f0313
708,3,000002d4,00120213
712,3,000002d8,00200293
716,3,000002dc,fe5214e3
720,3,000002e0,00100e93
724,3,000002e4,01400193
728,3,000002e8,2dd31e63
732,3,000002ec,00000213
736,3,000002f0,00e00093
740,3,000002f4,00d00113
744,3,000002f8,0020af33
748,3,000002fc,00000013
752,3,00000300,000f0313
756,3,00000304,00120213
760,3,00000308,00200293
764,3,0000030c,fe5212e3
772,3,000002f0,00e00093
776,3,000002f4,00d00113
780,3,000002f8,0020af33
784,3,000002fc,00000013
788,3,00000300,000f0313
792,3,00000304,00120213
796,3,00000308,00200293
800,3,0000030c,fe5212e3
804,3,00000310,00000e93
808,3,00000314,01500193
812,3,00000318,2bd31663
816,3,0000031c,00000213
820,3,00000320,00c00093
824,3,00000324,00d00113
828,3,00000328,0020af33
832,3,0000032c,00000013
836,3,00000330,00000013
840,3,00000334,000f0313
844,3,00000338,00120213
848,3,0000033c,00200293
852,3,00000340,fe5210e3
860,3,00000320,00c00093
864,3,00000324,00d00113
868,3,00000328,0020af33
872,3,0000032c,00000013
876,3,00000330,00000013
880,3,00000334,000f0313
884,3,00000338,00120213
888,3,0000033c,00200293
892,3,00000340,fe5210e3
896,3,00000344,00100e93
900,3,00000348,01600193
904,3,0000034c,27d31c63
908,3,00000350,00000213
912,3,00000354,00e00093
916,3,00000358,00d00113
920,3,0000035c,0020af33
924,3,00000360,00120213
928,3,00000364,00200293
932,3,00000368,fe5216e3
940,3,00000354,00e00093
944,3,00000358,00d00113
948,3,0000035c,0020af33
952,3,00000360,00120213
956,3,00000364,00200293
960,3,00000368,fe5216e3
964,3,0000036c,00000e93
968,3,00000370,01700193
972,3,00000374,25df1863
976,3,00000378,00000213
980,3,0000037c,00b00093
984,3,00000380,00d00113
988,3,00000384,00000013
992,3,00000388,0020af33
996,3,0000038c,00120213
1000,3,00000390,00200293
1004,3,00000394,fe5214e3
1012,3,0000037c,00b00093
1016,3,00000380,00d00113
1020,3,00000384,00000013
1024,3,00000388,0020af33
1028,3,0000038c,00120213
1032,3,00000390,00200293
1036,3,00000394,fe5214e3
1040,3,00000398,00100e93
1044,3,0000039c,01800193
1048,3,000003a0,23df1263
1052,3,000003a4,00000213
1056,3,000003a8,00f00093
1060,3,000003ac,00d00113
1064,3,000003b0,00000013
1068,3,000003b4,00000013
1072,3,000003b8,0020af33
1076,3,000003bc,00120213
1080,3,000003c0,00200293
1084,3,000003c4,fe5212e3
1092,3,000003a8,00f00093
1096,3,000003ac,00d00113
1100,3,000003b0,00000013
1104,3,000003b4,00000013
1108,3,000003b8,0020af33
1112,3,000003bc,00120213
1116,3,000003c0,00200293
1120,3,000003c4,fe5212e3
1124,3,000003c8,00000e93
1128,3,000003cc,01900193
1132,3,000003d0,1fdf1a63
1136,3,000003d4,00000213
1140,3,000003d8,00a00093
1144,3,000003dc,00000013
1148,3,000003e0,00d00113
1152,3,000003e4,0020af33
1156,3,000003e8,00120213
1160,3,000003ec,00200293
1164,3,000003f0,fe5214e3
1172,3,000003d8,00a00093
1176,3,000003dc,00000013
1180,3,000003e0,00d00113
1184,3,000003e4,0020af33
1188,3,000003e8,00120213
1192,3,000003ec,00200293
1196,3,000003f0,fe5214e3
1200,3,000003f4,00100e93
1204,3,000003f8,01a00193
1208,3,000003fc,1ddf1463
1212,3,00000400,00000213
1216,3,00000404,01000093
1220,3,00000408,00000013
1224,3,0000040c,00d00113
1228,3,00000410,00000013
1232,3,00000414,0020af33
1236,3,00000418,00120213
1240,3,0000041c,00200293
1244,3,00000420,fe5212e3
1252,3,00000404,01000093
1256,3,00000408,00000013
1260,3,0000040c,00d00113
1264,3,00000410,00000013
1268,3,00000414,0020af33
1272,3,00000418,00120213
1276,3,0000041c,00200293
1280,3,00000420,fe5212e3
1284,3,00000424,00000e93
1288,3,00000428,01b00193
1292,3,0000042c,19df1c63
1296,3,00000430,00000213
1300,3,00000434,00900093
1304,3,00000438,00000013
1308,3,0000043c,00000013
1312,3,00000440,00d00113
1316,3,00000444,0020af33
1320,3,00000448,00120213
1324,3,0000044c,00200293
1328,3,00000450,fe5212e3
1336,3,00000434,00900093
1340,3,00000438,00000013
1344,3,0000043c,00000013
1348,3,00000440,00d00113
1352,3,00000444,0020af33
1356,3,00000448,00120213
1360,3,0000044c,00200293
1364,3,00000450,fe5212e3
1368,3,00000454,00100e93
1372,3,00000458,01c00193
1376,3,0000045c,17df1463
1380,3,00000460,00000213
1384,3,00000464,00d00113
1388,3,00000468,01100093
1392,3,0000046c,0020af33
1396,3,00000470,00120213
1400,3,00000474,00200293
1404,3,00000478,fe5216e3
1412,3,00000464,00d00113
1416,3,00000468,01100093
1420,3,0000046c,0020af33
1424,3,00000470,00120213
1428,3,00000474,00200293
1432,3,00000478,fe5216e3
1436,3,0000047c,00000e93
1440,3,00000480,01d00193
1444,3,00000484,15df1063
1448,3,00000488,00000213
1452,3,0000048c,00d00113
1456,3,00000490,00800093
1460,3,00000494,00000013
1464,3,00000498,0020af33
1468,3,0000049c,00120213
1472,3,000004a0,00200293
1476,3,000004a4,fe5214e3
1484,3,0000048c,00d00113
1488,3,00000490,00800093
1492,3,00000494,00000013
1496,3,00000498,0020af33
1500,3,0000049c,00120213
1504,3,000004a0,00200293
1508,3,000004a4,fe5214e3
1512,3,000004a8,00100e93
1516,3,000004ac,01e00193
1520,3,000004b0,11df1a63
1524,3,000004b4,00000213
1528,3,000004b8,00d00113
1532,3,000004bc,01200093
1536,3,000004c0,00000013
1540,3,000004c4,00000013
1544,3,000004c8,0020af33
1548,3,000004cc,00120213
1552,3,000004d0,00200293
1556,3,000004d4,fe5212e3
1564,3,000004b8,00d00113
1568,3,000004bc,01200093
1572,3,000004c0,00000013
1576,3,000004c4,00000013
1580,3,000004c8,0020af33
1584,3,000004cc,00120213
1588,3,000004d0,00200293
1592,3,000004d4,fe5212e3
1596,3,000004d8,00000e93
1600,3,000004dc,01f00193
1604,3,000004e0,0fdf1263
1608,3,000004e4,00000213
1612,3,000004e8,00d00113
1616,3,000004ec,00000013
1620,3,000004f0,00700093
1624,3,000004f4,0020af33
1628,3,000004f8,00120213
1632,3,000004fc,00200293
1636,3,00000500,fe5214e3
1644,3,000004e8,00d00113
1648,3,000004ec,00000013
1652,3,000004f0,00700093
1656,3,000004f4,0020af33
1660,3,000004f8,00120213
1664,3,000004fc,00200293
1668,3,00000500,fe5214e3
1672,3,00000504,00100e93
1676,3,00000508,02000193
1680,3,0000050c,0bdf1c63
1684,3,00000510,00000213
1688,3,00000514,00d00113
1692,3,00000518,00000013
1696,3,0000051c,01300093
1700,3,00000520,00000013
1704,3,00000524,0020af33
1708,3,00000528,00120213
1712,3,0000052c,00200293
1716,3,00000530,fe5212e3
1724,3,00000514,00d00113
1728,3,00000518,00000013
1732,3,0000051c,01300093
1736,3,00000520,00000013
1740,3,00000524,0020af33
1744,3,00000528,00120213
1748,3,0000052c,00200293
1752,3,00000530,fe5212e3
1756,3,00000534,00000e93
1760,3,00000538,02100193
1764,3,0000053c,09df1463
1768,3,00000540,00000213
1772,3,00000544,00d00113
1776,3,00000548,00000013
1780,3,0000054c,00000013
1784,3,00000550,00600093
1788,3,00000554,0020af33
1792,3,00000558,00120213
1796,3,0000055c,00200293
1800,3,00000560,fe5212e3
1808,3,00000544,00d00113
1812,3,00000548,00000013
1816,3,0000054c,00000013
1820,3,00000550,00600093
1824,3,00000554,0020af33
1828,3,00000558,00120213
1832,3,0000055c,00200293
1836,3,00000560,fe5212e3
1840,3,00000564,00100e93
1844,3,00000568,02200193
1848,3,0000056c,05df1c63
1852,3,00000570,fff00093
1856,3,00000574,00102133
1860,3,00000578,00000e93
1864,3,0000057c,02300193
1868,3,00000580,05d11263
1872,3,00000584,fff00093
1876,3,00000588,0000a133
1880,3,0000058c,00100e93
1884,3,00000590,02400193
1888,3,00000594,03d11863
1892,3,00000598,000020b3
1896,3,0000059c,00000e93
1900,3,000005a0,02500193
1904,3,000005a4,03d09063
1908,3,000005a8,01000093
1912,3,000005ac,01e00113
1916,3,000005b0,0020a033
1920,3,000005b4,00000e93
1924,3,000005b8,02600193
1928,3,000005bc,01d01463
1932,3,000005c0,00301c63
1940,3,000005d8,0ff0000f
1944,3,000005dc,00100193
1948,3,000005e0,00000073
1956,3,00000004,34202f73
1960,3,00000008,00800f93
1964,3,0000000c,03ff0a63
1968,3,00000010,00900f93
1972,3,00000014,03ff0663
1976,3,00000018,00b00f93
1980,3,0000001c,03ff0263
1988,3,00000040,00001f17
1994,3,00000044,fc3f2023
1998,3,00000048,ff9ff06f
2006,3,00000040,00001f17
2012,3,00000044,fc3f2023
2016,3,00000048,ff9ff06f
2024,3,00000040,00001f17
2030,3,00000044,fc3f2023
2034,3,00000048,ff9ff06f
2042,3,00000040,00001f17
2048,3,00000044,fc3f2023
2052,3,00000048,ff9ff06f
2060,3,00000040,00001f17
2066,3,00000044,fc3f2023
2070,3,00000048,ff9ff06f
2078,3,00000040,00001f17
2084,3,00000044,fc3f2023
2088,3,00000048,ff9ff06f
2096,3,00000040,00001f17
2102,3,00000044,fc3f2023
2106,3,00000048,ff9ff06f
2114,3,00000040,00001f17
2120,3,00000044,fc3f2023
2124,3,00000048,ff9ff06f
2132,3,00000040,00001f17
2138,3,00000044,fc3f2023
2142,3,00000048,ff9ff06f
2150,3,00000040,00001f17
2156,3,00000044,fc3f2023
2160,3,00000048,ff9ff06f
2168,3,00000040,00001f17
2174,3,00000044,fc3f2023
2178,3,00000048,ff9ff06f
2186,3,00000040,00001f17
2192,3,00000044,fc3f2023
2196,3,00000048,ff9ff06f
2204,3,00000040,00001f17
2210,3,00000044,fc3f2023
2214,3,00000048,ff9ff06f
2222,3,00000040,00001f17
2228,3,00000044,fc3f2023
2232,3,00000048,ff9ff06f
2240,3,00000040,00001f17
2246,3,00000044,fc3f2023
2250,3,00000048,ff9ff06f
2258,3,00000040,00001f17
2264,3,00000044,fc3f2023
2268,3,00000048,ff9ff06f
2276,3,00000040,00001f17
2282,3,00000044,fc3f2023
2286,3,00000048,ff9ff06f
2294,3,00000040,00001f17
2300,3,00000044,fc3f2023
2304,3,00000048,ff9ff06f
2312,3,00000040,00001f17
2318,3,00000044,fc3f2023
2322,3,00000048,ff9ff06f
2330,3,00000040,00001f17
2336,3,00000044,fc3f2023
2340,3,00000048,ff9ff06f
2348,3,00000040,00001f17
2354,3,00000044,fc3f2023
2358,3,00000048,ff9ff06f
2366,3,00000040,00001f17
2372,3,00000044,fc3f2023
2376,3,00000048,ff9ff06f
2384,3,00000040,00001f17
2390,3,00000044,fc3f2023
2394,3,00000048,ff9ff06f
2402,3,00000040,00001f17
2408,3,00000044,fc3f2023
2412,3,00000048,ff9ff06f
2420,3,00000040,00001f17
2426,3,00000044,fc3f2023
2430,3,00000048,ff9ff06f
2438,3,00000040,00001f17
2444,3,00000044,fc3f2023
2448,3,00000048,ff9ff06f
2456,3,00000040,00001f17
2462,3,00000044,fc3f2023
2466,3,00000048,ff9ff06f
2474,3,00000040,00001f17
2480,3,00000044,fc3f2023
2484,3,00000048,ff9ff06f
2492,3,00000040,00001f17
2498,3,00000044,fc3f2023
2502,3,00000048,ff9ff06f
2510,3,00000040,00001f17
2516,3,00000044,fc3f2023
2520,3,00000048,ff9ff06f
2528,3,00000040,00001f17
2534,3,00000044,fc3f2023
2538,3,00000048,ff9ff06f
2546,3,00000040,00001f17
2552,3,00000044,fc3f2023
2556,3,00000048,ff9ff06f
2564,3,00000040,00001f17
2570,3,00000044,fc3f2023
2574,3,00000048,ff9ff06f
2582,3,00000040,00001f17
2588,3,00000044,fc3f2023
2592,3,00000048,ff9ff06f
2600,3,00000040,00001f17
2606,3,00000044,fc3f2023
2610,3,00000048,ff9ff06f
2618,3,00000040,00001f17
2624,3,00000044,fc3f2023
2628,3,00000048,ff9ff06f
2636,3,00000040,00001f17
2642,3,00000044,fc3f2023
2646,3,00000048,ff9ff06f
2654,3,00000040,00001f17
2660,3,00000044,fc3f2023
2664,3,00000048,ff9ff06f
2672,3,00000040,00001f17
2678,3,00000044,fc3f2023
2682,3,00000048,ff9ff06f
2690,3,00000040,00001f17
2696,3,00000044,fc3f2023
2700,3,00000048,ff9ff06f
2708,3,00000040,00001f17
2714,3,00000044,fc3f2023
2718,3,00000048,ff9ff06f
2726,3,00000040,00001f17
2732,3,00000044,fc3f2023
2736,3,00000048,ff9ff06f
2744,3,00000040,00001f17
2750,3,00000044,fc3f2023
2754,3,00000048,ff9ff06f
2762,3,00000040,00001f17
2768,3,00000044,fc3f2023
2772,3,00000048,ff9ff06f
2780,3,00000040,00001f17
2786,3,00000044,fc3f2023
2790,3,00000048,ff9ff06f
2798,3,00000040,00001f17
2804,3,00000044,fc3f2023
2808,3,00000048,ff9ff06f
2816,3,00000040,00001f17
2822,3,00000044,fc3f2023
2826,3,00000048,ff9ff06f
2834,3,00000040,00001f17
2840,3,00000044,fc3f2023
2844,3,00000048,ff9ff06f
2852,3,00000040,00001f17
2858,3,00000044,fc3f2023
2862,3,00000048,ff9ff06f
2870,3,00000040,00001f17
2876,3,00000044,fc3f2023
2880,3,00000048,ff9ff06f
2888,3,00000040,00001f17
2894,3,00000044,fc3f2023
2898,3,00000048,ff9ff06f
2906,3,00000040,00001f17
2912,3,00000044,fc3f2023
2916,3,00000048,ff9ff06f
2924,3,00000040,00001f17
2930,3,00000044,fc3f2023
2934,3,00000048,ff9ff06f
2942,3,00000040,00001f17
2948,3,00000044,fc3f2023
2952,3,00000048,ff9ff06f
2960,3,00000040,00001f17
2966,3,00000044,fc3f2023
2970,3,00000048,ff9ff06f
2978,3,00000040,00001f17
2984,3,00000044,fc3f2023
2988,3,00000048,ff9ff06f
2996,3,00000040,00001f17
