418,3,00000000,00000000
534,3,00000000,04c0006f
538,3,0000004c,f1402573
540,3,00000050,00051063
542,3,00000054,00000297
544,3,00000058,01028293
546,3,0000005c,30529073
548,3,00000060,18005073
550,3,00000064,00000297
552,3,00000068,01c28293
554,3,0000006c,30529073
556,3,00000070,fff00293
558,3,00000074,3b029073
560,3,00000078,01f00293
562,3,0000007c,3a029073
564,3,00000080,00000297
566,3,00000084,01828293
568,3,00000088,30529073
570,3,0000008c,30205073
572,3,00000090,30305073
574,3,00000094,30405073
576,3,00000098,00000193
578,3,0000009c,00000297
580,3,000000a0,f6828293
582,3,000000a4,30529073
584,3,000000a8,00100513
586,3,000000ac,01f51513
588,3,000000b0,00054863
596,3,000000c0,00000297
598,3,000000c4,f4028293
600,3,000000c8,00028e63
608,3,000000e4,30005073
610,3,000000e8,00000297
612,3,000000ec,01428293
614,3,000000f0,34129073
616,3,000000f4,f1402573
618,3,000000f8,30200073
626,3,000000fc,ff0100b7
628,3,00000100,f0008093
630,3,00000104,0f0f1137
632,3,00000108,f0f10113
634,3,0000010c,0020ff33
636,3,00000110,0f001eb7
638,3,00000114,f00e8e93
640,3,00000118,00200193
642,3,0000011c,49df1c63
644,3,00000120,0ff010b7
646,3,00000124,ff008093
648,3,00000128,f0f0f137
650,3,0000012c,0f010113
652,3,00000130,0020ff33
654,3,00000134,00f00eb7
656,3,00000138,0f0e8e93
658,3,0000013c,00300193
660,3,00000140,47df1a63
662,3,00000144,00ff00b7
664,3,00000148,0ff08093
666,3,0000014c,0f0f1137
668,3,00000150,f0f10113
670,3,00000154,0020ff33
672,3,00000158,000f0eb7
674,3,0000015c,00fe8e93
676,3,00000160,00400193
678,3,00000164,45df1863
680,3,00000168,f00ff0b7
682,3,0000016c,00f08093
684,3,00000170,f0f0f137
686,3,00000174,0f010113
688,3,00000178,0020ff33
690,3,0000017c,f000feb7
692,3,00000180,00500193
694,3,00000184,43df1863
696,3,00000188,ff0100b7
698,3,0000018c,f0008093
700,3,00000190,0f0f1137
702,3,00000194,f0f10113
704,3,00000198,0020f0b3
706,3,0000019c,0f001eb7
708,3,000001a0,f00e8e93
710,3,000001a4,00600193
712,3,000001a8,41d09663
714,3,000001ac,0ff010b7
716,3,000001b0,ff008093
718,3,000001b4,f0f0f137
720,3,000001b8,0f010113
722,3,000001bc,0020f133
724,3,000001c0,00f00eb7
726,3,000001c4,0f0e8e93
728,3,000001c8,00700193
730,3,000001cc,3fd11463
732,3,000001d0,ff0100b7
734,3,000001d4,f0008093
736,3,000001d8,0010f0b3
738,3,000001dc,ff010eb7
740,3,000001e0,f00e8e93
742,3,000001e4,00800193
744,3,000001e8,3dd09663
746,3,000001ec,00000213
748,3,000001f0,ff0100b7
750,3,000001f4,f0008093
752,3,000001f8,0f0f1137
754,3,000001fc,f0f10113
756,3,00000200,0020ff33
758,3,00000204,000f0313
760,3,00000208,00120213
762,3,0000020c,00200293
764,3,00000210,fe5210e3
768,3,000001f0,ff0100b7
770,3,000001f4,f0008093
772,3,000001f8,0f0f1137
774,3,000001fc,f0f10113
776,3,00000200,0020ff33
778,3,00000204,000f0313
780,3,00000208,00120213
782,3,0000020c,00200293
784,3,00000210,fe5210e3
792,3,00000214,0f001eb7
794,3,00000218,f00e8e93
796,3,0000021c,00900193
798,3,00000220,39d31a63
800,3,00000224,00000213
802,3,00000228,0ff010b7
804,3,0000022c,ff008093
806,3,00000230,f0f0f137
808,3,00000234,0f010113
810,3,00000238,0020ff33
812,3,0000023c,00000013
814,3,00000240,000f0313
816,3,00000244,00120213
818,3,00000248,00200293
820,3,0000024c,fc521ee3
824,3,00000228,0ff010b7
826,3,0000022c,ff008093
828,3,00000230,f0f0f137
830,3,00000234,0f010113
832,3,00000238,0020ff33
834,3,0000023c,00000013
836,3,00000240,000f0313
838,3,00000244,00120213
840,3,00000248,00200293
842,3,0000024c,fc521ee3
850,3,00000250,00f00eb7
852,3,00000254,0f0e8e93
854,3,00000258,00a00193
856,3,0000025c,35d31c63
858,3,00000260,00000213
860,3,00000264,00ff00b7
862,3,00000268,0ff08093
864,3,0000026c,0f0f1137
866,3,00000270,f0f10113
868,3,00000274,0020ff33
870,3,00000278,00000013
872,3,0000027c,00000013
874,3,00000280,000f0313
876,3,00000284,00120213
878,3,00000288,00200293
880,3,0000028c,fc521ce3
884,3,00000264,00ff00b7
886,3,00000268,0ff08093
888,3,0000026c,0f0f1137
890,3,00000270,f0f10113
892,3,00000274,0020ff33
894,3,00000278,00000013
896,3,0000027c,00000013
898,3,00000280,000f0313
900,3,00000284,00120213
902,3,00000288,00200293
904,3,0000028c,fc521ce3
912,3,00000290,000f0eb7
914,3,00000294,00fe8e93
916,3,00000298,00b00193
918,3,0000029c,31d31c63
920,3,000002a0,00000213
922,3,000002a4,ff0100b7
924,3,000002a8,f0008093
926,3,000002ac,0f0f1137
928,3,000002b0,f0f10113
930,3,000002b4,0020ff33
932,3,000002b8,00120213
934,3,000002bc,00200293
936,3,000002c0,fe5212e3
940,3,000002a4,ff0100b7
942,3,000002a8,f0008093
944,3,000002ac,0f0f1137
946,3,000002b0,f0f10113
948,3,000002b4,0020ff33
950,3,000002b8,00120213
952,3,000002bc,00200293
954,3,000002c0,fe5212e3
962,3,000002c4,0f001eb7
964,3,000002c8,f00e8e93
966,3,000002cc,00c00193
968,3,000002d0,2fdf1263
970,3,000002d4,00000213
972,3,000002d8,0ff010b7
974,3,000002dc,ff008093
976,3,000002e0,f0f0f137
978,3,000002e4,0f010113
980,3,000002e8,00000013
982,3,000002ec,0020ff33
984,3,000002f0,00120213
986,3,000002f4,00200293
988,3,000002f8,fe5210e3
992,3,000002d8,0ff010b7
994,3,000002dc,ff008093
996,3,000002e0,f0f0f137
998,3,000002e4,0f010113
1000,3,000002e8,00000013
1002,3,000002ec,0020ff33
1004,3,000002f0,00120213
1006,3,000002f4,00200293
1008,3,000002f8,fe5210e3
1016,3,000002fc,00f00eb7
1018,3,00000300,0f0e8e93
1020,3,00000304,00d00193
1022,3,00000308,2bdf1663
1024,3,0000030c,00000213
1026,3,00000310,00ff00b7
1028,3,00000314,0ff08093
1030,3,00000318,0f0f1137
1032,3,0000031c,f0f10113
1034,3,00000320,00000013
1036,3,00000324,00000013
1038,3,00000328,0020ff33
1040,3,0000032c,00120213
1042,3,00000330,00200293
1044,3,00000334,fc521ee3
1048,3,00000310,00ff00b7
1050,3,00000314,0ff08093
1052,3,00000318,0f0f1137
1054,3,0000031c,f0f10113
1056,3,00000320,00000013
1058,3,00000324,00000013
1060,3,00000328,0020ff33
1062,3,0000032c,00120213
1064,3,00000330,00200293
1066,3,00000334,fc521ee3
1074,3,00000338,000f0eb7
1076,3,0000033c,00fe8e93
1078,3,00000340,00e00193
1080,3,00000344,27df1863
1082,3,00000348,00000213
1084,3,0000034c,ff0100b7
1086,3,00000350,f0008093
1088,3,00000354,00000013
1090,3,00000358,0f0f1137
1092,3,0000035c,f0f10113
1094,3,00000360,0020ff33
1096,3,00000364,00120213
1098,3,00000368,00200293
1100,3,0000036c,fe5210e3
1104,3,0000034c,ff0100b7
1106,3,00000350,f0008093
1108,3,00000354,00000013
1110,3,00000358,0f0f1137
1112,3,0000035c,f0f10113
1114,3,00000360,0020ff33
1116,3,00000364,00120213
1118,3,00000368,00200293
1120,3,0000036c,fe5210e3
1128,3,00000370,0f001eb7
1130,3,00000374,f00e8e93
1132,3,00000378,00f00193
1134,3,0000037c,23df1c63
1136,3,00000380,00000213
1138,3,00000384,0ff010b7
1140,3,00000388,ff008093
1142,3,0000038c,00000013
1144,3,00000390,f0f0f137
1146,3,00000394,0f010113
1148,3,00000398,00000013
1150,3,0000039c,0020ff33
1152,3,000003a0,00120213
1154,3,000003a4,00200293
1156,3,000003a8,fc521ee3
1160,3,00000384,0ff010b7
1162,3,00000388,ff008093
1164,3,0000038c,00000013
1166,3,00000390,f0f0f137
1168,3,00000394,0f010113
1170,3,00000398,00000013
1172,3,0000039c,0020ff33
1174,3,000003a0,00120213
1176,3,000003a4,00200293
1178,3,000003a8,fc521ee3
1186,3,000003ac,00f00eb7
1188,3,000003b0,0f0e8e93
1190,3,000003b4,01000193
1192,3,000003b8,1fdf1e63
1194,3,000003bc,00000213
1196,3,000003c0,00ff00b7
1198,3,000003c4,0ff08093
1200,3,000003c8,00000013
1202,3,000003cc,00000013
1204,3,000003d0,0f0f1137
1206,3,000003d4,f0f10113
1208,3,000003d8,0020ff33
1210,3,000003dc,00120213
1212,3,000003e0,00200293
1214,3,000003e4,fc521ee3
1218,3,000003c0,00ff00b7
1220,3,000003c4,0ff08093
1222,3,000003c8,00000013
1224,3,000003cc,00000013
1226,3,000003d0,0f0f1137
1228,3,000003d4,f0f10113
1230,3,000003d8,0020ff33
1232,3,000003dc,00120213
1234,3,000003e0,00200293
1236,3,000003e4,fc521ee3
1244,3,000003e8,000f0eb7
1246,3,000003ec,00fe8e93
1248,3,000003f0,01100193
1250,3,000003f4,1ddf1063
1252,3,000003f8,00000213
1254,3,000003fc,0f0f1137
1256,3,00000400,f0f10113
1258,3,00000404,ff0100b7
1260,3,00000408,f0008093
1262,3,0000040c,0020ff33
1264,3,00000410,00120213
1266,3,00000414,00200293
1268,3,00000418,fe5212e3
1272,3,000003fc,0f0f1137
1274,3,00000400,f0f10113
1276,3,00000404,ff0100b7
1278,3,00000408,f0008093
1280,3,0000040c,0020ff33
1282,3,00000410,00120213
1284,3,00000414,00200293
1286,3,00000418,fe5212e3
1294,3,0000041c,0f001eb7
1296,3,00000420,f00e8e93
1298,3,00000424,01200193
1300,3,00000428,19df1663
1302,3,0000042c,00000213
1304,3,00000430,f0f0f137
1306,3,00000434,0f010113
1308,3,00000438,0ff010b7
1310,3,0000043c,ff008093
1312,3,00000440,00000013
1314,3,00000444,0020ff33
1316,3,00000448,00120213
1318,3,0000044c,00200293
1320,3,00000450,fe5210e3
1324,3,00000430,f0f0f137
1326,3,00000434,0f010113
1328,3,00000438,0ff010b7
1330,3,0000043c,ff008093
1332,3,00000440,00000013
1334,3,00000444,0020ff33
1336,3,00000448,00120213
1338,3,0000044c,00200293
1340,3,00000450,fe5210e3
1348,3,00000454,00f00eb7
1350,3,00000458,0f0e8e93
1352,3,0000045c,01300193
1354,3,00000460,15df1a63
1356,3,00000464,00000213
1358,3,00000468,0f0f1137
1360,3,0000046c,f0f10113
1362,3,00000470,00ff00b7
1364,3,00000474,0ff08093
1366,3,00000478,00000013
1368,3,0000047c,00000013
1370,3,00000480,0020ff33
1372,3,00000484,00120213
1374,3,00000488,00200293
1376,3,0000048c,fc521ee3
1380,3,00000468,0f0f1137
1382,3,0000046c,f0f10113
1384,3,00000470,00ff00b7
1386,3,00000474,0ff08093
1388,3,00000478,00000013
1390,3,0000047c,00000013
1392,3,00000480,0020ff33
1394,3,00000484,00120213
1396,3,00000488,00200293
1398,3,0000048c,fc521ee3
1406,3,00000490,000f0eb7
1408,3,00000494,00fe8e93
1410,3,00000498,01400193
1412,3,0000049c,11df1c63
1414,3,000004a0,00000213
1416,3,000004a4,0f0f1137
1418,3,000004a8,f0f10113
1420,3,000004ac,00000013
1422,3,000004b0,ff0100b7
1424,3,000004b4,f0008093
1426,3,000004b8,0020ff33
1428,3,000004bc,00120213
1430,3,000004c0,00200293
1432,3,000004c4,fe5210e3
1436,3,000004a4,0f0f1137
1438,3,000004a8,f0f10113
1440,3,000004ac,00000013
1442,3,000004b0,ff0100b7
1444,3,000004b4,f0008093
1446,3,000004b8,0020ff33
1448,3,000004bc,00120213
1450,3,000004c0,00200293
1452,3,000004c4,fe5210e3
1460,3,000004c8,0f001eb7
1462,3,000004cc,f00e8e93
1464,3,000004d0,01500193
1466,3,000004d4,0fdf1063
1468,3,000004d8,00000213
1470,3,000004dc,f0f0f137
1472,3,000004e0,0f010113
1474,3,000004e4,00000013
1476,3,000004e8,0ff010b7
1478,3,000004ec,ff008093
1480,3,000004f0,00000013
1482,3,000004f4,0020ff33
1484,3,000004f8,00120213
1486,3,000004fc,00200293
1488,3,00000500,fc521ee3
1492,3,000004dc,f0f0f137
1494,3,000004e0,0f010113
1496,3,000004e4,00000013
1498,3,000004e8,0ff010b7
1500,3,000004ec,ff008093
1502,3,000004f0,00000013
1504,3,000004f4,0020ff33
1506,3,000004f8,00120213
1508,3,000004fc,00200293
1510,3,00000500,fc521ee3
1518,3,00000504,00f00eb7
1520,3,00000508,0f0e8e93
1522,3,0000050c,01600193
1524,3,00000510,0bdf1263
1526,3,00000514,00000213
1528,3,00000518,0f0f1137
1530,3,0000051c,f0f10113
1532,3,00000520,00000013
1534,3,00000524,00000013
1536,3,00000528,00ff00b7
1538,3,0000052c,0ff08093
1540,3,00000530,0020ff33
1542,3,00000534,00120213
1544,3,00000538,00200293
1546,3,0000053c,fc521ee3
1550,3,00000518,0f0f1137
1552,3,0000051c,f0f10113
1554,3,00000520,00000013
1556,3,00000524,00000013
1558,3,00000528,00ff00b7
1560,3,0000052c,0ff08093
1562,3,00000530,0020ff33
1564,3,00000534,00120213
1566,3,00000538,00200293
1568,3,0000053c,fc521ee3
1576,3,00000540,000f0eb7
1578,3,00000544,00fe8e93
1580,3,00000548,01700193
1582,3,0000054c,07df1463
1584,3,00000550,ff0100b7
1586,3,00000554,f0008093
1588,3,00000558,00107133
1590,3,0000055c,00000e93
1592,3,00000560,01800193
1594,3,00000564,05d11863
1596,3,00000568,00ff00b7
1598,3,0000056c,0ff08093
1600,3,00000570,0000f133
1602,3,00000574,00000e93
1604,3,00000578,01900193
1606,3,0000057c,03d11c63
1608,3,00000580,000070b3
1610,3,00000584,00000e93
1612,3,00000588,01a00193
1614,3,0000058c,03d09463
1616,3,00000590,111110b7
1618,3,00000594,11108093
1620,3,00000598,22222137
1622,3,0000059c,22210113
1624,3,000005a0,0020f033
1626,3,000005a4,00000e93
1628,3,000005a8,01b00193
1630,3,000005ac,01d01463
1632,3,000005b0,00301c63
1640,3,000005c8,0ff0000f
1642,3,000005cc,00100193
1644,3,000005d0,00000073
1652,3,00000004,34202f73
1654,3,00000008,00800f93
1656,3,0000000c,03ff0a63
1658,3,00000010,00900f93
1660,3,00000014,03ff0663
1662,3,00000018,00b00f93
1664,3,0000001c,03ff0263
1672,3,00000040,00001f17
1674,3,00000044,fc3f2023
1676,3,00000048,ff9ff06f
1682,3,00000040,00001f17
1684,3,00000044,fc3f2023
1686,3,00000048,ff9ff06f
1692,3,00000040,00001f17
1694,3,00000044,fc3f2023
1696,3,00000048,ff9ff06f
1702,3,00000040,00001f17
1704,3,00000044,fc3f2023
1706,3,00000048,ff9ff06f
1712,3,00000040,00001f17
1714,3,00000044,fc3f2023
1716,3,00000048,ff9ff06f
1722,3,00000040,00001f17
1724,3,00000044,fc3f2023
1726,3,00000048,ff9ff06f
1732,3,00000040,00001f17
1734,3,00000044,fc3f2023
1736,3,00000048,ff9ff06f
1742,3,00000040,00001f17
1744,3,00000044,fc3f2023
1746,3,00000048,ff9ff06f
1752,3,00000040,00001f17
1754,3,00000044,fc3f2023
1756,3,00000048,ff9ff06f
1762,3,00000040,00001f17
1764,3,00000044,fc3f2023
1766,3,00000048,ff9ff06f
1772,3,00000040,00001f17
1774,3,00000044,fc3f2023
1776,3,00000048,ff9ff06f
1782,3,00000040,00001f17
1784,3,00000044,fc3f2023
1786,3,00000048,ff9ff06f
1792,3,00000040,00001f17
1794,3,00000044,fc3f2023
1796,3,00000048,ff9ff06f
1802,3,00000040,00001f17
1804,3,00000044,fc3f2023
1806,3,00000048,ff9ff06f
1812,3,00000040,00001f17
1814,3,00000044,fc3f2023
1816,3,00000048,ff9ff06f
1822,3,00000040,00001f17
1824,3,00000044,fc3f2023
1826,3,00000048,ff9ff06f
1832,3,00000040,00001f17
1834,3,00000044,fc3f2023
1836,3,00000048,ff9ff06f
1842,3,00000040,00001f17
1844,3,00000044,fc3f2023
1846,3,00000048,ff9ff06f
1852,3,00000040,00001f17
1854,3,00000044,fc3f2023
1856,3,00000048,ff9ff06f
1862,3,00000040,00001f17
1864,3,00000044,fc3f2023
1866,3,00000048,ff9ff06f
1872,3,00000040,00001f17
1874,3,00000044,fc3f2023
1876,3,00000048,ff9ff06f
1882,3,00000040,00001f17
1884,3,00000044,fc3f2023
1886,3,00000048,ff9ff06f
1892,3,00000040,00001f17
1894,3,00000044,fc3f2023
1896,3,00000048,ff9ff06f
1902,3,00000040,00001f17
1904,3,00000044,fc3f2023
1906,3,00000048,ff9ff06f
1912,3,00000040,00001f17
1914,3,00000044,fc3f2023
1916,3,00000048,ff9ff06f
1922,3,00000040,00001f17
1924,3,00000044,fc3f2023
1926,3,00000048,ff9ff06f
1932,3,00000040,00001f17
1934,3,00000044,fc3f2023
1936,3,00000048,ff9ff06f
1942,3,00000040,00001f17
1944,3,00000044,fc3f2023
1946,3,00000048,ff9ff06f
1952,3,00000040,00001f17
1954,3,00000044,fc3f2023
1956,3,00000048,ff9ff06f
1962,3,00000040,00001f17
1964,3,00000044,fc3f2023
1966,3,00000048,ff9ff06f
1972,3,00000040,00001f17
1974,3,00000044,fc3f2023
1976,3,00000048,ff9ff06f
1982,3,00000040,00001f17
1984,3,00000044,fc3f2023
1986,3,00000048,ff9ff06f
1992,3,00000040,00001f17
1994,3,00000044,fc3f2023
1996,3,00000048,ff9ff06f
2002,3,00000040,00001f17
2004,3,00000044,fc3f2023
2006,3,00000048,ff9ff06f
2012,3,00000040,00001f17
2014,3,00000044,fc3f2023
2016,3,00000048,ff9ff06f
2022,3,00000040,00001f17
2024,3,00000044,fc3f2023
2026,3,00000048,ff9ff06f
2032,3,00000040,00001f17
2034,3,00000044,fc3f2023
2036,3,00000048,ff9ff06f
2042,3,00000040,00001f17
2044,3,00000044,fc3f2023
2046,3,00000048,ff9ff06f
2052,3,00000040,00001f17
2054,3,00000044,fc3f2023
2056,3,00000048,ff9ff06f
2062,3,00000040,00001f17
2064,3,00000044,fc3f2023
2066,3,00000048,ff9ff06f
2072,3,00000040,00001f17
2074,3,00000044,fc3f2023
2076,3,00000048,ff9ff06f
2082,3,00000040,00001f17
2084,3,00000044,fc3f2023
2086,3,00000048,ff9ff06f
2092,3,00000040,00001f17
2094,3,00000044,fc3f2023
2096,3,00000048,ff9ff06f
2102,3,00000040,00001f17
2104,3,00000044,fc3f2023
2106,3,00000048,ff9ff06f
2112,3,00000040,00001f17
2114,3,00000044,fc3f2023
2116,3,00000048,ff9ff06f
2122,3,00000040,00001f17
2124,3,00000044,fc3f2023
2126,3,00000048,ff9ff06f
2132,3,00000040,00001f17
2134,3,00000044,fc3f2023
2136,3,00000048,ff9ff06f
2142,3,00000040,00001f17
2144,3,00000044,fc3f2023
2146,3,00000048,ff9ff06f
2152,3,00000040,00001f17
2154,3,00000044,fc3f2023
2156,3,00000048,ff9ff06f
2162,3,00000040,00001f17
2164,3,00000044,fc3f2023
2166,3,00000048,ff9ff06f
2172,3,00000040,00001f17
2174,3,00000044,fc3f2023
2176,3,00000048,ff9ff06f
2182,3,00000040,00001f17
2184,3,00000044,fc3f2023
2186,3,00000048,ff9ff06f
2192,3,00000040,00001f17
2194,3,00000044,fc3f2023
2196,3,00000048,ff9ff06f
2202,3,00000040,00001f17
2204,3,00000044,fc3f2023
2206,3,00000048,ff9ff06f
2212,3,00000040,00001f17
2214,3,00000044,fc3f2023
2216,3,00000048,ff9ff06f
2222,3,00000040,00001f17
2224,3,00000044,fc3f2023
2226,3,00000048,ff9ff06f
2232,3,00000040,00001f17
2234,3,00000044,fc3f2023
2236,3,00000048,ff9ff06f
2242,3,00000040,00001f17
2244,3,00000044,fc3f2023
2246,3,00000048,ff9ff06f
2252,3,00000040,00001f17
2254,3,00000044,fc3f2023
2256,3,00000048,ff9ff06f
2262,3,00000040,00001f17
2264,3,00000044,fc3f2023
2266,3,00000048,ff9ff06f
2272,3,00000040,00001f17
2274,3,00000044,fc3f2023
2276,3,00000048,ff9ff06f
2282,3,00000040,00001f17
2284,3,00000044,fc3f2023
2286,3,00000048,ff9ff06f
2292,3,00000040,00001f17
2294,3,00000044,fc3f2023
2296,3,00000048,ff9ff06f
2302,3,00000040,00001f17
2304,3,00000044,fc3f2023
2306,3,00000048,ff9ff06f
2312,3,00000040,00001f17
2314,3,00000044,fc3f2023
2316,3,00000048,ff9ff06f
2322,3,00000040,00001f17
2324,3,00000044,fc3f2023
2326,3,00000048,ff9ff06f
2332,3,00000040,00001f17
2334,3,00000044,fc3f2023
2336,3,00000048,ff9ff06f
2342,3,00000040,00001f17
2344,3,00000044,fc3f2023
2346,3,00000048,ff9ff06f
2352,3,00000040,00001f17
2354,3,00000044,fc3f2023
2356,3,00000048,ff9ff06f
2362,3,00000040,00001f17
2364,3,00000044,fc3f2023
2366,3,00000048,ff9ff06f
2372,3,00000040,00001f17
2374,3,00000044,fc3f2023
2376,3,00000048,ff9ff06f
2382,3,00000040,00001f17
2384,3,00000044,fc3f2023
2386,3,00000048,ff9ff06f
2392,3,00000040,00001f17
2394,3,00000044,fc3f2023
2396,3,00000048,ff9ff06f
2402,3,00000040,00001f17
2404,3,00000044,fc3f2023
2406,3,00000048,ff9ff06f
2412,3,00000040,00001f17
2414,3,00000044,fc3f2023
2416,3,00000048,ff9ff06f
2422,3,00000040,00001f17
2424,3,00000044,fc3f2023
2426,3,00000048,ff9ff06f
2432,3,00000040,00001f17
2434,3,00000044,fc3f2023
2436,3,00000048,ff9ff06f
2442,3,00000040,00001f17
2444,3,00000044,fc3f2023
2446,3,00000048,ff9ff06f
2452,3,00000040,00001f17
2454,3,00000044,fc3f2023
2456,3,00000048,ff9ff06f
2462,3,00000040,00001f17
2464,3,00000044,fc3f2023
2466,3,00000048,ff9ff06f
2472,3,00000040,00001f17
2474,3,00000044,fc3f2023
2476,3,00000048,ff9ff06f
2482,3,00000040,00001f17
2484,3,00000044,fc3f2023
2486,3,00000048,ff9ff06f
2492,3,00000040,00001f17
2494,3,00000044,fc3f2023
2496,3,00000048,ff9ff06f
2502,3,00000040,00001f17
2504,3,00000044,fc3f2023
2506,3,00000048,ff9ff06f
2512,3,00000040,00001f17
2514,3,00000044,fc3f2023
2516,3,00000048,ff9ff06f
2522,3,00000040,00001f17
2524,3,00000044,fc3f2023
2526,3,00000048,ff9ff06f
2532,3,00000040,00001f17
2534,3,00000044,fc3f2023
2536,3,00000048,ff9ff06f
2542,3,00000040,00001f17
2544,3,00000044,fc3f2023
2546,3,00000048,ff9ff06f
2552,3,00000040,00001f17
2554,3,00000044,fc3f2023
2556,3,00000048,ff9ff06f
2562,3,00000040,00001f17
2564,3,00000044,fc3f2023
2566,3,00000048,ff9ff06f
2572,3,00000040,00001f17
2574,3,00000044,fc3f2023
2576,3,00000048,ff9ff06f
2582,3,00000040,00001f17
2584,3,00000044,fc3f2023
2586,3,00000048,ff9ff06f
2592,3,00000040,00001f17
2594,3,00000044,fc3f2023
2596,3,00000048,ff9ff06f
2602,3,00000040,00001f17
2604,3,00000044,fc3f2023
2606,3,00000048,ff9ff06f
2612,3,00000040,00001f17
2614,3,00000044,fc3f2023
2616,3,00000048,ff9ff06f
2622,3,00000040,00001f17
2624,3,00000044,fc3f2023
2626,3,00000048,ff9ff06f
2632,3,00000040,00001f17
2634,3,00000044,fc3f2023
2636,3,00000048,ff9ff06f
2642,3,00000040,00001f17
2644,3,00000044,fc3f2023
2646,3,00000048,ff9ff06f
2652,3,00000040,00001f17
2654,3,00000044,fc3f2023
2656,3,00000048,ff9ff06f
2662,3,00000040,00001f17
2664,3,00000044,fc3f2023
2666,3,00000048,ff9ff06f
2672,3,00000040,00001f17
2674,3,00000044,fc3f2023
2676,3,00000048,ff9ff06f
2682,3,00000040,00001f17
2684,3,00000044,fc3f2023
2686,3,00000048,ff9ff06f
2692,3,00000040,00001f17
2694,3,00000044,fc3f2023
2696,3,00000048,ff9ff06f
2702,3,00000040,00001f17
2704,3,00000044,fc3f2023
2706,3,00000048,ff9ff06f
2712,3,00000040,00001f17
2714,3,00000044,fc3f2023
2716,3,00000048,ff9ff06f
2722,3,00000040,00001f17
2724,3,00000044,fc3f2023
2726,3,00000048,ff9ff06f
2732,3,00000040,00001f17
2734,3,00000044,fc3f2023
2736,3,00000048,ff9ff06f
2742,3,00000040,00001f17
2744,3,00000044,fc3f2023
2746,3,00000048,ff9ff06f
2752,3,00000040,00001f17
2754,3,00000044,fc3f2023
2756,3,00000048,ff9ff06f
2762,3,00000040,00001f17
2764,3,00000044,fc3f2023
2766,3,00000048,ff9ff06f
2772,3,00000040,00001f17
2774,3,00000044,fc3f2023
2776,3,00000048,ff9ff06f
2782,3,00000040,00001f17
2784,3,00000044,fc3f2023
2786,3,00000048,ff9ff06f
2792,3,00000040,00001f17
2794,3,00000044,fc3f2023
2796,3,00000048,ff9ff06f
2802,3,00000040,00001f17
2804,3,00000044,fc3f2023
2806,3,00000048,ff9ff06f
2812,3,00000040,00001f17
2814,3,00000044,fc3f2023
2816,3,00000048,ff9ff06f
2822,3,00000040,00001f17
2824,3,00000044,fc3f2023
2826,3,00000048,ff9ff06f
2832,3,00000040,00001f17
2834,3,00000044,fc3f2023
2836,3,00000048,ff9ff06f
2842,3,00000040,00001f17
2844,3,00000044,fc3f2023
2846,3,00000048,ff9ff06f
2852,3,00000040,00001f17
2854,3,00000044,fc3f2023
2856,3,00000048,ff9ff06f
2862,3,00000040,00001f17
2864,3,00000044,fc3f2023
2866,3,00000048,ff9ff06f
2872,3,00000040,00001f17
2874,3,00000044,fc3f2023
2876,3,00000048,ff9ff06f
2882,3,00000040,00001f17
2884,3,00000044,fc3f2023
2886,3,00000048,ff9ff06f
2892,3,00000040,00001f17
2894,3,00000044,fc3f2023
2896,3,00000048,ff9ff06f
2902,3,00000040,00001f17
2904,3,00000044,fc3f2023
2906,3,00000048,ff9ff06f
2912,3,00000040,00001f17
2914,3,00000044,fc3f2023
2916,3,00000048,ff9ff06f
2922,3,00000040,00001f17
2924,3,00000044,fc3f2023
2926,3,00000048,ff9ff06f
2932,3,00000040,00001f17
2934,3,00000044,fc3f2023
2936,3,00000048,ff9ff06f
2942,3,00000040,00001f17
2944,3,00000044,fc3f2023
2946,3,00000048,ff9ff06f
2952,3,00000040,00001f17
2954,3,00000044,fc3f2023
2956,3,00000048,ff9ff06f
2962,3,00000040,00001f17
2964,3,00000044,fc3f2023
2966,3,00000048,ff9ff06f
2972,3,00000040,00001f17
2974,3,00000044,fc3f2023
2976,3,00000048,ff9ff06f
2982,3,00000040,00001f17
2984,3,00000044,fc3f2023
2986,3,00000048,ff9ff06f
2992,3,00000040,00001f17
2994,3,00000044,fc3f2023
2996,3,00000048,ff9ff06f
3002,3,00000040,00001f17
3004,3,00000044,fc3f2023
3006,3,00000048,ff9ff06f
3012,3,00000040,00001f17
3014,3,00000044,fc3f2023
3016,3,00000048,ff9ff06f
3022,3,00000040,00001f17
3024,3,00000044,fc3f2023
3026,3,00000048,ff9ff06f
3032,3,00000040,00001f17
3034,3,00000044,fc3f2023
3036,3,00000048,ff9ff06f
3042,3,00000040,00001f17
3044,3,00000044,fc3f2023
3046,3,00000048,ff9ff06f
3052,3,00000040,00001f17
3054,3,00000044,fc3f2023
3056,3,00000048,ff9ff06f
3062,3,00000040,00001f17
3064,3,00000044,fc3f2023
3066,3,00000048,ff9ff06f
3072,3,00000040,00001f17
3074,3,00000044,fc3f2023
3076,3,00000048,ff9ff06f
3082,3,00000040,00001f17
3084,3,00000044,fc3f2023
3086,3,00000048,ff9ff06f
3092,3,00000040,00001f17
3094,3,00000044,fc3f2023
3096,3,00000048,ff9ff06f
3102,3,00000040,00001f17
3104,3,00000044,fc3f2023
3106,3,00000048,ff9ff06f
3112,3,00000040,00001f17
3114,3,00000044,fc3f2023
3116,3,00000048,ff9ff06f
3122,3,00000040,00001f17
3124,3,00000044,fc3f2023
3126,3,00000048,ff9ff06f
3132,3,00000040,00001f17
3134,3,00000044,fc3f2023
3136,3,00000048,ff9ff06f
3142,3,00000040,00001f17
3144,3,00000044,fc3f2023
3146,3,00000048,ff9ff06f
3152,3,00000040,00001f17
3154,3,00000044,fc3f2023
3156,3,00000048,ff9ff06f
3162,3,00000040,00001f17
3164,3,00000044,fc3f2023
3166,3,00000048,ff9ff06f
3172,3,00000040,00001f17
3174,3,00000044,fc3f2023
3176,3,00000048,ff9ff06f
3182,3,00000040,00001f17
3184,3,00000044,fc3f2023
3186,3,00000048,ff9ff06f
3192,3,00000040,00001f17
3194,3,00000044,fc3f2023
3196,3,00000048,ff9ff06f
3202,3,00000040,00001f17
3204,3,00000044,fc3f2023
3206,3,00000048,ff9ff06f
3212,3,00000040,00001f17
3214,3,00000044,fc3f2023
3216,3,00000048,ff9ff06f
3222,3,00000040,00001f17
3224,3,00000044,fc3f2023
3226,3,00000048,ff9ff06f
3232,3,00000040,00001f17
3234,3,00000044,fc3f2023
3236,3,00000048,ff9ff06f
3242,3,00000040,00001f17
3244,3,00000044,fc3f2023
3246,3,00000048,ff9ff06f
3252,3,00000040,00001f17
3254,3,00000044,fc3f2023
3256,3,00000048,ff9ff06f
3262,3,00000040,00001f17
3264,3,00000044,fc3f2023
3266,3,00000048,ff9ff06f
3272,3,00000040,00001f17
3274,3,00000044,fc3f2023
3276,3,00000048,ff9ff06f
3282,3,00000040,00001f17
3284,3,00000044,fc3f2023
3286,3,00000048,ff9ff06f
3292,3,00000040,00001f17
3294,3,00000044,fc3f2023
3296,3,00000048,ff9ff06f
3302,3,00000040,00001f17
3304,3,00000044,fc3f2023
3306,3,00000048,ff9ff06f
3312,3,00000040,00001f17
3314,3,00000044,fc3f2023
3316,3,00000048,ff9ff06f
3322,3,00000040,00001f17
3324,3,00000044,fc3f2023
3326,3,00000048,ff9ff06f
3332,3,00000040,00001f17
3334,3,00000044,fc3f2023
3336,3,00000048,ff9ff06f
3342,3,00000040,00001f17
3344,3,00000044,fc3f2023
3346,3,00000048,ff9ff06f
3352,3,00000040,00001f17
3354,3,00000044,fc3f2023
3356,3,00000048,ff9ff06f
3362,3,00000040,00001f17
3364,3,00000044,fc3f2023
3366,3,00000048,ff9ff06f
3372,3,00000040,00001f17
3374,3,00000044,fc3f2023
3376,3,00000048,ff9ff06f
3382,3,00000040,00001f17
3384,3,00000044,fc3f2023
3386,3,00000048,ff9ff06f
3392,3,00000040,00001f17
3394,3,00000044,fc3f2023
3396,3,00000048,ff9ff06f
3402,3,00000040,00001f17
3404,3,00000044,fc3f2023
3406,3,00000048,ff9ff06f
3412,3,00000040,00001f17
3414,3,00000044,fc3f2023
3416,3,00000048,ff9ff06f
3422,3,00000040,00001f17
3424,3,00000044,fc3f2023
3426,3,00000048,ff9ff06f
3432,3,00000040,00001f17
3434,3,00000044,fc3f2023
3436,3,00000048,ff9ff06f
3442,3,00000040,00001f17
3444,3,00000044,fc3f2023
3446,3,00000048,ff9ff06f
3452,3,00000040,00001f17
3454,3,00000044,fc3f2023
3456,3,00000048,ff9ff06f
3462,3,00000040,00001f17
3464,3,00000044,fc3f2023
3466,3,00000048,ff9ff06f
3472,3,00000040,00001f17
3474,3,00000044,fc3f2023
3476,3,00000048,ff9ff06f
3482,3,00000040,00001f17
3484,3,00000044,fc3f2023
3486,3,00000048,ff9ff06f
3492,3,00000040,00001f17
3494,3,00000044,fc3f2023
3496,3,00000048,ff9ff06f
