44,3,00000000,04c0006f
52,3,0000004c,f1402573
56,3,00000050,00051063
60,3,00000054,30102573
64,3,00000058,00055863
72,3,00000068,00000e13
76,3,0000006c,00000297
80,3,00000070,f9828293
84,3,00000074,30529073
88,3,00000078,30205073
92,3,0000007c,30305073
96,3,00000080,30405073
100,3,00000084,00000297
104,3,00000088,f7c28293
108,3,0000008c,00028c63
116,3,000000a4,30005073
120,3,000000a8,00000297
124,3,000000ac,01428293
128,3,000000b0,34129073
132,3,000000b4,f1402573
136,3,000000b8,30200073
144,3,000000bc,00000093
148,3,000000c0,00008193
152,3,000000c4,00000e93
156,3,000000c8,00200e13
160,3,000000cc,27d19c63
164,3,000000d0,00100093
168,3,000000d4,00108193
172,3,000000d8,00200e93
176,3,000000dc,00300e13
180,3,000000e0,27d19263
184,3,000000e4,00300093
188,3,000000e8,00708193
192,3,000000ec,00a00e93
196,3,000000f0,00400e13
200,3,000000f4,25d19863
204,3,000000f8,00000093
208,3,000000fc,80008193
212,3,00000100,80000e93
216,3,00000104,00500e13
220,3,00000108,23d19e63
224,3,0000010c,800000b7
228,3,00000110,00008193
232,3,00000114,80000eb7
236,3,00000118,00600e13
240,3,0000011c,23d19463
244,3,00000120,800000b7
248,3,00000124,80008193
252,3,00000128,80000eb7
256,3,0000012c,800e8e93
260,3,00000130,00700e13
264,3,00000134,21d19863
268,3,00000138,00000093
272,3,0000013c,7ff08193
276,3,00000140,7ff00e93
280,3,00000144,00800e13
284,3,00000148,1fd19e63
288,3,0000014c,800000b7
292,3,00000150,fff08093
296,3,00000154,00008193
300,3,00000158,80000eb7
304,3,0000015c,fffe8e93
308,3,00000160,00900e13
312,3,00000164,1fd19063
316,3,00000168,800000b7
320,3,0000016c,fff08093
324,3,00000170,7ff08193
328,3,00000174,80000eb7
332,3,00000178,7fee8e93
336,3,0000017c,00a00e13
340,3,00000180,1dd19263
344,3,00000184,800000b7
348,3,00000188,7ff08193
352,3,0000018c,80000eb7
356,3,00000190,7ffe8e93
360,3,00000194,00b00e13
364,3,00000198,1bd19663
368,3,0000019c,800000b7
372,3,000001a0,fff08093
376,3,000001a4,80008193
380,3,000001a8,7ffffeb7
384,3,000001ac,7ffe8e93
388,3,000001b0,00c00e13
392,3,000001b4,19d19863
396,3,000001b8,00000093
400,3,000001bc,fff08193
404,3,000001c0,fff00e93
408,3,000001c4,00d00e13
412,3,000001c8,17d19e63
416,3,000001cc,fff00093
420,3,000001d0,00108193
424,3,000001d4,00000e93
428,3,000001d8,00e00e13
432,3,000001dc,17d19463
436,3,000001e0,fff00093
440,3,000001e4,fff08193
444,3,000001e8,ffe00e93
448,3,000001ec,00f00e13
452,3,000001f0,15d19a63
456,3,000001f4,800000b7
460,3,000001f8,fff08093
464,3,000001fc,00108193
468,3,00000200,80000eb7
472,3,00000204,01000e13
476,3,00000208,13d19e63
480,3,0000020c,00d00093
484,3,00000210,00b08093
488,3,00000214,01800e93
492,3,00000218,01100e13
496,3,0000021c,13d09463
500,3,00000220,00000213
504,3,00000224,00d00093
508,3,00000228,00b08193
512,3,0000022c,00018313
516,3,00000230,00120213
520,3,00000234,00200293
524,3,00000238,fe5216e3
532,3,00000224,00d00093
536,3,00000228,00b08193
540,3,0000022c,00018313
544,3,00000230,00120213
548,3,00000234,00200293
552,3,00000238,fe5216e3
556,3,0000023c,01800e93
560,3,00000240,01200e13
564,3,00000244,11d31063
568,3,00000248,00000213
572,3,0000024c,00d00093
576,3,00000250,00a08193
580,3,00000254,00000013
584,3,00000258,00018313
588,3,0000025c,00120213
592,3,00000260,00200293
596,3,00000264,fe5214e3
604,3,0000024c,00d00093
608,3,00000250,00a08193
612,3,00000254,00000013
616,3,00000258,00018313
620,3,0000025c,00120213
624,3,00000260,00200293
628,3,00000264,fe5214e3
632,3,00000268,01700e93
636,3,0000026c,01300e13
640,3,00000270,0dd31a63
644,3,00000274,00000213
648,3,00000278,00d00093
652,3,0000027c,00908193
656,3,00000280,00000013
660,3,00000284,00000013
664,3,00000288,00018313
668,3,0000028c,00120213
672,3,00000290,00200293
676,3,00000294,fe5212e3
684,3,00000278,00d00093
688,3,0000027c,00908193
692,3,00000280,00000013
696,3,00000284,00000013
700,3,00000288,00018313
704,3,0000028c,00120213
708,3,00000290,00200293
712,3,00000294,fe5212e3
716,3,00000298,01600e93
720,3,0000029c,01400e13
724,3,000002a0,0bd31263
728,3,000002a4,00000213
732,3,000002a8,00d00093
736,3,000002ac,00b08193
740,3,000002b0,00120213
744,3,000002b4,00200293
748,3,000002b8,fe5218e3
756,3,000002a8,00d00093
760,3,000002ac,00b08193
764,3,000002b0,00120213
768,3,000002b4,00200293
772,3,000002b8,fe5218e3
776,3,000002bc,01800e93
780,3,000002c0,01500e13
784,3,000002c4,09d19063
788,3,000002c8,00000213
792,3,000002cc,00d00093
796,3,000002d0,00000013
800,3,000002d4,00a08193
804,3,000002d8,00120213
808,3,000002dc,00200293
812,3,000002e0,fe5216e3
820,3,000002cc,00d00093
824,3,000002d0,00000013
828,3,000002d4,00a08193
832,3,000002d8,00120213
836,3,000002dc,00200293
840,3,000002e0,fe5216e3
844,3,000002e4,01700e93
848,3,000002e8,01600e13
852,3,000002ec,05d19c63
856,3,000002f0,00000213
860,3,000002f4,00d00093
864,3,000002f8,00000013
868,3,000002fc,00000013
872,3,00000300,00908193
876,3,00000304,00120213
880,3,00000308,00200293
884,3,0000030c,fe5214e3
892,3,000002f4,00d00093
896,3,000002f8,00000013
900,3,000002fc,00000013
904,3,00000300,00908193
908,3,00000304,00120213
912,3,00000308,00200293
916,3,0000030c,fe5214e3
920,3,00000310,01600e93
924,3,00000314,01700e13
928,3,00000318,03d19663
932,3,0000031c,02000093
936,3,00000320,02000e93
940,3,00000324,01800e13
944,3,00000328,01d09e63
948,3,0000032c,02100093
952,3,00000330,03208013
956,3,00000334,00000e93
960,3,00000338,01900e13
964,3,0000033c,01d01463
968,3,00000340,01c01c63
976,3,00000358,0ff0000f
980,3,0000035c,00100e13
984,3,00000360,00000073
992,3,00000004,34202f73
996,3,00000008,00800f93
1000,3,0000000c,03ff0a63
1004,3,00000010,00900f93
1008,3,00000014,03ff0663
1012,3,00000018,00b00f93
1016,3,0000001c,03ff0263
1024,3,00000040,00001f17
1030,3,00000044,fdcf2023
1034,3,00000048,ff9ff06f
1042,3,00000040,00001f17
1048,3,00000044,fdcf2023
1052,3,00000048,ff9ff06f
1060,3,00000040,00001f17
1066,3,00000044,fdcf2023
1070,3,00000048,ff9ff06f
1078,3,00000040,00001f17
1084,3,00000044,fdcf2023
1088,3,00000048,ff9ff06f
1096,3,00000040,00001f17
1102,3,00000044,fdcf2023
1106,3,00000048,ff9ff06f
1114,3,00000040,00001f17
1120,3,00000044,fdcf2023
1124,3,00000048,ff9ff06f
1132,3,00000040,00001f17
1138,3,00000044,fdcf2023
1142,3,00000048,ff9ff06f
1150,3,00000040,00001f17
1156,3,00000044,fdcf2023
1160,3,00000048,ff9ff06f
1168,3,00000040,00001f17
1174,3,00000044,fdcf2023
1178,3,00000048,ff9ff06f
1186,3,00000040,00001f17
1192,3,00000044,fdcf2023
1196,3,00000048,ff9ff06f
1204,3,00000040,00001f17
1210,3,00000044,fdcf2023
1214,3,00000048,ff9ff06f
1222,3,00000040,00001f17
1228,3,00000044,fdcf2023
1232,3,00000048,ff9ff06f
1240,3,00000040,00001f17
1246,3,00000044,fdcf2023
1250,3,00000048,ff9ff06f
1258,3,00000040,00001f17
1264,3,00000044,fdcf2023
1268,3,00000048,ff9ff06f
1276,3,00000040,00001f17
1282,3,00000044,fdcf2023
1286,3,00000048,ff9ff06f
1294,3,00000040,00001f17
1300,3,00000044,fdcf2023
1304,3,00000048,ff9ff06f
1312,3,00000040,00001f17
1318,3,00000044,fdcf2023
1322,3,00000048,ff9ff06f
1330,3,00000040,00001f17
1336,3,00000044,fdcf2023
1340,3,00000048,ff9ff06f
1348,3,00000040,00001f17
1354,3,00000044,fdcf2023
1358,3,00000048,ff9ff06f
1366,3,00000040,00001f17
1372,3,00000044,fdcf2023
1376,3,00000048,ff9ff06f
1384,3,00000040,00001f17
1390,3,00000044,fdcf2023
1394,3,00000048,ff9ff06f
1402,3,00000040,00001f17
1408,3,00000044,fdcf2023
1412,3,00000048,ff9ff06f
1420,3,00000040,00001f17
1426,3,00000044,fdcf2023
1430,3,00000048,ff9ff06f
1438,3,00000040,00001f17
1444,3,00000044,fdcf2023
1448,3,00000048,ff9ff06f
1456,3,00000040,00001f17
1462,3,00000044,fdcf2023
1466,3,00000048,ff9ff06f
1474,3,00000040,00001f17
1480,3,00000044,fdcf2023
1484,3,00000048,ff9ff06f
1492,3,00000040,00001f17
1498,3,00000044,fdcf2023
1502,3,00000048,ff9ff06f
1510,3,00000040,00001f17
1516,3,00000044,fdcf2023
1520,3,00000048,ff9ff06f
1528,3,00000040,00001f17
1534,3,00000044,fdcf2023
1538,3,00000048,ff9ff06f
1546,3,00000040,00001f17
1552,3,00000044,fdcf2023
1556,3,00000048,ff9ff06f
1564,3,00000040,00001f17
1570,3,00000044,fdcf2023
1574,3,00000048,ff9ff06f
1582,3,00000040,00001f17
1588,3,00000044,fdcf2023
1592,3,00000048,ff9ff06f
1600,3,00000040,00001f17
1606,3,00000044,fdcf2023
1610,3,00000048,ff9ff06f
1618,3,00000040,00001f17
1624,3,00000044,fdcf2023
1628,3,00000048,ff9ff06f
1636,3,00000040,00001f17
1642,3,00000044,fdcf2023
1646,3,00000048,ff9ff06f
1654,3,00000040,00001f17
1660,3,00000044,fdcf2023
1664,3,00000048,ff9ff06f
1672,3,00000040,00001f17
1678,3,00000044,fdcf2023
1682,3,00000048,ff9ff06f
1690,3,00000040,00001f17
1696,3,00000044,fdcf2023
1700,3,00000048,ff9ff06f
1708,3,00000040,00001f17
1714,3,00000044,fdcf2023
1718,3,00000048,ff9ff06f
1726,3,00000040,00001f17
1732,3,00000044,fdcf2023
1736,3,00000048,ff9ff06f
1744,3,00000040,00001f17
1750,3,00000044,fdcf2023
1754,3,00000048,ff9ff06f
1762,3,00000040,00001f17
1768,3,00000044,fdcf2023
1772,3,00000048,ff9ff06f
1780,3,00000040,00001f17
1786,3,00000044,fdcf2023
1790,3,00000048,ff9ff06f
1798,3,00000040,00001f17
1804,3,00000044,fdcf2023
1808,3,00000048,ff9ff06f
1816,3,00000040,00001f17
1822,3,00000044,fdcf2023
1826,3,00000048,ff9ff06f
1834,3,00000040,00001f17
1840,3,00000044,fdcf2023
1844,3,00000048,ff9ff06f
1852,3,00000040,00001f17
1858,3,00000044,fdcf2023
1862,3,00000048,ff9ff06f
1870,3,00000040,00001f17
1876,3,00000044,fdcf2023
1880,3,00000048,ff9ff06f
1888,3,00000040,00001f17
1894,3,00000044,fdcf2023
1898,3,00000048,ff9ff06f
1906,3,00000040,00001f17
1912,3,00000044,fdcf2023
1916,3,00000048,ff9ff06f
1924,3,00000040,00001f17
1930,3,00000044,fdcf2023
1934,3,00000048,ff9ff06f
1942,3,00000040,00001f17
1948,3,00000044,fdcf2023
1952,3,00000048,ff9ff06f
1960,3,00000040,00001f17
1966,3,00000044,fdcf2023
1970,3,00000048,ff9ff06f
1978,3,00000040,00001f17
1984,3,00000044,fdcf2023
1988,3,00000048,ff9ff06f
1996,3,00000040,00001f17
2002,3,00000044,fdcf2023
2006,3,00000048,ff9ff06f
2014,3,00000040,00001f17
2020,3,00000044,fdcf2023
2024,3,00000048,ff9ff06f
2032,3,00000040,00001f17
2038,3,00000044,fdcf2023
2042,3,00000048,ff9ff06f
2050,3,00000040,00001f17
2056,3,00000044,fdcf2023
2060,3,00000048,ff9ff06f
2068,3,00000040,00001f17
2074,3,00000044,fdcf2023
2078,3,00000048,ff9ff06f
2086,3,00000040,00001f17
2092,3,00000044,fdcf2023
2096,3,00000048,ff9ff06f
2104,3,00000040,00001f17
2110,3,00000044,fdcf2023
2114,3,00000048,ff9ff06f
2122,3,00000040,00001f17
2128,3,00000044,fdcf2023
2132,3,00000048,ff9ff06f
2140,3,00000040,00001f17
2146,3,00000044,fdcf2023
2150,3,00000048,ff9ff06f
2158,3,00000040,00001f17
2164,3,00000044,fdcf2023
2168,3,00000048,ff9ff06f
2176,3,00000040,00001f17
2182,3,00000044,fdcf2023
2186,3,00000048,ff9ff06f
2194,3,00000040,00001f17
2200,3,00000044,fdcf2023
2204,3,00000048,ff9ff06f
2212,3,00000040,00001f17
2218,3,00000044,fdcf2023
2222,3,00000048,ff9ff06f
2230,3,00000040,00001f17
2236,3,00000044,fdcf2023
2240,3,00000048,ff9ff06f
2248,3,00000040,00001f17
2254,3,00000044,fdcf2023
2258,3,00000048,ff9ff06f
2266,3,00000040,00001f17
2272,3,00000044,fdcf2023
2276,3,00000048,ff9ff06f
2284,3,00000040,00001f17
2290,3,00000044,fdcf2023
2294,3,00000048,ff9ff06f
2302,3,00000040,00001f17
2308,3,00000044,fdcf2023
2312,3,00000048,ff9ff06f
2320,3,00000040,00001f17
2326,3,00000044,fdcf2023
2330,3,00000048,ff9ff06f
2338,3,00000040,00001f17
2344,3,00000044,fdcf2023
2348,3,00000048,ff9ff06f
2356,3,00000040,00001f17
2362,3,00000044,fdcf2023
2366,3,00000048,ff9ff06f
2374,3,00000040,00001f17
2380,3,00000044,fdcf2023
2384,3,00000048,ff9ff06f
2392,3,00000040,00001f17
2398,3,00000044,fdcf2023
2402,3,00000048,ff9ff06f
2410,3,00000040,00001f17
2416,3,00000044,fdcf2023
2420,3,00000048,ff9ff06f
2428,3,00000040,00001f17
2434,3,00000044,fdcf2023
2438,3,00000048,ff9ff06f
2446,3,00000040,00001f17
2452,3,00000044,fdcf2023
2456,3,00000048,ff9ff06f
2464,3,00000040,00001f17
2470,3,00000044,fdcf2023
2474,3,00000048,ff9ff06f
2482,3,00000040,00001f17
2488,3,00000044,fdcf2023
2492,3,00000048,ff9ff06f
2500,3,00000040,00001f17
2506,3,00000044,fdcf2023
2510,3,00000048,ff9ff06f
2518,3,00000040,00001f17
2524,3,00000044,fdcf2023
2528,3,00000048,ff9ff06f
2536,3,00000040,00001f17
2542,3,00000044,fdcf2023
2546,3,00000048,ff9ff06f
2554,3,00000040,00001f17
2560,3,00000044,fdcf2023
2564,3,00000048,ff9ff06f
2572,3,00000040,00001f17
2578,3,00000044,fdcf2023
2582,3,00000048,ff9ff06f
2590,3,00000040,00001f17
2596,3,00000044,fdcf2023
2600,3,00000048,ff9ff06f
2608,3,00000040,00001f17
2614,3,00000044,fdcf2023
2618,3,00000048,ff9ff06f
2626,3,00000040,00001f17
2632,3,00000044,fdcf2023
2636,3,00000048,ff9ff06f
2644,3,00000040,00001f17
2650,3,00000044,fdcf2023
2654,3,00000048,ff9ff06f
2662,3,00000040,00001f17
2668,3,00000044,fdcf2023
2672,3,00000048,ff9ff06f
2680,3,00000040,00001f17
2686,3,00000044,fdcf2023
2690,3,00000048,ff9ff06f
2698,3,00000040,00001f17
2704,3,00000044,fdcf2023
2708,3,00000048,ff9ff06f
2716,3,00000040,00001f17
2722,3,00000044,fdcf2023
2726,3,00000048,ff9ff06f
2734,3,00000040,00001f17
2740,3,00000044,fdcf2023
2744,3,00000048,ff9ff06f
2752,3,00000040,00001f17
2758,3,00000044,fdcf2023
2762,3,00000048,ff9ff06f
2770,3,00000040,00001f17
2776,3,00000044,fdcf2023
2780,3,00000048,ff9ff06f
2788,3,00000040,00001f17
2794,3,00000044,fdcf2023
2798,3,00000048,ff9ff06f
2806,3,00000040,00001f17
2812,3,00000044,fdcf2023
2816,3,00000048,ff9ff06f
2824,3,00000040,00001f17
2830,3,00000044,fdcf2023
2834,3,00000048,ff9ff06f
2842,3,00000040,00001f17
2848,3,00000044,fdcf2023
2852,3,00000048,ff9ff06f
2860,3,00000040,00001f17
2866,3,00000044,fdcf2023
2870,3,00000048,ff9ff06f
2878,3,00000040,00001f17
2884,3,00000044,fdcf2023
2888,3,00000048,ff9ff06f
2896,3,00000040,00001f17
2902,3,00000044,fdcf2023
2906,3,00000048,ff9ff06f
2914,3,00000040,00001f17
2920,3,00000044,fdcf2023
2924,3,00000048,ff9ff06f
2932,3,00000040,00001f17
2938,3,00000044,fdcf2023
2942,3,00000048,ff9ff06f
2950,3,00000040,00001f17
2956,3,00000044,fdcf2023
2960,3,00000048,ff9ff06f
2968,3,00000040,00001f17
2974,3,00000044,fdcf2023
2978,3,00000048,ff9ff06f
2986,3,00000040,00001f17
2992,3,00000044,fdcf2023
2996,3,00000048,ff9ff06f
3004,3,00000040,00001f17
3010,3,00000044,fdcf2023
3014,3,00000048,ff9ff06f
3022,3,00000040,00001f17
3028,3,00000044,fdcf2023
3032,3,00000048,ff9ff06f
3040,3,00000040,00001f17
3046,3,00000044,fdcf2023
3050,3,00000048,ff9ff06f
3058,3,00000040,00001f17
3064,3,00000044,fdcf2023
3068,3,00000048,ff9ff06f
3076,3,00000040,00001f17
3082,3,00000044,fdcf2023
3086,3,00000048,ff9ff06f
3094,3,00000040,00001f17
3100,3,00000044,fdcf2023
3104,3,00000048,ff9ff06f
3112,3,00000040,00001f17
3118,3,00000044,fdcf2023
3122,3,00000048,ff9ff06f
3130,3,00000040,00001f17
3136,3,00000044,fdcf2023
3140,3,00000048,ff9ff06f
3148,3,00000040,00001f17
3154,3,00000044,fdcf2023
3158,3,00000048,ff9ff06f
3166,3,00000040,00001f17
3172,3,00000044,fdcf2023
3176,3,00000048,ff9ff06f
3184,3,00000040,00001f17
3190,3,00000044,fdcf2023
3194,3,00000048,ff9ff06f
3202,3,00000040,00001f17
3208,3,00000044,fdcf2023
3212,3,00000048,ff9ff06f
3220,3,00000040,00001f17
3226,3,00000044,fdcf2023
3230,3,00000048,ff9ff06f
3238,3,00000040,00001f17
3244,3,00000044,fdcf2023
3248,3,00000048,ff9ff06f
3256,3,00000040,00001f17
3262,3,00000044,fdcf2023
3266,3,00000048,ff9ff06f
3274,3,00000040,00001f17
3280,3,00000044,fdcf2023
3284,3,00000048,ff9ff06f
3292,3,00000040,00001f17
3298,3,00000044,fdcf2023
3302,3,00000048,ff9ff06f
3310,3,00000040,00001f17
3316,3,00000044,fdcf2023
3320,3,00000048,ff9ff06f
3328,3,00000040,00001f17
3334,3,00000044,fdcf2023
3338,3,00000048,ff9ff06f
3346,3,00000040,00001f17
3352,3,00000044,fdcf2023
3356,3,00000048,ff9ff06f
3364,3,00000040,00001f17
3370,3,00000044,fdcf2023
3374,3,00000048,ff9ff06f
3382,3,00000040,00001f17
3388,3,00000044,fdcf2023
3392,3,00000048,ff9ff06f
3400,3,00000040,00001f17
3406,3,00000044,fdcf2023
3410,3,00000048,ff9ff06f
3418,3,00000040,00001f17
3424,3,00000044,fdcf2023
3428,3,00000048,ff9ff06f
3436,3,00000040,00001f17
3442,3,00000044,fdcf2023
3446,3,00000048,ff9ff06f
3454,3,00000040,00001f17
3460,3,00000044,fdcf2023
3464,3,00000048,ff9ff06f
3472,3,00000040,00001f17
3478,3,00000044,fdcf2023
3482,3,00000048,ff9ff06f
3490,3,00000040,00001f17
3496,3,00000044,fdcf2023
3500,3,00000048,ff9ff06f
3508,3,00000040,00001f17
3514,3,00000044,fdcf2023
3518,3,00000048,ff9ff06f
3526,3,00000040,00001f17
3532,3,00000044,fdcf2023
3536,3,00000048,ff9ff06f
3544,3,00000040,00001f17
3550,3,00000044,fdcf2023
3554,3,00000048,ff9ff06f
3562,3,00000040,00001f17
3568,3,00000044,fdcf2023
3572,3,00000048,ff9ff06f
3580,3,00000040,00001f17
3586,3,00000044,fdcf2023
3590,3,00000048,ff9ff06f
3598,3,00000040,00001f17
3604,3,00000044,fdcf2023
3608,3,00000048,ff9ff06f
3616,3,00000040,00001f17
3622,3,00000044,fdcf2023
3626,3,00000048,ff9ff06f
3634,3,00000040,00001f17
3640,3,00000044,fdcf2023
3644,3,00000048,ff9ff06f
3652,3,00000040,00001f17
3658,3,00000044,fdcf2023
3662,3,00000048,ff9ff06f
3670,3,00000040,00001f17
3676,3,00000044,fdcf2023
3680,3,00000048,ff9ff06f
3688,3,00000040,00001f17
3694,3,00000044,fdcf2023
3698,3,00000048,ff9ff06f
3706,3,00000040,00001f17
3712,3,00000044,fdcf2023
3716,3,00000048,ff9ff06f
3724,3,00000040,00001f17
3730,3,00000044,fdcf2023
3734,3,00000048,ff9ff06f
3742,3,00000040,00001f17
3748,3,00000044,fdcf2023
3752,3,00000048,ff9ff06f
3760,3,00000040,00001f17
3766,3,00000044,fdcf2023
3770,3,00000048,ff9ff06f
3778,3,00000040,00001f17
3784,3,00000044,fdcf2023
3788,3,00000048,ff9ff06f
3796,3,00000040,00001f17
3802,3,00000044,fdcf2023
3806,3,00000048,ff9ff06f
3814,3,00000040,00001f17
3820,3,00000044,fdcf2023
3824,3,00000048,ff9ff06f
3832,3,00000040,00001f17
3838,3,00000044,fdcf2023
3842,3,00000048,ff9ff06f
3850,3,00000040,00001f17
3856,3,00000044,fdcf2023
3860,3,00000048,ff9ff06f
3868,3,00000040,00001f17
3874,3,00000044,fdcf2023
3878,3,00000048,ff9ff06f
3886,3,00000040,00001f17
3892,3,00000044,fdcf2023
3896,3,00000048,ff9ff06f
