44,3,00000000,04c0006f
52,3,0000004c,f1402573
56,3,00000050,00051063
60,3,00000054,00000297
64,3,00000058,01028293
68,3,0000005c,30529073
80,3,00000064,00000297
84,3,00000068,01c28293
88,3,0000006c,30529073
92,3,00000070,fff00293
104,3,00000080,00000297
108,3,00000084,01828293
112,3,00000088,30529073
116,3,0000008c,30205073
120,3,00000090,30305073
124,3,00000094,30405073
128,3,00000098,00000193
132,3,0000009c,00000297
136,3,000000a0,f6828293
140,3,000000a4,30529073
144,3,000000a8,00100513
148,3,000000ac,01f51513
152,3,000000b0,00054863
160,3,000000c0,00000297
164,3,000000c4,f4028293
168,3,000000c8,00028e63
176,3,000000e4,30005073
180,3,000000e8,00000297
184,3,000000ec,01428293
188,3,000000f0,34129073
192,3,000000f4,f1402573
196,3,000000f8,30200073
204,3,000000fc,00ff10b7
208,3,00000100,f0008093
212,3,00000104,f0f0cf13
216,3,00000108,ff00feb7
220,3,0000010c,00fe8e93
224,3,00000110,00200193
228,3,00000114,1ddf1663
232,3,00000118,0ff010b7
236,3,0000011c,ff008093
240,3,00000120,0f00cf13
244,3,00000124,0ff01eb7
248,3,00000128,f00e8e93
252,3,0000012c,00300193
256,3,00000130,1bdf1863
260,3,00000134,00ff10b7
264,3,00000138,8ff08093
268,3,0000013c,70f0cf13
272,3,00000140,00ff1eb7
276,3,00000144,ff0e8e93
280,3,00000148,00400193
284,3,0000014c,19df1a63
288,3,00000150,f00ff0b7
292,3,00000154,00f08093
296,3,00000158,0f00cf13
300,3,0000015c,f00ffeb7
304,3,00000160,0ffe8e93
308,3,00000164,00500193
312,3,00000168,17df1c63
316,3,0000016c,ff00f0b7
320,3,00000170,70008093
324,3,00000174,70f0c093
328,3,00000178,ff00feb7
332,3,0000017c,00fe8e93
336,3,00000180,00600193
340,3,00000184,15d09e63
344,3,00000188,00000213
348,3,0000018c,0ff010b7
352,3,00000190,ff008093
356,3,00000194,0f00cf13
360,3,00000198,000f0313
364,3,0000019c,00120213
368,3,000001a0,00200293
372,3,000001a4,fe5214e3
380,3,0000018c,0ff010b7
384,3,00000190,ff008093
388,3,00000194,0f00cf13
392,3,00000198,000f0313
396,3,0000019c,00120213
400,3,000001a0,00200293
404,3,000001a4,fe5214e3
408,3,000001a8,0ff01eb7
412,3,000001ac,f00e8e93
416,3,000001b0,00700193
420,3,000001b4,13d31663
424,3,000001b8,00000213
428,3,000001bc,00ff10b7
432,3,000001c0,8ff08093
436,3,000001c4,70f0cf13
440,3,000001c8,00000013
444,3,000001cc,000f0313
448,3,000001d0,00120213
452,3,000001d4,00200293
456,3,000001d8,fe5212e3
464,3,000001bc,00ff10b7
468,3,000001c0,8ff08093
472,3,000001c4,70f0cf13
476,3,000001c8,00000013
480,3,000001cc,000f0313
484,3,000001d0,00120213
488,3,000001d4,00200293
492,3,000001d8,fe5212e3
496,3,000001dc,00ff1eb7
500,3,000001e0,ff0e8e93
504,3,000001e4,00800193
508,3,000001e8,0fd31c63
512,3,000001ec,00000213
516,3,000001f0,f00ff0b7
520,3,000001f4,00f08093
524,3,000001f8,0f00cf13
528,3,000001fc,00000013
532,3,00000200,00000013
536,3,00000204,000f0313
540,3,00000208,00120213
544,3,0000020c,00200293
548,3,00000210,fe5210e3
556,3,000001f0,f00ff0b7
560,3,000001f4,00f08093
564,3,000001f8,0f00cf13
568,3,000001fc,00000013
572,3,00000200,00000013
576,3,00000204,000f0313
580,3,00000208,00120213
584,3,0000020c,00200293
588,3,00000210,fe5210e3
592,3,00000214,f00ffeb7
596,3,00000218,0ffe8e93
600,3,0000021c,00900193
604,3,00000220,0dd31063
608,3,00000224,00000213
612,3,00000228,0ff010b7
616,3,0000022c,ff008093
620,3,00000230,0f00cf13
624,3,00000234,00120213
628,3,00000238,00200293
632,3,0000023c,fe5216e3
640,3,00000228,0ff010b7
644,3,0000022c,ff008093
648,3,00000230,0f00cf13
652,3,00000234,00120213
656,3,00000238,00200293
660,3,0000023c,fe5216e3
664,3,00000240,0ff01eb7
668,3,00000244,f00e8e93
672,3,00000248,00a00193
676,3,0000024c,09df1a63
680,3,00000250,00000213
684,3,00000254,00ff10b7
688,3,00000258,fff08093
692,3,0000025c,00000013
696,3,00000260,00f0cf13
700,3,00000264,00120213
704,3,00000268,00200293
708,3,0000026c,fe5214e3
716,3,00000254,00ff10b7
720,3,00000258,fff08093
724,3,0000025c,00000013
728,3,00000260,00f0cf13
732,3,00000264,00120213
736,3,00000268,00200293
740,3,0000026c,fe5214e3
744,3,00000270,00ff1eb7
748,3,00000274,ff0e8e93
752,3,00000278,00b00193
756,3,0000027c,07df1263
760,3,00000280,00000213
764,3,00000284,f00ff0b7
768,3,00000288,00f08093
772,3,0000028c,00000013
776,3,00000290,00000013
780,3,00000294,0f00cf13
784,3,00000298,00120213
788,3,0000029c,00200293
792,3,000002a0,fe5212e3
800,3,00000284,f00ff0b7
804,3,00000288,00f08093
808,3,0000028c,00000013
812,3,00000290,00000013
816,3,00000294,0f00cf13
820,3,00000298,00120213
824,3,0000029c,00200293
828,3,000002a0,fe5212e3
832,3,000002a4,f00ffeb7
836,3,000002a8,0ffe8e93
840,3,000002ac,00c00193
844,3,000002b0,03df1863
848,3,000002b4,0f004093
852,3,000002b8,0f000e93
856,3,000002bc,00d00193
860,3,000002c0,03d09063
864,3,000002c4,00ff00b7
868,3,000002c8,0ff08093
872,3,000002cc,70f0c013
876,3,000002d0,00000e93
880,3,000002d4,00e00193
884,3,000002d8,01d01463
888,3,000002dc,00301c63
896,3,000002f4,0ff0000f
900,3,000002f8,00100193
904,3,000002fc,00000073
912,3,00000004,34202f73
916,3,00000008,00800f93
920,3,0000000c,03ff0a63
924,3,00000010,00900f93
928,3,00000014,03ff0663
932,3,00000018,00b00f93
936,3,0000001c,03ff0263
944,3,00000040,00001f17
950,3,00000044,fc3f2023
954,3,00000048,ff9ff06f
962,3,00000040,00001f17
968,3,00000044,fc3f2023
972,3,00000048,ff9ff06f
980,3,00000040,00001f17
986,3,00000044,fc3f2023
990,3,00000048,ff9ff06f
998,3,00000040,00001f17
1004,3,00000044,fc3f2023
1008,3,00000048,ff9ff06f
1016,3,00000040,00001f17
1022,3,00000044,fc3f2023
1026,3,00000048,ff9ff06f
1034,3,00000040,00001f17
1040,3,00000044,fc3f2023
1044,3,00000048,ff9ff06f
1052,3,00000040,00001f17
1058,3,00000044,fc3f2023
1062,3,00000048,ff9ff06f
1070,3,00000040,00001f17
1076,3,00000044,fc3f2023
1080,3,00000048,ff9ff06f
1088,3,00000040,00001f17
1094,3,00000044,fc3f2023
1098,3,00000048,ff9ff06f
1106,3,00000040,00001f17
1112,3,00000044,fc3f2023
1116,3,00000048,ff9ff06f
1124,3,00000040,00001f17
1130,3,00000044,fc3f2023
1134,3,00000048,ff9ff06f
1142,3,00000040,00001f17
1148,3,00000044,fc3f2023
1152,3,00000048,ff9ff06f
1160,3,00000040,00001f17
1166,3,00000044,fc3f2023
1170,3,00000048,ff9ff06f
1178,3,00000040,00001f17
1184,3,00000044,fc3f2023
1188,3,00000048,ff9ff06f
1196,3,00000040,00001f17
1202,3,00000044,fc3f2023
1206,3,00000048,ff9ff06f
1214,3,00000040,00001f17
1220,3,00000044,fc3f2023
1224,3,00000048,ff9ff06f
1232,3,00000040,00001f17
1238,3,00000044,fc3f2023
1242,3,00000048,ff9ff06f
1250,3,00000040,00001f17
1256,3,00000044,fc3f2023
1260,3,00000048,ff9ff06f
1268,3,00000040,00001f17
1274,3,00000044,fc3f2023
1278,3,00000048,ff9ff06f
1286,3,00000040,00001f17
1292,3,00000044,fc3f2023
1296,3,00000048,ff9ff06f
1304,3,00000040,00001f17
1310,3,00000044,fc3f2023
1314,3,00000048,ff9ff06f
1322,3,00000040,00001f17
1328,3,00000044,fc3f2023
1332,3,00000048,ff9ff06f
1340,3,00000040,00001f17
1346,3,00000044,fc3f2023
1350,3,00000048,ff9ff06f
1358,3,00000040,00001f17
1364,3,00000044,fc3f2023
1368,3,00000048,ff9ff06f
1376,3,00000040,00001f17
1382,3,00000044,fc3f2023
1386,3,00000048,ff9ff06f
1394,3,00000040,00001f17
1400,3,00000044,fc3f2023
1404,3,00000048,ff9ff06f
1412,3,00000040,00001f17
1418,3,00000044,fc3f2023
1422,3,00000048,ff9ff06f
1430,3,00000040,00001f17
1436,3,00000044,fc3f2023
1440,3,00000048,ff9ff06f
1448,3,00000040,00001f17
1454,3,00000044,fc3f2023
1458,3,00000048,ff9ff06f
1466,3,00000040,00001f17
1472,3,00000044,fc3f2023
1476,3,00000048,ff9ff06f
1484,3,00000040,00001f17
1490,3,00000044,fc3f2023
1494,3,00000048,ff9ff06f
1502,3,00000040,00001f17
1508,3,00000044,fc3f2023
1512,3,00000048,ff9ff06f
1520,3,00000040,00001f17
1526,3,00000044,fc3f2023
1530,3,00000048,ff9ff06f
1538,3,00000040,00001f17
1544,3,00000044,fc3f2023
1548,3,00000048,ff9ff06f
1556,3,00000040,00001f17
1562,3,00000044,fc3f2023
1566,3,00000048,ff9ff06f
1574,3,00000040,00001f17
1580,3,00000044,fc3f2023
1584,3,00000048,ff9ff06f
1592,3,00000040,00001f17
1598,3,00000044,fc3f2023
1602,3,00000048,ff9ff06f
1610,3,00000040,00001f17
1616,3,00000044,fc3f2023
1620,3,00000048,ff9ff06f
1628,3,00000040,00001f17
1634,3,00000044,fc3f2023
1638,3,00000048,ff9ff06f
1646,3,00000040,00001f17
1652,3,00000044,fc3f2023
1656,3,00000048,ff9ff06f
1664,3,00000040,00001f17
1670,3,00000044,fc3f2023
1674,3,00000048,ff9ff06f
1682,3,00000040,00001f17
1688,3,00000044,fc3f2023
1692,3,00000048,ff9ff06f
1700,3,00000040,00001f17
1706,3,00000044,fc3f2023
1710,3,00000048,ff9ff06f
1718,3,00000040,00001f17
1724,3,00000044,fc3f2023
1728,3,00000048,ff9ff06f
1736,3,00000040,00001f17
1742,3,00000044,fc3f2023
1746,3,00000048,ff9ff06f
1754,3,00000040,00001f17
1760,3,00000044,fc3f2023
1764,3,00000048,ff9ff06f
1772,3,00000040,00001f17
1778,3,00000044,fc3f2023
1782,3,00000048,ff9ff06f
1790,3,00000040,00001f17
1796,3,00000044,fc3f2023
1800,3,00000048,ff9ff06f
1808,3,00000040,00001f17
1814,3,00000044,fc3f2023
1818,3,00000048,ff9ff06f
1826,3,00000040,00001f17
1832,3,00000044,fc3f2023
1836,3,00000048,ff9ff06f
1844,3,00000040,00001f17
1850,3,00000044,fc3f2023
1854,3,00000048,ff9ff06f
1862,3,00000040,00001f17
1868,3,00000044,fc3f2023
1872,3,00000048,ff9ff06f
1880,3,00000040,00001f17
1886,3,00000044,fc3f2023
1890,3,00000048,ff9ff06f
1898,3,00000040,00001f17
1904,3,00000044,fc3f2023
1908,3,00000048,ff9ff06f
1916,3,00000040,00001f17
1922,3,00000044,fc3f2023
1926,3,00000048,ff9ff06f
1934,3,00000040,00001f17
1940,3,00000044,fc3f2023
1944,3,00000048,ff9ff06f
1952,3,00000040,00001f17
1958,3,00000044,fc3f2023
1962,3,00000048,ff9ff06f
1970,3,00000040,00001f17
1976,3,00000044,fc3f2023
1980,3,00000048,ff9ff06f
1988,3,00000040,00001f17
1994,3,00000044,fc3f2023
1998,3,00000048,ff9ff06f
2006,3,00000040,00001f17
2012,3,00000044,fc3f2023
2016,3,00000048,ff9ff06f
2024,3,00000040,00001f17
2030,3,00000044,fc3f2023
2034,3,00000048,ff9ff06f
2042,3,00000040,00001f17
2048,3,00000044,fc3f2023
2052,3,00000048,ff9ff06f
2060,3,00000040,00001f17
2066,3,00000044,fc3f2023
2070,3,00000048,ff9ff06f
2078,3,00000040,00001f17
2084,3,00000044,fc3f2023
2088,3,00000048,ff9ff06f
2096,3,00000040,00001f17
2102,3,00000044,fc3f2023
2106,3,00000048,ff9ff06f
2114,3,00000040,00001f17
2120,3,00000044,fc3f2023
2124,3,00000048,ff9ff06f
2132,3,00000040,00001f17
2138,3,00000044,fc3f2023
2142,3,00000048,ff9ff06f
2150,3,00000040,00001f17
2156,3,00000044,fc3f2023
2160,3,00000048,ff9ff06f
2168,3,00000040,00001f17
2174,3,00000044,fc3f2023
2178,3,00000048,ff9ff06f
2186,3,00000040,00001f17
2192,3,00000044,fc3f2023
2196,3,00000048,ff9ff06f
2204,3,00000040,00001f17
2210,3,00000044,fc3f2023
2214,3,00000048,ff9ff06f
2222,3,00000040,00001f17
2228,3,00000044,fc3f2023
2232,3,00000048,ff9ff06f
2240,3,00000040,00001f17
2246,3,00000044,fc3f2023
2250,3,00000048,ff9ff06f
2258,3,00000040,00001f17
2264,3,00000044,fc3f2023
2268,3,00000048,ff9ff06f
2276,3,00000040,00001f17
2282,3,00000044,fc3f2023
2286,3,00000048,ff9ff06f
2294,3,00000040,00001f17
2300,3,00000044,fc3f2023
2304,3,00000048,ff9ff06f
2312,3,00000040,00001f17
2318,3,00000044,fc3f2023
2322,3,00000048,ff9ff06f
2330,3,00000040,00001f17
2336,3,00000044,fc3f2023
2340,3,00000048,ff9ff06f
2348,3,00000040,00001f17
2354,3,00000044,fc3f2023
2358,3,00000048,ff9ff06f
2366,3,00000040,00001f17
2372,3,00000044,fc3f2023
2376,3,00000048,ff9ff06f
2384,3,00000040,00001f17
2390,3,00000044,fc3f2023
2394,3,00000048,ff9ff06f
2402,3,00000040,00001f17
2408,3,00000044,fc3f2023
2412,3,00000048,ff9ff06f
2420,3,00000040,00001f17
2426,3,00000044,fc3f2023
2430,3,00000048,ff9ff06f
2438,3,00000040,00001f17
2444,3,00000044,fc3f2023
2448,3,00000048,ff9ff06f
2456,3,00000040,00001f17
2462,3,00000044,fc3f2023
2466,3,00000048,ff9ff06f
2474,3,00000040,00001f17
2480,3,00000044,fc3f2023
2484,3,00000048,ff9ff06f
2492,3,00000040,00001f17
2498,3,00000044,fc3f2023
2502,3,00000048,ff9ff06f
2510,3,00000040,00001f17
2516,3,00000044,fc3f2023
2520,3,00000048,ff9ff06f
2528,3,00000040,00001f17
2534,3,00000044,fc3f2023
2538,3,00000048,ff9ff06f
2546,3,00000040,00001f17
2552,3,00000044,fc3f2023
2556,3,00000048,ff9ff06f
2564,3,00000040,00001f17
2570,3,00000044,fc3f2023
2574,3,00000048,ff9ff06f
2582,3,00000040,00001f17
2588,3,00000044,fc3f2023
2592,3,00000048,ff9ff06f
2600,3,00000040,00001f17
2606,3,00000044,fc3f2023
2610,3,00000048,ff9ff06f
2618,3,00000040,00001f17
2624,3,00000044,fc3f2023
2628,3,00000048,ff9ff06f
2636,3,00000040,00001f17
2642,3,00000044,fc3f2023
2646,3,00000048,ff9ff06f
2654,3,00000040,00001f17
2660,3,00000044,fc3f2023
2664,3,00000048,ff9ff06f
2672,3,00000040,00001f17
2678,3,00000044,fc3f2023
2682,3,00000048,ff9ff06f
2690,3,00000040,00001f17
2696,3,00000044,fc3f2023
2700,3,00000048,ff9ff06f
2708,3,00000040,00001f17
2714,3,00000044,fc3f2023
2718,3,00000048,ff9ff06f
2726,3,00000040,00001f17
2732,3,00000044,fc3f2023
2736,3,00000048,ff9ff06f
2744,3,00000040,00001f17
2750,3,00000044,fc3f2023
2754,3,00000048,ff9ff06f
2762,3,00000040,00001f17
2768,3,00000044,fc3f2023
2772,3,00000048,ff9ff06f
2780,3,00000040,00001f17
2786,3,00000044,fc3f2023
2790,3,00000048,ff9ff06f
2798,3,00000040,00001f17
2804,3,00000044,fc3f2023
2808,3,00000048,ff9ff06f
2816,3,00000040,00001f17
2822,3,00000044,fc3f2023
2826,3,00000048,ff9ff06f
2834,3,00000040,00001f17
2840,3,00000044,fc3f2023
2844,3,00000048,ff9ff06f
2852,3,00000040,00001f17
2858,3,00000044,fc3f2023
2862,3,00000048,ff9ff06f
2870,3,00000040,00001f17
2876,3,00000044,fc3f2023
2880,3,00000048,ff9ff06f
2888,3,00000040,00001f17
2894,3,00000044,fc3f2023
2898,3,00000048,ff9ff06f
2906,3,00000040,00001f17
2912,3,00000044,fc3f2023
2916,3,00000048,ff9ff06f
2924,3,00000040,00001f17
2930,3,00000044,fc3f2023
2934,3,00000048,ff9ff06f
2942,3,00000040,00001f17
2948,3,00000044,fc3f2023
2952,3,00000048,ff9ff06f
2960,3,00000040,00001f17
2966,3,00000044,fc3f2023
2970,3,00000048,ff9ff06f
2978,3,00000040,00001f17
2984,3,00000044,fc3f2023
2988,3,00000048,ff9ff06f
2996,3,00000040,00001f17
