44,3,00000000,04c0006f
52,3,0000004c,f1402573
56,3,00000050,00051063
60,3,00000054,30102573
64,3,00000058,00055863
72,3,00000068,00000e13
76,3,0000006c,00000297
80,3,00000070,f9828293
84,3,00000074,30529073
88,3,00000078,30205073
92,3,0000007c,30305073
96,3,00000080,30405073
100,3,00000084,00000297
104,3,00000088,f7c28293
108,3,0000008c,00028c63
116,3,000000a4,30005073
120,3,000000a8,00000297
124,3,000000ac,01428293
128,3,000000b0,34129073
132,3,000000b4,f1402573
136,3,000000b8,30200073
144,3,000000bc,00000093
148,3,000000c0,00000113
152,3,000000c4,002081b3
156,3,000000c8,00000e93
160,3,000000cc,00200e13
164,3,000000d0,4dd19663
168,3,000000d4,00100093
172,3,000000d8,00100113
176,3,000000dc,002081b3
180,3,000000e0,00200e93
184,3,000000e4,00300e13
188,3,000000e8,4bd19a63
192,3,000000ec,00300093
196,3,000000f0,00700113
200,3,000000f4,002081b3
204,3,000000f8,00a00e93
208,3,000000fc,00400e13
212,3,00000100,49d19e63
216,3,00000104,00000093
220,3,00000108,ffff8137
224,3,0000010c,002081b3
228,3,00000110,ffff8eb7
232,3,00000114,00500e13
236,3,00000118,49d19263
240,3,0000011c,800000b7
244,3,00000120,00000113
248,3,00000124,002081b3
252,3,00000128,80000eb7
256,3,0000012c,00600e13
260,3,00000130,47d19663
264,3,00000134,800000b7
268,3,00000138,ffff8137
272,3,0000013c,002081b3
276,3,00000140,7fff8eb7
280,3,00000144,00700e13
284,3,00000148,45d19a63
288,3,0000014c,00000093
292,3,00000150,00008137
296,3,00000154,fff10113
300,3,00000158,002081b3
304,3,0000015c,00008eb7
308,3,00000160,fffe8e93
312,3,00000164,00800e13
316,3,00000168,43d19a63
320,3,0000016c,800000b7
324,3,00000170,fff08093
328,3,00000174,00000113
332,3,00000178,002081b3
336,3,0000017c,80000eb7
340,3,00000180,fffe8e93
344,3,00000184,00900e13
348,3,00000188,41d19a63
352,3,0000018c,800000b7
356,3,00000190,fff08093
360,3,00000194,00008137
364,3,00000198,fff10113
368,3,0000019c,002081b3
372,3,000001a0,80008eb7
376,3,000001a4,ffee8e93
380,3,000001a8,00a00e13
384,3,000001ac,3fd19863
388,3,000001b0,800000b7
392,3,000001b4,00008137
396,3,000001b8,fff10113
400,3,000001bc,002081b3
404,3,000001c0,80008eb7
408,3,000001c4,fffe8e93
412,3,000001c8,00b00e13
416,3,000001cc,3dd19863
420,3,000001d0,800000b7
424,3,000001d4,fff08093
428,3,000001d8,ffff8137
432,3,000001dc,002081b3
436,3,000001e0,7fff8eb7
440,3,000001e4,fffe8e93
444,3,000001e8,00c00e13
448,3,000001ec,3bd19863
452,3,000001f0,00000093
456,3,000001f4,fff00113
460,3,000001f8,002081b3
464,3,000001fc,fff00e93
468,3,00000200,00d00e13
472,3,00000204,39d19c63
476,3,00000208,fff00093
480,3,0000020c,00100113
484,3,00000210,002081b3
488,3,00000214,00000e93
492,3,00000218,00e00e13
496,3,0000021c,39d19063
500,3,00000220,fff00093
504,3,00000224,fff00113
508,3,00000228,002081b3
512,3,0000022c,ffe00e93
516,3,00000230,00f00e13
520,3,00000234,37d19463
524,3,00000238,00100093
528,3,0000023c,80000137
532,3,00000240,fff10113
536,3,00000244,002081b3
540,3,00000248,80000eb7
544,3,0000024c,01000e13
548,3,00000250,35d19663
552,3,00000254,00d00093
556,3,00000258,00b00113
560,3,0000025c,002080b3
564,3,00000260,01800e93
568,3,00000264,01100e13
572,3,00000268,33d09a63
576,3,0000026c,00e00093
580,3,00000270,00b00113
584,3,00000274,00208133
588,3,00000278,01900e93
592,3,0000027c,01200e13
596,3,00000280,31d11e63
600,3,00000284,00d00093
604,3,00000288,001080b3
608,3,0000028c,01a00e93
612,3,00000290,01300e13
616,3,00000294,31d09463
620,3,00000298,00000213
624,3,0000029c,00d00093
628,3,000002a0,00b00113
632,3,000002a4,002081b3
636,3,000002a8,00018313
640,3,000002ac,00120213
644,3,000002b0,00200293
648,3,000002b4,fe5214e3
656,3,0000029c,00d00093
660,3,000002a0,00b00113
664,3,000002a4,002081b3
668,3,000002a8,00018313
672,3,000002ac,00120213
676,3,000002b0,00200293
680,3,000002b4,fe5214e3
684,3,000002b8,01800e93
688,3,000002bc,01400e13
692,3,000002c0,2dd31e63
696,3,000002c4,00000213
700,3,000002c8,00e00093
704,3,000002cc,00b00113
708,3,000002d0,002081b3
712,3,000002d4,00000013
716,3,000002d8,00018313
720,3,000002dc,00120213
724,3,000002e0,00200293
728,3,000002e4,fe5212e3
736,3,000002c8,00e00093
740,3,000002cc,00b00113
744,3,000002d0,002081b3
748,3,000002d4,00000013
752,3,000002d8,00018313
756,3,000002dc,00120213
760,3,000002e0,00200293
764,3,000002e4,fe5212e3
768,3,000002e8,01900e93
772,3,000002ec,01500e13
776,3,000002f0,2bd31663
780,3,000002f4,00000213
784,3,000002f8,00f00093
788,3,000002fc,00b00113
792,3,00000300,002081b3
796,3,00000304,00000013
800,3,00000308,00000013
804,3,0000030c,00018313
808,3,00000310,00120213
812,3,00000314,00200293
816,3,00000318,fe5210e3
824,3,000002f8,00f00093
828,3,000002fc,00b00113
832,3,00000300,002081b3
836,3,00000304,00000013
840,3,00000308,00000013
844,3,0000030c,00018313
848,3,00000310,00120213
852,3,00000314,00200293
856,3,00000318,fe5210e3
860,3,0000031c,01a00e93
864,3,00000320,01600e13
868,3,00000324,27d31c63
872,3,00000328,00000213
876,3,0000032c,00d00093
880,3,00000330,00b00113
884,3,00000334,002081b3
888,3,00000338,00120213
892,3,0000033c,00200293
896,3,00000340,fe5216e3
904,3,0000032c,00d00093
908,3,00000330,00b00113
912,3,00000334,002081b3
916,3,00000338,00120213
920,3,0000033c,00200293
924,3,00000340,fe5216e3
928,3,00000344,01800e93
932,3,00000348,01700e13
936,3,0000034c,25d19863
940,3,00000350,00000213
944,3,00000354,00e00093
948,3,00000358,00b00113
952,3,0000035c,00000013
956,3,00000360,002081b3
960,3,00000364,00120213
964,3,00000368,00200293
968,3,0000036c,fe5214e3
976,3,00000354,00e00093
980,3,00000358,00b00113
984,3,0000035c,00000013
988,3,00000360,002081b3
992,3,00000364,00120213
996,3,00000368,00200293
1000,3,0000036c,fe5214e3
1004,3,00000370,01900e93
1008,3,00000374,01800e13
1012,3,00000378,23d19263
1016,3,0000037c,00000213
1020,3,00000380,00f00093
1024,3,00000384,00b00113
1028,3,00000388,00000013
1032,3,0000038c,00000013
1036,3,00000390,002081b3
1040,3,00000394,00120213
1044,3,00000398,00200293
1048,3,0000039c,fe5212e3
1056,3,00000380,00f00093
1060,3,00000384,00b00113
1064,3,00000388,00000013
1068,3,0000038c,00000013
1072,3,00000390,002081b3
1076,3,00000394,00120213
1080,3,00000398,00200293
1084,3,0000039c,fe5212e3
1088,3,000003a0,01a00e93
1092,3,000003a4,01900e13
1096,3,000003a8,1fd19a63
1100,3,000003ac,00000213
1104,3,000003b0,00d00093
1108,3,000003b4,00000013
1112,3,000003b8,00b00113
1116,3,000003bc,002081b3
1120,3,000003c0,00120213
1124,3,000003c4,00200293
1128,3,000003c8,fe5214e3
1136,3,000003b0,00d00093
1140,3,000003b4,00000013
1144,3,000003b8,00b00113
1148,3,000003bc,002081b3
1152,3,000003c0,00120213
1156,3,000003c4,00200293
1160,3,000003c8,fe5214e3
1164,3,000003cc,01800e93
1168,3,000003d0,01a00e13
1172,3,000003d4,1dd19463
1176,3,000003d8,00000213
1180,3,000003dc,00e00093
1184,3,000003e0,00000013
1188,3,000003e4,00b00113
1192,3,000003e8,00000013
1196,3,000003ec,002081b3
1200,3,000003f0,00120213
1204,3,000003f4,00200293
1208,3,000003f8,fe5212e3
1216,3,000003dc,00e00093
1220,3,000003e0,00000013
1224,3,000003e4,00b00113
1228,3,000003e8,00000013
1232,3,000003ec,002081b3
1236,3,000003f0,00120213
1240,3,000003f4,00200293
1244,3,000003f8,fe5212e3
1248,3,000003fc,01900e93
1252,3,00000400,01b00e13
1256,3,00000404,19d19c63
1260,3,00000408,00000213
1264,3,0000040c,00f00093
1268,3,00000410,00000013
1272,3,00000414,00000013
1276,3,00000418,00b00113
1280,3,0000041c,002081b3
1284,3,00000420,00120213
1288,3,00000424,00200293
1292,3,00000428,fe5212e3
1300,3,0000040c,00f00093
1304,3,00000410,00000013
1308,3,00000414,00000013
1312,3,00000418,00b00113
1316,3,0000041c,002081b3
1320,3,00000420,00120213
1324,3,00000424,00200293
1328,3,00000428,fe5212e3
1332,3,0000042c,01a00e93
1336,3,00000430,01c00e13
1340,3,00000434,17d19463
1344,3,00000438,00000213
1348,3,0000043c,00b00113
1352,3,00000440,00d00093
1356,3,00000444,002081b3
1360,3,00000448,00120213
1364,3,0000044c,00200293
1368,3,00000450,fe5216e3
1376,3,0000043c,00b00113
1380,3,00000440,00d00093
1384,3,00000444,002081b3
1388,3,00000448,00120213
1392,3,0000044c,00200293
1396,3,00000450,fe5216e3
1400,3,00000454,01800e93
1404,3,00000458,01d00e13
1408,3,0000045c,15d19063
1412,3,00000460,00000213
1416,3,00000464,00b00113
1420,3,00000468,00e00093
1424,3,0000046c,00000013
1428,3,00000470,002081b3
1432,3,00000474,00120213
1436,3,00000478,00200293
1440,3,0000047c,fe5214e3
1448,3,00000464,00b00113
1452,3,00000468,00e00093
1456,3,0000046c,00000013
1460,3,00000470,002081b3
1464,3,00000474,00120213
1468,3,00000478,00200293
1472,3,0000047c,fe5214e3
1476,3,00000480,01900e93
1480,3,00000484,01e00e13
1484,3,00000488,11d19a63
1488,3,0000048c,00000213
1492,3,00000490,00b00113
1496,3,00000494,00f00093
1500,3,00000498,00000013
1504,3,0000049c,00000013
1508,3,000004a0,002081b3
1512,3,000004a4,00120213
1516,3,000004a8,00200293
1520,3,000004ac,fe5212e3
1528,3,00000490,00b00113
1532,3,00000494,00f00093
1536,3,00000498,00000013
1540,3,0000049c,00000013
1544,3,000004a0,002081b3
1548,3,000004a4,00120213
1552,3,000004a8,00200293
1556,3,000004ac,fe5212e3
1560,3,000004b0,01a00e93
1564,3,000004b4,01f00e13
1568,3,000004b8,0fd19263
1572,3,000004bc,00000213
1576,3,000004c0,00b00113
1580,3,000004c4,00000013
1584,3,000004c8,00d00093
1588,3,000004cc,002081b3
1592,3,000004d0,00120213
1596,3,000004d4,00200293
1600,3,000004d8,fe5214e3
1608,3,000004c0,00b00113
1612,3,000004c4,00000013
1616,3,000004c8,00d00093
1620,3,000004cc,002081b3
1624,3,000004d0,00120213
1628,3,000004d4,00200293
1632,3,000004d8,fe5214e3
1636,3,000004dc,01800e93
1640,3,000004e0,02000e13
1644,3,000004e4,0bd19c63
1648,3,000004e8,00000213
1652,3,000004ec,00b00113
1656,3,000004f0,00000013
1660,3,000004f4,00e00093
1664,3,000004f8,00000013
1668,3,000004fc,002081b3
1672,3,00000500,00120213
1676,3,00000504,00200293
1680,3,00000508,fe5212e3
1688,3,000004ec,00b00113
1692,3,000004f0,00000013
1696,3,000004f4,00e00093
1700,3,000004f8,00000013
1704,3,000004fc,002081b3
1708,3,00000500,00120213
1712,3,00000504,00200293
1716,3,00000508,fe5212e3
1720,3,0000050c,01900e93
1724,3,00000510,02100e13
1728,3,00000514,09d19463
1732,3,00000518,00000213
1736,3,0000051c,00b00113
1740,3,00000520,00000013
1744,3,00000524,00000013
1748,3,00000528,00f00093
1752,3,0000052c,002081b3
1756,3,00000530,00120213
1760,3,00000534,00200293
1764,3,00000538,fe5212e3
1772,3,0000051c,00b00113
1776,3,00000520,00000013
1780,3,00000524,00000013
1784,3,00000528,00f00093
1788,3,0000052c,002081b3
1792,3,00000530,00120213
1796,3,00000534,00200293
1800,3,00000538,fe5212e3
1804,3,0000053c,01a00e93
1808,3,00000540,02200e13
1812,3,00000544,05d19c63
1816,3,00000548,00f00093
1820,3,0000054c,00100133
1824,3,00000550,00f00e93
1828,3,00000554,02300e13
1832,3,00000558,05d11263
1836,3,0000055c,02000093
1840,3,00000560,00008133
1844,3,00000564,02000e93
1848,3,00000568,02400e13
1852,3,0000056c,03d11863
1856,3,00000570,000000b3
1860,3,00000574,00000e93
1864,3,00000578,02500e13
1868,3,0000057c,03d09063
1872,3,00000580,01000093
1876,3,00000584,01e00113
1880,3,00000588,00208033
1884,3,0000058c,00000e93
1888,3,00000590,02600e13
1892,3,00000594,01d01463
1896,3,00000598,01c01c63
1904,3,000005b0,0ff0000f
1908,3,000005b4,00100e13
1912,3,000005b8,00000073
1920,3,00000004,34202f73
1924,3,00000008,00800f93
1928,3,0000000c,03ff0a63
1932,3,00000010,00900f93
1936,3,00000014,03ff0663
1940,3,00000018,00b00f93
1944,3,0000001c,03ff0263
1952,3,00000040,00001f17
1958,3,00000044,fdcf2023
1962,3,00000048,ff9ff06f
1970,3,00000040,00001f17
1976,3,00000044,fdcf2023
1980,3,00000048,ff9ff06f
1988,3,00000040,00001f17
1994,3,00000044,fdcf2023
1998,3,00000048,ff9ff06f
2006,3,00000040,00001f17
2012,3,00000044,fdcf2023
2016,3,00000048,ff9ff06f
2024,3,00000040,00001f17
2030,3,00000044,fdcf2023
2034,3,00000048,ff9ff06f
2042,3,00000040,00001f17
2048,3,00000044,fdcf2023
2052,3,00000048,ff9ff06f
2060,3,00000040,00001f17
2066,3,00000044,fdcf2023
2070,3,00000048,ff9ff06f
2078,3,00000040,00001f17
2084,3,00000044,fdcf2023
2088,3,00000048,ff9ff06f
2096,3,00000040,00001f17
2102,3,00000044,fdcf2023
2106,3,00000048,ff9ff06f
2114,3,00000040,00001f17
2120,3,00000044,fdcf2023
2124,3,00000048,ff9ff06f
2132,3,00000040,00001f17
2138,3,00000044,fdcf2023
2142,3,00000048,ff9ff06f
2150,3,00000040,00001f17
2156,3,00000044,fdcf2023
2160,3,00000048,ff9ff06f
2168,3,00000040,00001f17
2174,3,00000044,fdcf2023
2178,3,00000048,ff9ff06f
2186,3,00000040,00001f17
2192,3,00000044,fdcf2023
2196,3,00000048,ff9ff06f
2204,3,00000040,00001f17
2210,3,00000044,fdcf2023
2214,3,00000048,ff9ff06f
2222,3,00000040,00001f17
2228,3,00000044,fdcf2023
2232,3,00000048,ff9ff06f
2240,3,00000040,00001f17
2246,3,00000044,fdcf2023
2250,3,00000048,ff9ff06f
2258,3,00000040,00001f17
2264,3,00000044,fdcf2023
2268,3,00000048,ff9ff06f
2276,3,00000040,00001f17
2282,3,00000044,fdcf2023
2286,3,00000048,ff9ff06f
2294,3,00000040,00001f17
2300,3,00000044,fdcf2023
2304,3,00000048,ff9ff06f
2312,3,00000040,00001f17
2318,3,00000044,fdcf2023
2322,3,00000048,ff9ff06f
2330,3,00000040,00001f17
2336,3,00000044,fdcf2023
2340,3,00000048,ff9ff06f
2348,3,00000040,00001f17
2354,3,00000044,fdcf2023
2358,3,00000048,ff9ff06f
2366,3,00000040,00001f17
2372,3,00000044,fdcf2023
2376,3,00000048,ff9ff06f
2384,3,00000040,00001f17
2390,3,00000044,fdcf2023
2394,3,00000048,ff9ff06f
2402,3,00000040,00001f17
2408,3,00000044,fdcf2023
2412,3,00000048,ff9ff06f
2420,3,00000040,00001f17
2426,3,00000044,fdcf2023
2430,3,00000048,ff9ff06f
2438,3,00000040,00001f17
2444,3,00000044,fdcf2023
2448,3,00000048,ff9ff06f
2456,3,00000040,00001f17
2462,3,00000044,fdcf2023
2466,3,00000048,ff9ff06f
2474,3,00000040,00001f17
2480,3,00000044,fdcf2023
2484,3,00000048,ff9ff06f
2492,3,00000040,00001f17
2498,3,00000044,fdcf2023
2502,3,00000048,ff9ff06f
2510,3,00000040,00001f17
2516,3,00000044,fdcf2023
2520,3,00000048,ff9ff06f
2528,3,00000040,00001f17
2534,3,00000044,fdcf2023
2538,3,00000048,ff9ff06f
2546,3,00000040,00001f17
2552,3,00000044,fdcf2023
2556,3,00000048,ff9ff06f
2564,3,00000040,00001f17
2570,3,00000044,fdcf2023
2574,3,00000048,ff9ff06f
2582,3,00000040,00001f17
2588,3,00000044,fdcf2023
2592,3,00000048,ff9ff06f
2600,3,00000040,00001f17
2606,3,00000044,fdcf2023
2610,3,00000048,ff9ff06f
2618,3,00000040,00001f17
2624,3,00000044,fdcf2023
2628,3,00000048,ff9ff06f
2636,3,00000040,00001f17
2642,3,00000044,fdcf2023
2646,3,00000048,ff9ff06f
2654,3,00000040,00001f17
2660,3,00000044,fdcf2023
2664,3,00000048,ff9ff06f
2672,3,00000040,00001f17
2678,3,00000044,fdcf2023
2682,3,00000048,ff9ff06f
2690,3,00000040,00001f17
2696,3,00000044,fdcf2023
2700,3,00000048,ff9ff06f
2708,3,00000040,00001f17
2714,3,00000044,fdcf2023
2718,3,00000048,ff9ff06f
2726,3,00000040,00001f17
2732,3,00000044,fdcf2023
2736,3,00000048,ff9ff06f
2744,3,00000040,00001f17
2750,3,00000044,fdcf2023
2754,3,00000048,ff9ff06f
2762,3,00000040,00001f17
2768,3,00000044,fdcf2023
2772,3,00000048,ff9ff06f
2780,3,00000040,00001f17
2786,3,00000044,fdcf2023
2790,3,00000048,ff9ff06f
2798,3,00000040,00001f17
2804,3,00000044,fdcf2023
2808,3,00000048,ff9ff06f
2816,3,00000040,00001f17
2822,3,00000044,fdcf2023
2826,3,00000048,ff9ff06f
2834,3,00000040,00001f17
2840,3,00000044,fdcf2023
2844,3,00000048,ff9ff06f
2852,3,00000040,00001f17
2858,3,00000044,fdcf2023
2862,3,00000048,ff9ff06f
2870,3,00000040,00001f17
2876,3,00000044,fdcf2023
2880,3,00000048,ff9ff06f
2888,3,00000040,00001f17
2894,3,00000044,fdcf2023
2898,3,00000048,ff9ff06f
2906,3,00000040,00001f17
2912,3,00000044,fdcf2023
2916,3,00000048,ff9ff06f
2924,3,00000040,00001f17
2930,3,00000044,fdcf2023
2934,3,00000048,ff9ff06f
2942,3,00000040,00001f17
2948,3,00000044,fdcf2023
2952,3,00000048,ff9ff06f
2960,3,00000040,00001f17
2966,3,00000044,fdcf2023
2970,3,00000048,ff9ff06f
2978,3,00000040,00001f17
2984,3,00000044,fdcf2023
2988,3,00000048,ff9ff06f
2996,3,00000040,00001f17
3002,3,00000044,fdcf2023
3006,3,00000048,ff9ff06f
3014,3,00000040,00001f17
3020,3,00000044,fdcf2023
3024,3,00000048,ff9ff06f
3032,3,00000040,00001f17
3038,3,00000044,fdcf2023
3042,3,00000048,ff9ff06f
3050,3,00000040,00001f17
3056,3,00000044,fdcf2023
3060,3,00000048,ff9ff06f
3068,3,00000040,00001f17
3074,3,00000044,fdcf2023
3078,3,00000048,ff9ff06f
3086,3,00000040,00001f17
3092,3,00000044,fdcf2023
3096,3,00000048,ff9ff06f
3104,3,00000040,00001f17
3110,3,00000044,fdcf2023
3114,3,00000048,ff9ff06f
3122,3,00000040,00001f17
3128,3,00000044,fdcf2023
3132,3,00000048,ff9ff06f
3140,3,00000040,00001f17
3146,3,00000044,fdcf2023
3150,3,00000048,ff9ff06f
3158,3,00000040,00001f17
3164,3,00000044,fdcf2023
3168,3,00000048,ff9ff06f
3176,3,00000040,00001f17
3182,3,00000044,fdcf2023
3186,3,00000048,ff9ff06f
3194,3,00000040,00001f17
3200,3,00000044,fdcf2023
3204,3,00000048,ff9ff06f
3212,3,00000040,00001f17
3218,3,00000044,fdcf2023
3222,3,00000048,ff9ff06f
3230,3,00000040,00001f17
3236,3,00000044,fdcf2023
3240,3,00000048,ff9ff06f
3248,3,00000040,00001f17
3254,3,00000044,fdcf2023
3258,3,00000048,ff9ff06f
3266,3,00000040,00001f17
3272,3,00000044,fdcf2023
3276,3,00000048,ff9ff06f
3284,3,00000040,00001f17
3290,3,00000044,fdcf2023
3294,3,00000048,ff9ff06f
3302,3,00000040,00001f17
3308,3,00000044,fdcf2023
3312,3,00000048,ff9ff06f
3320,3,00000040,00001f17
3326,3,00000044,fdcf2023
3330,3,00000048,ff9ff06f
3338,3,00000040,00001f17
3344,3,00000044,fdcf2023
3348,3,00000048,ff9ff06f
3356,3,00000040,00001f17
3362,3,00000044,fdcf2023
3366,3,00000048,ff9ff06f
3374,3,00000040,00001f17
3380,3,00000044,fdcf2023
3384,3,00000048,ff9ff06f
3392,3,00000040,00001f17
3398,3,00000044,fdcf2023
3402,3,00000048,ff9ff06f
3410,3,00000040,00001f17
3416,3,00000044,fdcf2023
3420,3,00000048,ff9ff06f
3428,3,00000040,00001f17
3434,3,00000044,fdcf2023
3438,3,00000048,ff9ff06f
3446,3,00000040,00001f17
3452,3,00000044,fdcf2023
3456,3,00000048,ff9ff06f
3464,3,00000040,00001f17
3470,3,00000044,fdcf2023
3474,3,00000048,ff9ff06f
3482,3,00000040,00001f17
3488,3,00000044,fdcf2023
3492,3,00000048,ff9ff06f
3500,3,00000040,00001f17
3506,3,00000044,fdcf2023
3510,3,00000048,ff9ff06f
3518,3,00000040,00001f17
3524,3,00000044,fdcf2023
3528,3,00000048,ff9ff06f
3536,3,00000040,00001f17
3542,3,00000044,fdcf2023
3546,3,00000048,ff9ff06f
3554,3,00000040,00001f17
3560,3,00000044,fdcf2023
3564,3,00000048,ff9ff06f
3572,3,00000040,00001f17
3578,3,00000044,fdcf2023
3582,3,00000048,ff9ff06f
3590,3,00000040,00001f17
3596,3,00000044,fdcf2023
3600,3,00000048,ff9ff06f
3608,3,00000040,00001f17
3614,3,00000044,fdcf2023
3618,3,00000048,ff9ff06f
3626,3,00000040,00001f17
3632,3,00000044,fdcf2023
3636,3,00000048,ff9ff06f
3644,3,00000040,00001f17
3650,3,00000044,fdcf2023
3654,3,00000048,ff9ff06f
3662,3,00000040,00001f17
3668,3,00000044,fdcf2023
3672,3,00000048,ff9ff06f
3680,3,00000040,00001f17
3686,3,00000044,fdcf2023
3690,3,00000048,ff9ff06f
3698,3,00000040,00001f17
3704,3,00000044,fdcf2023
3708,3,00000048,ff9ff06f
3716,3,00000040,00001f17
3722,3,00000044,fdcf2023
3726,3,00000048,ff9ff06f
3734,3,00000040,00001f17
3740,3,00000044,fdcf2023
3744,3,00000048,ff9ff06f
3752,3,00000040,00001f17
3758,3,00000044,fdcf2023
3762,3,00000048,ff9ff06f
3770,3,00000040,00001f17
3776,3,00000044,fdcf2023
3780,3,00000048,ff9ff06f
3788,3,00000040,00001f17
3794,3,00000044,fdcf2023
3798,3,00000048,ff9ff06f
3806,3,00000040,00001f17
3812,3,00000044,fdcf2023
3816,3,00000048,ff9ff06f
3824,3,00000040,00001f17
3830,3,00000044,fdcf2023
3834,3,00000048,ff9ff06f
3842,3,00000040,00001f17
3848,3,00000044,fdcf2023
3852,3,00000048,ff9ff06f
3860,3,00000040,00001f17
3866,3,00000044,fdcf2023
3870,3,00000048,ff9ff06f
3878,3,00000040,00001f17
3884,3,00000044,fdcf2023
3888,3,00000048,ff9ff06f
3896,3,00000040,00001f17
