44,3,00000000,04c0006f
52,3,0000004c,f1402573
56,3,00000050,00051063
60,3,00000054,00000297
64,3,00000058,01028293
68,3,0000005c,30529073
80,3,00000064,00000297
84,3,00000068,01c28293
88,3,0000006c,30529073
92,3,00000070,fff00293
104,3,00000080,00000297
108,3,00000084,01828293
112,3,00000088,30529073
116,3,0000008c,30205073
120,3,00000090,30305073
124,3,00000094,30405073
128,3,00000098,00000193
132,3,0000009c,00000297
136,3,000000a0,f6828293
140,3,000000a4,30529073
144,3,000000a8,00100513
148,3,000000ac,01f51513
152,3,000000b0,00054863
160,3,000000c0,00000297
164,3,000000c4,f4028293
168,3,000000c8,00028e63
176,3,000000e4,30005073
180,3,000000e8,00000297
184,3,000000ec,01428293
188,3,000000f0,34129073
192,3,000000f4,f1402573
196,3,000000f8,30200073
204,3,000000fc,00200193
208,3,00000100,00000093
212,3,00000104,0100026f
220,3,00000114,00000117
224,3,00000118,ff410113
228,3,0000011c,02411a63
232,3,00000120,00100093
236,3,00000124,0140006f
244,3,00000138,00108093
248,3,0000013c,00108093
252,3,00000140,00300e93
256,3,00000144,00300193
260,3,00000148,01d09463
264,3,0000014c,00301c63
272,3,00000164,0ff0000f
276,3,00000168,00100193
280,3,0000016c,00000073
288,3,00000004,34202f73
292,3,00000008,00800f93
296,3,0000000c,03ff0a63
300,3,00000010,00900f93
304,3,00000014,03ff0663
308,3,00000018,00b00f93
312,3,0000001c,03ff0263
320,3,00000040,00001f17
326,3,00000044,fc3f2023
330,3,00000048,ff9ff06f
338,3,00000040,00001f17
344,3,00000044,fc3f2023
348,3,00000048,ff9ff06f
356,3,00000040,00001f17
362,3,00000044,fc3f2023
366,3,00000048,ff9ff06f
374,3,00000040,00001f17
380,3,00000044,fc3f2023
384,3,00000048,ff9ff06f
392,3,00000040,00001f17
398,3,00000044,fc3f2023
402,3,00000048,ff9ff06f
410,3,00000040,00001f17
416,3,00000044,fc3f2023
420,3,00000048,ff9ff06f
428,3,00000040,00001f17
434,3,00000044,fc3f2023
438,3,00000048,ff9ff06f
446,3,00000040,00001f17
452,3,00000044,fc3f2023
456,3,00000048,ff9ff06f
464,3,00000040,00001f17
470,3,00000044,fc3f2023
474,3,00000048,ff9ff06f
482,3,00000040,00001f17
488,3,00000044,fc3f2023
492,3,00000048,ff9ff06f
500,3,00000040,00001f17
506,3,00000044,fc3f2023
510,3,00000048,ff9ff06f
518,3,00000040,00001f17
524,3,00000044,fc3f2023
528,3,00000048,ff9ff06f
536,3,00000040,00001f17
542,3,00000044,fc3f2023
546,3,00000048,ff9ff06f
554,3,00000040,00001f17
560,3,00000044,fc3f2023
564,3,00000048,ff9ff06f
572,3,00000040,00001f17
578,3,00000044,fc3f2023
582,3,00000048,ff9ff06f
590,3,00000040,00001f17
596,3,00000044,fc3f2023
600,3,00000048,ff9ff06f
608,3,00000040,00001f17
614,3,00000044,fc3f2023
618,3,00000048,ff9ff06f
626,3,00000040,00001f17
632,3,00000044,fc3f2023
636,3,00000048,ff9ff06f
644,3,00000040,00001f17
650,3,00000044,fc3f2023
654,3,00000048,ff9ff06f
662,3,00000040,00001f17
668,3,00000044,fc3f2023
672,3,00000048,ff9ff06f
680,3,00000040,00001f17
686,3,00000044,fc3f2023
690,3,00000048,ff9ff06f
698,3,00000040,00001f17
704,3,00000044,fc3f2023
708,3,00000048,ff9ff06f
716,3,00000040,00001f17
722,3,00000044,fc3f2023
726,3,00000048,ff9ff06f
734,3,00000040,00001f17
740,3,00000044,fc3f2023
744,3,00000048,ff9ff06f
752,3,00000040,00001f17
758,3,00000044,fc3f2023
762,3,00000048,ff9ff06f
770,3,00000040,00001f17
776,3,00000044,fc3f2023
780,3,00000048,ff9ff06f
788,3,00000040,00001f17
794,3,00000044,fc3f2023
798,3,00000048,ff9ff06f
806,3,00000040,00001f17
812,3,00000044,fc3f2023
816,3,00000048,ff9ff06f
824,3,00000040,00001f17
830,3,00000044,fc3f2023
834,3,00000048,ff9ff06f
842,3,00000040,00001f17
848,3,00000044,fc3f2023
852,3,00000048,ff9ff06f
860,3,00000040,00001f17
866,3,00000044,fc3f2023
870,3,00000048,ff9ff06f
878,3,00000040,00001f17
884,3,00000044,fc3f2023
888,3,00000048,ff9ff06f
896,3,00000040,00001f17
902,3,00000044,fc3f2023
906,3,00000048,ff9ff06f
914,3,00000040,00001f17
920,3,00000044,fc3f2023
924,3,00000048,ff9ff06f
932,3,00000040,00001f17
938,3,00000044,fc3f2023
942,3,00000048,ff9ff06f
950,3,00000040,00001f17
956,3,00000044,fc3f2023
960,3,00000048,ff9ff06f
968,3,00000040,00001f17
974,3,00000044,fc3f2023
978,3,00000048,ff9ff06f
986,3,00000040,00001f17
992,3,00000044,fc3f2023
996,3,00000048,ff9ff06f
1004,3,00000040,00001f17
1010,3,00000044,fc3f2023
1014,3,00000048,ff9ff06f
1022,3,00000040,00001f17
1028,3,00000044,fc3f2023
1032,3,00000048,ff9ff06f
1040,3,00000040,00001f17
1046,3,00000044,fc3f2023
1050,3,00000048,ff9ff06f
1058,3,00000040,00001f17
1064,3,00000044,fc3f2023
1068,3,00000048,ff9ff06f
1076,3,00000040,00001f17
1082,3,00000044,fc3f2023
1086,3,00000048,ff9ff06f
1094,3,00000040,00001f17
1100,3,00000044,fc3f2023
1104,3,00000048,ff9ff06f
1112,3,00000040,00001f17
1118,3,00000044,fc3f2023
1122,3,00000048,ff9ff06f
1130,3,00000040,00001f17
1136,3,00000044,fc3f2023
1140,3,00000048,ff9ff06f
1148,3,00000040,00001f17
1154,3,00000044,fc3f2023
1158,3,00000048,ff9ff06f
1166,3,00000040,00001f17
1172,3,00000044,fc3f2023
1176,3,00000048,ff9ff06f
1184,3,00000040,00001f17
1190,3,00000044,fc3f2023
1194,3,00000048,ff9ff06f
1202,3,00000040,00001f17
1208,3,00000044,fc3f2023
1212,3,00000048,ff9ff06f
1220,3,00000040,00001f17
1226,3,00000044,fc3f2023
1230,3,00000048,ff9ff06f
1238,3,00000040,00001f17
1244,3,00000044,fc3f2023
1248,3,00000048,ff9ff06f
1256,3,00000040,00001f17
1262,3,00000044,fc3f2023
1266,3,00000048,ff9ff06f
1274,3,00000040,00001f17
1280,3,00000044,fc3f2023
1284,3,00000048,ff9ff06f
1292,3,00000040,00001f17
1298,3,00000044,fc3f2023
1302,3,00000048,ff9ff06f
1310,3,00000040,00001f17
1316,3,00000044,fc3f2023
1320,3,00000048,ff9ff06f
1328,3,00000040,00001f17
1334,3,00000044,fc3f2023
1338,3,00000048,ff9ff06f
1346,3,00000040,00001f17
1352,3,00000044,fc3f2023
1356,3,00000048,ff9ff06f
1364,3,00000040,00001f17
1370,3,00000044,fc3f2023
1374,3,00000048,ff9ff06f
1382,3,00000040,00001f17
1388,3,00000044,fc3f2023
1392,3,00000048,ff9ff06f
1400,3,00000040,00001f17
1406,3,00000044,fc3f2023
1410,3,00000048,ff9ff06f
1418,3,00000040,00001f17
1424,3,00000044,fc3f2023
1428,3,00000048,ff9ff06f
1436,3,00000040,00001f17
1442,3,00000044,fc3f2023
1446,3,00000048,ff9ff06f
1454,3,00000040,00001f17
1460,3,00000044,fc3f2023
1464,3,00000048,ff9ff06f
1472,3,00000040,00001f17
1478,3,00000044,fc3f2023
1482,3,00000048,ff9ff06f
1490,3,00000040,00001f17
1496,3,00000044,fc3f2023
1500,3,00000048,ff9ff06f
1508,3,00000040,00001f17
1514,3,00000044,fc3f2023
1518,3,00000048,ff9ff06f
1526,3,00000040,00001f17
1532,3,00000044,fc3f2023
1536,3,00000048,ff9ff06f
1544,3,00000040,00001f17
1550,3,00000044,fc3f2023
1554,3,00000048,ff9ff06f
1562,3,00000040,00001f17
1568,3,00000044,fc3f2023
1572,3,00000048,ff9ff06f
1580,3,00000040,00001f17
1586,3,00000044,fc3f2023
1590,3,00000048,ff9ff06f
1598,3,00000040,00001f17
1604,3,00000044,fc3f2023
1608,3,00000048,ff9ff06f
1616,3,00000040,00001f17
1622,3,00000044,fc3f2023
1626,3,00000048,ff9ff06f
1634,3,00000040,00001f17
1640,3,00000044,fc3f2023
1644,3,00000048,ff9ff06f
1652,3,00000040,00001f17
1658,3,00000044,fc3f2023
1662,3,00000048,ff9ff06f
1670,3,00000040,00001f17
1676,3,00000044,fc3f2023
1680,3,00000048,ff9ff06f
1688,3,00000040,00001f17
1694,3,00000044,fc3f2023
1698,3,00000048,ff9ff06f
1706,3,00000040,00001f17
1712,3,00000044,fc3f2023
1716,3,00000048,ff9ff06f
1724,3,00000040,00001f17
1730,3,00000044,fc3f2023
1734,3,00000048,ff9ff06f
1742,3,00000040,00001f17
1748,3,00000044,fc3f2023
1752,3,00000048,ff9ff06f
1760,3,00000040,00001f17
1766,3,00000044,fc3f2023
1770,3,00000048,ff9ff06f
1778,3,00000040,00001f17
1784,3,00000044,fc3f2023
1788,3,00000048,ff9ff06f
1796,3,00000040,00001f17
1802,3,00000044,fc3f2023
1806,3,00000048,ff9ff06f
1814,3,00000040,00001f17
1820,3,00000044,fc3f2023
1824,3,00000048,ff9ff06f
1832,3,00000040,00001f17
1838,3,00000044,fc3f2023
1842,3,00000048,ff9ff06f
1850,3,00000040,00001f17
1856,3,00000044,fc3f2023
1860,3,00000048,ff9ff06f
1868,3,00000040,00001f17
1874,3,00000044,fc3f2023
1878,3,00000048,ff9ff06f
1886,3,00000040,00001f17
1892,3,00000044,fc3f2023
1896,3,00000048,ff9ff06f
1904,3,00000040,00001f17
1910,3,00000044,fc3f2023
1914,3,00000048,ff9ff06f
1922,3,00000040,00001f17
1928,3,00000044,fc3f2023
1932,3,00000048,ff9ff06f
1940,3,00000040,00001f17
1946,3,00000044,fc3f2023
1950,3,00000048,ff9ff06f
1958,3,00000040,00001f17
1964,3,00000044,fc3f2023
1968,3,00000048,ff9ff06f
1976,3,00000040,00001f17
1982,3,00000044,fc3f2023
1986,3,00000048,ff9ff06f
1994,3,00000040,00001f17
2000,3,00000044,fc3f2023
2004,3,00000048,ff9ff06f
2012,3,00000040,00001f17
2018,3,00000044,fc3f2023
2022,3,00000048,ff9ff06f
2030,3,00000040,00001f17
2036,3,00000044,fc3f2023
2040,3,00000048,ff9ff06f
2048,3,00000040,00001f17
2054,3,00000044,fc3f2023
2058,3,00000048,ff9ff06f
2066,3,00000040,00001f17
2072,3,00000044,fc3f2023
2076,3,00000048,ff9ff06f
2084,3,00000040,00001f17
2090,3,00000044,fc3f2023
2094,3,00000048,ff9ff06f
2102,3,00000040,00001f17
2108,3,00000044,fc3f2023
2112,3,00000048,ff9ff06f
2120,3,00000040,00001f17
2126,3,00000044,fc3f2023
2130,3,00000048,ff9ff06f
2138,3,00000040,00001f17
2144,3,00000044,fc3f2023
2148,3,00000048,ff9ff06f
2156,3,00000040,00001f17
2162,3,00000044,fc3f2023
2166,3,00000048,ff9ff06f
2174,3,00000040,00001f17
2180,3,00000044,fc3f2023
2184,3,00000048,ff9ff06f
2192,3,00000040,00001f17
2198,3,00000044,fc3f2023
2202,3,00000048,ff9ff06f
2210,3,00000040,00001f17
2216,3,00000044,fc3f2023
2220,3,00000048,ff9ff06f
2228,3,00000040,00001f17
2234,3,00000044,fc3f2023
2238,3,00000048,ff9ff06f
2246,3,00000040,00001f17
2252,3,00000044,fc3f2023
2256,3,00000048,ff9ff06f
2264,3,00000040,00001f17
2270,3,00000044,fc3f2023
2274,3,00000048,ff9ff06f
2282,3,00000040,00001f17
2288,3,00000044,fc3f2023
2292,3,00000048,ff9ff06f
2300,3,00000040,00001f17
2306,3,00000044,fc3f2023
2310,3,00000048,ff9ff06f
2318,3,00000040,00001f17
2324,3,00000044,fc3f2023
2328,3,00000048,ff9ff06f
2336,3,00000040,00001f17
2342,3,00000044,fc3f2023
2346,3,00000048,ff9ff06f
2354,3,00000040,00001f17
2360,3,00000044,fc3f2023
2364,3,00000048,ff9ff06f
2372,3,00000040,00001f17
2378,3,00000044,fc3f2023
2382,3,00000048,ff9ff06f
2390,3,00000040,00001f17
2396,3,00000044,fc3f2023
2400,3,00000048,ff9ff06f
2408,3,00000040,00001f17
2414,3,00000044,fc3f2023
2418,3,00000048,ff9ff06f
2426,3,00000040,00001f17
2432,3,00000044,fc3f2023
2436,3,00000048,ff9ff06f
2444,3,00000040,00001f17
2450,3,00000044,fc3f2023
2454,3,00000048,ff9ff06f
2462,3,00000040,00001f17
2468,3,00000044,fc3f2023
2472,3,00000048,ff9ff06f
2480,3,00000040,00001f17
2486,3,00000044,fc3f2023
2490,3,00000048,ff9ff06f
2498,3,00000040,00001f17
2504,3,00000044,fc3f2023
2508,3,00000048,ff9ff06f
2516,3,00000040,00001f17
2522,3,00000044,fc3f2023
2526,3,00000048,ff9ff06f
2534,3,00000040,00001f17
2540,3,00000044,fc3f2023
2544,3,00000048,ff9ff06f
2552,3,00000040,00001f17
2558,3,00000044,fc3f2023
2562,3,00000048,ff9ff06f
2570,3,00000040,00001f17
2576,3,00000044,fc3f2023
2580,3,00000048,ff9ff06f
2588,3,00000040,00001f17
2594,3,00000044,fc3f2023
2598,3,00000048,ff9ff06f
2606,3,00000040,00001f17
2612,3,00000044,fc3f2023
2616,3,00000048,ff9ff06f
2624,3,00000040,00001f17
2630,3,00000044,fc3f2023
2634,3,00000048,ff9ff06f
2642,3,00000040,00001f17
2648,3,00000044,fc3f2023
2652,3,00000048,ff9ff06f
2660,3,00000040,00001f17
2666,3,00000044,fc3f2023
2670,3,00000048,ff9ff06f
2678,3,00000040,00001f17
2684,3,00000044,fc3f2023
2688,3,00000048,ff9ff06f
2696,3,00000040,00001f17
2702,3,00000044,fc3f2023
2706,3,00000048,ff9ff06f
2714,3,00000040,00001f17
2720,3,00000044,fc3f2023
2724,3,00000048,ff9ff06f
2732,3,00000040,00001f17
2738,3,00000044,fc3f2023
2742,3,00000048,ff9ff06f
2750,3,00000040,00001f17
2756,3,00000044,fc3f2023
2760,3,00000048,ff9ff06f
2768,3,00000040,00001f17
2774,3,00000044,fc3f2023
2778,3,00000048,ff9ff06f
2786,3,00000040,00001f17
2792,3,00000044,fc3f2023
2796,3,00000048,ff9ff06f
2804,3,00000040,00001f17
2810,3,00000044,fc3f2023
2814,3,00000048,ff9ff06f
2822,3,00000040,00001f17
2828,3,00000044,fc3f2023
2832,3,00000048,ff9ff06f
2840,3,00000040,00001f17
2846,3,00000044,fc3f2023
2850,3,00000048,ff9ff06f
2858,3,00000040,00001f17
2864,3,00000044,fc3f2023
2868,3,00000048,ff9ff06f
2876,3,00000040,00001f17
2882,3,00000044,fc3f2023
2886,3,00000048,ff9ff06f
2894,3,00000040,00001f17
2900,3,00000044,fc3f2023
2904,3,00000048,ff9ff06f
2912,3,00000040,00001f17
2918,3,00000044,fc3f2023
2922,3,00000048,ff9ff06f
2930,3,00000040,00001f17
2936,3,00000044,fc3f2023
2940,3,00000048,ff9ff06f
2948,3,00000040,00001f17
2954,3,00000044,fc3f2023
2958,3,00000048,ff9ff06f
2966,3,00000040,00001f17
2972,3,00000044,fc3f2023
2976,3,00000048,ff9ff06f
2984,3,00000040,00001f17
2990,3,00000044,fc3f2023
2994,3,00000048,ff9ff06f
