44,3,00000000,04c0006f
52,3,0000004c,f1402573
56,3,00000050,00051063
60,3,00000054,00000297
64,3,00000058,01028293
68,3,0000005c,30529073
80,3,00000064,00000297
84,3,00000068,01c28293
88,3,0000006c,30529073
92,3,00000070,fff00293
104,3,00000080,00000297
108,3,00000084,01828293
112,3,00000088,30529073
116,3,0000008c,30205073
120,3,00000090,30305073
124,3,00000094,30405073
128,3,00000098,00000193
132,3,0000009c,00000297
136,3,000000a0,f6828293
140,3,000000a4,30529073
144,3,000000a8,00100513
148,3,000000ac,01f51513
152,3,000000b0,00054863
160,3,000000c0,00000297
164,3,000000c4,f4028293
168,3,000000c8,00028e63
176,3,000000e4,30005073
180,3,000000e8,00002537
184,3,000000ec,80050513
188,3,000000f0,30052073
192,3,000000f4,00000297
196,3,000000f8,01428293
200,3,000000fc,34129073
204,3,00000100,f1402573
208,3,00000104,30200073
216,3,00000108,00200193
220,3,0000010c,00000313
224,3,00000110,00000297
228,3,00000114,00c28293
240,3,00000004,34202f73
244,3,00000008,00800f93
248,3,0000000c,03ff0a63
252,3,00000010,00900f93
256,3,00000014,03ff0663
260,3,00000018,00b00f93
264,3,0000001c,03ff0263
268,3,00000020,00000f17
272,3,00000024,208f0f13
276,3,00000028,000f0463
280,3,0000002c,000f0067
288,3,00000228,00200513
292,3,0000022c,02a18063
300,3,0000024c,fa031ee3
304,3,00000250,00000593
308,3,00000254,34202573
312,3,00000258,fab518e3
316,3,0000025c,341025f3
320,3,00000260,00458593
324,3,00000264,fab292e3
328,3,00000268,34302573
332,3,0000026c,00050663
340,3,00000278,00c58593
344,3,0000027c,34159073
348,3,00000280,30200073
356,3,00000128,00000297
360,3,0000012c,00c28293
364,3,00000130,00128367
372,3,00000134,0080006f
380,3,0000013c,00400193
384,3,00000140,00000313
388,3,00000144,00000297
392,3,00000148,00c28293
404,3,00000004,34202f73
408,3,00000008,00800f93
412,3,0000000c,03ff0a63
416,3,00000010,00900f93
420,3,00000014,03ff0663
424,3,00000018,00b00f93
428,3,0000001c,03ff0263
432,3,00000020,00000f17
436,3,00000024,208f0f13
440,3,00000028,000f0463
444,3,0000002c,000f0067
452,3,00000228,00200513
456,3,0000022c,02a18063
460,3,00000230,00400513
464,3,00000234,00a18c63
472,3,0000024c,fa031ee3
476,3,00000250,00000593
480,3,00000254,34202573
484,3,00000258,fab518e3
488,3,0000025c,341025f3
492,3,00000260,00458593
496,3,00000264,fab292e3
500,3,00000268,34302573
504,3,0000026c,00050663
512,3,00000278,00c58593
516,3,0000027c,34159073
520,3,00000280,30200073
528,3,0000015c,00000313
532,3,00000160,00000297
536,3,00000164,00c28293
548,3,00000004,34202f73
552,3,00000008,00800f93
556,3,0000000c,03ff0a63
560,3,00000010,00900f93
564,3,00000014,03ff0663
568,3,00000018,00b00f93
572,3,0000001c,03ff0263
576,3,00000020,00000f17
580,3,00000024,208f0f13
584,3,00000028,000f0463
588,3,0000002c,000f0067
596,3,00000228,00200513
600,3,0000022c,02a18063
604,3,00000230,00400513
608,3,00000234,00a18c63
616,3,0000024c,fa031ee3
620,3,00000250,00000593
624,3,00000254,34202573
628,3,00000258,fab518e3
632,3,0000025c,341025f3
636,3,00000260,00458593
640,3,00000264,fab292e3
644,3,00000268,34302573
648,3,0000026c,00050663
656,3,00000278,00c58593
660,3,0000027c,34159073
664,3,00000280,30200073
672,3,00000178,00000313
676,3,0000017c,00000297
680,3,00000180,00c28293
692,3,00000004,34202f73
696,3,00000008,00800f93
700,3,0000000c,03ff0a63
704,3,00000010,00900f93
708,3,00000014,03ff0663
712,3,00000018,00b00f93
716,3,0000001c,03ff0263
720,3,00000020,00000f17
724,3,00000024,208f0f13
728,3,00000028,000f0463
732,3,0000002c,000f0067
740,3,00000228,00200513
744,3,0000022c,02a18063
748,3,00000230,00400513
752,3,00000234,00a18c63
760,3,0000024c,fa031ee3
764,3,00000250,00000593
768,3,00000254,34202573
772,3,00000258,fab518e3
776,3,0000025c,341025f3
780,3,00000260,00458593
784,3,00000264,fab292e3
788,3,00000268,34302573
792,3,0000026c,00050663
800,3,00000278,00c58593
804,3,0000027c,34159073
808,3,00000280,30200073
816,3,00000194,00001563
820,3,00000198,00c0006f
828,3,000001a4,00800193
832,3,000001a8,301023f3
836,3,000001ac,0043f393
840,3,000001b0,04038863
848,3,00000200,01c0006f
856,3,0000021c,0ff0000f
860,3,00000220,00100193
864,3,00000224,00000073
872,3,00000004,34202f73
876,3,00000008,00800f93
880,3,0000000c,03ff0a63
884,3,00000010,00900f93
888,3,00000014,03ff0663
892,3,00000018,00b00f93
896,3,0000001c,03ff0263
904,3,00000040,00001f17
910,3,00000044,fc3f2023
914,3,00000048,ff9ff06f
922,3,00000040,00001f17
928,3,00000044,fc3f2023
932,3,00000048,ff9ff06f
940,3,00000040,00001f17
946,3,00000044,fc3f2023
950,3,00000048,ff9ff06f
958,3,00000040,00001f17
964,3,00000044,fc3f2023
968,3,00000048,ff9ff06f
976,3,00000040,00001f17
982,3,00000044,fc3f2023
986,3,00000048,ff9ff06f
994,3,00000040,00001f17
1000,3,00000044,fc3f2023
1004,3,00000048,ff9ff06f
1012,3,00000040,00001f17
1018,3,00000044,fc3f2023
1022,3,00000048,ff9ff06f
1030,3,00000040,00001f17
1036,3,00000044,fc3f2023
1040,3,00000048,ff9ff06f
1048,3,00000040,00001f17
1054,3,00000044,fc3f2023
1058,3,00000048,ff9ff06f
1066,3,00000040,00001f17
1072,3,00000044,fc3f2023
1076,3,00000048,ff9ff06f
1084,3,00000040,00001f17
1090,3,00000044,fc3f2023
1094,3,00000048,ff9ff06f
1102,3,00000040,00001f17
1108,3,00000044,fc3f2023
1112,3,00000048,ff9ff06f
1120,3,00000040,00001f17
1126,3,00000044,fc3f2023
1130,3,00000048,ff9ff06f
1138,3,00000040,00001f17
1144,3,00000044,fc3f2023
1148,3,00000048,ff9ff06f
1156,3,00000040,00001f17
1162,3,00000044,fc3f2023
1166,3,00000048,ff9ff06f
1174,3,00000040,00001f17
1180,3,00000044,fc3f2023
1184,3,00000048,ff9ff06f
1192,3,00000040,00001f17
1198,3,00000044,fc3f2023
1202,3,00000048,ff9ff06f
1210,3,00000040,00001f17
1216,3,00000044,fc3f2023
1220,3,00000048,ff9ff06f
1228,3,00000040,00001f17
1234,3,00000044,fc3f2023
1238,3,00000048,ff9ff06f
1246,3,00000040,00001f17
1252,3,00000044,fc3f2023
1256,3,00000048,ff9ff06f
1264,3,00000040,00001f17
1270,3,00000044,fc3f2023
1274,3,00000048,ff9ff06f
1282,3,00000040,00001f17
1288,3,00000044,fc3f2023
1292,3,00000048,ff9ff06f
1300,3,00000040,00001f17
1306,3,00000044,fc3f2023
1310,3,00000048,ff9ff06f
1318,3,00000040,00001f17
1324,3,00000044,fc3f2023
1328,3,00000048,ff9ff06f
1336,3,00000040,00001f17
1342,3,00000044,fc3f2023
1346,3,00000048,ff9ff06f
1354,3,00000040,00001f17
1360,3,00000044,fc3f2023
1364,3,00000048,ff9ff06f
1372,3,00000040,00001f17
1378,3,00000044,fc3f2023
1382,3,00000048,ff9ff06f
1390,3,00000040,00001f17
1396,3,00000044,fc3f2023
1400,3,00000048,ff9ff06f
1408,3,00000040,00001f17
1414,3,00000044,fc3f2023
1418,3,00000048,ff9ff06f
1426,3,00000040,00001f17
1432,3,00000044,fc3f2023
1436,3,00000048,ff9ff06f
1444,3,00000040,00001f17
1450,3,00000044,fc3f2023
1454,3,00000048,ff9ff06f
1462,3,00000040,00001f17
1468,3,00000044,fc3f2023
1472,3,00000048,ff9ff06f
1480,3,00000040,00001f17
1486,3,00000044,fc3f2023
1490,3,00000048,ff9ff06f
1498,3,00000040,00001f17
1504,3,00000044,fc3f2023
1508,3,00000048,ff9ff06f
1516,3,00000040,00001f17
1522,3,00000044,fc3f2023
1526,3,00000048,ff9ff06f
1534,3,00000040,00001f17
1540,3,00000044,fc3f2023
1544,3,00000048,ff9ff06f
1552,3,00000040,00001f17
1558,3,00000044,fc3f2023
1562,3,00000048,ff9ff06f
1570,3,00000040,00001f17
1576,3,00000044,fc3f2023
1580,3,00000048,ff9ff06f
1588,3,00000040,00001f17
1594,3,00000044,fc3f2023
1598,3,00000048,ff9ff06f
1606,3,00000040,00001f17
1612,3,00000044,fc3f2023
1616,3,00000048,ff9ff06f
1624,3,00000040,00001f17
1630,3,00000044,fc3f2023
1634,3,00000048,ff9ff06f
1642,3,00000040,00001f17
1648,3,00000044,fc3f2023
1652,3,00000048,ff9ff06f
1660,3,00000040,00001f17
1666,3,00000044,fc3f2023
1670,3,00000048,ff9ff06f
1678,3,00000040,00001f17
1684,3,00000044,fc3f2023
1688,3,00000048,ff9ff06f
1696,3,00000040,00001f17
1702,3,00000044,fc3f2023
1706,3,00000048,ff9ff06f
1714,3,00000040,00001f17
1720,3,00000044,fc3f2023
1724,3,00000048,ff9ff06f
1732,3,00000040,00001f17
1738,3,00000044,fc3f2023
1742,3,00000048,ff9ff06f
1750,3,00000040,00001f17
1756,3,00000044,fc3f2023
1760,3,00000048,ff9ff06f
1768,3,00000040,00001f17
1774,3,00000044,fc3f2023
1778,3,00000048,ff9ff06f
1786,3,00000040,00001f17
1792,3,00000044,fc3f2023
1796,3,00000048,ff9ff06f
1804,3,00000040,00001f17
1810,3,00000044,fc3f2023
1814,3,00000048,ff9ff06f
1822,3,00000040,00001f17
1828,3,00000044,fc3f2023
1832,3,00000048,ff9ff06f
1840,3,00000040,00001f17
1846,3,00000044,fc3f2023
1850,3,00000048,ff9ff06f
1858,3,00000040,00001f17
1864,3,00000044,fc3f2023
1868,3,00000048,ff9ff06f
1876,3,00000040,00001f17
1882,3,00000044,fc3f2023
1886,3,00000048,ff9ff06f
1894,3,00000040,00001f17
1900,3,00000044,fc3f2023
1904,3,00000048,ff9ff06f
1912,3,00000040,00001f17
1918,3,00000044,fc3f2023
1922,3,00000048,ff9ff06f
1930,3,00000040,00001f17
1936,3,00000044,fc3f2023
1940,3,00000048,ff9ff06f
1948,3,00000040,00001f17
1954,3,00000044,fc3f2023
1958,3,00000048,ff9ff06f
1966,3,00000040,00001f17
1972,3,00000044,fc3f2023
1976,3,00000048,ff9ff06f
1984,3,00000040,00001f17
1990,3,00000044,fc3f2023
1994,3,00000048,ff9ff06f
2002,3,00000040,00001f17
2008,3,00000044,fc3f2023
2012,3,00000048,ff9ff06f
2020,3,00000040,00001f17
2026,3,00000044,fc3f2023
2030,3,00000048,ff9ff06f
2038,3,00000040,00001f17
2044,3,00000044,fc3f2023
2048,3,00000048,ff9ff06f
2056,3,00000040,00001f17
2062,3,00000044,fc3f2023
2066,3,00000048,ff9ff06f
2074,3,00000040,00001f17
2080,3,00000044,fc3f2023
2084,3,00000048,ff9ff06f
2092,3,00000040,00001f17
2098,3,00000044,fc3f2023
2102,3,00000048,ff9ff06f
2110,3,00000040,00001f17
2116,3,00000044,fc3f2023
2120,3,00000048,ff9ff06f
2128,3,00000040,00001f17
2134,3,00000044,fc3f2023
2138,3,00000048,ff9ff06f
2146,3,00000040,00001f17
2152,3,00000044,fc3f2023
2156,3,00000048,ff9ff06f
2164,3,00000040,00001f17
2170,3,00000044,fc3f2023
2174,3,00000048,ff9ff06f
2182,3,00000040,00001f17
2188,3,00000044,fc3f2023
2192,3,00000048,ff9ff06f
2200,3,00000040,00001f17
2206,3,00000044,fc3f2023
2210,3,00000048,ff9ff06f
2218,3,00000040,00001f17
2224,3,00000044,fc3f2023
2228,3,00000048,ff9ff06f
2236,3,00000040,00001f17
2242,3,00000044,fc3f2023
2246,3,00000048,ff9ff06f
2254,3,00000040,00001f17
2260,3,00000044,fc3f2023
2264,3,00000048,ff9ff06f
2272,3,00000040,00001f17
2278,3,00000044,fc3f2023
2282,3,00000048,ff9ff06f
2290,3,00000040,00001f17
2296,3,00000044,fc3f2023
2300,3,00000048,ff9ff06f
2308,3,00000040,00001f17
2314,3,00000044,fc3f2023
2318,3,00000048,ff9ff06f
2326,3,00000040,00001f17
2332,3,00000044,fc3f2023
2336,3,00000048,ff9ff06f
2344,3,00000040,00001f17
2350,3,00000044,fc3f2023
2354,3,00000048,ff9ff06f
2362,3,00000040,00001f17
2368,3,00000044,fc3f2023
2372,3,00000048,ff9ff06f
2380,3,00000040,00001f17
2386,3,00000044,fc3f2023
2390,3,00000048,ff9ff06f
2398,3,00000040,00001f17
2404,3,00000044,fc3f2023
2408,3,00000048,ff9ff06f
2416,3,00000040,00001f17
2422,3,00000044,fc3f2023
2426,3,00000048,ff9ff06f
2434,3,00000040,00001f17
2440,3,00000044,fc3f2023
2444,3,00000048,ff9ff06f
2452,3,00000040,00001f17
2458,3,00000044,fc3f2023
2462,3,00000048,ff9ff06f
2470,3,00000040,00001f17
2476,3,00000044,fc3f2023
2480,3,00000048,ff9ff06f
2488,3,00000040,00001f17
2494,3,00000044,fc3f2023
2498,3,00000048,ff9ff06f
2506,3,00000040,00001f17
2512,3,00000044,fc3f2023
2516,3,00000048,ff9ff06f
2524,3,00000040,00001f17
2530,3,00000044,fc3f2023
2534,3,00000048,ff9ff06f
2542,3,00000040,00001f17
2548,3,00000044,fc3f2023
2552,3,00000048,ff9ff06f
2560,3,00000040,00001f17
2566,3,00000044,fc3f2023
2570,3,00000048,ff9ff06f
2578,3,00000040,00001f17
2584,3,00000044,fc3f2023
2588,3,00000048,ff9ff06f
2596,3,00000040,00001f17
2602,3,00000044,fc3f2023
2606,3,00000048,ff9ff06f
2614,3,00000040,00001f17
2620,3,00000044,fc3f2023
2624,3,00000048,ff9ff06f
2632,3,00000040,00001f17
2638,3,00000044,fc3f2023
2642,3,00000048,ff9ff06f
2650,3,00000040,00001f17
2656,3,00000044,fc3f2023
2660,3,00000048,ff9ff06f
2668,3,00000040,00001f17
2674,3,00000044,fc3f2023
2678,3,00000048,ff9ff06f
2686,3,00000040,00001f17
2692,3,00000044,fc3f2023
2696,3,00000048,ff9ff06f
2704,3,00000040,00001f17
2710,3,00000044,fc3f2023
2714,3,00000048,ff9ff06f
2722,3,00000040,00001f17
2728,3,00000044,fc3f2023
2732,3,00000048,ff9ff06f
2740,3,00000040,00001f17
2746,3,00000044,fc3f2023
2750,3,00000048,ff9ff06f
2758,3,00000040,00001f17
2764,3,00000044,fc3f2023
2768,3,00000048,ff9ff06f
2776,3,00000040,00001f17
2782,3,00000044,fc3f2023
2786,3,00000048,ff9ff06f
2794,3,00000040,00001f17
2800,3,00000044,fc3f2023
2804,3,00000048,ff9ff06f
2812,3,00000040,00001f17
2818,3,00000044,fc3f2023
2822,3,00000048,ff9ff06f
2830,3,00000040,00001f17
2836,3,00000044,fc3f2023
2840,3,00000048,ff9ff06f
2848,3,00000040,00001f17
2854,3,00000044,fc3f2023
2858,3,00000048,ff9ff06f
2866,3,00000040,00001f17
2872,3,00000044,fc3f2023
2876,3,00000048,ff9ff06f
2884,3,00000040,00001f17
2890,3,00000044,fc3f2023
2894,3,00000048,ff9ff06f
2902,3,00000040,00001f17
2908,3,00000044,fc3f2023
2912,3,00000048,ff9ff06f
2920,3,00000040,00001f17
2926,3,00000044,fc3f2023
2930,3,00000048,ff9ff06f
2938,3,00000040,00001f17
2944,3,00000044,fc3f2023
2948,3,00000048,ff9ff06f
2956,3,00000040,00001f17
2962,3,00000044,fc3f2023
2966,3,00000048,ff9ff06f
2974,3,00000040,00001f17
2980,3,00000044,fc3f2023
2984,3,00000048,ff9ff06f
2992,3,00000040,00001f17
2998,3,00000044,fc3f2023
3002,3,00000048,ff9ff06f
3010,3,00000040,00001f17
3016,3,00000044,fc3f2023
3020,3,00000048,ff9ff06f
3028,3,00000040,00001f17
3034,3,00000044,fc3f2023
3038,3,00000048,ff9ff06f
3046,3,00000040,00001f17
3052,3,00000044,fc3f2023
3056,3,00000048,ff9ff06f
3064,3,00000040,00001f17
3070,3,00000044,fc3f2023
3074,3,00000048,ff9ff06f
3082,3,00000040,00001f17
3088,3,00000044,fc3f2023
3092,3,00000048,ff9ff06f
3100,3,00000040,00001f17
3106,3,00000044,fc3f2023
3110,3,00000048,ff9ff06f
3118,3,00000040,00001f17
3124,3,00000044,fc3f2023
3128,3,00000048,ff9ff06f
3136,3,00000040,00001f17
3142,3,00000044,fc3f2023
3146,3,00000048,ff9ff06f
3154,3,00000040,00001f17
3160,3,00000044,fc3f2023
3164,3,00000048,ff9ff06f
3172,3,00000040,00001f17
3178,3,00000044,fc3f2023
3182,3,00000048,ff9ff06f
3190,3,00000040,00001f17
3196,3,00000044,fc3f2023
3200,3,00000048,ff9ff06f
3208,3,00000040,00001f17
3214,3,00000044,fc3f2023
3218,3,00000048,ff9ff06f
3226,3,00000040,00001f17
3232,3,00000044,fc3f2023
3236,3,00000048,ff9ff06f
3244,3,00000040,00001f17
3250,3,00000044,fc3f2023
3254,3,00000048,ff9ff06f
3262,3,00000040,00001f17
3268,3,00000044,fc3f2023
3272,3,00000048,ff9ff06f
3280,3,00000040,00001f17
3286,3,00000044,fc3f2023
3290,3,00000048,ff9ff06f
3298,3,00000040,00001f17
3304,3,00000044,fc3f2023
3308,3,00000048,ff9ff06f
3316,3,00000040,00001f17
3322,3,00000044,fc3f2023
3326,3,00000048,ff9ff06f
3334,3,00000040,00001f17
3340,3,00000044,fc3f2023
3344,3,00000048,ff9ff06f
3352,3,00000040,00001f17
3358,3,00000044,fc3f2023
3362,3,00000048,ff9ff06f
3370,3,00000040,00001f17
3376,3,00000044,fc3f2023
3380,3,00000048,ff9ff06f
3388,3,00000040,00001f17
3394,3,00000044,fc3f2023
3398,3,00000048,ff9ff06f
3406,3,00000040,00001f17
3412,3,00000044,fc3f2023
3416,3,00000048,ff9ff06f
3424,3,00000040,00001f17
3430,3,00000044,fc3f2023
3434,3,00000048,ff9ff06f
3442,3,00000040,00001f17
3448,3,00000044,fc3f2023
3452,3,00000048,ff9ff06f
3460,3,00000040,00001f17
3466,3,00000044,fc3f2023
3470,3,00000048,ff9ff06f
3478,3,00000040,00001f17
3484,3,00000044,fc3f2023
3488,3,00000048,ff9ff06f
3496,3,00000040,00001f17
3502,3,00000044,fc3f2023
3506,3,00000048,ff9ff06f
3514,3,00000040,00001f17
3520,3,00000044,fc3f2023
3524,3,00000048,ff9ff06f
3532,3,00000040,00001f17
3538,3,00000044,fc3f2023
3542,3,00000048,ff9ff06f
3550,3,00000040,00001f17
3556,3,00000044,fc3f2023
3560,3,00000048,ff9ff06f
3568,3,00000040,00001f17
3574,3,00000044,fc3f2023
3578,3,00000048,ff9ff06f
3586,3,00000040,00001f17
3592,3,00000044,fc3f2023
3596,3,00000048,ff9ff06f
3604,3,00000040,00001f17
3610,3,00000044,fc3f2023
3614,3,00000048,ff9ff06f
3622,3,00000040,00001f17
3628,3,00000044,fc3f2023
3632,3,00000048,ff9ff06f
3640,3,00000040,00001f17
3646,3,00000044,fc3f2023
3650,3,00000048,ff9ff06f
3658,3,00000040,00001f17
3664,3,00000044,fc3f2023
3668,3,00000048,ff9ff06f
3676,3,00000040,00001f17
3682,3,00000044,fc3f2023
3686,3,00000048,ff9ff06f
3694,3,00000040,00001f17
3700,3,00000044,fc3f2023
3704,3,00000048,ff9ff06f
3712,3,00000040,00001f17
3718,3,00000044,fc3f2023
3722,3,00000048,ff9ff06f
3730,3,00000040,00001f17
3736,3,00000044,fc3f2023
3740,3,00000048,ff9ff06f
3748,3,00000040,00001f17
3754,3,00000044,fc3f2023
3758,3,00000048,ff9ff06f
3766,3,00000040,00001f17
3772,3,00000044,fc3f2023
3776,3,00000048,ff9ff06f
3784,3,00000040,00001f17
3790,3,00000044,fc3f2023
3794,3,00000048,ff9ff06f
3802,3,00000040,00001f17
3808,3,00000044,fc3f2023
3812,3,00000048,ff9ff06f
3820,3,00000040,00001f17
3826,3,00000044,fc3f2023
3830,3,00000048,ff9ff06f
3838,3,00000040,00001f17
3844,3,00000044,fc3f2023
3848,3,00000048,ff9ff06f
3856,3,00000040,00001f17
3862,3,00000044,fc3f2023
3866,3,00000048,ff9ff06f
3874,3,00000040,00001f17
3880,3,00000044,fc3f2023
3884,3,00000048,ff9ff06f
3892,3,00000040,00001f17
3898,3,00000044,fc3f2023
3902,3,00000048,ff9ff06f
3910,3,00000040,00001f17
3916,3,00000044,fc3f2023
3920,3,00000048,ff9ff06f
3928,3,00000040,00001f17
3934,3,00000044,fc3f2023
3938,3,00000048,ff9ff06f
3946,3,00000040,00001f17
3952,3,00000044,fc3f2023
3956,3,00000048,ff9ff06f
3964,3,00000040,00001f17
3970,3,00000044,fc3f2023
3974,3,00000048,ff9ff06f
3982,3,00000040,00001f17
3988,3,00000044,fc3f2023
3992,3,00000048,ff9ff06f
4000,3,00000040,00001f17
4006,3,00000044,fc3f2023
4010,3,00000048,ff9ff06f
4018,3,00000040,00001f17
4024,3,00000044,fc3f2023
4028,3,00000048,ff9ff06f
4036,3,00000040,00001f17
4042,3,00000044,fc3f2023
4046,3,00000048,ff9ff06f
4054,3,00000040,00001f17
4060,3,00000044,fc3f2023
4064,3,00000048,ff9ff06f
4072,3,00000040,00001f17
4078,3,00000044,fc3f2023
4082,3,00000048,ff9ff06f
4090,3,00000040,00001f17
4096,3,00000044,fc3f2023
4100,3,00000048,ff9ff06f
4108,3,00000040,00001f17
4114,3,00000044,fc3f2023
4118,3,00000048,ff9ff06f
4126,3,00000040,00001f17
4132,3,00000044,fc3f2023
4136,3,00000048,ff9ff06f
4144,3,00000040,00001f17
4150,3,00000044,fc3f2023
4154,3,00000048,ff9ff06f
4162,3,00000040,00001f17
4168,3,00000044,fc3f2023
4172,3,00000048,ff9ff06f
4180,3,00000040,00001f17
4186,3,00000044,fc3f2023
4190,3,00000048,ff9ff06f
4198,3,00000040,00001f17
4204,3,00000044,fc3f2023
4208,3,00000048,ff9ff06f
4216,3,00000040,00001f17
4222,3,00000044,fc3f2023
4226,3,00000048,ff9ff06f
4234,3,00000040,00001f17
4240,3,00000044,fc3f2023
4244,3,00000048,ff9ff06f
4252,3,00000040,00001f17
4258,3,00000044,fc3f2023
4262,3,00000048,ff9ff06f
4270,3,00000040,00001f17
4276,3,00000044,fc3f2023
4280,3,00000048,ff9ff06f
4288,3,00000040,00001f17
4294,3,00000044,fc3f2023
4298,3,00000048,ff9ff06f
4306,3,00000040,00001f17
4312,3,00000044,fc3f2023
4316,3,00000048,ff9ff06f
4324,3,00000040,00001f17
4330,3,00000044,fc3f2023
4334,3,00000048,ff9ff06f
4342,3,00000040,00001f17
4348,3,00000044,fc3f2023
4352,3,00000048,ff9ff06f
4360,3,00000040,00001f17
4366,3,00000044,fc3f2023
4370,3,00000048,ff9ff06f
4378,3,00000040,00001f17
4384,3,00000044,fc3f2023
4388,3,00000048,ff9ff06f
4396,3,00000040,00001f17
4402,3,00000044,fc3f2023
4406,3,00000048,ff9ff06f
4414,3,00000040,00001f17
4420,3,00000044,fc3f2023
4424,3,00000048,ff9ff06f
4432,3,00000040,00001f17
4438,3,00000044,fc3f2023
4442,3,00000048,ff9ff06f
4450,3,00000040,00001f17
4456,3,00000044,fc3f2023
4460,3,00000048,ff9ff06f
4468,3,00000040,00001f17
4474,3,00000044,fc3f2023
4478,3,00000048,ff9ff06f
4486,3,00000040,00001f17
4492,3,00000044,fc3f2023
4496,3,00000048,ff9ff06f
4504,3,00000040,00001f17
4510,3,00000044,fc3f2023
4514,3,00000048,ff9ff06f
4522,3,00000040,00001f17
4528,3,00000044,fc3f2023
4532,3,00000048,ff9ff06f
4540,3,00000040,00001f17
4546,3,00000044,fc3f2023
4550,3,00000048,ff9ff06f
4558,3,00000040,00001f17
4564,3,00000044,fc3f2023
4568,3,00000048,ff9ff06f
4576,3,00000040,00001f17
4582,3,00000044,fc3f2023
4586,3,00000048,ff9ff06f
4594,3,00000040,00001f17
4600,3,00000044,fc3f2023
4604,3,00000048,ff9ff06f
4612,3,00000040,00001f17
4618,3,00000044,fc3f2023
4622,3,00000048,ff9ff06f
4630,3,00000040,00001f17
4636,3,00000044,fc3f2023
4640,3,00000048,ff9ff06f
4648,3,00000040,00001f17
4654,3,00000044,fc3f2023
4658,3,00000048,ff9ff06f
4666,3,00000040,00001f17
4672,3,00000044,fc3f2023
4676,3,00000048,ff9ff06f
4684,3,00000040,00001f17
4690,3,00000044,fc3f2023
4694,3,00000048,ff9ff06f
4702,3,00000040,00001f17
4708,3,00000044,fc3f2023
4712,3,00000048,ff9ff06f
4720,3,00000040,00001f17
4726,3,00000044,fc3f2023
4730,3,00000048,ff9ff06f
4738,3,00000040,00001f17
4744,3,00000044,fc3f2023
4748,3,00000048,ff9ff06f
4756,3,00000040,00001f17
4762,3,00000044,fc3f2023
4766,3,00000048,ff9ff06f
4774,3,00000040,00001f17
4780,3,00000044,fc3f2023
4784,3,00000048,ff9ff06f
4792,3,00000040,00001f17
4798,3,00000044,fc3f2023
4802,3,00000048,ff9ff06f
4810,3,00000040,00001f17
4816,3,00000044,fc3f2023
4820,3,00000048,ff9ff06f
4828,3,00000040,00001f17
4834,3,00000044,fc3f2023
4838,3,00000048,ff9ff06f
4846,3,00000040,00001f17
4852,3,00000044,fc3f2023
4856,3,00000048,ff9ff06f
4864,3,00000040,00001f17
4870,3,00000044,fc3f2023
4874,3,00000048,ff9ff06f
4882,3,00000040,00001f17
4888,3,00000044,fc3f2023
4892,3,00000048,ff9ff06f
4900,3,00000040,00001f17
4906,3,00000044,fc3f2023
4910,3,00000048,ff9ff06f
4918,3,00000040,00001f17
4924,3,00000044,fc3f2023
4928,3,00000048,ff9ff06f
4936,3,00000040,00001f17
4942,3,00000044,fc3f2023
4946,3,00000048,ff9ff06f
4954,3,00000040,00001f17
4960,3,00000044,fc3f2023
4964,3,00000048,ff9ff06f
4972,3,00000040,00001f17
4978,3,00000044,fc3f2023
4982,3,00000048,ff9ff06f
4990,3,00000040,00001f17
4996,3,00000044,fc3f2023
5000,3,00000048,ff9ff06f
5008,3,00000040,00001f17
5014,3,00000044,fc3f2023
5018,3,00000048,ff9ff06f
5026,3,00000040,00001f17
5032,3,00000044,fc3f2023
5036,3,00000048,ff9ff06f
5044,3,00000040,00001f17
5050,3,00000044,fc3f2023
5054,3,00000048,ff9ff06f
5062,3,00000040,00001f17
5068,3,00000044,fc3f2023
5072,3,00000048,ff9ff06f
5080,3,00000040,00001f17
5086,3,00000044,fc3f2023
5090,3,00000048,ff9ff06f
5098,3,00000040,00001f17
5104,3,00000044,fc3f2023
5108,3,00000048,ff9ff06f
5116,3,00000040,00001f17
5122,3,00000044,fc3f2023
5126,3,00000048,ff9ff06f
5134,3,00000040,00001f17
5140,3,00000044,fc3f2023
5144,3,00000048,ff9ff06f
5152,3,00000040,00001f17
5158,3,00000044,fc3f2023
5162,3,00000048,ff9ff06f
5170,3,00000040,00001f17
5176,3,00000044,fc3f2023
5180,3,00000048,ff9ff06f
5188,3,00000040,00001f17
5194,3,00000044,fc3f2023
5198,3,00000048,ff9ff06f
5206,3,00000040,00001f17
5212,3,00000044,fc3f2023
5216,3,00000048,ff9ff06f
5224,3,00000040,00001f17
5230,3,00000044,fc3f2023
5234,3,00000048,ff9ff06f
5242,3,00000040,00001f17
5248,3,00000044,fc3f2023
5252,3,00000048,ff9ff06f
5260,3,00000040,00001f17
5266,3,00000044,fc3f2023
5270,3,00000048,ff9ff06f
5278,3,00000040,00001f17
5284,3,00000044,fc3f2023
5288,3,00000048,ff9ff06f
5296,3,00000040,00001f17
5302,3,00000044,fc3f2023
5306,3,00000048,ff9ff06f
5314,3,00000040,00001f17
5320,3,00000044,fc3f2023
5324,3,00000048,ff9ff06f
5332,3,00000040,00001f17
5338,3,00000044,fc3f2023
5342,3,00000048,ff9ff06f
5350,3,00000040,00001f17
5356,3,00000044,fc3f2023
5360,3,00000048,ff9ff06f
5368,3,00000040,00001f17
5374,3,00000044,fc3f2023
5378,3,00000048,ff9ff06f
5386,3,00000040,00001f17
5392,3,00000044,fc3f2023
5396,3,00000048,ff9ff06f
5404,3,00000040,00001f17
5410,3,00000044,fc3f2023
5414,3,00000048,ff9ff06f
5422,3,00000040,00001f17
5428,3,00000044,fc3f2023
5432,3,00000048,ff9ff06f
5440,3,00000040,00001f17
5446,3,00000044,fc3f2023
5450,3,00000048,ff9ff06f
5458,3,00000040,00001f17
5464,3,00000044,fc3f2023
5468,3,00000048,ff9ff06f
5476,3,00000040,00001f17
5482,3,00000044,fc3f2023
5486,3,00000048,ff9ff06f
5494,3,00000040,00001f17
5500,3,00000044,fc3f2023
5504,3,00000048,ff9ff06f
5512,3,00000040,00001f17
5518,3,00000044,fc3f2023
5522,3,00000048,ff9ff06f
5530,3,00000040,00001f17
5536,3,00000044,fc3f2023
5540,3,00000048,ff9ff06f
5548,3,00000040,00001f17
5554,3,00000044,fc3f2023
5558,3,00000048,ff9ff06f
5566,3,00000040,00001f17
5572,3,00000044,fc3f2023
5576,3,00000048,ff9ff06f
5584,3,00000040,00001f17
5590,3,00000044,fc3f2023
5594,3,00000048,ff9ff06f
5602,3,00000040,00001f17
5608,3,00000044,fc3f2023
5612,3,00000048,ff9ff06f
5620,3,00000040,00001f17
5626,3,00000044,fc3f2023
5630,3,00000048,ff9ff06f
5638,3,00000040,00001f17
5644,3,00000044,fc3f2023
5648,3,00000048,ff9ff06f
5656,3,00000040,00001f17
5662,3,00000044,fc3f2023
5666,3,00000048,ff9ff06f
5674,3,00000040,00001f17
5680,3,00000044,fc3f2023
5684,3,00000048,ff9ff06f
5692,3,00000040,00001f17
5698,3,00000044,fc3f2023
5702,3,00000048,ff9ff06f
5710,3,00000040,00001f17
5716,3,00000044,fc3f2023
5720,3,00000048,ff9ff06f
5728,3,00000040,00001f17
5734,3,00000044,fc3f2023
5738,3,00000048,ff9ff06f
5746,3,00000040,00001f17
5752,3,00000044,fc3f2023
5756,3,00000048,ff9ff06f
5764,3,00000040,00001f17
5770,3,00000044,fc3f2023
5774,3,00000048,ff9ff06f
5782,3,00000040,00001f17
5788,3,00000044,fc3f2023
5792,3,00000048,ff9ff06f
5800,3,00000040,00001f17
5806,3,00000044,fc3f2023
5810,3,00000048,ff9ff06f
5818,3,00000040,00001f17
5824,3,00000044,fc3f2023
5828,3,00000048,ff9ff06f
5836,3,00000040,00001f17
5842,3,00000044,fc3f2023
5846,3,00000048,ff9ff06f
5854,3,00000040,00001f17
5860,3,00000044,fc3f2023
5864,3,00000048,ff9ff06f
5872,3,00000040,00001f17
5878,3,00000044,fc3f2023
5882,3,00000048,ff9ff06f
5890,3,00000040,00001f17
5896,3,00000044,fc3f2023
5900,3,00000048,ff9ff06f
5908,3,00000040,00001f17
5914,3,00000044,fc3f2023
5918,3,00000048,ff9ff06f
5926,3,00000040,00001f17
5932,3,00000044,fc3f2023
5936,3,00000048,ff9ff06f
5944,3,00000040,00001f17
5950,3,00000044,fc3f2023
5954,3,00000048,ff9ff06f
5962,3,00000040,00001f17
5968,3,00000044,fc3f2023
5972,3,00000048,ff9ff06f
5980,3,00000040,00001f17
5986,3,00000044,fc3f2023
5990,3,00000048,ff9ff06f
5998,3,00000040,00001f17
6004,3,00000044,fc3f2023
6008,3,00000048,ff9ff06f
6016,3,00000040,00001f17
6022,3,00000044,fc3f2023
6026,3,00000048,ff9ff06f
6034,3,00000040,00001f17
6040,3,00000044,fc3f2023
6044,3,00000048,ff9ff06f
6052,3,00000040,00001f17
6058,3,00000044,fc3f2023
6062,3,00000048,ff9ff06f
6070,3,00000040,00001f17
6076,3,00000044,fc3f2023
6080,3,00000048,ff9ff06f
6088,3,00000040,00001f17
6094,3,00000044,fc3f2023
6098,3,00000048,ff9ff06f
6106,3,00000040,00001f17
6112,3,00000044,fc3f2023
6116,3,00000048,ff9ff06f
6124,3,00000040,00001f17
6130,3,00000044,fc3f2023
6134,3,00000048,ff9ff06f
6142,3,00000040,00001f17
6148,3,00000044,fc3f2023
6152,3,00000048,ff9ff06f
6160,3,00000040,00001f17
6166,3,00000044,fc3f2023
6170,3,00000048,ff9ff06f
6178,3,00000040,00001f17
6184,3,00000044,fc3f2023
6188,3,00000048,ff9ff06f
6196,3,00000040,00001f17
6202,3,00000044,fc3f2023
6206,3,00000048,ff9ff06f
6214,3,00000040,00001f17
6220,3,00000044,fc3f2023
6224,3,00000048,ff9ff06f
6232,3,00000040,00001f17
6238,3,00000044,fc3f2023
6242,3,00000048,ff9ff06f
6250,3,00000040,00001f17
6256,3,00000044,fc3f2023
6260,3,00000048,ff9ff06f
6268,3,00000040,00001f17
6274,3,00000044,fc3f2023
6278,3,00000048,ff9ff06f
6286,3,00000040,00001f17
6292,3,00000044,fc3f2023
6296,3,00000048,ff9ff06f
6304,3,00000040,00001f17
6310,3,00000044,fc3f2023
6314,3,00000048,ff9ff06f
6322,3,00000040,00001f17
6328,3,00000044,fc3f2023
6332,3,00000048,ff9ff06f
6340,3,00000040,00001f17
6346,3,00000044,fc3f2023
6350,3,00000048,ff9ff06f
6358,3,00000040,00001f17
6364,3,00000044,fc3f2023
6368,3,00000048,ff9ff06f
6376,3,00000040,00001f17
6382,3,00000044,fc3f2023
6386,3,00000048,ff9ff06f
6394,3,00000040,00001f17
6400,3,00000044,fc3f2023
6404,3,00000048,ff9ff06f
6412,3,00000040,00001f17
6418,3,00000044,fc3f2023
6422,3,00000048,ff9ff06f
6430,3,00000040,00001f17
6436,3,00000044,fc3f2023
6440,3,00000048,ff9ff06f
6448,3,00000040,00001f17
6454,3,00000044,fc3f2023
6458,3,00000048,ff9ff06f
6466,3,00000040,00001f17
6472,3,00000044,fc3f2023
6476,3,00000048,ff9ff06f
6484,3,00000040,00001f17
6490,3,00000044,fc3f2023
6494,3,00000048,ff9ff06f
6502,3,00000040,00001f17
6508,3,00000044,fc3f2023
6512,3,00000048,ff9ff06f
6520,3,00000040,00001f17
6526,3,00000044,fc3f2023
6530,3,00000048,ff9ff06f
6538,3,00000040,00001f17
6544,3,00000044,fc3f2023
6548,3,00000048,ff9ff06f
6556,3,00000040,00001f17
6562,3,00000044,fc3f2023
6566,3,00000048,ff9ff06f
6574,3,00000040,00001f17
6580,3,00000044,fc3f2023
6584,3,00000048,ff9ff06f
6592,3,00000040,00001f17
6598,3,00000044,fc3f2023
6602,3,00000048,ff9ff06f
6610,3,00000040,00001f17
6616,3,00000044,fc3f2023
6620,3,00000048,ff9ff06f
6628,3,00000040,00001f17
6634,3,00000044,fc3f2023
6638,3,00000048,ff9ff06f
6646,3,00000040,00001f17
6652,3,00000044,fc3f2023
6656,3,00000048,ff9ff06f
6664,3,00000040,00001f17
6670,3,00000044,fc3f2023
6674,3,00000048,ff9ff06f
6682,3,00000040,00001f17
6688,3,00000044,fc3f2023
6692,3,00000048,ff9ff06f
6700,3,00000040,00001f17
6706,3,00000044,fc3f2023
6710,3,00000048,ff9ff06f
6718,3,00000040,00001f17
6724,3,00000044,fc3f2023
6728,3,00000048,ff9ff06f
6736,3,00000040,00001f17
6742,3,00000044,fc3f2023
6746,3,00000048,ff9ff06f
6754,3,00000040,00001f17
6760,3,00000044,fc3f2023
6764,3,00000048,ff9ff06f
6772,3,00000040,00001f17
6778,3,00000044,fc3f2023
6782,3,00000048,ff9ff06f
6790,3,00000040,00001f17
6796,3,00000044,fc3f2023
6800,3,00000048,ff9ff06f
6808,3,00000040,00001f17
6814,3,00000044,fc3f2023
6818,3,00000048,ff9ff06f
6826,3,00000040,00001f17
6832,3,00000044,fc3f2023
6836,3,00000048,ff9ff06f
6844,3,00000040,00001f17
6850,3,00000044,fc3f2023
6854,3,00000048,ff9ff06f
6862,3,00000040,00001f17
6868,3,00000044,fc3f2023
6872,3,00000048,ff9ff06f
6880,3,00000040,00001f17
6886,3,00000044,fc3f2023
6890,3,00000048,ff9ff06f
6898,3,00000040,00001f17
6904,3,00000044,fc3f2023
6908,3,00000048,ff9ff06f
6916,3,00000040,00001f17
6922,3,00000044,fc3f2023
6926,3,00000048,ff9ff06f
6934,3,00000040,00001f17
6940,3,00000044,fc3f2023
6944,3,00000048,ff9ff06f
6952,3,00000040,00001f17
6958,3,00000044,fc3f2023
6962,3,00000048,ff9ff06f
6970,3,00000040,00001f17
6976,3,00000044,fc3f2023
6980,3,00000048,ff9ff06f
6988,3,00000040,00001f17
6994,3,00000044,fc3f2023
6998,3,00000048,ff9ff06f
7006,3,00000040,00001f17
7012,3,00000044,fc3f2023
7016,3,00000048,ff9ff06f
7024,3,00000040,00001f17
7030,3,00000044,fc3f2023
7034,3,00000048,ff9ff06f
7042,3,00000040,00001f17
7048,3,00000044,fc3f2023
7052,3,00000048,ff9ff06f
7060,3,00000040,00001f17
7066,3,00000044,fc3f2023
7070,3,00000048,ff9ff06f
7078,3,00000040,00001f17
7084,3,00000044,fc3f2023
7088,3,00000048,ff9ff06f
7096,3,00000040,00001f17
7102,3,00000044,fc3f2023
7106,3,00000048,ff9ff06f
7114,3,00000040,00001f17
7120,3,00000044,fc3f2023
7124,3,00000048,ff9ff06f
7132,3,00000040,00001f17
7138,3,00000044,fc3f2023
7142,3,00000048,ff9ff06f
7150,3,00000040,00001f17
7156,3,00000044,fc3f2023
7160,3,00000048,ff9ff06f
7168,3,00000040,00001f17
7174,3,00000044,fc3f2023
7178,3,00000048,ff9ff06f
7186,3,00000040,00001f17
7192,3,00000044,fc3f2023
7196,3,00000048,ff9ff06f
7204,3,00000040,00001f17
7210,3,00000044,fc3f2023
7214,3,00000048,ff9ff06f
7222,3,00000040,00001f17
7228,3,00000044,fc3f2023
7232,3,00000048,ff9ff06f
7240,3,00000040,00001f17
7246,3,00000044,fc3f2023
7250,3,00000048,ff9ff06f
7258,3,00000040,00001f17
7264,3,00000044,fc3f2023
7268,3,00000048,ff9ff06f
7276,3,00000040,00001f17
7282,3,00000044,fc3f2023
7286,3,00000048,ff9ff06f
7294,3,00000040,00001f17
7300,3,00000044,fc3f2023
7304,3,00000048,ff9ff06f
7312,3,00000040,00001f17
7318,3,00000044,fc3f2023
7322,3,00000048,ff9ff06f
7330,3,00000040,00001f17
7336,3,00000044,fc3f2023
7340,3,00000048,ff9ff06f
7348,3,00000040,00001f17
7354,3,00000044,fc3f2023
7358,3,00000048,ff9ff06f
7366,3,00000040,00001f17
7372,3,00000044,fc3f2023
7376,3,00000048,ff9ff06f
7384,3,00000040,00001f17
7390,3,00000044,fc3f2023
7394,3,00000048,ff9ff06f
7402,3,00000040,00001f17
7408,3,00000044,fc3f2023
7412,3,00000048,ff9ff06f
7420,3,00000040,00001f17
7426,3,00000044,fc3f2023
7430,3,00000048,ff9ff06f
7438,3,00000040,00001f17
7444,3,00000044,fc3f2023
7448,3,00000048,ff9ff06f
7456,3,00000040,00001f17
7462,3,00000044,fc3f2023
7466,3,00000048,ff9ff06f
7474,3,00000040,00001f17
7480,3,00000044,fc3f2023
7484,3,00000048,ff9ff06f
7492,3,00000040,00001f17
7498,3,00000044,fc3f2023
7502,3,00000048,ff9ff06f
7510,3,00000040,00001f17
7516,3,00000044,fc3f2023
7520,3,00000048,ff9ff06f
7528,3,00000040,00001f17
7534,3,00000044,fc3f2023
7538,3,00000048,ff9ff06f
7546,3,00000040,00001f17
7552,3,00000044,fc3f2023
7556,3,00000048,ff9ff06f
7564,3,00000040,00001f17
7570,3,00000044,fc3f2023
7574,3,00000048,ff9ff06f
7582,3,00000040,00001f17
7588,3,00000044,fc3f2023
7592,3,00000048,ff9ff06f
7600,3,00000040,00001f17
7606,3,00000044,fc3f2023
7610,3,00000048,ff9ff06f
7618,3,00000040,00001f17
7624,3,00000044,fc3f2023
7628,3,00000048,ff9ff06f
7636,3,00000040,00001f17
7642,3,00000044,fc3f2023
7646,3,00000048,ff9ff06f
7654,3,00000040,00001f17
7660,3,00000044,fc3f2023
7664,3,00000048,ff9ff06f
7672,3,00000040,00001f17
7678,3,00000044,fc3f2023
7682,3,00000048,ff9ff06f
7690,3,00000040,00001f17
7696,3,00000044,fc3f2023
7700,3,00000048,ff9ff06f
7708,3,00000040,00001f17
7714,3,00000044,fc3f2023
7718,3,00000048,ff9ff06f
7726,3,00000040,00001f17
7732,3,00000044,fc3f2023
7736,3,00000048,ff9ff06f
7744,3,00000040,00001f17
7750,3,00000044,fc3f2023
7754,3,00000048,ff9ff06f
7762,3,00000040,00001f17
7768,3,00000044,fc3f2023
7772,3,00000048,ff9ff06f
7780,3,00000040,00001f17
7786,3,00000044,fc3f2023
7790,3,00000048,ff9ff06f
7798,3,00000040,00001f17
7804,3,00000044,fc3f2023
7808,3,00000048,ff9ff06f
7816,3,00000040,00001f17
7822,3,00000044,fc3f2023
7826,3,00000048,ff9ff06f
7834,3,00000040,00001f17
7840,3,00000044,fc3f2023
7844,3,00000048,ff9ff06f
7852,3,00000040,00001f17
7858,3,00000044,fc3f2023
7862,3,00000048,ff9ff06f
7870,3,00000040,00001f17
7876,3,00000044,fc3f2023
7880,3,00000048,ff9ff06f
7888,3,00000040,00001f17
7894,3,00000044,fc3f2023
7898,3,00000048,ff9ff06f
7906,3,00000040,00001f17
7912,3,00000044,fc3f2023
7916,3,00000048,ff9ff06f
7924,3,00000040,00001f17
7930,3,00000044,fc3f2023
7934,3,00000048,ff9ff06f
7942,3,00000040,00001f17
7948,3,00000044,fc3f2023
7952,3,00000048,ff9ff06f
7960,3,00000040,00001f17
7966,3,00000044,fc3f2023
7970,3,00000048,ff9ff06f
7978,3,00000040,00001f17
7984,3,00000044,fc3f2023
7988,3,00000048,ff9ff06f
7996,3,00000040,00001f17
8002,3,00000044,fc3f2023
8006,3,00000048,ff9ff06f
8014,3,00000040,00001f17
8020,3,00000044,fc3f2023
8024,3,00000048,ff9ff06f
8032,3,00000040,00001f17
8038,3,00000044,fc3f2023
8042,3,00000048,ff9ff06f
8050,3,00000040,00001f17
8056,3,00000044,fc3f2023
8060,3,00000048,ff9ff06f
8068,3,00000040,00001f17
8074,3,00000044,fc3f2023
8078,3,00000048,ff9ff06f
8086,3,00000040,00001f17
8092,3,00000044,fc3f2023
8096,3,00000048,ff9ff06f
8104,3,00000040,00001f17
8110,3,00000044,fc3f2023
8114,3,00000048,ff9ff06f
8122,3,00000040,00001f17
8128,3,00000044,fc3f2023
8132,3,00000048,ff9ff06f
8140,3,00000040,00001f17
8146,3,00000044,fc3f2023
8150,3,00000048,ff9ff06f
8158,3,00000040,00001f17
8164,3,00000044,fc3f2023
8168,3,00000048,ff9ff06f
8176,3,00000040,00001f17
8182,3,00000044,fc3f2023
8186,3,00000048,ff9ff06f
8194,3,00000040,00001f17
8200,3,00000044,fc3f2023
8204,3,00000048,ff9ff06f
8212,3,00000040,00001f17
8218,3,00000044,fc3f2023
8222,3,00000048,ff9ff06f
8230,3,00000040,00001f17
8236,3,00000044,fc3f2023
8240,3,00000048,ff9ff06f
8248,3,00000040,00001f17
8254,3,00000044,fc3f2023
8258,3,00000048,ff9ff06f
8266,3,00000040,00001f17
8272,3,00000044,fc3f2023
8276,3,00000048,ff9ff06f
8284,3,00000040,00001f17
8290,3,00000044,fc3f2023
8294,3,00000048,ff9ff06f
8302,3,00000040,00001f17
8308,3,00000044,fc3f2023
8312,3,00000048,ff9ff06f
8320,3,00000040,00001f17
8326,3,00000044,fc3f2023
8330,3,00000048,ff9ff06f
8338,3,00000040,00001f17
8344,3,00000044,fc3f2023
8348,3,00000048,ff9ff06f
8356,3,00000040,00001f17
8362,3,00000044,fc3f2023
8366,3,00000048,ff9ff06f
8374,3,00000040,00001f17
8380,3,00000044,fc3f2023
8384,3,00000048,ff9ff06f
8392,3,00000040,00001f17
8398,3,00000044,fc3f2023
8402,3,00000048,ff9ff06f
8410,3,00000040,00001f17
8416,3,00000044,fc3f2023
8420,3,00000048,ff9ff06f
8428,3,00000040,00001f17
8434,3,00000044,fc3f2023
8438,3,00000048,ff9ff06f
8446,3,00000040,00001f17
8452,3,00000044,fc3f2023
8456,3,00000048,ff9ff06f
8464,3,00000040,00001f17
8470,3,00000044,fc3f2023
8474,3,00000048,ff9ff06f
8482,3,00000040,00001f17
8488,3,00000044,fc3f2023
8492,3,00000048,ff9ff06f
8500,3,00000040,00001f17
8506,3,00000044,fc3f2023
8510,3,00000048,ff9ff06f
8518,3,00000040,00001f17
8524,3,00000044,fc3f2023
8528,3,00000048,ff9ff06f
8536,3,00000040,00001f17
8542,3,00000044,fc3f2023
8546,3,00000048,ff9ff06f
8554,3,00000040,00001f17
8560,3,00000044,fc3f2023
8564,3,00000048,ff9ff06f
8572,3,00000040,00001f17
8578,3,00000044,fc3f2023
8582,3,00000048,ff9ff06f
8590,3,00000040,00001f17
8596,3,00000044,fc3f2023
8600,3,00000048,ff9ff06f
8608,3,00000040,00001f17
8614,3,00000044,fc3f2023
8618,3,00000048,ff9ff06f
8626,3,00000040,00001f17
8632,3,00000044,fc3f2023
8636,3,00000048,ff9ff06f
8644,3,00000040,00001f17
8650,3,00000044,fc3f2023
8654,3,00000048,ff9ff06f
8662,3,00000040,00001f17
8668,3,00000044,fc3f2023
8672,3,00000048,ff9ff06f
8680,3,00000040,00001f17
8686,3,00000044,fc3f2023
8690,3,00000048,ff9ff06f
8698,3,00000040,00001f17
8704,3,00000044,fc3f2023
8708,3,00000048,ff9ff06f
8716,3,00000040,00001f17
8722,3,00000044,fc3f2023
8726,3,00000048,ff9ff06f
8734,3,00000040,00001f17
8740,3,00000044,fc3f2023
8744,3,00000048,ff9ff06f
8752,3,00000040,00001f17
8758,3,00000044,fc3f2023
8762,3,00000048,ff9ff06f
8770,3,00000040,00001f17
8776,3,00000044,fc3f2023
8780,3,00000048,ff9ff06f
8788,3,00000040,00001f17
8794,3,00000044,fc3f2023
8798,3,00000048,ff9ff06f
8806,3,00000040,00001f17
8812,3,00000044,fc3f2023
8816,3,00000048,ff9ff06f
8824,3,00000040,00001f17
8830,3,00000044,fc3f2023
8834,3,00000048,ff9ff06f
8842,3,00000040,00001f17
8848,3,00000044,fc3f2023
8852,3,00000048,ff9ff06f
8860,3,00000040,00001f17
8866,3,00000044,fc3f2023
8870,3,00000048,ff9ff06f
8878,3,00000040,00001f17
8884,3,00000044,fc3f2023
8888,3,00000048,ff9ff06f
8896,3,00000040,00001f17
8902,3,00000044,fc3f2023
8906,3,00000048,ff9ff06f
8914,3,00000040,00001f17
8920,3,00000044,fc3f2023
8924,3,00000048,ff9ff06f
8932,3,00000040,00001f17
8938,3,00000044,fc3f2023
8942,3,00000048,ff9ff06f
8950,3,00000040,00001f17
8956,3,00000044,fc3f2023
8960,3,00000048,ff9ff06f
8968,3,00000040,00001f17
8974,3,00000044,fc3f2023
8978,3,00000048,ff9ff06f
8986,3,00000040,00001f17
8992,3,00000044,fc3f2023
8996,3,00000048,ff9ff06f
9004,3,00000040,00001f17
9010,3,00000044,fc3f2023
9014,3,00000048,ff9ff06f
9022,3,00000040,00001f17
9028,3,00000044,fc3f2023
9032,3,00000048,ff9ff06f
9040,3,00000040,00001f17
9046,3,00000044,fc3f2023
9050,3,00000048,ff9ff06f
9058,3,00000040,00001f17
9064,3,00000044,fc3f2023
9068,3,00000048,ff9ff06f
9076,3,00000040,00001f17
9082,3,00000044,fc3f2023
9086,3,00000048,ff9ff06f
9094,3,00000040,00001f17
9100,3,00000044,fc3f2023
9104,3,00000048,ff9ff06f
9112,3,00000040,00001f17
9118,3,00000044,fc3f2023
9122,3,00000048,ff9ff06f
9130,3,00000040,00001f17
9136,3,00000044,fc3f2023
9140,3,00000048,ff9ff06f
9148,3,00000040,00001f17
9154,3,00000044,fc3f2023
9158,3,00000048,ff9ff06f
9166,3,00000040,00001f17
9172,3,00000044,fc3f2023
9176,3,00000048,ff9ff06f
9184,3,00000040,00001f17
9190,3,00000044,fc3f2023
9194,3,00000048,ff9ff06f
9202,3,00000040,00001f17
9208,3,00000044,fc3f2023
9212,3,00000048,ff9ff06f
9220,3,00000040,00001f17
9226,3,00000044,fc3f2023
9230,3,00000048,ff9ff06f
9238,3,00000040,00001f17
9244,3,00000044,fc3f2023
9248,3,00000048,ff9ff06f
9256,3,00000040,00001f17
9262,3,00000044,fc3f2023
9266,3,00000048,ff9ff06f
9274,3,00000040,00001f17
9280,3,00000044,fc3f2023
9284,3,00000048,ff9ff06f
9292,3,00000040,00001f17
9298,3,00000044,fc3f2023
9302,3,00000048,ff9ff06f
9310,3,00000040,00001f17
9316,3,00000044,fc3f2023
9320,3,00000048,ff9ff06f
9328,3,00000040,00001f17
9334,3,00000044,fc3f2023
9338,3,00000048,ff9ff06f
9346,3,00000040,00001f17
9352,3,00000044,fc3f2023
9356,3,00000048,ff9ff06f
9364,3,00000040,00001f17
9370,3,00000044,fc3f2023
9374,3,00000048,ff9ff06f
9382,3,00000040,00001f17
9388,3,00000044,fc3f2023
9392,3,00000048,ff9ff06f
9400,3,00000040,00001f17
9406,3,00000044,fc3f2023
9410,3,00000048,ff9ff06f
9418,3,00000040,00001f17
9424,3,00000044,fc3f2023
9428,3,00000048,ff9ff06f
9436,3,00000040,00001f17
9442,3,00000044,fc3f2023
9446,3,00000048,ff9ff06f
9454,3,00000040,00001f17
9460,3,00000044,fc3f2023
9464,3,00000048,ff9ff06f
9472,3,00000040,00001f17
9478,3,00000044,fc3f2023
9482,3,00000048,ff9ff06f
9490,3,00000040,00001f17
9496,3,00000044,fc3f2023
9500,3,00000048,ff9ff06f
9508,3,00000040,00001f17
9514,3,00000044,fc3f2023
9518,3,00000048,ff9ff06f
9526,3,00000040,00001f17
9532,3,00000044,fc3f2023
9536,3,00000048,ff9ff06f
9544,3,00000040,00001f17
9550,3,00000044,fc3f2023
9554,3,00000048,ff9ff06f
9562,3,00000040,00001f17
9568,3,00000044,fc3f2023
9572,3,00000048,ff9ff06f
9580,3,00000040,00001f17
9586,3,00000044,fc3f2023
9590,3,00000048,ff9ff06f
9598,3,00000040,00001f17
9604,3,00000044,fc3f2023
9608,3,00000048,ff9ff06f
9616,3,00000040,00001f17
9622,3,00000044,fc3f2023
9626,3,00000048,ff9ff06f
9634,3,00000040,00001f17
9640,3,00000044,fc3f2023
9644,3,00000048,ff9ff06f
9652,3,00000040,00001f17
9658,3,00000044,fc3f2023
9662,3,00000048,ff9ff06f
9670,3,00000040,00001f17
9676,3,00000044,fc3f2023
9680,3,00000048,ff9ff06f
9688,3,00000040,00001f17
9694,3,00000044,fc3f2023
9698,3,00000048,ff9ff06f
9706,3,00000040,00001f17
9712,3,00000044,fc3f2023
9716,3,00000048,ff9ff06f
9724,3,00000040,00001f17
9730,3,00000044,fc3f2023
9734,3,00000048,ff9ff06f
9742,3,00000040,00001f17
9748,3,00000044,fc3f2023
9752,3,00000048,ff9ff06f
9760,3,00000040,00001f17
9766,3,00000044,fc3f2023
9770,3,00000048,ff9ff06f
9778,3,00000040,00001f17
9784,3,00000044,fc3f2023
9788,3,00000048,ff9ff06f
9796,3,00000040,00001f17
9802,3,00000044,fc3f2023
9806,3,00000048,ff9ff06f
9814,3,00000040,00001f17
9820,3,00000044,fc3f2023
9824,3,00000048,ff9ff06f
9832,3,00000040,00001f17
9838,3,00000044,fc3f2023
9842,3,00000048,ff9ff06f
9850,3,00000040,00001f17
9856,3,00000044,fc3f2023
9860,3,00000048,ff9ff06f
9868,3,00000040,00001f17
9874,3,00000044,fc3f2023
9878,3,00000048,ff9ff06f
9886,3,00000040,00001f17
9892,3,00000044,fc3f2023
9896,3,00000048,ff9ff06f
9904,3,00000040,00001f17
9910,3,00000044,fc3f2023
9914,3,00000048,ff9ff06f
9922,3,00000040,00001f17
9928,3,00000044,fc3f2023
9932,3,00000048,ff9ff06f
9940,3,00000040,00001f17
9946,3,00000044,fc3f2023
9950,3,00000048,ff9ff06f
9958,3,00000040,00001f17
9964,3,00000044,fc3f2023
9968,3,00000048,ff9ff06f
9976,3,00000040,00001f17
9982,3,00000044,fc3f2023
9986,3,00000048,ff9ff06f
9994,3,00000040,00001f17
