418,3,00000000,00000000
534,3,00000000,04c0006f
538,3,0000004c,f1402573
540,3,00000050,00051063
542,3,00000054,00000297
544,3,00000058,01028293
546,3,0000005c,30529073
548,3,00000060,18005073
550,3,00000064,00000297
552,3,00000068,01c28293
554,3,0000006c,30529073
556,3,00000070,fff00293
558,3,00000074,3b029073
560,3,00000078,01f00293
562,3,0000007c,3a029073
564,3,00000080,00000297
566,3,00000084,01828293
568,3,00000088,30529073
570,3,0000008c,30205073
572,3,00000090,30305073
574,3,00000094,30405073
576,3,00000098,00000193
578,3,0000009c,00000297
580,3,000000a0,f6828293
582,3,000000a4,30529073
584,3,000000a8,00100513
586,3,000000ac,01f51513
588,3,000000b0,00054863
596,3,000000c0,00000297
598,3,000000c4,f4028293
600,3,000000c8,00028e63
608,3,000000e4,30005073
610,3,000000e8,00000297
612,3,000000ec,01428293
614,3,000000f0,34129073
616,3,000000f4,f1402573
618,3,000000f8,30200073
626,3,000000fc,00000093
628,3,00000100,00000113
634,3,00000104,0220bf33
636,3,00000108,00000e93
638,3,0000010c,00200193
640,3,00000110,4bdf1a63
642,3,00000114,00100093
644,3,00000118,00100113
650,3,0000011c,0220bf33
652,3,00000120,00000e93
654,3,00000124,00300193
656,3,00000128,49df1e63
658,3,0000012c,00300093
660,3,00000130,00700113
666,3,00000134,0220bf33
668,3,00000138,00000e93
670,3,0000013c,00400193
672,3,00000140,49df1263
674,3,00000144,00000093
676,3,00000148,ffff8137
682,3,0000014c,0220bf33
684,3,00000150,00000e93
686,3,00000154,00500193
688,3,00000158,47df1663
690,3,0000015c,800000b7
692,3,00000160,00000113
712,3,00000164,0220bf33
714,3,00000168,00000e93
716,3,0000016c,00600193
718,3,00000170,45df1a63
720,3,00000174,800000b7
722,3,00000178,ffff8137
742,3,0000017c,0220bf33
744,3,00000180,7fffceb7
746,3,00000184,00700193
748,3,00000188,43df1e63
750,3,0000018c,aaaab0b7
752,3,00000190,aab08093
754,3,00000194,00030137
756,3,00000198,e7d10113
776,3,0000019c,0220bf33
778,3,000001a0,00020eb7
780,3,000001a4,efee8e93
782,3,000001a8,01e00193
784,3,000001ac,41df1c63
786,3,000001b0,000300b7
788,3,000001b4,e7d08093
790,3,000001b8,aaaab137
792,3,000001bc,aab10113
806,3,000001c0,0220bf33
808,3,000001c4,00020eb7
810,3,000001c8,efee8e93
812,3,000001cc,01f00193
814,3,000001d0,3fdf1a63
816,3,000001d4,ff0000b7
818,3,000001d8,ff000137
838,3,000001dc,0220bf33
840,3,000001e0,fe010eb7
842,3,000001e4,02000193
844,3,000001e8,3ddf1e63
846,3,000001ec,fff00093
848,3,000001f0,fff00113
868,3,000001f4,0220bf33
870,3,000001f8,ffe00e93
872,3,000001fc,02100193
874,3,00000200,3ddf1263
876,3,00000204,fff00093
878,3,00000208,00100113
898,3,0000020c,0220bf33
900,3,00000210,00000e93
902,3,00000214,02200193
904,3,00000218,3bdf1663
906,3,0000021c,00100093
908,3,00000220,fff00113
914,3,00000224,0220bf33
916,3,00000228,00000e93
918,3,0000022c,02300193
920,3,00000230,39df1a63
922,3,00000234,00d000b7
924,3,00000238,00b00137
940,3,0000023c,0220b0b3
942,3,00000240,00009eb7
944,3,00000244,f00e8e93
946,3,00000248,00800193
948,3,0000024c,37d09c63
950,3,00000250,00e000b7
952,3,00000254,00b00137
968,3,00000258,0220b133
970,3,0000025c,0000aeb7
972,3,00000260,a00e8e93
974,3,00000264,00900193
976,3,00000268,35d11e63
978,3,0000026c,00d000b7
994,3,00000270,0210b0b3
996,3,00000274,0000beb7
998,3,00000278,900e8e93
1000,3,0000027c,00a00193
1002,3,00000280,35d09263
1004,3,00000284,00000213
1006,3,00000288,00d000b7
1008,3,0000028c,00b00137
1024,3,00000290,0220bf33
1026,3,00000294,000f0313
1028,3,00000298,00120213
1030,3,0000029c,00200293
1032,3,000002a0,fe5214e3
1036,3,00000288,00d000b7
1038,3,0000028c,00b00137
1054,3,00000290,0220bf33
1056,3,00000294,000f0313
1058,3,00000298,00120213
1060,3,0000029c,00200293
1062,3,000002a0,fe5214e3
1070,3,000002a4,00009eb7
1072,3,000002a8,f00e8e93
1074,3,000002ac,00b00193
1076,3,000002b0,31d31a63
1078,3,000002b4,00000213
1080,3,000002b8,00e000b7
1082,3,000002bc,00b00137
1098,3,000002c0,0220bf33
1100,3,000002c4,00000013
1102,3,000002c8,000f0313
1104,3,000002cc,00120213
1106,3,000002d0,00200293
1108,3,000002d4,fe5212e3
1112,3,000002b8,00e000b7
1114,3,000002bc,00b00137
1130,3,000002c0,0220bf33
1132,3,000002c4,00000013
1134,3,000002c8,000f0313
1136,3,000002cc,00120213
1138,3,000002d0,00200293
1140,3,000002d4,fe5212e3
1148,3,000002d8,0000aeb7
1150,3,000002dc,a00e8e93
1152,3,000002e0,00c00193
1154,3,000002e4,2fd31063
1156,3,000002e8,00000213
1158,3,000002ec,00f000b7
1160,3,000002f0,00b00137
1176,3,000002f4,0220bf33
1178,3,000002f8,00000013
1180,3,000002fc,00000013
1182,3,00000300,000f0313
1184,3,00000304,00120213
1186,3,00000308,00200293
1188,3,0000030c,fe5210e3
1192,3,000002ec,00f000b7
1194,3,000002f0,00b00137
1210,3,000002f4,0220bf33
1212,3,000002f8,00000013
1214,3,000002fc,00000013
1216,3,00000300,000f0313
1218,3,00000304,00120213
1220,3,00000308,00200293
1222,3,0000030c,fe5210e3
1230,3,00000310,0000aeb7
1232,3,00000314,500e8e93
1234,3,00000318,00d00193
1236,3,0000031c,2bd31463
1238,3,00000320,00000213
1240,3,00000324,00d000b7
1242,3,00000328,00b00137
1258,3,0000032c,0220bf33
1260,3,00000330,00120213
1262,3,00000334,00200293
1264,3,00000338,fe5216e3
1268,3,00000324,00d000b7
1270,3,00000328,00b00137
1286,3,0000032c,0220bf33
1288,3,00000330,00120213
1290,3,00000334,00200293
1292,3,00000338,fe5216e3
1300,3,0000033c,00009eb7
1302,3,00000340,f00e8e93
1304,3,00000344,00e00193
1306,3,00000348,27df1e63
1308,3,0000034c,00000213
1310,3,00000350,00e000b7
1312,3,00000354,00b00137
1314,3,00000358,00000013
1330,3,0000035c,0220bf33
1332,3,00000360,00120213
1334,3,00000364,00200293
1336,3,00000368,fe5214e3
1340,3,00000350,00e000b7
1342,3,00000354,00b00137
1344,3,00000358,00000013
1360,3,0000035c,0220bf33
1362,3,00000360,00120213
1364,3,00000364,00200293
1366,3,00000368,fe5214e3
1374,3,0000036c,0000aeb7
1376,3,00000370,a00e8e93
1378,3,00000374,00f00193
1380,3,00000378,25df1663
1382,3,0000037c,00000213
1384,3,00000380,00f000b7
1386,3,00000384,00b00137
1388,3,00000388,00000013
1390,3,0000038c,00000013
1406,3,00000390,0220bf33
1408,3,00000394,00120213
1410,3,00000398,00200293
1412,3,0000039c,fe5212e3
1416,3,00000380,00f000b7
1418,3,00000384,00b00137
1420,3,00000388,00000013
1422,3,0000038c,00000013
1438,3,00000390,0220bf33
1440,3,00000394,00120213
1442,3,00000398,00200293
1444,3,0000039c,fe5212e3
1452,3,000003a0,0000aeb7
1454,3,000003a4,500e8e93
1456,3,000003a8,01000193
1458,3,000003ac,21df1c63
1460,3,000003b0,00000213
1462,3,000003b4,00d000b7
1464,3,000003b8,00000013
1466,3,000003bc,00b00137
1482,3,000003c0,0220bf33
1484,3,000003c4,00120213
1486,3,000003c8,00200293
1488,3,000003cc,fe5214e3
1492,3,000003b4,00d000b7
1494,3,000003b8,00000013
1496,3,000003bc,00b00137
1512,3,000003c0,0220bf33
1514,3,000003c4,00120213
1516,3,000003c8,00200293
1518,3,000003cc,fe5214e3
1526,3,000003d0,00009eb7
1528,3,000003d4,f00e8e93
1530,3,000003d8,01100193
1532,3,000003dc,1fdf1463
1534,3,000003e0,00000213
1536,3,000003e4,00e000b7
1538,3,000003e8,00000013
1540,3,000003ec,00b00137
1542,3,000003f0,00000013
1558,3,000003f4,0220bf33
1560,3,000003f8,00120213
1562,3,000003fc,00200293
1564,3,00000400,fe5212e3
1568,3,000003e4,00e000b7
1570,3,000003e8,00000013
1572,3,000003ec,00b00137
1574,3,000003f0,00000013
1590,3,000003f4,0220bf33
1592,3,000003f8,00120213
1594,3,000003fc,00200293
1596,3,00000400,fe5212e3
1604,3,00000404,0000aeb7
1606,3,00000408,a00e8e93
1608,3,0000040c,01200193
1610,3,00000410,1bdf1a63
1612,3,00000414,00000213
1614,3,00000418,00f000b7
1616,3,0000041c,00000013
1618,3,00000420,00000013
1620,3,00000424,00b00137
1636,3,00000428,0220bf33
1638,3,0000042c,00120213
1640,3,00000430,00200293
1642,3,00000434,fe5212e3
1646,3,00000418,00f000b7
1648,3,0000041c,00000013
1650,3,00000420,00000013
1652,3,00000424,00b00137
1668,3,00000428,0220bf33
1670,3,0000042c,00120213
1672,3,00000430,00200293
1674,3,00000434,fe5212e3
1682,3,00000438,0000aeb7
1684,3,0000043c,500e8e93
1686,3,00000440,01300193
1688,3,00000444,19df1063
1690,3,00000448,00000213
1692,3,0000044c,00b00137
1694,3,00000450,00d000b7
1710,3,00000454,0220bf33
1712,3,00000458,00120213
1714,3,0000045c,00200293
1716,3,00000460,fe5216e3
1720,3,0000044c,00b00137
1722,3,00000450,00d000b7
1738,3,00000454,0220bf33
1740,3,00000458,00120213
1742,3,0000045c,00200293
1744,3,00000460,fe5216e3
1752,3,00000464,00009eb7
1754,3,00000468,f00e8e93
1756,3,0000046c,01400193
1758,3,00000470,15df1a63
1760,3,00000474,00000213
1762,3,00000478,00b00137
1764,3,0000047c,00e000b7
1766,3,00000480,00000013
1782,3,00000484,0220bf33
1784,3,00000488,00120213
1786,3,0000048c,00200293
1788,3,00000490,fe5214e3
1792,3,00000478,00b00137
1794,3,0000047c,00e000b7
1796,3,00000480,00000013
1812,3,00000484,0220bf33
1814,3,00000488,00120213
1816,3,0000048c,00200293
1818,3,00000490,fe5214e3
1826,3,00000494,0000aeb7
1828,3,00000498,a00e8e93
1830,3,0000049c,01500193
1832,3,000004a0,13df1263
1834,3,000004a4,00000213
1836,3,000004a8,00b00137
1838,3,000004ac,00f000b7
1840,3,000004b0,00000013
1842,3,000004b4,00000013
1858,3,000004b8,0220bf33
1860,3,000004bc,00120213
1862,3,000004c0,00200293
1864,3,000004c4,fe5212e3
1868,3,000004a8,00b00137
1870,3,000004ac,00f000b7
1872,3,000004b0,00000013
1874,3,000004b4,00000013
1890,3,000004b8,0220bf33
1892,3,000004bc,00120213
1894,3,000004c0,00200293
1896,3,000004c4,fe5212e3
1904,3,000004c8,0000aeb7
1906,3,000004cc,500e8e93
1908,3,000004d0,01600193
1910,3,000004d4,0fdf1863
1912,3,000004d8,00000213
1914,3,000004dc,00b00137
1916,3,000004e0,00000013
1918,3,000004e4,00d000b7
1934,3,000004e8,0220bf33
1936,3,000004ec,00120213
1938,3,000004f0,00200293
1940,3,000004f4,fe5214e3
1944,3,000004dc,00b00137
1946,3,000004e0,00000013
1948,3,000004e4,00d000b7
1964,3,000004e8,0220bf33
1966,3,000004ec,00120213
1968,3,000004f0,00200293
1970,3,000004f4,fe5214e3
1978,3,000004f8,00009eb7
1980,3,000004fc,f00e8e93
1982,3,00000500,01700193
1984,3,00000504,0ddf1063
1986,3,00000508,00000213
1988,3,0000050c,00b00137
1990,3,00000510,00000013
1992,3,00000514,00e000b7
1994,3,00000518,00000013
2010,3,0000051c,0220bf33
2012,3,00000520,00120213
2014,3,00000524,00200293
2016,3,00000528,fe5212e3
2020,3,0000050c,00b00137
2022,3,00000510,00000013
2024,3,00000514,00e000b7
2026,3,00000518,00000013
2042,3,0000051c,0220bf33
2044,3,00000520,00120213
2046,3,00000524,00200293
2048,3,00000528,fe5212e3
2056,3,0000052c,0000aeb7
2058,3,00000530,a00e8e93
2060,3,00000534,01800193
2062,3,00000538,09df1663
2064,3,0000053c,00000213
2066,3,00000540,00b00137
2068,3,00000544,00000013
2070,3,00000548,00000013
2072,3,0000054c,00f000b7
2088,3,00000550,0220bf33
2090,3,00000554,00120213
2092,3,00000558,00200293
2094,3,0000055c,fe5212e3
2098,3,00000540,00b00137
2100,3,00000544,00000013
2102,3,00000548,00000013
2104,3,0000054c,00f000b7
2120,3,00000550,0220bf33
2122,3,00000554,00120213
2124,3,00000558,00200293
2126,3,0000055c,fe5212e3
2134,3,00000560,0000aeb7
2136,3,00000564,500e8e93
2138,3,00000568,01900193
2140,3,0000056c,05df1c63
2142,3,00000570,7c0000b7
2148,3,00000574,02103133
2150,3,00000578,00000e93
2152,3,0000057c,01a00193
2154,3,00000580,05d11263
2156,3,00000584,800000b7
2176,3,00000588,0200b133
2178,3,0000058c,00000e93
2180,3,00000590,01b00193
2182,3,00000594,03d11863
2188,3,00000598,020030b3
2190,3,0000059c,00000e93
2192,3,000005a0,01c00193
2194,3,000005a4,03d09063
2196,3,000005a8,021000b7
2198,3,000005ac,02200137
2216,3,000005b0,0220b033
2218,3,000005b4,00000e93
2220,3,000005b8,01d00193
2222,3,000005bc,01d01463
2224,3,000005c0,00301c63
2232,3,000005d8,0ff0000f
2234,3,000005dc,00100193
2236,3,000005e0,00000073
2244,3,00000004,34202f73
2246,3,00000008,00800f93
2248,3,0000000c,03ff0a63
2250,3,00000010,00900f93
2252,3,00000014,03ff0663
2254,3,00000018,00b00f93
2256,3,0000001c,03ff0263
2264,3,00000040,00001f17
2266,3,00000044,fc3f2023
2268,3,00000048,ff9ff06f
2274,3,00000040,00001f17
2276,3,00000044,fc3f2023
2278,3,00000048,ff9ff06f
2284,3,00000040,00001f17
2286,3,00000044,fc3f2023
2288,3,00000048,ff9ff06f
2294,3,00000040,00001f17
2296,3,00000044,fc3f2023
2298,3,00000048,ff9ff06f
2304,3,00000040,00001f17
2306,3,00000044,fc3f2023
2308,3,00000048,ff9ff06f
2314,3,00000040,00001f17
2316,3,00000044,fc3f2023
2318,3,00000048,ff9ff06f
2324,3,00000040,00001f17
2326,3,00000044,fc3f2023
2328,3,00000048,ff9ff06f
2334,3,00000040,00001f17
2336,3,00000044,fc3f2023
2338,3,00000048,ff9ff06f
2344,3,00000040,00001f17
2346,3,00000044,fc3f2023
2348,3,00000048,ff9ff06f
2354,3,00000040,00001f17
2356,3,00000044,fc3f2023
2358,3,00000048,ff9ff06f
2364,3,00000040,00001f17
2366,3,00000044,fc3f2023
2368,3,00000048,ff9ff06f
2374,3,00000040,00001f17
2376,3,00000044,fc3f2023
2378,3,00000048,ff9ff06f
2384,3,00000040,00001f17
2386,3,00000044,fc3f2023
2388,3,00000048,ff9ff06f
2394,3,00000040,00001f17
2396,3,00000044,fc3f2023
2398,3,00000048,ff9ff06f
2404,3,00000040,00001f17
2406,3,00000044,fc3f2023
2408,3,00000048,ff9ff06f
2414,3,00000040,00001f17
2416,3,00000044,fc3f2023
2418,3,00000048,ff9ff06f
2424,3,00000040,00001f17
2426,3,00000044,fc3f2023
2428,3,00000048,ff9ff06f
2434,3,00000040,00001f17
2436,3,00000044,fc3f2023
2438,3,00000048,ff9ff06f
2444,3,00000040,00001f17
2446,3,00000044,fc3f2023
2448,3,00000048,ff9ff06f
2454,3,00000040,00001f17
2456,3,00000044,fc3f2023
2458,3,00000048,ff9ff06f
2464,3,00000040,00001f17
2466,3,00000044,fc3f2023
2468,3,00000048,ff9ff06f
2474,3,00000040,00001f17
2476,3,00000044,fc3f2023
2478,3,00000048,ff9ff06f
2484,3,00000040,00001f17
2486,3,00000044,fc3f2023
2488,3,00000048,ff9ff06f
2494,3,00000040,00001f17
2496,3,00000044,fc3f2023
2498,3,00000048,ff9ff06f
2504,3,00000040,00001f17
2506,3,00000044,fc3f2023
2508,3,00000048,ff9ff06f
2514,3,00000040,00001f17
2516,3,00000044,fc3f2023
2518,3,00000048,ff9ff06f
2524,3,00000040,00001f17
2526,3,00000044,fc3f2023
2528,3,00000048,ff9ff06f
2534,3,00000040,00001f17
2536,3,00000044,fc3f2023
2538,3,00000048,ff9ff06f
2544,3,00000040,00001f17
2546,3,00000044,fc3f2023
2548,3,00000048,ff9ff06f
2554,3,00000040,00001f17
2556,3,00000044,fc3f2023
2558,3,00000048,ff9ff06f
2564,3,00000040,00001f17
2566,3,00000044,fc3f2023
2568,3,00000048,ff9ff06f
2574,3,00000040,00001f17
2576,3,00000044,fc3f2023
2578,3,00000048,ff9ff06f
2584,3,00000040,00001f17
2586,3,00000044,fc3f2023
2588,3,00000048,ff9ff06f
2594,3,00000040,00001f17
2596,3,00000044,fc3f2023
2598,3,00000048,ff9ff06f
2604,3,00000040,00001f17
2606,3,00000044,fc3f2023
2608,3,00000048,ff9ff06f
2614,3,00000040,00001f17
2616,3,00000044,fc3f2023
2618,3,00000048,ff9ff06f
2624,3,00000040,00001f17
2626,3,00000044,fc3f2023
2628,3,00000048,ff9ff06f
2634,3,00000040,00001f17
2636,3,00000044,fc3f2023
2638,3,00000048,ff9ff06f
2644,3,00000040,00001f17
2646,3,00000044,fc3f2023
2648,3,00000048,ff9ff06f
2654,3,00000040,00001f17
2656,3,00000044,fc3f2023
2658,3,00000048,ff9ff06f
2664,3,00000040,00001f17
2666,3,00000044,fc3f2023
2668,3,00000048,ff9ff06f
2674,3,00000040,00001f17
2676,3,00000044,fc3f2023
2678,3,00000048,ff9ff06f
2684,3,00000040,00001f17
2686,3,00000044,fc3f2023
2688,3,00000048,ff9ff06f
2694,3,00000040,00001f17
2696,3,00000044,fc3f2023
2698,3,00000048,ff9ff06f
2704,3,00000040,00001f17
2706,3,00000044,fc3f2023
2708,3,00000048,ff9ff06f
2714,3,00000040,00001f17
2716,3,00000044,fc3f2023
2718,3,00000048,ff9ff06f
2724,3,00000040,00001f17
2726,3,00000044,fc3f2023
2728,3,00000048,ff9ff06f
2734,3,00000040,00001f17
2736,3,00000044,fc3f2023
2738,3,00000048,ff9ff06f
2744,3,00000040,00001f17
2746,3,00000044,fc3f2023
2748,3,00000048,ff9ff06f
2754,3,00000040,00001f17
2756,3,00000044,fc3f2023
2758,3,00000048,ff9ff06f
2764,3,00000040,00001f17
2766,3,00000044,fc3f2023
2768,3,00000048,ff9ff06f
2774,3,00000040,00001f17
2776,3,00000044,fc3f2023
2778,3,00000048,ff9ff06f
2784,3,00000040,00001f17
2786,3,00000044,fc3f2023
2788,3,00000048,ff9ff06f
2794,3,00000040,00001f17
2796,3,00000044,fc3f2023
2798,3,00000048,ff9ff06f
2804,3,00000040,00001f17
2806,3,00000044,fc3f2023
2808,3,00000048,ff9ff06f
2814,3,00000040,00001f17
2816,3,00000044,fc3f2023
2818,3,00000048,ff9ff06f
2824,3,00000040,00001f17
2826,3,00000044,fc3f2023
2828,3,00000048,ff9ff06f
2834,3,00000040,00001f17
2836,3,00000044,fc3f2023
2838,3,00000048,ff9ff06f
2844,3,00000040,00001f17
2846,3,00000044,fc3f2023
2848,3,00000048,ff9ff06f
2854,3,00000040,00001f17
2856,3,00000044,fc3f2023
2858,3,00000048,ff9ff06f
2864,3,00000040,00001f17
2866,3,00000044,fc3f2023
2868,3,00000048,ff9ff06f
2874,3,00000040,00001f17
2876,3,00000044,fc3f2023
2878,3,00000048,ff9ff06f
2884,3,00000040,00001f17
2886,3,00000044,fc3f2023
2888,3,00000048,ff9ff06f
2894,3,00000040,00001f17
2896,3,00000044,fc3f2023
2898,3,00000048,ff9ff06f
2904,3,00000040,00001f17
2906,3,00000044,fc3f2023
2908,3,00000048,ff9ff06f
2914,3,00000040,00001f17
2916,3,00000044,fc3f2023
2918,3,00000048,ff9ff06f
2924,3,00000040,00001f17
2926,3,00000044,fc3f2023
2928,3,00000048,ff9ff06f
2934,3,00000040,00001f17
2936,3,00000044,fc3f2023
2938,3,00000048,ff9ff06f
2944,3,00000040,00001f17
2946,3,00000044,fc3f2023
2948,3,00000048,ff9ff06f
2954,3,00000040,00001f17
2956,3,00000044,fc3f2023
2958,3,00000048,ff9ff06f
2964,3,00000040,00001f17
2966,3,00000044,fc3f2023
2968,3,00000048,ff9ff06f
2974,3,00000040,00001f17
2976,3,00000044,fc3f2023
2978,3,00000048,ff9ff06f
2984,3,00000040,00001f17
2986,3,00000044,fc3f2023
2988,3,00000048,ff9ff06f
2994,3,00000040,00001f17
2996,3,00000044,fc3f2023
2998,3,00000048,ff9ff06f
3004,3,00000040,00001f17
3006,3,00000044,fc3f2023
3008,3,00000048,ff9ff06f
3014,3,00000040,00001f17
3016,3,00000044,fc3f2023
3018,3,00000048,ff9ff06f
3024,3,00000040,00001f17
3026,3,00000044,fc3f2023
3028,3,00000048,ff9ff06f
3034,3,00000040,00001f17
3036,3,00000044,fc3f2023
3038,3,00000048,ff9ff06f
3044,3,00000040,00001f17
3046,3,00000044,fc3f2023
3048,3,00000048,ff9ff06f
3054,3,00000040,00001f17
3056,3,00000044,fc3f2023
3058,3,00000048,ff9ff06f
3064,3,00000040,00001f17
3066,3,00000044,fc3f2023
3068,3,00000048,ff9ff06f
3074,3,00000040,00001f17
3076,3,00000044,fc3f2023
3078,3,00000048,ff9ff06f
3084,3,00000040,00001f17
3086,3,00000044,fc3f2023
3088,3,00000048,ff9ff06f
3094,3,00000040,00001f17
3096,3,00000044,fc3f2023
3098,3,00000048,ff9ff06f
3104,3,00000040,00001f17
3106,3,00000044,fc3f2023
3108,3,00000048,ff9ff06f
3114,3,00000040,00001f17
3116,3,00000044,fc3f2023
3118,3,00000048,ff9ff06f
3124,3,00000040,00001f17
3126,3,00000044,fc3f2023
3128,3,00000048,ff9ff06f
3134,3,00000040,00001f17
3136,3,00000044,fc3f2023
3138,3,00000048,ff9ff06f
3144,3,00000040,00001f17
3146,3,00000044,fc3f2023
3148,3,00000048,ff9ff06f
3154,3,00000040,00001f17
3156,3,00000044,fc3f2023
3158,3,00000048,ff9ff06f
3164,3,00000040,00001f17
3166,3,00000044,fc3f2023
3168,3,00000048,ff9ff06f
3174,3,00000040,00001f17
3176,3,00000044,fc3f2023
3178,3,00000048,ff9ff06f
3184,3,00000040,00001f17
3186,3,00000044,fc3f2023
3188,3,00000048,ff9ff06f
3194,3,00000040,00001f17
3196,3,00000044,fc3f2023
3198,3,00000048,ff9ff06f
3204,3,00000040,00001f17
3206,3,00000044,fc3f2023
3208,3,00000048,ff9ff06f
3214,3,00000040,00001f17
3216,3,00000044,fc3f2023
3218,3,00000048,ff9ff06f
3224,3,00000040,00001f17
3226,3,00000044,fc3f2023
3228,3,00000048,ff9ff06f
3234,3,00000040,00001f17
3236,3,00000044,fc3f2023
3238,3,00000048,ff9ff06f
3244,3,00000040,00001f17
3246,3,00000044,fc3f2023
3248,3,00000048,ff9ff06f
3254,3,00000040,00001f17
3256,3,00000044,fc3f2023
3258,3,00000048,ff9ff06f
3264,3,00000040,00001f17
3266,3,00000044,fc3f2023
3268,3,00000048,ff9ff06f
3274,3,00000040,00001f17
3276,3,00000044,fc3f2023
3278,3,00000048,ff9ff06f
3284,3,00000040,00001f17
3286,3,00000044,fc3f2023
3288,3,00000048,ff9ff06f
3294,3,00000040,00001f17
3296,3,00000044,fc3f2023
3298,3,00000048,ff9ff06f
3304,3,00000040,00001f17
3306,3,00000044,fc3f2023
3308,3,00000048,ff9ff06f
3314,3,00000040,00001f17
3316,3,00000044,fc3f2023
3318,3,00000048,ff9ff06f
3324,3,00000040,00001f17
3326,3,00000044,fc3f2023
3328,3,00000048,ff9ff06f
3334,3,00000040,00001f17
3336,3,00000044,fc3f2023
3338,3,00000048,ff9ff06f
3344,3,00000040,00001f17
3346,3,00000044,fc3f2023
3348,3,00000048,ff9ff06f
3354,3,00000040,00001f17
3356,3,00000044,fc3f2023
3358,3,00000048,ff9ff06f
3364,3,00000040,00001f17
3366,3,00000044,fc3f2023
3368,3,00000048,ff9ff06f
3374,3,00000040,00001f17
3376,3,00000044,fc3f2023
3378,3,00000048,ff9ff06f
3384,3,00000040,00001f17
3386,3,00000044,fc3f2023
3388,3,00000048,ff9ff06f
3394,3,00000040,00001f17
3396,3,00000044,fc3f2023
3398,3,00000048,ff9ff06f
3404,3,00000040,00001f17
3406,3,00000044,fc3f2023
3408,3,00000048,ff9ff06f
3414,3,00000040,00001f17
3416,3,00000044,fc3f2023
3418,3,00000048,ff9ff06f
3424,3,00000040,00001f17
3426,3,00000044,fc3f2023
3428,3,00000048,ff9ff06f
3434,3,00000040,00001f17
3436,3,00000044,fc3f2023
3438,3,00000048,ff9ff06f
3444,3,00000040,00001f17
3446,3,00000044,fc3f2023
3448,3,00000048,ff9ff06f
3454,3,00000040,00001f17
3456,3,00000044,fc3f2023
3458,3,00000048,ff9ff06f
3464,3,00000040,00001f17
3466,3,00000044,fc3f2023
3468,3,00000048,ff9ff06f
3474,3,00000040,00001f17
3476,3,00000044,fc3f2023
3478,3,00000048,ff9ff06f
3484,3,00000040,00001f17
3486,3,00000044,fc3f2023
3488,3,00000048,ff9ff06f
3494,3,00000040,00001f17
3496,3,00000044,fc3f2023
3498,3,00000048,ff9ff06f
3504,3,00000040,00001f17
3506,3,00000044,fc3f2023
3508,3,00000048,ff9ff06f
3514,3,00000040,00001f17
3516,3,00000044,fc3f2023
3518,3,00000048,ff9ff06f
3524,3,00000040,00001f17
3526,3,00000044,fc3f2023
3528,3,00000048,ff9ff06f
3534,3,00000040,00001f17
3536,3,00000044,fc3f2023
3538,3,00000048,ff9ff06f
3544,3,00000040,00001f17
3546,3,00000044,fc3f2023
3548,3,00000048,ff9ff06f
3554,3,00000040,00001f17
3556,3,00000044,fc3f2023
3558,3,00000048,ff9ff06f
3564,3,00000040,00001f17
3566,3,00000044,fc3f2023
3568,3,00000048,ff9ff06f
3574,3,00000040,00001f17
3576,3,00000044,fc3f2023
3578,3,00000048,ff9ff06f
3584,3,00000040,00001f17
3586,3,00000044,fc3f2023
3588,3,00000048,ff9ff06f
3594,3,00000040,00001f17
3596,3,00000044,fc3f2023
3598,3,00000048,ff9ff06f
3604,3,00000040,00001f17
3606,3,00000044,fc3f2023
3608,3,00000048,ff9ff06f
3614,3,00000040,00001f17
3616,3,00000044,fc3f2023
3618,3,00000048,ff9ff06f
3624,3,00000040,00001f17
3626,3,00000044,fc3f2023
3628,3,00000048,ff9ff06f
3634,3,00000040,00001f17
3636,3,00000044,fc3f2023
3638,3,00000048,ff9ff06f
3644,3,00000040,00001f17
3646,3,00000044,fc3f2023
3648,3,00000048,ff9ff06f
3654,3,00000040,00001f17
3656,3,00000044,fc3f2023
3658,3,00000048,ff9ff06f
3664,3,00000040,00001f17
3666,3,00000044,fc3f2023
3668,3,00000048,ff9ff06f
3674,3,00000040,00001f17
3676,3,00000044,fc3f2023
3678,3,00000048,ff9ff06f
3684,3,00000040,00001f17
3686,3,00000044,fc3f2023
3688,3,00000048,ff9ff06f
3694,3,00000040,00001f17
3696,3,00000044,fc3f2023
3698,3,00000048,ff9ff06f
3704,3,00000040,00001f17
3706,3,00000044,fc3f2023
3708,3,00000048,ff9ff06f
3714,3,00000040,00001f17
3716,3,00000044,fc3f2023
3718,3,00000048,ff9ff06f
3724,3,00000040,00001f17
3726,3,00000044,fc3f2023
3728,3,00000048,ff9ff06f
3734,3,00000040,00001f17
3736,3,00000044,fc3f2023
3738,3,00000048,ff9ff06f
3744,3,00000040,00001f17
3746,3,00000044,fc3f2023
3748,3,00000048,ff9ff06f
3754,3,00000040,00001f17
3756,3,00000044,fc3f2023
3758,3,00000048,ff9ff06f
3764,3,00000040,00001f17
3766,3,00000044,fc3f2023
3768,3,00000048,ff9ff06f
3774,3,00000040,00001f17
3776,3,00000044,fc3f2023
3778,3,00000048,ff9ff06f
3784,3,00000040,00001f17
3786,3,00000044,fc3f2023
3788,3,00000048,ff9ff06f
3794,3,00000040,00001f17
3796,3,00000044,fc3f2023
3798,3,00000048,ff9ff06f
3804,3,00000040,00001f17
3806,3,00000044,fc3f2023
3808,3,00000048,ff9ff06f
3814,3,00000040,00001f17
3816,3,00000044,fc3f2023
3818,3,00000048,ff9ff06f
3824,3,00000040,00001f17
3826,3,00000044,fc3f2023
3828,3,00000048,ff9ff06f
3834,3,00000040,00001f17
3836,3,00000044,fc3f2023
3838,3,00000048,ff9ff06f
3844,3,00000040,00001f17
3846,3,00000044,fc3f2023
3848,3,00000048,ff9ff06f
3854,3,00000040,00001f17
3856,3,00000044,fc3f2023
3858,3,00000048,ff9ff06f
3864,3,00000040,00001f17
3866,3,00000044,fc3f2023
3868,3,00000048,ff9ff06f
3874,3,00000040,00001f17
3876,3,00000044,fc3f2023
3878,3,00000048,ff9ff06f
3884,3,00000040,00001f17
3886,3,00000044,fc3f2023
3888,3,00000048,ff9ff06f
3894,3,00000040,00001f17
3896,3,00000044,fc3f2023
3898,3,00000048,ff9ff06f
3904,3,00000040,00001f17
3906,3,00000044,fc3f2023
3908,3,00000048,ff9ff06f
3914,3,00000040,00001f17
3916,3,00000044,fc3f2023
3918,3,00000048,ff9ff06f
3924,3,00000040,00001f17
3926,3,00000044,fc3f2023
3928,3,00000048,ff9ff06f
3934,3,00000040,00001f17
3936,3,00000044,fc3f2023
3938,3,00000048,ff9ff06f
3944,3,00000040,00001f17
3946,3,00000044,fc3f2023
3948,3,00000048,ff9ff06f
3954,3,00000040,00001f17
3956,3,00000044,fc3f2023
3958,3,00000048,ff9ff06f
3964,3,00000040,00001f17
3966,3,00000044,fc3f2023
3968,3,00000048,ff9ff06f
3974,3,00000040,00001f17
3976,3,00000044,fc3f2023
3978,3,00000048,ff9ff06f
3984,3,00000040,00001f17
3986,3,00000044,fc3f2023
3988,3,00000048,ff9ff06f
3994,3,00000040,00001f17
3996,3,00000044,fc3f2023
3998,3,00000048,ff9ff06f
4004,3,00000040,00001f17
4006,3,00000044,fc3f2023
4008,3,00000048,ff9ff06f
4014,3,00000040,00001f17
4016,3,00000044,fc3f2023
4018,3,00000048,ff9ff06f
4024,3,00000040,00001f17
4026,3,00000044,fc3f2023
4028,3,00000048,ff9ff06f
4034,3,00000040,00001f17
4036,3,00000044,fc3f2023
4038,3,00000048,ff9ff06f
4044,3,00000040,00001f17
4046,3,00000044,fc3f2023
4048,3,00000048,ff9ff06f
4054,3,00000040,00001f17
4056,3,00000044,fc3f2023
4058,3,00000048,ff9ff06f
4064,3,00000040,00001f17
4066,3,00000044,fc3f2023
4068,3,00000048,ff9ff06f
4074,3,00000040,00001f17
4076,3,00000044,fc3f2023
4078,3,00000048,ff9ff06f
4084,3,00000040,00001f17
4086,3,00000044,fc3f2023
4088,3,00000048,ff9ff06f
4094,3,00000040,00001f17
4096,3,00000044,fc3f2023
4098,3,00000048,ff9ff06f
4104,3,00000040,00001f17
4106,3,00000044,fc3f2023
4108,3,00000048,ff9ff06f
4114,3,00000040,00001f17
4116,3,00000044,fc3f2023
4118,3,00000048,ff9ff06f
4124,3,00000040,00001f17
4126,3,00000044,fc3f2023
4128,3,00000048,ff9ff06f
4134,3,00000040,00001f17
4136,3,00000044,fc3f2023
4138,3,00000048,ff9ff06f
4144,3,00000040,00001f17
4146,3,00000044,fc3f2023
4148,3,00000048,ff9ff06f
4154,3,00000040,00001f17
4156,3,00000044,fc3f2023
4158,3,00000048,ff9ff06f
4164,3,00000040,00001f17
4166,3,00000044,fc3f2023
4168,3,00000048,ff9ff06f
4174,3,00000040,00001f17
4176,3,00000044,fc3f2023
4178,3,00000048,ff9ff06f
4184,3,00000040,00001f17
4186,3,00000044,fc3f2023
4188,3,00000048,ff9ff06f
4194,3,00000040,00001f17
4196,3,00000044,fc3f2023
4198,3,00000048,ff9ff06f
4204,3,00000040,00001f17
4206,3,00000044,fc3f2023
4208,3,00000048,ff9ff06f
4214,3,00000040,00001f17
4216,3,00000044,fc3f2023
4218,3,00000048,ff9ff06f
4224,3,00000040,00001f17
4226,3,00000044,fc3f2023
4228,3,00000048,ff9ff06f
4234,3,00000040,00001f17
4236,3,00000044,fc3f2023
4238,3,00000048,ff9ff06f
4244,3,00000040,00001f17
4246,3,00000044,fc3f2023
4248,3,00000048,ff9ff06f
4254,3,00000040,00001f17
4256,3,00000044,fc3f2023
4258,3,00000048,ff9ff06f
4264,3,00000040,00001f17
4266,3,00000044,fc3f2023
4268,3,00000048,ff9ff06f
4274,3,00000040,00001f17
4276,3,00000044,fc3f2023
4278,3,00000048,ff9ff06f
4284,3,00000040,00001f17
4286,3,00000044,fc3f2023
4288,3,00000048,ff9ff06f
4294,3,00000040,00001f17
4296,3,00000044,fc3f2023
4298,3,00000048,ff9ff06f
4304,3,00000040,00001f17
4306,3,00000044,fc3f2023
4308,3,00000048,ff9ff06f
4314,3,00000040,00001f17
4316,3,00000044,fc3f2023
4318,3,00000048,ff9ff06f
4324,3,00000040,00001f17
4326,3,00000044,fc3f2023
4328,3,00000048,ff9ff06f
4334,3,00000040,00001f17
4336,3,00000044,fc3f2023
4338,3,00000048,ff9ff06f
4344,3,00000040,00001f17
4346,3,00000044,fc3f2023
4348,3,00000048,ff9ff06f
4354,3,00000040,00001f17
4356,3,00000044,fc3f2023
4358,3,00000048,ff9ff06f
4364,3,00000040,00001f17
4366,3,00000044,fc3f2023
4368,3,00000048,ff9ff06f
4374,3,00000040,00001f17
4376,3,00000044,fc3f2023
4378,3,00000048,ff9ff06f
4384,3,00000040,00001f17
4386,3,00000044,fc3f2023
4388,3,00000048,ff9ff06f
4394,3,00000040,00001f17
4396,3,00000044,fc3f2023
4398,3,00000048,ff9ff06f
4404,3,00000040,00001f17
4406,3,00000044,fc3f2023
4408,3,00000048,ff9ff06f
4414,3,00000040,00001f17
4416,3,00000044,fc3f2023
4418,3,00000048,ff9ff06f
4424,3,00000040,00001f17
4426,3,00000044,fc3f2023
4428,3,00000048,ff9ff06f
4434,3,00000040,00001f17
4436,3,00000044,fc3f2023
4438,3,00000048,ff9ff06f
4444,3,00000040,00001f17
4446,3,00000044,fc3f2023
4448,3,00000048,ff9ff06f
4454,3,00000040,00001f17
4456,3,00000044,fc3f2023
4458,3,00000048,ff9ff06f
4464,3,00000040,00001f17
4466,3,00000044,fc3f2023
4468,3,00000048,ff9ff06f
4474,3,00000040,00001f17
4476,3,00000044,fc3f2023
4478,3,00000048,ff9ff06f
4484,3,00000040,00001f17
4486,3,00000044,fc3f2023
4488,3,00000048,ff9ff06f
4494,3,00000040,00001f17
4496,3,00000044,fc3f2023
4498,3,00000048,ff9ff06f
4504,3,00000040,00001f17
4506,3,00000044,fc3f2023
4508,3,00000048,ff9ff06f
4514,3,00000040,00001f17
4516,3,00000044,fc3f2023
4518,3,00000048,ff9ff06f
4524,3,00000040,00001f17
4526,3,00000044,fc3f2023
4528,3,00000048,ff9ff06f
4534,3,00000040,00001f17
4536,3,00000044,fc3f2023
4538,3,00000048,ff9ff06f
4544,3,00000040,00001f17
4546,3,00000044,fc3f2023
4548,3,00000048,ff9ff06f
4554,3,00000040,00001f17
4556,3,00000044,fc3f2023
4558,3,00000048,ff9ff06f
4564,3,00000040,00001f17
4566,3,00000044,fc3f2023
4568,3,00000048,ff9ff06f
4574,3,00000040,00001f17
4576,3,00000044,fc3f2023
4578,3,00000048,ff9ff06f
4584,3,00000040,00001f17
4586,3,00000044,fc3f2023
4588,3,00000048,ff9ff06f
4594,3,00000040,00001f17
4596,3,00000044,fc3f2023
4598,3,00000048,ff9ff06f
4604,3,00000040,00001f17
4606,3,00000044,fc3f2023
4608,3,00000048,ff9ff06f
4614,3,00000040,00001f17
4616,3,00000044,fc3f2023
4618,3,00000048,ff9ff06f
4624,3,00000040,00001f17
4626,3,00000044,fc3f2023
4628,3,00000048,ff9ff06f
4634,3,00000040,00001f17
4636,3,00000044,fc3f2023
4638,3,00000048,ff9ff06f
4644,3,00000040,00001f17
4646,3,00000044,fc3f2023
4648,3,00000048,ff9ff06f
4654,3,00000040,00001f17
4656,3,00000044,fc3f2023
4658,3,00000048,ff9ff06f
4664,3,00000040,00001f17
4666,3,00000044,fc3f2023
4668,3,00000048,ff9ff06f
4674,3,00000040,00001f17
4676,3,00000044,fc3f2023
4678,3,00000048,ff9ff06f
4684,3,00000040,00001f17
4686,3,00000044,fc3f2023
4688,3,00000048,ff9ff06f
4694,3,00000040,00001f17
4696,3,00000044,fc3f2023
4698,3,00000048,ff9ff06f
4704,3,00000040,00001f17
4706,3,00000044,fc3f2023
4708,3,00000048,ff9ff06f
4714,3,00000040,00001f17
4716,3,00000044,fc3f2023
4718,3,00000048,ff9ff06f
4724,3,00000040,00001f17
4726,3,00000044,fc3f2023
4728,3,00000048,ff9ff06f
4734,3,00000040,00001f17
4736,3,00000044,fc3f2023
4738,3,00000048,ff9ff06f
4744,3,00000040,00001f17
4746,3,00000044,fc3f2023
4748,3,00000048,ff9ff06f
4754,3,00000040,00001f17
4756,3,00000044,fc3f2023
4758,3,00000048,ff9ff06f
4764,3,00000040,00001f17
4766,3,00000044,fc3f2023
4768,3,00000048,ff9ff06f
4774,3,00000040,00001f17
4776,3,00000044,fc3f2023
4778,3,00000048,ff9ff06f
4784,3,00000040,00001f17
4786,3,00000044,fc3f2023
4788,3,00000048,ff9ff06f
4794,3,00000040,00001f17
4796,3,00000044,fc3f2023
4798,3,00000048,ff9ff06f
4804,3,00000040,00001f17
4806,3,00000044,fc3f2023
4808,3,00000048,ff9ff06f
4814,3,00000040,00001f17
4816,3,00000044,fc3f2023
4818,3,00000048,ff9ff06f
4824,3,00000040,00001f17
4826,3,00000044,fc3f2023
4828,3,00000048,ff9ff06f
4834,3,00000040,00001f17
4836,3,00000044,fc3f2023
4838,3,00000048,ff9ff06f
4844,3,00000040,00001f17
4846,3,00000044,fc3f2023
4848,3,00000048,ff9ff06f
4854,3,00000040,00001f17
4856,3,00000044,fc3f2023
4858,3,00000048,ff9ff06f
4864,3,00000040,00001f17
4866,3,00000044,fc3f2023
4868,3,00000048,ff9ff06f
4874,3,00000040,00001f17
4876,3,00000044,fc3f2023
4878,3,00000048,ff9ff06f
4884,3,00000040,00001f17
4886,3,00000044,fc3f2023
4888,3,00000048,ff9ff06f
4894,3,00000040,00001f17
4896,3,00000044,fc3f2023
4898,3,00000048,ff9ff06f
4904,3,00000040,00001f17
4906,3,00000044,fc3f2023
4908,3,00000048,ff9ff06f
4914,3,00000040,00001f17
4916,3,00000044,fc3f2023
4918,3,00000048,ff9ff06f
4924,3,00000040,00001f17
4926,3,00000044,fc3f2023
4928,3,00000048,ff9ff06f
4934,3,00000040,00001f17
4936,3,00000044,fc3f2023
4938,3,00000048,ff9ff06f
4944,3,00000040,00001f17
4946,3,00000044,fc3f2023
4948,3,00000048,ff9ff06f
4954,3,00000040,00001f17
4956,3,00000044,fc3f2023
4958,3,00000048,ff9ff06f
4964,3,00000040,00001f17
4966,3,00000044,fc3f2023
4968,3,00000048,ff9ff06f
4974,3,00000040,00001f17
4976,3,00000044,fc3f2023
4978,3,00000048,ff9ff06f
4984,3,00000040,00001f17
4986,3,00000044,fc3f2023
4988,3,00000048,ff9ff06f
4994,3,00000040,00001f17
4996,3,00000044,fc3f2023
4998,3,00000048,ff9ff06f
5004,3,00000040,00001f17
5006,3,00000044,fc3f2023
5008,3,00000048,ff9ff06f
5014,3,00000040,00001f17
5016,3,00000044,fc3f2023
5018,3,00000048,ff9ff06f
5024,3,00000040,00001f17
5026,3,00000044,fc3f2023
5028,3,00000048,ff9ff06f
5034,3,00000040,00001f17
5036,3,00000044,fc3f2023
5038,3,00000048,ff9ff06f
5044,3,00000040,00001f17
5046,3,00000044,fc3f2023
5048,3,00000048,ff9ff06f
5054,3,00000040,00001f17
5056,3,00000044,fc3f2023
5058,3,00000048,ff9ff06f
5064,3,00000040,00001f17
5066,3,00000044,fc3f2023
5068,3,00000048,ff9ff06f
5074,3,00000040,00001f17
5076,3,00000044,fc3f2023
5078,3,00000048,ff9ff06f
5084,3,00000040,00001f17
5086,3,00000044,fc3f2023
5088,3,00000048,ff9ff06f
5094,3,00000040,00001f17
5096,3,00000044,fc3f2023
5098,3,00000048,ff9ff06f
5104,3,00000040,00001f17
5106,3,00000044,fc3f2023
5108,3,00000048,ff9ff06f
5114,3,00000040,00001f17
5116,3,00000044,fc3f2023
5118,3,00000048,ff9ff06f
5124,3,00000040,00001f17
5126,3,00000044,fc3f2023
5128,3,00000048,ff9ff06f
5134,3,00000040,00001f17
5136,3,00000044,fc3f2023
5138,3,00000048,ff9ff06f
5144,3,00000040,00001f17
5146,3,00000044,fc3f2023
5148,3,00000048,ff9ff06f
5154,3,00000040,00001f17
5156,3,00000044,fc3f2023
5158,3,00000048,ff9ff06f
5164,3,00000040,00001f17
5166,3,00000044,fc3f2023
5168,3,00000048,ff9ff06f
5174,3,00000040,00001f17
5176,3,00000044,fc3f2023
5178,3,00000048,ff9ff06f
5184,3,00000040,00001f17
5186,3,00000044,fc3f2023
5188,3,00000048,ff9ff06f
5194,3,00000040,00001f17
5196,3,00000044,fc3f2023
5198,3,00000048,ff9ff06f
5204,3,00000040,00001f17
5206,3,00000044,fc3f2023
5208,3,00000048,ff9ff06f
5214,3,00000040,00001f17
5216,3,00000044,fc3f2023
5218,3,00000048,ff9ff06f
5224,3,00000040,00001f17
5226,3,00000044,fc3f2023
5228,3,00000048,ff9ff06f
5234,3,00000040,00001f17
5236,3,00000044,fc3f2023
5238,3,00000048,ff9ff06f
5244,3,00000040,00001f17
5246,3,00000044,fc3f2023
5248,3,00000048,ff9ff06f
5254,3,00000040,00001f17
5256,3,00000044,fc3f2023
5258,3,00000048,ff9ff06f
5264,3,00000040,00001f17
5266,3,00000044,fc3f2023
5268,3,00000048,ff9ff06f
5274,3,00000040,00001f17
5276,3,00000044,fc3f2023
5278,3,00000048,ff9ff06f
5284,3,00000040,00001f17
5286,3,00000044,fc3f2023
5288,3,00000048,ff9ff06f
5294,3,00000040,00001f17
5296,3,00000044,fc3f2023
5298,3,00000048,ff9ff06f
5304,3,00000040,00001f17
5306,3,00000044,fc3f2023
5308,3,00000048,ff9ff06f
5314,3,00000040,00001f17
5316,3,00000044,fc3f2023
5318,3,00000048,ff9ff06f
5324,3,00000040,00001f17
5326,3,00000044,fc3f2023
5328,3,00000048,ff9ff06f
5334,3,00000040,00001f17
5336,3,00000044,fc3f2023
5338,3,00000048,ff9ff06f
5344,3,00000040,00001f17
5346,3,00000044,fc3f2023
5348,3,00000048,ff9ff06f
5354,3,00000040,00001f17
5356,3,00000044,fc3f2023
5358,3,00000048,ff9ff06f
5364,3,00000040,00001f17
5366,3,00000044,fc3f2023
5368,3,00000048,ff9ff06f
5374,3,00000040,00001f17
5376,3,00000044,fc3f2023
5378,3,00000048,ff9ff06f
5384,3,00000040,00001f17
5386,3,00000044,fc3f2023
5388,3,00000048,ff9ff06f
5394,3,00000040,00001f17
5396,3,00000044,fc3f2023
5398,3,00000048,ff9ff06f
5404,3,00000040,00001f17
5406,3,00000044,fc3f2023
5408,3,00000048,ff9ff06f
5414,3,00000040,00001f17
5416,3,00000044,fc3f2023
5418,3,00000048,ff9ff06f
5424,3,00000040,00001f17
5426,3,00000044,fc3f2023
5428,3,00000048,ff9ff06f
5434,3,00000040,00001f17
5436,3,00000044,fc3f2023
5438,3,00000048,ff9ff06f
5444,3,00000040,00001f17
5446,3,00000044,fc3f2023
5448,3,00000048,ff9ff06f
5454,3,00000040,00001f17
5456,3,00000044,fc3f2023
5458,3,00000048,ff9ff06f
5464,3,00000040,00001f17
5466,3,00000044,fc3f2023
5468,3,00000048,ff9ff06f
5474,3,00000040,00001f17
5476,3,00000044,fc3f2023
5478,3,00000048,ff9ff06f
5484,3,00000040,00001f17
5486,3,00000044,fc3f2023
5488,3,00000048,ff9ff06f
5494,3,00000040,00001f17
5496,3,00000044,fc3f2023
5498,3,00000048,ff9ff06f
5504,3,00000040,00001f17
5506,3,00000044,fc3f2023
5508,3,00000048,ff9ff06f
5514,3,00000040,00001f17
5516,3,00000044,fc3f2023
5518,3,00000048,ff9ff06f
5524,3,00000040,00001f17
5526,3,00000044,fc3f2023
5528,3,00000048,ff9ff06f
5534,3,00000040,00001f17
5536,3,00000044,fc3f2023
5538,3,00000048,ff9ff06f
5544,3,00000040,00001f17
5546,3,00000044,fc3f2023
5548,3,00000048,ff9ff06f
5554,3,00000040,00001f17
5556,3,00000044,fc3f2023
5558,3,00000048,ff9ff06f
5564,3,00000040,00001f17
5566,3,00000044,fc3f2023
5568,3,00000048,ff9ff06f
5574,3,00000040,00001f17
5576,3,00000044,fc3f2023
5578,3,00000048,ff9ff06f
5584,3,00000040,00001f17
5586,3,00000044,fc3f2023
5588,3,00000048,ff9ff06f
5594,3,00000040,00001f17
5596,3,00000044,fc3f2023
5598,3,00000048,ff9ff06f
5604,3,00000040,00001f17
5606,3,00000044,fc3f2023
5608,3,00000048,ff9ff06f
5614,3,00000040,00001f17
5616,3,00000044,fc3f2023
5618,3,00000048,ff9ff06f
5624,3,00000040,00001f17
5626,3,00000044,fc3f2023
5628,3,00000048,ff9ff06f
5634,3,00000040,00001f17
5636,3,00000044,fc3f2023
5638,3,00000048,ff9ff06f
5644,3,00000040,00001f17
5646,3,00000044,fc3f2023
5648,3,00000048,ff9ff06f
5654,3,00000040,00001f17
5656,3,00000044,fc3f2023
5658,3,00000048,ff9ff06f
5664,3,00000040,00001f17
5666,3,00000044,fc3f2023
5668,3,00000048,ff9ff06f
5674,3,00000040,00001f17
5676,3,00000044,fc3f2023
5678,3,00000048,ff9ff06f
5684,3,00000040,00001f17
5686,3,00000044,fc3f2023
5688,3,00000048,ff9ff06f
5694,3,00000040,00001f17
5696,3,00000044,fc3f2023
5698,3,00000048,ff9ff06f
5704,3,00000040,00001f17
5706,3,00000044,fc3f2023
5708,3,00000048,ff9ff06f
5714,3,00000040,00001f17
5716,3,00000044,fc3f2023
5718,3,00000048,ff9ff06f
5724,3,00000040,00001f17
5726,3,00000044,fc3f2023
5728,3,00000048,ff9ff06f
5734,3,00000040,00001f17
5736,3,00000044,fc3f2023
5738,3,00000048,ff9ff06f
5744,3,00000040,00001f17
5746,3,00000044,fc3f2023
5748,3,00000048,ff9ff06f
5754,3,00000040,00001f17
5756,3,00000044,fc3f2023
5758,3,00000048,ff9ff06f
5764,3,00000040,00001f17
5766,3,00000044,fc3f2023
5768,3,00000048,ff9ff06f
5774,3,00000040,00001f17
5776,3,00000044,fc3f2023
5778,3,00000048,ff9ff06f
5784,3,00000040,00001f17
5786,3,00000044,fc3f2023
5788,3,00000048,ff9ff06f
5794,3,00000040,00001f17
5796,3,00000044,fc3f2023
5798,3,00000048,ff9ff06f
5804,3,00000040,00001f17
5806,3,00000044,fc3f2023
5808,3,00000048,ff9ff06f
5814,3,00000040,00001f17
5816,3,00000044,fc3f2023
5818,3,00000048,ff9ff06f
5824,3,00000040,00001f17
5826,3,00000044,fc3f2023
5828,3,00000048,ff9ff06f
5834,3,00000040,00001f17
5836,3,00000044,fc3f2023
5838,3,00000048,ff9ff06f
5844,3,00000040,00001f17
5846,3,00000044,fc3f2023
5848,3,00000048,ff9ff06f
5854,3,00000040,00001f17
5856,3,00000044,fc3f2023
5858,3,00000048,ff9ff06f
5864,3,00000040,00001f17
5866,3,00000044,fc3f2023
5868,3,00000048,ff9ff06f
5874,3,00000040,00001f17
5876,3,00000044,fc3f2023
5878,3,00000048,ff9ff06f
5884,3,00000040,00001f17
5886,3,00000044,fc3f2023
5888,3,00000048,ff9ff06f
5894,3,00000040,00001f17
5896,3,00000044,fc3f2023
5898,3,00000048,ff9ff06f
5904,3,00000040,00001f17
5906,3,00000044,fc3f2023
5908,3,00000048,ff9ff06f
5914,3,00000040,00001f17
5916,3,00000044,fc3f2023
5918,3,00000048,ff9ff06f
5924,3,00000040,00001f17
5926,3,00000044,fc3f2023
5928,3,00000048,ff9ff06f
5934,3,00000040,00001f17
5936,3,00000044,fc3f2023
5938,3,00000048,ff9ff06f
5944,3,00000040,00001f17
5946,3,00000044,fc3f2023
5948,3,00000048,ff9ff06f
5954,3,00000040,00001f17
5956,3,00000044,fc3f2023
5958,3,00000048,ff9ff06f
5964,3,00000040,00001f17
5966,3,00000044,fc3f2023
5968,3,00000048,ff9ff06f
5974,3,00000040,00001f17
5976,3,00000044,fc3f2023
5978,3,00000048,ff9ff06f
5984,3,00000040,00001f17
5986,3,00000044,fc3f2023
5988,3,00000048,ff9ff06f
5994,3,00000040,00001f17
5996,3,00000044,fc3f2023
5998,3,00000048,ff9ff06f
6004,3,00000040,00001f17
6006,3,00000044,fc3f2023
6008,3,00000048,ff9ff06f
6014,3,00000040,00001f17
6016,3,00000044,fc3f2023
6018,3,00000048,ff9ff06f
6024,3,00000040,00001f17
6026,3,00000044,fc3f2023
6028,3,00000048,ff9ff06f
6034,3,00000040,00001f17
6036,3,00000044,fc3f2023
6038,3,00000048,ff9ff06f
6044,3,00000040,00001f17
6046,3,00000044,fc3f2023
6048,3,00000048,ff9ff06f
6054,3,00000040,00001f17
6056,3,00000044,fc3f2023
6058,3,00000048,ff9ff06f
6064,3,00000040,00001f17
6066,3,00000044,fc3f2023
6068,3,00000048,ff9ff06f
6074,3,00000040,00001f17
6076,3,00000044,fc3f2023
6078,3,00000048,ff9ff06f
6084,3,00000040,00001f17
6086,3,00000044,fc3f2023
6088,3,00000048,ff9ff06f
6094,3,00000040,00001f17
6096,3,00000044,fc3f2023
6098,3,00000048,ff9ff06f
6104,3,00000040,00001f17
6106,3,00000044,fc3f2023
6108,3,00000048,ff9ff06f
6114,3,00000040,00001f17
6116,3,00000044,fc3f2023
6118,3,00000048,ff9ff06f
6124,3,00000040,00001f17
6126,3,00000044,fc3f2023
6128,3,00000048,ff9ff06f
6134,3,00000040,00001f17
6136,3,00000044,fc3f2023
6138,3,00000048,ff9ff06f
6144,3,00000040,00001f17
6146,3,00000044,fc3f2023
6148,3,00000048,ff9ff06f
6154,3,00000040,00001f17
6156,3,00000044,fc3f2023
6158,3,00000048,ff9ff06f
6164,3,00000040,00001f17
6166,3,00000044,fc3f2023
6168,3,00000048,ff9ff06f
6174,3,00000040,00001f17
6176,3,00000044,fc3f2023
6178,3,00000048,ff9ff06f
6184,3,00000040,00001f17
6186,3,00000044,fc3f2023
6188,3,00000048,ff9ff06f
6194,3,00000040,00001f17
6196,3,00000044,fc3f2023
6198,3,00000048,ff9ff06f
6204,3,00000040,00001f17
6206,3,00000044,fc3f2023
6208,3,00000048,ff9ff06f
6214,3,00000040,00001f17
6216,3,00000044,fc3f2023
6218,3,00000048,ff9ff06f
6224,3,00000040,00001f17
6226,3,00000044,fc3f2023
6228,3,00000048,ff9ff06f
6234,3,00000040,00001f17
6236,3,00000044,fc3f2023
6238,3,00000048,ff9ff06f
6244,3,00000040,00001f17
6246,3,00000044,fc3f2023
6248,3,00000048,ff9ff06f
6254,3,00000040,00001f17
6256,3,00000044,fc3f2023
6258,3,00000048,ff9ff06f
6264,3,00000040,00001f17
6266,3,00000044,fc3f2023
6268,3,00000048,ff9ff06f
6274,3,00000040,00001f17
6276,3,00000044,fc3f2023
6278,3,00000048,ff9ff06f
6284,3,00000040,00001f17
6286,3,00000044,fc3f2023
6288,3,00000048,ff9ff06f
6294,3,00000040,00001f17
6296,3,00000044,fc3f2023
6298,3,00000048,ff9ff06f
6304,3,00000040,00001f17
6306,3,00000044,fc3f2023
6308,3,00000048,ff9ff06f
6314,3,00000040,00001f17
6316,3,00000044,fc3f2023
6318,3,00000048,ff9ff06f
6324,3,00000040,00001f17
6326,3,00000044,fc3f2023
6328,3,00000048,ff9ff06f
6334,3,00000040,00001f17
6336,3,00000044,fc3f2023
6338,3,00000048,ff9ff06f
6344,3,00000040,00001f17
6346,3,00000044,fc3f2023
6348,3,00000048,ff9ff06f
6354,3,00000040,00001f17
6356,3,00000044,fc3f2023
6358,3,00000048,ff9ff06f
6364,3,00000040,00001f17
6366,3,00000044,fc3f2023
6368,3,00000048,ff9ff06f
6374,3,00000040,00001f17
6376,3,00000044,fc3f2023
6378,3,00000048,ff9ff06f
6384,3,00000040,00001f17
6386,3,00000044,fc3f2023
6388,3,00000048,ff9ff06f
6394,3,00000040,00001f17
6396,3,00000044,fc3f2023
6398,3,00000048,ff9ff06f
6404,3,00000040,00001f17
6406,3,00000044,fc3f2023
6408,3,00000048,ff9ff06f
6414,3,00000040,00001f17
6416,3,00000044,fc3f2023
6418,3,00000048,ff9ff06f
6424,3,00000040,00001f17
6426,3,00000044,fc3f2023
6428,3,00000048,ff9ff06f
6434,3,00000040,00001f17
6436,3,00000044,fc3f2023
6438,3,00000048,ff9ff06f
6444,3,00000040,00001f17
6446,3,00000044,fc3f2023
6448,3,00000048,ff9ff06f
6454,3,00000040,00001f17
6456,3,00000044,fc3f2023
6458,3,00000048,ff9ff06f
6464,3,00000040,00001f17
6466,3,00000044,fc3f2023
6468,3,00000048,ff9ff06f
6474,3,00000040,00001f17
6476,3,00000044,fc3f2023
6478,3,00000048,ff9ff06f
6484,3,00000040,00001f17
6486,3,00000044,fc3f2023
6488,3,00000048,ff9ff06f
6494,3,00000040,00001f17
6496,3,00000044,fc3f2023
6498,3,00000048,ff9ff06f
