44,3,00000000,04c0006f
52,3,0000004c,f1402573
56,3,00000050,00051063
60,3,00000054,30102573
64,3,00000058,00055863
72,3,00000068,00000e13
76,3,0000006c,00000297
80,3,00000070,f9828293
84,3,00000074,30529073
88,3,00000078,30205073
92,3,0000007c,30305073
96,3,00000080,30405073
100,3,00000084,00000297
104,3,00000088,f7c28293
108,3,0000008c,00028c63
116,3,000000a4,30005073
120,3,000000a8,00000297
124,3,000000ac,01428293
128,3,000000b0,34129073
132,3,000000b4,f1402573
136,3,000000b8,30200073
144,3,000000bc,00002097
148,3,000000c0,f4408093
154,3,000000c4,0000c183
158,3,000000c8,0ff00e93
162,3,000000cc,00200e13
166,3,000000d0,23d19c63
170,3,000000d4,00002097
174,3,000000d8,f2c08093
180,3,000000dc,0010c183
184,3,000000e0,00000e93
188,3,000000e4,00300e13
192,3,000000e8,23d19063
196,3,000000ec,00002097
200,3,000000f0,f1408093
206,3,000000f4,0020c183
210,3,000000f8,0f000e93
214,3,000000fc,00400e13
218,3,00000100,21d19463
222,3,00000104,00002097
226,3,00000108,efc08093
232,3,0000010c,0030c183
236,3,00000110,00f00e93
240,3,00000114,00500e13
244,3,00000118,1fd19863
248,3,0000011c,00002097
252,3,00000120,ee708093
258,3,00000124,ffd0c183
262,3,00000128,0ff00e93
266,3,0000012c,00600e13
270,3,00000130,1dd19c63
274,3,00000134,00002097
278,3,00000138,ecf08093
284,3,0000013c,ffe0c183
288,3,00000140,00000e93
292,3,00000144,00700e13
296,3,00000148,1dd19063
300,3,0000014c,00002097
304,3,00000150,eb708093
310,3,00000154,fff0c183
314,3,00000158,0f000e93
318,3,0000015c,00800e13
322,3,00000160,1bd19463
326,3,00000164,00002097
330,3,00000168,e9f08093
336,3,0000016c,0000c183
340,3,00000170,00f00e93
344,3,00000174,00900e13
348,3,00000178,19d19863
352,3,0000017c,00002097
356,3,00000180,e8408093
360,3,00000184,fe008093
366,3,00000188,0200c183
370,3,0000018c,0ff00e93
374,3,00000190,00a00e13
378,3,00000194,17d19a63
382,3,00000198,00002097
386,3,0000019c,e6808093
390,3,000001a0,ffa08093
396,3,000001a4,0070c183
400,3,000001a8,00000e93
404,3,000001ac,00b00e13
408,3,000001b0,15d19c63
412,3,000001b4,00c00e13
416,3,000001b8,00000213
420,3,000001bc,00002097
424,3,000001c0,e4508093
430,3,000001c4,0010c183
434,3,000001c8,00018313
438,3,000001cc,0f000e93
442,3,000001d0,13d31c63
446,3,000001d4,00120213
450,3,000001d8,00200293
454,3,000001dc,fe5210e3
462,3,000001bc,00002097
466,3,000001c0,e4508093
472,3,000001c4,0010c183
476,3,000001c8,00018313
480,3,000001cc,0f000e93
484,3,000001d0,13d31c63
488,3,000001d4,00120213
492,3,000001d8,00200293
496,3,000001dc,fe5210e3
500,3,000001e0,00d00e13
504,3,000001e4,00000213
508,3,000001e8,00002097
512,3,000001ec,e1a08093
518,3,000001f0,0010c183
522,3,000001f4,00000013
526,3,000001f8,00018313
530,3,000001fc,00f00e93
534,3,00000200,11d31463
538,3,00000204,00120213
542,3,00000208,00200293
546,3,0000020c,fc521ee3
554,3,000001e8,00002097
558,3,000001ec,e1a08093
564,3,000001f0,0010c183
568,3,000001f4,00000013
572,3,000001f8,00018313
576,3,000001fc,00f00e93
580,3,00000200,11d31463
584,3,00000204,00120213
588,3,00000208,00200293
592,3,0000020c,fc521ee3
596,3,00000210,00e00e13
600,3,00000214,00000213
604,3,00000218,00002097
608,3,0000021c,de808093
614,3,00000220,0010c183
618,3,00000224,00000013
622,3,00000228,00000013
626,3,0000022c,00018313
630,3,00000230,00000e93
634,3,00000234,0dd31a63
638,3,00000238,00120213
642,3,0000023c,00200293
646,3,00000240,fc521ce3
654,3,00000218,00002097
658,3,0000021c,de808093
664,3,00000220,0010c183
668,3,00000224,00000013
672,3,00000228,00000013
676,3,0000022c,00018313
680,3,00000230,00000e93
684,3,00000234,0dd31a63
688,3,00000238,00120213
692,3,0000023c,00200293
696,3,00000240,fc521ce3
700,3,00000244,00f00e13
704,3,00000248,00000213
708,3,0000024c,00002097
712,3,00000250,db508093
718,3,00000254,0010c183
722,3,00000258,0f000e93
726,3,0000025c,0bd19663
730,3,00000260,00120213
734,3,00000264,00200293
738,3,00000268,fe5212e3
746,3,0000024c,00002097
750,3,00000250,db508093
756,3,00000254,0010c183
760,3,00000258,0f000e93
764,3,0000025c,0bd19663
768,3,00000260,00120213
772,3,00000264,00200293
776,3,00000268,fe5212e3
780,3,0000026c,01000e13
784,3,00000270,00000213
788,3,00000274,00002097
792,3,00000278,d8e08093
796,3,0000027c,00000013
802,3,00000280,0010c183
806,3,00000284,00f00e93
810,3,00000288,09d19063
814,3,0000028c,00120213
818,3,00000290,00200293
822,3,00000294,fe5210e3
830,3,00000274,00002097
834,3,00000278,d8e08093
838,3,0000027c,00000013
844,3,00000280,0010c183
848,3,00000284,00f00e93
852,3,00000288,09d19063
856,3,0000028c,00120213
860,3,00000290,00200293
864,3,00000294,fe5210e3
868,3,00000298,01100e13
872,3,0000029c,00000213
876,3,000002a0,00002097
880,3,000002a4,d6008093
884,3,000002a8,00000013
888,3,000002ac,00000013
894,3,000002b0,0010c183
898,3,000002b4,00000e93
902,3,000002b8,05d19863
906,3,000002bc,00120213
910,3,000002c0,00200293
914,3,000002c4,fc521ee3
922,3,000002a0,00002097
926,3,000002a4,d6008093
930,3,000002a8,00000013
934,3,000002ac,00000013
940,3,000002b0,0010c183
944,3,000002b4,00000e93
948,3,000002b8,05d19863
952,3,000002bc,00120213
956,3,000002c0,00200293
960,3,000002c4,fc521ee3
964,3,000002c8,00002197
968,3,000002cc,d3818193
974,3,000002d0,0001c103
978,3,000002d4,00200113
982,3,000002d8,00200e93
986,3,000002dc,01200e13
990,3,000002e0,03d11463
994,3,000002e4,00002197
998,3,000002e8,d1c18193
1004,3,000002ec,0001c103
1008,3,000002f0,00000013
1012,3,000002f4,00200113
1016,3,000002f8,00200e93
1020,3,000002fc,01300e13
1024,3,00000300,01d11463
1028,3,00000304,01c01c63
1036,3,0000031c,0ff0000f
1040,3,00000320,00100e13
1044,3,00000324,00000073
1052,3,00000004,34202f73
1056,3,00000008,00800f93
1060,3,0000000c,03ff0a63
1064,3,00000010,00900f93
1068,3,00000014,03ff0663
1072,3,00000018,00b00f93
1076,3,0000001c,03ff0263
1084,3,00000040,00001f17
1090,3,00000044,fdcf2023
1094,3,00000048,ff9ff06f
1102,3,00000040,00001f17
1108,3,00000044,fdcf2023
1112,3,00000048,ff9ff06f
1120,3,00000040,00001f17
1126,3,00000044,fdcf2023
1130,3,00000048,ff9ff06f
1138,3,00000040,00001f17
1144,3,00000044,fdcf2023
1148,3,00000048,ff9ff06f
1156,3,00000040,00001f17
1162,3,00000044,fdcf2023
1166,3,00000048,ff9ff06f
1174,3,00000040,00001f17
1180,3,00000044,fdcf2023
1184,3,00000048,ff9ff06f
1192,3,00000040,00001f17
1198,3,00000044,fdcf2023
1202,3,00000048,ff9ff06f
1210,3,00000040,00001f17
1216,3,00000044,fdcf2023
1220,3,00000048,ff9ff06f
1228,3,00000040,00001f17
1234,3,00000044,fdcf2023
1238,3,00000048,ff9ff06f
1246,3,00000040,00001f17
1252,3,00000044,fdcf2023
1256,3,00000048,ff9ff06f
1264,3,00000040,00001f17
1270,3,00000044,fdcf2023
1274,3,00000048,ff9ff06f
1282,3,00000040,00001f17
1288,3,00000044,fdcf2023
1292,3,00000048,ff9ff06f
1300,3,00000040,00001f17
1306,3,00000044,fdcf2023
1310,3,00000048,ff9ff06f
1318,3,00000040,00001f17
1324,3,00000044,fdcf2023
1328,3,00000048,ff9ff06f
1336,3,00000040,00001f17
1342,3,00000044,fdcf2023
1346,3,00000048,ff9ff06f
1354,3,00000040,00001f17
1360,3,00000044,fdcf2023
1364,3,00000048,ff9ff06f
1372,3,00000040,00001f17
1378,3,00000044,fdcf2023
1382,3,00000048,ff9ff06f
1390,3,00000040,00001f17
1396,3,00000044,fdcf2023
1400,3,00000048,ff9ff06f
1408,3,00000040,00001f17
1414,3,00000044,fdcf2023
1418,3,00000048,ff9ff06f
1426,3,00000040,00001f17
1432,3,00000044,fdcf2023
1436,3,00000048,ff9ff06f
1444,3,00000040,00001f17
1450,3,00000044,fdcf2023
1454,3,00000048,ff9ff06f
1462,3,00000040,00001f17
1468,3,00000044,fdcf2023
1472,3,00000048,ff9ff06f
1480,3,00000040,00001f17
1486,3,00000044,fdcf2023
1490,3,00000048,ff9ff06f
1498,3,00000040,00001f17
1504,3,00000044,fdcf2023
1508,3,00000048,ff9ff06f
1516,3,00000040,00001f17
1522,3,00000044,fdcf2023
1526,3,00000048,ff9ff06f
1534,3,00000040,00001f17
1540,3,00000044,fdcf2023
1544,3,00000048,ff9ff06f
1552,3,00000040,00001f17
1558,3,00000044,fdcf2023
1562,3,00000048,ff9ff06f
1570,3,00000040,00001f17
1576,3,00000044,fdcf2023
1580,3,00000048,ff9ff06f
1588,3,00000040,00001f17
1594,3,00000044,fdcf2023
1598,3,00000048,ff9ff06f
1606,3,00000040,00001f17
1612,3,00000044,fdcf2023
1616,3,00000048,ff9ff06f
1624,3,00000040,00001f17
1630,3,00000044,fdcf2023
1634,3,00000048,ff9ff06f
1642,3,00000040,00001f17
1648,3,00000044,fdcf2023
1652,3,00000048,ff9ff06f
1660,3,00000040,00001f17
1666,3,00000044,fdcf2023
1670,3,00000048,ff9ff06f
1678,3,00000040,00001f17
1684,3,00000044,fdcf2023
1688,3,00000048,ff9ff06f
1696,3,00000040,00001f17
1702,3,00000044,fdcf2023
1706,3,00000048,ff9ff06f
1714,3,00000040,00001f17
1720,3,00000044,fdcf2023
1724,3,00000048,ff9ff06f
1732,3,00000040,00001f17
1738,3,00000044,fdcf2023
1742,3,00000048,ff9ff06f
1750,3,00000040,00001f17
1756,3,00000044,fdcf2023
1760,3,00000048,ff9ff06f
1768,3,00000040,00001f17
1774,3,00000044,fdcf2023
1778,3,00000048,ff9ff06f
1786,3,00000040,00001f17
1792,3,00000044,fdcf2023
1796,3,00000048,ff9ff06f
1804,3,00000040,00001f17
1810,3,00000044,fdcf2023
1814,3,00000048,ff9ff06f
1822,3,00000040,00001f17
1828,3,00000044,fdcf2023
1832,3,00000048,ff9ff06f
1840,3,00000040,00001f17
1846,3,00000044,fdcf2023
1850,3,00000048,ff9ff06f
1858,3,00000040,00001f17
1864,3,00000044,fdcf2023
1868,3,00000048,ff9ff06f
1876,3,00000040,00001f17
1882,3,00000044,fdcf2023
1886,3,00000048,ff9ff06f
1894,3,00000040,00001f17
1900,3,00000044,fdcf2023
1904,3,00000048,ff9ff06f
1912,3,00000040,00001f17
1918,3,00000044,fdcf2023
1922,3,00000048,ff9ff06f
1930,3,00000040,00001f17
1936,3,00000044,fdcf2023
1940,3,00000048,ff9ff06f
1948,3,00000040,00001f17
1954,3,00000044,fdcf2023
1958,3,00000048,ff9ff06f
1966,3,00000040,00001f17
1972,3,00000044,fdcf2023
1976,3,00000048,ff9ff06f
1984,3,00000040,00001f17
1990,3,00000044,fdcf2023
1994,3,00000048,ff9ff06f
2002,3,00000040,00001f17
2008,3,00000044,fdcf2023
2012,3,00000048,ff9ff06f
2020,3,00000040,00001f17
2026,3,00000044,fdcf2023
2030,3,00000048,ff9ff06f
2038,3,00000040,00001f17
2044,3,00000044,fdcf2023
2048,3,00000048,ff9ff06f
2056,3,00000040,00001f17
2062,3,00000044,fdcf2023
2066,3,00000048,ff9ff06f
2074,3,00000040,00001f17
2080,3,00000044,fdcf2023
2084,3,00000048,ff9ff06f
2092,3,00000040,00001f17
2098,3,00000044,fdcf2023
2102,3,00000048,ff9ff06f
2110,3,00000040,00001f17
2116,3,00000044,fdcf2023
2120,3,00000048,ff9ff06f
2128,3,00000040,00001f17
2134,3,00000044,fdcf2023
2138,3,00000048,ff9ff06f
2146,3,00000040,00001f17
2152,3,00000044,fdcf2023
2156,3,00000048,ff9ff06f
2164,3,00000040,00001f17
2170,3,00000044,fdcf2023
2174,3,00000048,ff9ff06f
2182,3,00000040,00001f17
2188,3,00000044,fdcf2023
2192,3,00000048,ff9ff06f
2200,3,00000040,00001f17
2206,3,00000044,fdcf2023
2210,3,00000048,ff9ff06f
2218,3,00000040,00001f17
2224,3,00000044,fdcf2023
2228,3,00000048,ff9ff06f
2236,3,00000040,00001f17
2242,3,00000044,fdcf2023
2246,3,00000048,ff9ff06f
2254,3,00000040,00001f17
2260,3,00000044,fdcf2023
2264,3,00000048,ff9ff06f
2272,3,00000040,00001f17
2278,3,00000044,fdcf2023
2282,3,00000048,ff9ff06f
2290,3,00000040,00001f17
2296,3,00000044,fdcf2023
2300,3,00000048,ff9ff06f
2308,3,00000040,00001f17
2314,3,00000044,fdcf2023
2318,3,00000048,ff9ff06f
2326,3,00000040,00001f17
2332,3,00000044,fdcf2023
2336,3,00000048,ff9ff06f
2344,3,00000040,00001f17
2350,3,00000044,fdcf2023
2354,3,00000048,ff9ff06f
2362,3,00000040,00001f17
2368,3,00000044,fdcf2023
2372,3,00000048,ff9ff06f
2380,3,00000040,00001f17
2386,3,00000044,fdcf2023
2390,3,00000048,ff9ff06f
2398,3,00000040,00001f17
2404,3,00000044,fdcf2023
2408,3,00000048,ff9ff06f
2416,3,00000040,00001f17
2422,3,00000044,fdcf2023
2426,3,00000048,ff9ff06f
2434,3,00000040,00001f17
2440,3,00000044,fdcf2023
2444,3,00000048,ff9ff06f
2452,3,00000040,00001f17
2458,3,00000044,fdcf2023
2462,3,00000048,ff9ff06f
2470,3,00000040,00001f17
2476,3,00000044,fdcf2023
2480,3,00000048,ff9ff06f
2488,3,00000040,00001f17
2494,3,00000044,fdcf2023
2498,3,00000048,ff9ff06f
2506,3,00000040,00001f17
2512,3,00000044,fdcf2023
2516,3,00000048,ff9ff06f
2524,3,00000040,00001f17
2530,3,00000044,fdcf2023
2534,3,00000048,ff9ff06f
2542,3,00000040,00001f17
2548,3,00000044,fdcf2023
2552,3,00000048,ff9ff06f
2560,3,00000040,00001f17
2566,3,00000044,fdcf2023
2570,3,00000048,ff9ff06f
2578,3,00000040,00001f17
2584,3,00000044,fdcf2023
2588,3,00000048,ff9ff06f
2596,3,00000040,00001f17
2602,3,00000044,fdcf2023
2606,3,00000048,ff9ff06f
2614,3,00000040,00001f17
2620,3,00000044,fdcf2023
2624,3,00000048,ff9ff06f
2632,3,00000040,00001f17
2638,3,00000044,fdcf2023
2642,3,00000048,ff9ff06f
2650,3,00000040,00001f17
2656,3,00000044,fdcf2023
2660,3,00000048,ff9ff06f
2668,3,00000040,00001f17
2674,3,00000044,fdcf2023
2678,3,00000048,ff9ff06f
2686,3,00000040,00001f17
2692,3,00000044,fdcf2023
2696,3,00000048,ff9ff06f
2704,3,00000040,00001f17
2710,3,00000044,fdcf2023
2714,3,00000048,ff9ff06f
2722,3,00000040,00001f17
2728,3,00000044,fdcf2023
2732,3,00000048,ff9ff06f
2740,3,00000040,00001f17
2746,3,00000044,fdcf2023
2750,3,00000048,ff9ff06f
2758,3,00000040,00001f17
2764,3,00000044,fdcf2023
2768,3,00000048,ff9ff06f
2776,3,00000040,00001f17
2782,3,00000044,fdcf2023
2786,3,00000048,ff9ff06f
2794,3,00000040,00001f17
2800,3,00000044,fdcf2023
2804,3,00000048,ff9ff06f
2812,3,00000040,00001f17
2818,3,00000044,fdcf2023
2822,3,00000048,ff9ff06f
2830,3,00000040,00001f17
2836,3,00000044,fdcf2023
2840,3,00000048,ff9ff06f
2848,3,00000040,00001f17
2854,3,00000044,fdcf2023
2858,3,00000048,ff9ff06f
2866,3,00000040,00001f17
2872,3,00000044,fdcf2023
2876,3,00000048,ff9ff06f
2884,3,00000040,00001f17
2890,3,00000044,fdcf2023
2894,3,00000048,ff9ff06f
2902,3,00000040,00001f17
2908,3,00000044,fdcf2023
2912,3,00000048,ff9ff06f
2920,3,00000040,00001f17
2926,3,00000044,fdcf2023
2930,3,00000048,ff9ff06f
2938,3,00000040,00001f17
2944,3,00000044,fdcf2023
2948,3,00000048,ff9ff06f
2956,3,00000040,00001f17
2962,3,00000044,fdcf2023
2966,3,00000048,ff9ff06f
2974,3,00000040,00001f17
2980,3,00000044,fdcf2023
2984,3,00000048,ff9ff06f
2992,3,00000040,00001f17
2998,3,00000044,fdcf2023
3002,3,00000048,ff9ff06f
3010,3,00000040,00001f17
3016,3,00000044,fdcf2023
3020,3,00000048,ff9ff06f
3028,3,00000040,00001f17
3034,3,00000044,fdcf2023
3038,3,00000048,ff9ff06f
3046,3,00000040,00001f17
3052,3,00000044,fdcf2023
3056,3,00000048,ff9ff06f
3064,3,00000040,00001f17
3070,3,00000044,fdcf2023
3074,3,00000048,ff9ff06f
3082,3,00000040,00001f17
3088,3,00000044,fdcf2023
3092,3,00000048,ff9ff06f
3100,3,00000040,00001f17
3106,3,00000044,fdcf2023
3110,3,00000048,ff9ff06f
3118,3,00000040,00001f17
3124,3,00000044,fdcf2023
3128,3,00000048,ff9ff06f
3136,3,00000040,00001f17
3142,3,00000044,fdcf2023
3146,3,00000048,ff9ff06f
3154,3,00000040,00001f17
3160,3,00000044,fdcf2023
3164,3,00000048,ff9ff06f
3172,3,00000040,00001f17
3178,3,00000044,fdcf2023
3182,3,00000048,ff9ff06f
3190,3,00000040,00001f17
3196,3,00000044,fdcf2023
3200,3,00000048,ff9ff06f
3208,3,00000040,00001f17
3214,3,00000044,fdcf2023
3218,3,00000048,ff9ff06f
3226,3,00000040,00001f17
3232,3,00000044,fdcf2023
3236,3,00000048,ff9ff06f
3244,3,00000040,00001f17
3250,3,00000044,fdcf2023
3254,3,00000048,ff9ff06f
3262,3,00000040,00001f17
3268,3,00000044,fdcf2023
3272,3,00000048,ff9ff06f
3280,3,00000040,00001f17
3286,3,00000044,fdcf2023
3290,3,00000048,ff9ff06f
3298,3,00000040,00001f17
3304,3,00000044,fdcf2023
3308,3,00000048,ff9ff06f
3316,3,00000040,00001f17
3322,3,00000044,fdcf2023
3326,3,00000048,ff9ff06f
3334,3,00000040,00001f17
3340,3,00000044,fdcf2023
3344,3,00000048,ff9ff06f
3352,3,00000040,00001f17
3358,3,00000044,fdcf2023
3362,3,00000048,ff9ff06f
3370,3,00000040,00001f17
3376,3,00000044,fdcf2023
3380,3,00000048,ff9ff06f
3388,3,00000040,00001f17
3394,3,00000044,fdcf2023
3398,3,00000048,ff9ff06f
3406,3,00000040,00001f17
3412,3,00000044,fdcf2023
3416,3,00000048,ff9ff06f
3424,3,00000040,00001f17
3430,3,00000044,fdcf2023
3434,3,00000048,ff9ff06f
3442,3,00000040,00001f17
3448,3,00000044,fdcf2023
3452,3,00000048,ff9ff06f
3460,3,00000040,00001f17
3466,3,00000044,fdcf2023
3470,3,00000048,ff9ff06f
3478,3,00000040,00001f17
3484,3,00000044,fdcf2023
3488,3,00000048,ff9ff06f
3496,3,00000040,00001f17
3502,3,00000044,fdcf2023
3506,3,00000048,ff9ff06f
3514,3,00000040,00001f17
3520,3,00000044,fdcf2023
3524,3,00000048,ff9ff06f
3532,3,00000040,00001f17
3538,3,00000044,fdcf2023
3542,3,00000048,ff9ff06f
3550,3,00000040,00001f17
3556,3,00000044,fdcf2023
3560,3,00000048,ff9ff06f
3568,3,00000040,00001f17
3574,3,00000044,fdcf2023
3578,3,00000048,ff9ff06f
3586,3,00000040,00001f17
3592,3,00000044,fdcf2023
3596,3,00000048,ff9ff06f
3604,3,00000040,00001f17
3610,3,00000044,fdcf2023
3614,3,00000048,ff9ff06f
3622,3,00000040,00001f17
3628,3,00000044,fdcf2023
3632,3,00000048,ff9ff06f
3640,3,00000040,00001f17
3646,3,00000044,fdcf2023
3650,3,00000048,ff9ff06f
3658,3,00000040,00001f17
3664,3,00000044,fdcf2023
3668,3,00000048,ff9ff06f
3676,3,00000040,00001f17
3682,3,00000044,fdcf2023
3686,3,00000048,ff9ff06f
3694,3,00000040,00001f17
3700,3,00000044,fdcf2023
3704,3,00000048,ff9ff06f
3712,3,00000040,00001f17
3718,3,00000044,fdcf2023
3722,3,00000048,ff9ff06f
3730,3,00000040,00001f17
3736,3,00000044,fdcf2023
3740,3,00000048,ff9ff06f
3748,3,00000040,00001f17
3754,3,00000044,fdcf2023
3758,3,00000048,ff9ff06f
3766,3,00000040,00001f17
3772,3,00000044,fdcf2023
3776,3,00000048,ff9ff06f
3784,3,00000040,00001f17
3790,3,00000044,fdcf2023
3794,3,00000048,ff9ff06f
3802,3,00000040,00001f17
3808,3,00000044,fdcf2023
3812,3,00000048,ff9ff06f
3820,3,00000040,00001f17
3826,3,00000044,fdcf2023
3830,3,00000048,ff9ff06f
3838,3,00000040,00001f17
3844,3,00000044,fdcf2023
3848,3,00000048,ff9ff06f
3856,3,00000040,00001f17
3862,3,00000044,fdcf2023
3866,3,00000048,ff9ff06f
3874,3,00000040,00001f17
3880,3,00000044,fdcf2023
3884,3,00000048,ff9ff06f
3892,3,00000040,00001f17
3898,3,00000044,fdcf2023
