44,3,00000000,04c0006f
52,3,0000004c,f1402573
56,3,00000050,00051063
60,3,00000054,00000297
64,3,00000058,01028293
68,3,0000005c,30529073
80,3,00000064,00000297
84,3,00000068,01c28293
88,3,0000006c,30529073
92,3,00000070,fff00293
104,3,00000080,00000297
108,3,00000084,01828293
112,3,00000088,30529073
116,3,0000008c,30205073
120,3,00000090,30305073
124,3,00000094,30405073
128,3,00000098,00000193
132,3,0000009c,00000297
136,3,000000a0,f6828293
140,3,000000a4,30529073
144,3,000000a8,00100513
148,3,000000ac,01f51513
152,3,000000b0,00054863
160,3,000000c0,00000297
164,3,000000c4,f4028293
168,3,000000c8,00028e63
176,3,000000e4,30005073
180,3,000000e8,00000297
184,3,000000ec,01428293
188,3,000000f0,34129073
192,3,000000f4,f1402573
196,3,000000f8,30200073
204,3,000000fc,00100093
208,3,00000100,00009f13
212,3,00000104,00100e93
216,3,00000108,00200193
220,3,0000010c,27df1a63
224,3,00000110,00100093
228,3,00000114,00109f13
232,3,00000118,00200e93
236,3,0000011c,00300193
240,3,00000120,27df1063
244,3,00000124,00100093
248,3,00000128,00709f13
252,3,0000012c,08000e93
256,3,00000130,00400193
260,3,00000134,25df1663
264,3,00000138,00100093
268,3,0000013c,00e09f13
272,3,00000140,00004eb7
276,3,00000144,00500193
280,3,00000148,23df1c63
284,3,0000014c,00100093
288,3,00000150,01f09f13
292,3,00000154,80000eb7
296,3,00000158,00600193
300,3,0000015c,23df1263
304,3,00000160,fff00093
308,3,00000164,00009f13
312,3,00000168,fff00e93
316,3,0000016c,00700193
320,3,00000170,21df1863
324,3,00000174,fff00093
328,3,00000178,00109f13
332,3,0000017c,ffe00e93
336,3,00000180,00800193
340,3,00000184,1fdf1e63
344,3,00000188,fff00093
348,3,0000018c,00709f13
352,3,00000190,f8000e93
356,3,00000194,00900193
360,3,00000198,1fdf1463
364,3,0000019c,fff00093
368,3,000001a0,00e09f13
372,3,000001a4,ffffceb7
376,3,000001a8,00a00193
380,3,000001ac,1ddf1a63
384,3,000001b0,fff00093
388,3,000001b4,01f09f13
392,3,000001b8,80000eb7
396,3,000001bc,00b00193
400,3,000001c0,1ddf1063
404,3,000001c4,212120b7
408,3,000001c8,12108093
412,3,000001cc,00009f13
416,3,000001d0,21212eb7
420,3,000001d4,121e8e93
424,3,000001d8,00c00193
428,3,000001dc,1bdf1263
432,3,000001e0,212120b7
436,3,000001e4,12108093
440,3,000001e8,00109f13
444,3,000001ec,42424eb7
448,3,000001f0,242e8e93
452,3,000001f4,00d00193
456,3,000001f8,19df1463
460,3,000001fc,212120b7
464,3,00000200,12108093
468,3,00000204,00709f13
472,3,00000208,90909eb7
476,3,0000020c,080e8e93
480,3,00000210,00e00193
484,3,00000214,17df1663
488,3,00000218,212120b7
492,3,0000021c,12108093
496,3,00000220,00e09f13
500,3,00000224,48484eb7
504,3,00000228,00f00193
508,3,0000022c,15df1a63
512,3,00000230,212120b7
516,3,00000234,12108093
520,3,00000238,01f09f13
524,3,0000023c,80000eb7
528,3,00000240,01000193
532,3,00000244,13df1e63
536,3,00000248,00100093
540,3,0000024c,00709093
544,3,00000250,08000e93
548,3,00000254,01100193
552,3,00000258,13d09463
556,3,0000025c,00000213
560,3,00000260,00100093
564,3,00000264,00709f13
568,3,00000268,000f0313
572,3,0000026c,00120213
576,3,00000270,00200293
580,3,00000274,fe5216e3
588,3,00000260,00100093
592,3,00000264,00709f13
596,3,00000268,000f0313
600,3,0000026c,00120213
604,3,00000270,00200293
608,3,00000274,fe5216e3
612,3,00000278,08000e93
616,3,0000027c,01200193
620,3,00000280,11d31063
624,3,00000284,00000213
628,3,00000288,00100093
632,3,0000028c,00e09f13
636,3,00000290,00000013
640,3,00000294,000f0313
644,3,00000298,00120213
648,3,0000029c,00200293
652,3,000002a0,fe5214e3
660,3,00000288,00100093
664,3,0000028c,00e09f13
668,3,00000290,00000013
672,3,00000294,000f0313
676,3,00000298,00120213
680,3,0000029c,00200293
684,3,000002a0,fe5214e3
688,3,000002a4,00004eb7
692,3,000002a8,01300193
696,3,000002ac,0dd31a63
700,3,000002b0,00000213
704,3,000002b4,00100093
708,3,000002b8,01f09f13
712,3,000002bc,00000013
716,3,000002c0,00000013
720,3,000002c4,000f0313
724,3,000002c8,00120213
728,3,000002cc,00200293
732,3,000002d0,fe5212e3
740,3,000002b4,00100093
744,3,000002b8,01f09f13
748,3,000002bc,00000013
752,3,000002c0,00000013
756,3,000002c4,000f0313
760,3,000002c8,00120213
764,3,000002cc,00200293
768,3,000002d0,fe5212e3
772,3,000002d4,80000eb7
776,3,000002d8,01400193
780,3,000002dc,0bd31263
784,3,000002e0,00000213
788,3,000002e4,00100093
792,3,000002e8,00709f13
796,3,000002ec,00120213
800,3,000002f0,00200293
804,3,000002f4,fe5218e3
812,3,000002e4,00100093
816,3,000002e8,00709f13
820,3,000002ec,00120213
824,3,000002f0,00200293
828,3,000002f4,fe5218e3
832,3,000002f8,08000e93
836,3,000002fc,01500193
840,3,00000300,09df1063
844,3,00000304,00000213
848,3,00000308,00100093
852,3,0000030c,00000013
856,3,00000310,00e09f13
860,3,00000314,00120213
864,3,00000318,00200293
868,3,0000031c,fe5216e3
876,3,00000308,00100093
880,3,0000030c,00000013
884,3,00000310,00e09f13
888,3,00000314,00120213
892,3,00000318,00200293
896,3,0000031c,fe5216e3
900,3,00000320,00004eb7
904,3,00000324,01600193
908,3,00000328,05df1c63
912,3,0000032c,00000213
916,3,00000330,00100093
920,3,00000334,00000013
924,3,00000338,00000013
928,3,0000033c,01f09f13
932,3,00000340,00120213
936,3,00000344,00200293
940,3,00000348,fe5214e3
948,3,00000330,00100093
952,3,00000334,00000013
956,3,00000338,00000013
960,3,0000033c,01f09f13
964,3,00000340,00120213
968,3,00000344,00200293
972,3,00000348,fe5214e3
976,3,0000034c,80000eb7
980,3,00000350,01700193
984,3,00000354,03df1663
988,3,00000358,01f01093
992,3,0000035c,00000e93
996,3,00000360,01800193
1000,3,00000364,01d09e63
1004,3,00000368,02100093
1008,3,0000036c,01409013
1012,3,00000370,00000e93
1016,3,00000374,01900193
1020,3,00000378,01d01463
1024,3,0000037c,00301c63
1032,3,00000394,0ff0000f
1036,3,00000398,00100193
1040,3,0000039c,00000073
1048,3,00000004,34202f73
1052,3,00000008,00800f93
1056,3,0000000c,03ff0a63
1060,3,00000010,00900f93
1064,3,00000014,03ff0663
1068,3,00000018,00b00f93
1072,3,0000001c,03ff0263
1080,3,00000040,00001f17
1086,3,00000044,fc3f2023
1090,3,00000048,ff9ff06f
1098,3,00000040,00001f17
1104,3,00000044,fc3f2023
1108,3,00000048,ff9ff06f
1116,3,00000040,00001f17
1122,3,00000044,fc3f2023
1126,3,00000048,ff9ff06f
1134,3,00000040,00001f17
1140,3,00000044,fc3f2023
1144,3,00000048,ff9ff06f
1152,3,00000040,00001f17
1158,3,00000044,fc3f2023
1162,3,00000048,ff9ff06f
1170,3,00000040,00001f17
1176,3,00000044,fc3f2023
1180,3,00000048,ff9ff06f
1188,3,00000040,00001f17
1194,3,00000044,fc3f2023
1198,3,00000048,ff9ff06f
1206,3,00000040,00001f17
1212,3,00000044,fc3f2023
1216,3,00000048,ff9ff06f
1224,3,00000040,00001f17
1230,3,00000044,fc3f2023
1234,3,00000048,ff9ff06f
1242,3,00000040,00001f17
1248,3,00000044,fc3f2023
1252,3,00000048,ff9ff06f
1260,3,00000040,00001f17
1266,3,00000044,fc3f2023
1270,3,00000048,ff9ff06f
1278,3,00000040,00001f17
1284,3,00000044,fc3f2023
1288,3,00000048,ff9ff06f
1296,3,00000040,00001f17
1302,3,00000044,fc3f2023
1306,3,00000048,ff9ff06f
1314,3,00000040,00001f17
1320,3,00000044,fc3f2023
1324,3,00000048,ff9ff06f
1332,3,00000040,00001f17
1338,3,00000044,fc3f2023
1342,3,00000048,ff9ff06f
1350,3,00000040,00001f17
1356,3,00000044,fc3f2023
1360,3,00000048,ff9ff06f
1368,3,00000040,00001f17
1374,3,00000044,fc3f2023
1378,3,00000048,ff9ff06f
1386,3,00000040,00001f17
1392,3,00000044,fc3f2023
1396,3,00000048,ff9ff06f
1404,3,00000040,00001f17
1410,3,00000044,fc3f2023
1414,3,00000048,ff9ff06f
1422,3,00000040,00001f17
1428,3,00000044,fc3f2023
1432,3,00000048,ff9ff06f
1440,3,00000040,00001f17
1446,3,00000044,fc3f2023
1450,3,00000048,ff9ff06f
1458,3,00000040,00001f17
1464,3,00000044,fc3f2023
1468,3,00000048,ff9ff06f
1476,3,00000040,00001f17
1482,3,00000044,fc3f2023
1486,3,00000048,ff9ff06f
1494,3,00000040,00001f17
1500,3,00000044,fc3f2023
1504,3,00000048,ff9ff06f
1512,3,00000040,00001f17
1518,3,00000044,fc3f2023
1522,3,00000048,ff9ff06f
1530,3,00000040,00001f17
1536,3,00000044,fc3f2023
1540,3,00000048,ff9ff06f
1548,3,00000040,00001f17
1554,3,00000044,fc3f2023
1558,3,00000048,ff9ff06f
1566,3,00000040,00001f17
1572,3,00000044,fc3f2023
1576,3,00000048,ff9ff06f
1584,3,00000040,00001f17
1590,3,00000044,fc3f2023
1594,3,00000048,ff9ff06f
1602,3,00000040,00001f17
1608,3,00000044,fc3f2023
1612,3,00000048,ff9ff06f
1620,3,00000040,00001f17
1626,3,00000044,fc3f2023
1630,3,00000048,ff9ff06f
1638,3,00000040,00001f17
1644,3,00000044,fc3f2023
1648,3,00000048,ff9ff06f
1656,3,00000040,00001f17
1662,3,00000044,fc3f2023
1666,3,00000048,ff9ff06f
1674,3,00000040,00001f17
1680,3,00000044,fc3f2023
1684,3,00000048,ff9ff06f
1692,3,00000040,00001f17
1698,3,00000044,fc3f2023
1702,3,00000048,ff9ff06f
1710,3,00000040,00001f17
1716,3,00000044,fc3f2023
1720,3,00000048,ff9ff06f
1728,3,00000040,00001f17
1734,3,00000044,fc3f2023
1738,3,00000048,ff9ff06f
1746,3,00000040,00001f17
1752,3,00000044,fc3f2023
1756,3,00000048,ff9ff06f
1764,3,00000040,00001f17
1770,3,00000044,fc3f2023
1774,3,00000048,ff9ff06f
1782,3,00000040,00001f17
1788,3,00000044,fc3f2023
1792,3,00000048,ff9ff06f
1800,3,00000040,00001f17
1806,3,00000044,fc3f2023
1810,3,00000048,ff9ff06f
1818,3,00000040,00001f17
1824,3,00000044,fc3f2023
1828,3,00000048,ff9ff06f
1836,3,00000040,00001f17
1842,3,00000044,fc3f2023
1846,3,00000048,ff9ff06f
1854,3,00000040,00001f17
1860,3,00000044,fc3f2023
1864,3,00000048,ff9ff06f
1872,3,00000040,00001f17
1878,3,00000044,fc3f2023
1882,3,00000048,ff9ff06f
1890,3,00000040,00001f17
1896,3,00000044,fc3f2023
1900,3,00000048,ff9ff06f
1908,3,00000040,00001f17
1914,3,00000044,fc3f2023
1918,3,00000048,ff9ff06f
1926,3,00000040,00001f17
1932,3,00000044,fc3f2023
1936,3,00000048,ff9ff06f
1944,3,00000040,00001f17
1950,3,00000044,fc3f2023
1954,3,00000048,ff9ff06f
1962,3,00000040,00001f17
1968,3,00000044,fc3f2023
1972,3,00000048,ff9ff06f
1980,3,00000040,00001f17
1986,3,00000044,fc3f2023
1990,3,00000048,ff9ff06f
1998,3,00000040,00001f17
2004,3,00000044,fc3f2023
2008,3,00000048,ff9ff06f
2016,3,00000040,00001f17
2022,3,00000044,fc3f2023
2026,3,00000048,ff9ff06f
2034,3,00000040,00001f17
2040,3,00000044,fc3f2023
2044,3,00000048,ff9ff06f
2052,3,00000040,00001f17
2058,3,00000044,fc3f2023
2062,3,00000048,ff9ff06f
2070,3,00000040,00001f17
2076,3,00000044,fc3f2023
2080,3,00000048,ff9ff06f
2088,3,00000040,00001f17
2094,3,00000044,fc3f2023
2098,3,00000048,ff9ff06f
2106,3,00000040,00001f17
2112,3,00000044,fc3f2023
2116,3,00000048,ff9ff06f
2124,3,00000040,00001f17
2130,3,00000044,fc3f2023
2134,3,00000048,ff9ff06f
2142,3,00000040,00001f17
2148,3,00000044,fc3f2023
2152,3,00000048,ff9ff06f
2160,3,00000040,00001f17
2166,3,00000044,fc3f2023
2170,3,00000048,ff9ff06f
2178,3,00000040,00001f17
2184,3,00000044,fc3f2023
2188,3,00000048,ff9ff06f
2196,3,00000040,00001f17
2202,3,00000044,fc3f2023
2206,3,00000048,ff9ff06f
2214,3,00000040,00001f17
2220,3,00000044,fc3f2023
2224,3,00000048,ff9ff06f
2232,3,00000040,00001f17
2238,3,00000044,fc3f2023
2242,3,00000048,ff9ff06f
2250,3,00000040,00001f17
2256,3,00000044,fc3f2023
2260,3,00000048,ff9ff06f
2268,3,00000040,00001f17
2274,3,00000044,fc3f2023
2278,3,00000048,ff9ff06f
2286,3,00000040,00001f17
2292,3,00000044,fc3f2023
2296,3,00000048,ff9ff06f
2304,3,00000040,00001f17
2310,3,00000044,fc3f2023
2314,3,00000048,ff9ff06f
2322,3,00000040,00001f17
2328,3,00000044,fc3f2023
2332,3,00000048,ff9ff06f
2340,3,00000040,00001f17
2346,3,00000044,fc3f2023
2350,3,00000048,ff9ff06f
2358,3,00000040,00001f17
2364,3,00000044,fc3f2023
2368,3,00000048,ff9ff06f
2376,3,00000040,00001f17
2382,3,00000044,fc3f2023
2386,3,00000048,ff9ff06f
2394,3,00000040,00001f17
2400,3,00000044,fc3f2023
2404,3,00000048,ff9ff06f
2412,3,00000040,00001f17
2418,3,00000044,fc3f2023
2422,3,00000048,ff9ff06f
2430,3,00000040,00001f17
2436,3,00000044,fc3f2023
2440,3,00000048,ff9ff06f
2448,3,00000040,00001f17
2454,3,00000044,fc3f2023
2458,3,00000048,ff9ff06f
2466,3,00000040,00001f17
2472,3,00000044,fc3f2023
2476,3,00000048,ff9ff06f
2484,3,00000040,00001f17
2490,3,00000044,fc3f2023
2494,3,00000048,ff9ff06f
2502,3,00000040,00001f17
2508,3,00000044,fc3f2023
2512,3,00000048,ff9ff06f
2520,3,00000040,00001f17
2526,3,00000044,fc3f2023
2530,3,00000048,ff9ff06f
2538,3,00000040,00001f17
2544,3,00000044,fc3f2023
2548,3,00000048,ff9ff06f
2556,3,00000040,00001f17
2562,3,00000044,fc3f2023
2566,3,00000048,ff9ff06f
2574,3,00000040,00001f17
2580,3,00000044,fc3f2023
2584,3,00000048,ff9ff06f
2592,3,00000040,00001f17
2598,3,00000044,fc3f2023
2602,3,00000048,ff9ff06f
2610,3,00000040,00001f17
2616,3,00000044,fc3f2023
2620,3,00000048,ff9ff06f
2628,3,00000040,00001f17
2634,3,00000044,fc3f2023
2638,3,00000048,ff9ff06f
2646,3,00000040,00001f17
2652,3,00000044,fc3f2023
2656,3,00000048,ff9ff06f
2664,3,00000040,00001f17
2670,3,00000044,fc3f2023
2674,3,00000048,ff9ff06f
2682,3,00000040,00001f17
2688,3,00000044,fc3f2023
2692,3,00000048,ff9ff06f
2700,3,00000040,00001f17
2706,3,00000044,fc3f2023
2710,3,00000048,ff9ff06f
2718,3,00000040,00001f17
2724,3,00000044,fc3f2023
2728,3,00000048,ff9ff06f
2736,3,00000040,00001f17
2742,3,00000044,fc3f2023
2746,3,00000048,ff9ff06f
2754,3,00000040,00001f17
2760,3,00000044,fc3f2023
2764,3,00000048,ff9ff06f
2772,3,00000040,00001f17
2778,3,00000044,fc3f2023
2782,3,00000048,ff9ff06f
2790,3,00000040,00001f17
2796,3,00000044,fc3f2023
2800,3,00000048,ff9ff06f
2808,3,00000040,00001f17
2814,3,00000044,fc3f2023
2818,3,00000048,ff9ff06f
2826,3,00000040,00001f17
2832,3,00000044,fc3f2023
2836,3,00000048,ff9ff06f
2844,3,00000040,00001f17
2850,3,00000044,fc3f2023
2854,3,00000048,ff9ff06f
2862,3,00000040,00001f17
2868,3,00000044,fc3f2023
2872,3,00000048,ff9ff06f
2880,3,00000040,00001f17
2886,3,00000044,fc3f2023
2890,3,00000048,ff9ff06f
2898,3,00000040,00001f17
2904,3,00000044,fc3f2023
2908,3,00000048,ff9ff06f
2916,3,00000040,00001f17
2922,3,00000044,fc3f2023
2926,3,00000048,ff9ff06f
2934,3,00000040,00001f17
2940,3,00000044,fc3f2023
2944,3,00000048,ff9ff06f
2952,3,00000040,00001f17
2958,3,00000044,fc3f2023
2962,3,00000048,ff9ff06f
2970,3,00000040,00001f17
2976,3,00000044,fc3f2023
2980,3,00000048,ff9ff06f
2988,3,00000040,00001f17
2994,3,00000044,fc3f2023
2998,3,00000048,ff9ff06f
