44,3,00000000,04c0006f
52,3,0000004c,f1402573
56,3,00000050,00051063
60,3,00000054,30102573
64,3,00000058,00055863
72,3,00000068,00000e13
76,3,0000006c,00000297
80,3,00000070,f9828293
84,3,00000074,30529073
88,3,00000078,30205073
92,3,0000007c,30305073
96,3,00000080,30405073
100,3,00000084,00000297
104,3,00000088,f7c28293
108,3,0000008c,00028c63
116,3,000000a4,30005073
120,3,000000a8,00000297
124,3,000000ac,01428293
128,3,000000b0,34129073
132,3,000000b4,f1402573
136,3,000000b8,30200073
144,3,000000bc,00000093
148,3,000000c0,00000113
152,3,000000c4,0020b1b3
156,3,000000c8,00000e93
160,3,000000cc,00200e13
164,3,000000d0,4bd19a63
168,3,000000d4,00100093
172,3,000000d8,00100113
176,3,000000dc,0020b1b3
180,3,000000e0,00000e93
184,3,000000e4,00300e13
188,3,000000e8,49d19e63
192,3,000000ec,00300093
196,3,000000f0,00700113
200,3,000000f4,0020b1b3
204,3,000000f8,00100e93
208,3,000000fc,00400e13
212,3,00000100,49d19263
216,3,00000104,00700093
220,3,00000108,00300113
224,3,0000010c,0020b1b3
228,3,00000110,00000e93
232,3,00000114,00500e13
236,3,00000118,47d19663
240,3,0000011c,00000093
244,3,00000120,ffff8137
248,3,00000124,0020b1b3
252,3,00000128,00100e93
256,3,0000012c,00600e13
260,3,00000130,45d19a63
264,3,00000134,800000b7
268,3,00000138,00000113
272,3,0000013c,0020b1b3
276,3,00000140,00000e93
280,3,00000144,00700e13
284,3,00000148,43d19e63
288,3,0000014c,800000b7
292,3,00000150,ffff8137
296,3,00000154,0020b1b3
300,3,00000158,00100e93
304,3,0000015c,00800e13
308,3,00000160,43d19263
312,3,00000164,00000093
316,3,00000168,00008137
320,3,0000016c,fff10113
324,3,00000170,0020b1b3
328,3,00000174,00100e93
332,3,00000178,00900e13
336,3,0000017c,41d19463
340,3,00000180,800000b7
344,3,00000184,fff08093
348,3,00000188,00000113
352,3,0000018c,0020b1b3
356,3,00000190,00000e93
360,3,00000194,00a00e13
364,3,00000198,3fd19663
368,3,0000019c,800000b7
372,3,000001a0,fff08093
376,3,000001a4,00008137
380,3,000001a8,fff10113
384,3,000001ac,0020b1b3
388,3,000001b0,00000e93
392,3,000001b4,00b00e13
396,3,000001b8,3dd19663
400,3,000001bc,800000b7
404,3,000001c0,00008137
408,3,000001c4,fff10113
412,3,000001c8,0020b1b3
416,3,000001cc,00000e93
420,3,000001d0,00c00e13
424,3,000001d4,3bd19863
428,3,000001d8,800000b7
432,3,000001dc,fff08093
436,3,000001e0,ffff8137
440,3,000001e4,0020b1b3
444,3,000001e8,00100e93
448,3,000001ec,00d00e13
452,3,000001f0,39d19a63
456,3,000001f4,00000093
460,3,000001f8,fff00113
464,3,000001fc,0020b1b3
468,3,00000200,00100e93
472,3,00000204,00e00e13
476,3,00000208,37d19e63
480,3,0000020c,fff00093
484,3,00000210,00100113
488,3,00000214,0020b1b3
492,3,00000218,00000e93
496,3,0000021c,00f00e13
500,3,00000220,37d19263
504,3,00000224,fff00093
508,3,00000228,fff00113
512,3,0000022c,0020b1b3
516,3,00000230,00000e93
520,3,00000234,01000e13
524,3,00000238,35d19663
528,3,0000023c,00e00093
532,3,00000240,00d00113
536,3,00000244,0020b0b3
540,3,00000248,00000e93
544,3,0000024c,01100e13
548,3,00000250,33d09a63
552,3,00000254,00b00093
556,3,00000258,00d00113
560,3,0000025c,0020b133
564,3,00000260,00100e93
568,3,00000264,01200e13
572,3,00000268,31d11e63
576,3,0000026c,00d00093
580,3,00000270,0010b0b3
584,3,00000274,00000e93
588,3,00000278,01300e13
592,3,0000027c,31d09463
596,3,00000280,00000213
600,3,00000284,00b00093
604,3,00000288,00d00113
608,3,0000028c,0020b1b3
612,3,00000290,00018313
616,3,00000294,00120213
620,3,00000298,00200293
624,3,0000029c,fe5214e3
632,3,00000284,00b00093
636,3,00000288,00d00113
640,3,0000028c,0020b1b3
644,3,00000290,00018313
648,3,00000294,00120213
652,3,00000298,00200293
656,3,0000029c,fe5214e3
660,3,000002a0,00100e93
664,3,000002a4,01400e13
668,3,000002a8,2dd31e63
672,3,000002ac,00000213
676,3,000002b0,00e00093
680,3,000002b4,00d00113
684,3,000002b8,0020b1b3
688,3,000002bc,00000013
692,3,000002c0,00018313
696,3,000002c4,00120213
700,3,000002c8,00200293
704,3,000002cc,fe5212e3
712,3,000002b0,00e00093
716,3,000002b4,00d00113
720,3,000002b8,0020b1b3
724,3,000002bc,00000013
728,3,000002c0,00018313
732,3,000002c4,00120213
736,3,000002c8,00200293
740,3,000002cc,fe5212e3
744,3,000002d0,00000e93
748,3,000002d4,01500e13
752,3,000002d8,2bd31663
756,3,000002dc,00000213
760,3,000002e0,00c00093
764,3,000002e4,00d00113
768,3,000002e8,0020b1b3
772,3,000002ec,00000013
776,3,000002f0,00000013
780,3,000002f4,00018313
784,3,000002f8,00120213
788,3,000002fc,00200293
792,3,00000300,fe5210e3
800,3,000002e0,00c00093
804,3,000002e4,00d00113
808,3,000002e8,0020b1b3
812,3,000002ec,00000013
816,3,000002f0,00000013
820,3,000002f4,00018313
824,3,000002f8,00120213
828,3,000002fc,00200293
832,3,00000300,fe5210e3
836,3,00000304,00100e93
840,3,00000308,01600e13
844,3,0000030c,27d31c63
848,3,00000310,00000213
852,3,00000314,00e00093
856,3,00000318,00d00113
860,3,0000031c,0020b1b3
864,3,00000320,00120213
868,3,00000324,00200293
872,3,00000328,fe5216e3
880,3,00000314,00e00093
884,3,00000318,00d00113
888,3,0000031c,0020b1b3
892,3,00000320,00120213
896,3,00000324,00200293
900,3,00000328,fe5216e3
904,3,0000032c,00000e93
908,3,00000330,01700e13
912,3,00000334,25d19863
916,3,00000338,00000213
920,3,0000033c,00b00093
924,3,00000340,00d00113
928,3,00000344,00000013
932,3,00000348,0020b1b3
936,3,0000034c,00120213
940,3,00000350,00200293
944,3,00000354,fe5214e3
952,3,0000033c,00b00093
956,3,00000340,00d00113
960,3,00000344,00000013
964,3,00000348,0020b1b3
968,3,0000034c,00120213
972,3,00000350,00200293
976,3,00000354,fe5214e3
980,3,00000358,00100e93
984,3,0000035c,01800e13
988,3,00000360,23d19263
992,3,00000364,00000213
996,3,00000368,00f00093
1000,3,0000036c,00d00113
1004,3,00000370,00000013
1008,3,00000374,00000013
1012,3,00000378,0020b1b3
1016,3,0000037c,00120213
1020,3,00000380,00200293
1024,3,00000384,fe5212e3
1032,3,00000368,00f00093
1036,3,0000036c,00d00113
1040,3,00000370,00000013
1044,3,00000374,00000013
1048,3,00000378,0020b1b3
1052,3,0000037c,00120213
1056,3,00000380,00200293
1060,3,00000384,fe5212e3
1064,3,00000388,00000e93
1068,3,0000038c,01900e13
1072,3,00000390,1fd19a63
1076,3,00000394,00000213
1080,3,00000398,00a00093
1084,3,0000039c,00000013
1088,3,000003a0,00d00113
1092,3,000003a4,0020b1b3
1096,3,000003a8,00120213
1100,3,000003ac,00200293
1104,3,000003b0,fe5214e3
1112,3,00000398,00a00093
1116,3,0000039c,00000013
1120,3,000003a0,00d00113
1124,3,000003a4,0020b1b3
1128,3,000003a8,00120213
1132,3,000003ac,00200293
1136,3,000003b0,fe5214e3
1140,3,000003b4,00100e93
1144,3,000003b8,01a00e13
1148,3,000003bc,1dd19463
1152,3,000003c0,00000213
1156,3,000003c4,01000093
1160,3,000003c8,00000013
1164,3,000003cc,00d00113
1168,3,000003d0,00000013
1172,3,000003d4,0020b1b3
1176,3,000003d8,00120213
1180,3,000003dc,00200293
1184,3,000003e0,fe5212e3
1192,3,000003c4,01000093
1196,3,000003c8,00000013
1200,3,000003cc,00d00113
1204,3,000003d0,00000013
1208,3,000003d4,0020b1b3
1212,3,000003d8,00120213
1216,3,000003dc,00200293
1220,3,000003e0,fe5212e3
1224,3,000003e4,00000e93
1228,3,000003e8,01b00e13
1232,3,000003ec,19d19c63
1236,3,000003f0,00000213
1240,3,000003f4,00900093
1244,3,000003f8,00000013
1248,3,000003fc,00000013
1252,3,00000400,00d00113
1256,3,00000404,0020b1b3
1260,3,00000408,00120213
1264,3,0000040c,00200293
1268,3,00000410,fe5212e3
1276,3,000003f4,00900093
1280,3,000003f8,00000013
1284,3,000003fc,00000013
1288,3,00000400,00d00113
1292,3,00000404,0020b1b3
1296,3,00000408,00120213
1300,3,0000040c,00200293
1304,3,00000410,fe5212e3
1308,3,00000414,00100e93
1312,3,00000418,01c00e13
1316,3,0000041c,17d19463
1320,3,00000420,00000213
1324,3,00000424,00d00113
1328,3,00000428,01100093
1332,3,0000042c,0020b1b3
1336,3,00000430,00120213
1340,3,00000434,00200293
1344,3,00000438,fe5216e3
1352,3,00000424,00d00113
1356,3,00000428,01100093
1360,3,0000042c,0020b1b3
1364,3,00000430,00120213
1368,3,00000434,00200293
1372,3,00000438,fe5216e3
1376,3,0000043c,00000e93
1380,3,00000440,01d00e13
1384,3,00000444,15d19063
1388,3,00000448,00000213
1392,3,0000044c,00d00113
1396,3,00000450,00800093
1400,3,00000454,00000013
1404,3,00000458,0020b1b3
1408,3,0000045c,00120213
1412,3,00000460,00200293
1416,3,00000464,fe5214e3
1424,3,0000044c,00d00113
1428,3,00000450,00800093
1432,3,00000454,00000013
1436,3,00000458,0020b1b3
1440,3,0000045c,00120213
1444,3,00000460,00200293
1448,3,00000464,fe5214e3
1452,3,00000468,00100e93
1456,3,0000046c,01e00e13
1460,3,00000470,11d19a63
1464,3,00000474,00000213
1468,3,00000478,00d00113
1472,3,0000047c,01200093
1476,3,00000480,00000013
1480,3,00000484,00000013
1484,3,00000488,0020b1b3
1488,3,0000048c,00120213
1492,3,00000490,00200293
1496,3,00000494,fe5212e3
1504,3,00000478,00d00113
1508,3,0000047c,01200093
1512,3,00000480,00000013
1516,3,00000484,00000013
1520,3,00000488,0020b1b3
1524,3,0000048c,00120213
1528,3,00000490,00200293
1532,3,00000494,fe5212e3
1536,3,00000498,00000e93
1540,3,0000049c,01f00e13
1544,3,000004a0,0fd19263
1548,3,000004a4,00000213
1552,3,000004a8,00d00113
1556,3,000004ac,00000013
1560,3,000004b0,00700093
1564,3,000004b4,0020b1b3
1568,3,000004b8,00120213
1572,3,000004bc,00200293
1576,3,000004c0,fe5214e3
1584,3,000004a8,00d00113
1588,3,000004ac,00000013
1592,3,000004b0,00700093
1596,3,000004b4,0020b1b3
1600,3,000004b8,00120213
1604,3,000004bc,00200293
1608,3,000004c0,fe5214e3
1612,3,000004c4,00100e93
1616,3,000004c8,02000e13
1620,3,000004cc,0bd19c63
1624,3,000004d0,00000213
1628,3,000004d4,00d00113
1632,3,000004d8,00000013
1636,3,000004dc,01300093
1640,3,000004e0,00000013
1644,3,000004e4,0020b1b3
1648,3,000004e8,00120213
1652,3,000004ec,00200293
1656,3,000004f0,fe5212e3
1664,3,000004d4,00d00113
1668,3,000004d8,00000013
1672,3,000004dc,01300093
1676,3,000004e0,00000013
1680,3,000004e4,0020b1b3
1684,3,000004e8,00120213
1688,3,000004ec,00200293
1692,3,000004f0,fe5212e3
1696,3,000004f4,00000e93
1700,3,000004f8,02100e13
1704,3,000004fc,09d19463
1708,3,00000500,00000213
1712,3,00000504,00d00113
1716,3,00000508,00000013
1720,3,0000050c,00000013
1724,3,00000510,00600093
1728,3,00000514,0020b1b3
1732,3,00000518,00120213
1736,3,0000051c,00200293
1740,3,00000520,fe5212e3
1748,3,00000504,00d00113
1752,3,00000508,00000013
1756,3,0000050c,00000013
1760,3,00000510,00600093
1764,3,00000514,0020b1b3
1768,3,00000518,00120213
1772,3,0000051c,00200293
1776,3,00000520,fe5212e3
1780,3,00000524,00100e93
1784,3,00000528,02200e13
1788,3,0000052c,05d19c63
1792,3,00000530,fff00093
1796,3,00000534,00103133
1800,3,00000538,00100e93
1804,3,0000053c,02300e13
1808,3,00000540,05d11263
1812,3,00000544,fff00093
1816,3,00000548,0000b133
1820,3,0000054c,00000e93
1824,3,00000550,02400e13
1828,3,00000554,03d11863
1832,3,00000558,000030b3
1836,3,0000055c,00000e93
1840,3,00000560,02500e13
1844,3,00000564,03d09063
1848,3,00000568,01000093
1852,3,0000056c,01e00113
1856,3,00000570,0020b033
1860,3,00000574,00000e93
1864,3,00000578,02600e13
1868,3,0000057c,01d01463
1872,3,00000580,01c01c63
1880,3,00000598,0ff0000f
1884,3,0000059c,00100e13
1888,3,000005a0,00000073
1896,3,00000004,34202f73
1900,3,00000008,00800f93
1904,3,0000000c,03ff0a63
1908,3,00000010,00900f93
1912,3,00000014,03ff0663
1916,3,00000018,00b00f93
1920,3,0000001c,03ff0263
1928,3,00000040,00001f17
1934,3,00000044,fdcf2023
1938,3,00000048,ff9ff06f
1946,3,00000040,00001f17
1952,3,00000044,fdcf2023
1956,3,00000048,ff9ff06f
1964,3,00000040,00001f17
1970,3,00000044,fdcf2023
1974,3,00000048,ff9ff06f
1982,3,00000040,00001f17
1988,3,00000044,fdcf2023
1992,3,00000048,ff9ff06f
2000,3,00000040,00001f17
2006,3,00000044,fdcf2023
2010,3,00000048,ff9ff06f
2018,3,00000040,00001f17
2024,3,00000044,fdcf2023
2028,3,00000048,ff9ff06f
2036,3,00000040,00001f17
2042,3,00000044,fdcf2023
2046,3,00000048,ff9ff06f
2054,3,00000040,00001f17
2060,3,00000044,fdcf2023
2064,3,00000048,ff9ff06f
2072,3,00000040,00001f17
2078,3,00000044,fdcf2023
2082,3,00000048,ff9ff06f
2090,3,00000040,00001f17
2096,3,00000044,fdcf2023
2100,3,00000048,ff9ff06f
2108,3,00000040,00001f17
2114,3,00000044,fdcf2023
2118,3,00000048,ff9ff06f
2126,3,00000040,00001f17
2132,3,00000044,fdcf2023
2136,3,00000048,ff9ff06f
2144,3,00000040,00001f17
2150,3,00000044,fdcf2023
2154,3,00000048,ff9ff06f
2162,3,00000040,00001f17
2168,3,00000044,fdcf2023
2172,3,00000048,ff9ff06f
2180,3,00000040,00001f17
2186,3,00000044,fdcf2023
2190,3,00000048,ff9ff06f
2198,3,00000040,00001f17
2204,3,00000044,fdcf2023
2208,3,00000048,ff9ff06f
2216,3,00000040,00001f17
2222,3,00000044,fdcf2023
2226,3,00000048,ff9ff06f
2234,3,00000040,00001f17
2240,3,00000044,fdcf2023
2244,3,00000048,ff9ff06f
2252,3,00000040,00001f17
2258,3,00000044,fdcf2023
2262,3,00000048,ff9ff06f
2270,3,00000040,00001f17
2276,3,00000044,fdcf2023
2280,3,00000048,ff9ff06f
2288,3,00000040,00001f17
2294,3,00000044,fdcf2023
2298,3,00000048,ff9ff06f
2306,3,00000040,00001f17
2312,3,00000044,fdcf2023
2316,3,00000048,ff9ff06f
2324,3,00000040,00001f17
2330,3,00000044,fdcf2023
2334,3,00000048,ff9ff06f
2342,3,00000040,00001f17
2348,3,00000044,fdcf2023
2352,3,00000048,ff9ff06f
2360,3,00000040,00001f17
2366,3,00000044,fdcf2023
2370,3,00000048,ff9ff06f
2378,3,00000040,00001f17
2384,3,00000044,fdcf2023
2388,3,00000048,ff9ff06f
2396,3,00000040,00001f17
2402,3,00000044,fdcf2023
2406,3,00000048,ff9ff06f
2414,3,00000040,00001f17
2420,3,00000044,fdcf2023
2424,3,00000048,ff9ff06f
2432,3,00000040,00001f17
2438,3,00000044,fdcf2023
2442,3,00000048,ff9ff06f
2450,3,00000040,00001f17
2456,3,00000044,fdcf2023
2460,3,00000048,ff9ff06f
2468,3,00000040,00001f17
2474,3,00000044,fdcf2023
2478,3,00000048,ff9ff06f
2486,3,00000040,00001f17
2492,3,00000044,fdcf2023
2496,3,00000048,ff9ff06f
2504,3,00000040,00001f17
2510,3,00000044,fdcf2023
2514,3,00000048,ff9ff06f
2522,3,00000040,00001f17
2528,3,00000044,fdcf2023
2532,3,00000048,ff9ff06f
2540,3,00000040,00001f17
2546,3,00000044,fdcf2023
2550,3,00000048,ff9ff06f
2558,3,00000040,00001f17
2564,3,00000044,fdcf2023
2568,3,00000048,ff9ff06f
2576,3,00000040,00001f17
2582,3,00000044,fdcf2023
2586,3,00000048,ff9ff06f
2594,3,00000040,00001f17
2600,3,00000044,fdcf2023
2604,3,00000048,ff9ff06f
2612,3,00000040,00001f17
2618,3,00000044,fdcf2023
2622,3,00000048,ff9ff06f
2630,3,00000040,00001f17
2636,3,00000044,fdcf2023
2640,3,00000048,ff9ff06f
2648,3,00000040,00001f17
2654,3,00000044,fdcf2023
2658,3,00000048,ff9ff06f
2666,3,00000040,00001f17
2672,3,00000044,fdcf2023
2676,3,00000048,ff9ff06f
2684,3,00000040,00001f17
2690,3,00000044,fdcf2023
2694,3,00000048,ff9ff06f
2702,3,00000040,00001f17
2708,3,00000044,fdcf2023
2712,3,00000048,ff9ff06f
2720,3,00000040,00001f17
2726,3,00000044,fdcf2023
2730,3,00000048,ff9ff06f
2738,3,00000040,00001f17
2744,3,00000044,fdcf2023
2748,3,00000048,ff9ff06f
2756,3,00000040,00001f17
2762,3,00000044,fdcf2023
2766,3,00000048,ff9ff06f
2774,3,00000040,00001f17
2780,3,00000044,fdcf2023
2784,3,00000048,ff9ff06f
2792,3,00000040,00001f17
2798,3,00000044,fdcf2023
2802,3,00000048,ff9ff06f
2810,3,00000040,00001f17
2816,3,00000044,fdcf2023
2820,3,00000048,ff9ff06f
2828,3,00000040,00001f17
2834,3,00000044,fdcf2023
2838,3,00000048,ff9ff06f
2846,3,00000040,00001f17
2852,3,00000044,fdcf2023
2856,3,00000048,ff9ff06f
2864,3,00000040,00001f17
2870,3,00000044,fdcf2023
2874,3,00000048,ff9ff06f
2882,3,00000040,00001f17
2888,3,00000044,fdcf2023
2892,3,00000048,ff9ff06f
2900,3,00000040,00001f17
2906,3,00000044,fdcf2023
2910,3,00000048,ff9ff06f
2918,3,00000040,00001f17
2924,3,00000044,fdcf2023
2928,3,00000048,ff9ff06f
2936,3,00000040,00001f17
2942,3,00000044,fdcf2023
2946,3,00000048,ff9ff06f
2954,3,00000040,00001f17
2960,3,00000044,fdcf2023
2964,3,00000048,ff9ff06f
2972,3,00000040,00001f17
2978,3,00000044,fdcf2023
2982,3,00000048,ff9ff06f
2990,3,00000040,00001f17
2996,3,00000044,fdcf2023
3000,3,00000048,ff9ff06f
3008,3,00000040,00001f17
3014,3,00000044,fdcf2023
3018,3,00000048,ff9ff06f
3026,3,00000040,00001f17
3032,3,00000044,fdcf2023
3036,3,00000048,ff9ff06f
3044,3,00000040,00001f17
3050,3,00000044,fdcf2023
3054,3,00000048,ff9ff06f
3062,3,00000040,00001f17
3068,3,00000044,fdcf2023
3072,3,00000048,ff9ff06f
3080,3,00000040,00001f17
3086,3,00000044,fdcf2023
3090,3,00000048,ff9ff06f
3098,3,00000040,00001f17
3104,3,00000044,fdcf2023
3108,3,00000048,ff9ff06f
3116,3,00000040,00001f17
3122,3,00000044,fdcf2023
3126,3,00000048,ff9ff06f
3134,3,00000040,00001f17
3140,3,00000044,fdcf2023
3144,3,00000048,ff9ff06f
3152,3,00000040,00001f17
3158,3,00000044,fdcf2023
3162,3,00000048,ff9ff06f
3170,3,00000040,00001f17
3176,3,00000044,fdcf2023
3180,3,00000048,ff9ff06f
3188,3,00000040,00001f17
3194,3,00000044,fdcf2023
3198,3,00000048,ff9ff06f
3206,3,00000040,00001f17
3212,3,00000044,fdcf2023
3216,3,00000048,ff9ff06f
3224,3,00000040,00001f17
3230,3,00000044,fdcf2023
3234,3,00000048,ff9ff06f
3242,3,00000040,00001f17
3248,3,00000044,fdcf2023
3252,3,00000048,ff9ff06f
3260,3,00000040,00001f17
3266,3,00000044,fdcf2023
3270,3,00000048,ff9ff06f
3278,3,00000040,00001f17
3284,3,00000044,fdcf2023
3288,3,00000048,ff9ff06f
3296,3,00000040,00001f17
3302,3,00000044,fdcf2023
3306,3,00000048,ff9ff06f
3314,3,00000040,00001f17
3320,3,00000044,fdcf2023
3324,3,00000048,ff9ff06f
3332,3,00000040,00001f17
3338,3,00000044,fdcf2023
3342,3,00000048,ff9ff06f
3350,3,00000040,00001f17
3356,3,00000044,fdcf2023
3360,3,00000048,ff9ff06f
3368,3,00000040,00001f17
3374,3,00000044,fdcf2023
3378,3,00000048,ff9ff06f
3386,3,00000040,00001f17
3392,3,00000044,fdcf2023
3396,3,00000048,ff9ff06f
3404,3,00000040,00001f17
3410,3,00000044,fdcf2023
3414,3,00000048,ff9ff06f
3422,3,00000040,00001f17
3428,3,00000044,fdcf2023
3432,3,00000048,ff9ff06f
3440,3,00000040,00001f17
3446,3,00000044,fdcf2023
3450,3,00000048,ff9ff06f
3458,3,00000040,00001f17
3464,3,00000044,fdcf2023
3468,3,00000048,ff9ff06f
3476,3,00000040,00001f17
3482,3,00000044,fdcf2023
3486,3,00000048,ff9ff06f
3494,3,00000040,00001f17
3500,3,00000044,fdcf2023
3504,3,00000048,ff9ff06f
3512,3,00000040,00001f17
3518,3,00000044,fdcf2023
3522,3,00000048,ff9ff06f
3530,3,00000040,00001f17
3536,3,00000044,fdcf2023
3540,3,00000048,ff9ff06f
3548,3,00000040,00001f17
3554,3,00000044,fdcf2023
3558,3,00000048,ff9ff06f
3566,3,00000040,00001f17
3572,3,00000044,fdcf2023
3576,3,00000048,ff9ff06f
3584,3,00000040,00001f17
3590,3,00000044,fdcf2023
3594,3,00000048,ff9ff06f
3602,3,00000040,00001f17
3608,3,00000044,fdcf2023
3612,3,00000048,ff9ff06f
3620,3,00000040,00001f17
3626,3,00000044,fdcf2023
3630,3,00000048,ff9ff06f
3638,3,00000040,00001f17
3644,3,00000044,fdcf2023
3648,3,00000048,ff9ff06f
3656,3,00000040,00001f17
3662,3,00000044,fdcf2023
3666,3,00000048,ff9ff06f
3674,3,00000040,00001f17
3680,3,00000044,fdcf2023
3684,3,00000048,ff9ff06f
3692,3,00000040,00001f17
3698,3,00000044,fdcf2023
3702,3,00000048,ff9ff06f
3710,3,00000040,00001f17
3716,3,00000044,fdcf2023
3720,3,00000048,ff9ff06f
3728,3,00000040,00001f17
3734,3,00000044,fdcf2023
3738,3,00000048,ff9ff06f
3746,3,00000040,00001f17
3752,3,00000044,fdcf2023
3756,3,00000048,ff9ff06f
3764,3,00000040,00001f17
3770,3,00000044,fdcf2023
3774,3,00000048,ff9ff06f
3782,3,00000040,00001f17
3788,3,00000044,fdcf2023
3792,3,00000048,ff9ff06f
3800,3,00000040,00001f17
3806,3,00000044,fdcf2023
3810,3,00000048,ff9ff06f
3818,3,00000040,00001f17
3824,3,00000044,fdcf2023
3828,3,00000048,ff9ff06f
3836,3,00000040,00001f17
3842,3,00000044,fdcf2023
3846,3,00000048,ff9ff06f
3854,3,00000040,00001f17
3860,3,00000044,fdcf2023
3864,3,00000048,ff9ff06f
3872,3,00000040,00001f17
3878,3,00000044,fdcf2023
3882,3,00000048,ff9ff06f
3890,3,00000040,00001f17
3896,3,00000044,fdcf2023
