418,3,00000000,00000000
534,3,00000000,04c0006f
538,3,0000004c,f1402573
540,3,00000050,00051063
542,3,00000054,00000297
544,3,00000058,01028293
546,3,0000005c,30529073
548,3,00000060,18005073
550,3,00000064,00000297
552,3,00000068,01c28293
554,3,0000006c,30529073
556,3,00000070,fff00293
558,3,00000074,3b029073
560,3,00000078,01f00293
562,3,0000007c,3a029073
564,3,00000080,00000297
566,3,00000084,01828293
568,3,00000088,30529073
570,3,0000008c,30205073
572,3,00000090,30305073
574,3,00000094,30405073
576,3,00000098,00000193
578,3,0000009c,00000297
580,3,000000a0,f6828293
582,3,000000a4,30529073
584,3,000000a8,00100513
586,3,000000ac,01f51513
588,3,000000b0,00054863
596,3,000000c0,00000297
598,3,000000c4,f4028293
600,3,000000c8,00028e63
608,3,000000e4,30005073
610,3,000000e8,00000297
612,3,000000ec,01428293
614,3,000000f0,34129073
616,3,000000f4,f1402573
618,3,000000f8,30200073
626,3,000000fc,00200193
628,3,00000100,00000293
630,3,00000104,00000317
632,3,00000108,01030313
634,3,0000010c,000302e7
642,3,00000114,00000317
644,3,00000118,ffc30313
646,3,0000011c,0a629a63
648,3,00000120,00400193
650,3,00000124,00000213
652,3,00000128,00000317
654,3,0000012c,01030313
656,3,00000130,000309e7
664,3,00000138,00120213
666,3,0000013c,00200293
668,3,00000140,fe5214e3
672,3,00000128,00000317
674,3,0000012c,01030313
676,3,00000130,000309e7
684,3,00000138,00120213
686,3,0000013c,00200293
688,3,00000140,fe5214e3
696,3,00000144,00500193
698,3,00000148,00000213
700,3,0000014c,00000317
702,3,00000150,01430313
704,3,00000154,00000013
706,3,00000158,000309e7
714,3,00000160,00120213
716,3,00000164,00200293
718,3,00000168,fe5212e3
722,3,0000014c,00000317
724,3,00000150,01430313
726,3,00000154,00000013
728,3,00000158,000309e7
736,3,00000160,00120213
738,3,00000164,00200293
740,3,00000168,fe5212e3
748,3,0000016c,00600193
750,3,00000170,00000213
752,3,00000174,00000317
754,3,00000178,01830313
756,3,0000017c,00000013
758,3,00000180,00000013
760,3,00000184,000309e7
768,3,0000018c,00120213
770,3,00000190,00200293
772,3,00000194,fe5210e3
776,3,00000174,00000317
778,3,00000178,01830313
780,3,0000017c,00000013
782,3,00000180,00000013
784,3,00000184,000309e7
792,3,0000018c,00120213
794,3,00000190,00200293
796,3,00000194,fe5210e3
804,3,00000198,00100293
806,3,0000019c,00000317
808,3,000001a0,01c30313
810,3,000001a4,ffc30067
818,3,000001b4,00128293
820,3,000001b8,00128293
822,3,000001bc,00128293
824,3,000001c0,00400e93
826,3,000001c4,00700193
828,3,000001c8,01d29463
830,3,000001cc,00301c63
838,3,000001e4,0ff0000f
840,3,000001e8,00100193
842,3,000001ec,00000073
850,3,00000004,34202f73
852,3,00000008,00800f93
854,3,0000000c,03ff0a63
856,3,00000010,00900f93
858,3,00000014,03ff0663
860,3,00000018,00b00f93
862,3,0000001c,03ff0263
870,3,00000040,00001f17
872,3,00000044,fc3f2023
874,3,00000048,ff9ff06f
880,3,00000040,00001f17
882,3,00000044,fc3f2023
884,3,00000048,ff9ff06f
890,3,00000040,00001f17
892,3,00000044,fc3f2023
894,3,00000048,ff9ff06f
900,3,00000040,00001f17
902,3,00000044,fc3f2023
904,3,00000048,ff9ff06f
910,3,00000040,00001f17
912,3,00000044,fc3f2023
914,3,00000048,ff9ff06f
920,3,00000040,00001f17
922,3,00000044,fc3f2023
924,3,00000048,ff9ff06f
930,3,00000040,00001f17
932,3,00000044,fc3f2023
934,3,00000048,ff9ff06f
940,3,00000040,00001f17
942,3,00000044,fc3f2023
944,3,00000048,ff9ff06f
950,3,00000040,00001f17
952,3,00000044,fc3f2023
954,3,00000048,ff9ff06f
960,3,00000040,00001f17
962,3,00000044,fc3f2023
964,3,00000048,ff9ff06f
970,3,00000040,00001f17
972,3,00000044,fc3f2023
974,3,00000048,ff9ff06f
980,3,00000040,00001f17
982,3,00000044,fc3f2023
984,3,00000048,ff9ff06f
990,3,00000040,00001f17
992,3,00000044,fc3f2023
994,3,00000048,ff9ff06f
1000,3,00000040,00001f17
1002,3,00000044,fc3f2023
1004,3,00000048,ff9ff06f
1010,3,00000040,00001f17
1012,3,00000044,fc3f2023
1014,3,00000048,ff9ff06f
1020,3,00000040,00001f17
1022,3,00000044,fc3f2023
1024,3,00000048,ff9ff06f
1030,3,00000040,00001f17
1032,3,00000044,fc3f2023
1034,3,00000048,ff9ff06f
1040,3,00000040,00001f17
1042,3,00000044,fc3f2023
1044,3,00000048,ff9ff06f
1050,3,00000040,00001f17
1052,3,00000044,fc3f2023
1054,3,00000048,ff9ff06f
1060,3,00000040,00001f17
1062,3,00000044,fc3f2023
1064,3,00000048,ff9ff06f
1070,3,00000040,00001f17
1072,3,00000044,fc3f2023
1074,3,00000048,ff9ff06f
1080,3,00000040,00001f17
1082,3,00000044,fc3f2023
1084,3,00000048,ff9ff06f
1090,3,00000040,00001f17
1092,3,00000044,fc3f2023
1094,3,00000048,ff9ff06f
1100,3,00000040,00001f17
1102,3,00000044,fc3f2023
1104,3,00000048,ff9ff06f
1110,3,00000040,00001f17
1112,3,00000044,fc3f2023
1114,3,00000048,ff9ff06f
1120,3,00000040,00001f17
1122,3,00000044,fc3f2023
1124,3,00000048,ff9ff06f
1130,3,00000040,00001f17
1132,3,00000044,fc3f2023
1134,3,00000048,ff9ff06f
1140,3,00000040,00001f17
1142,3,00000044,fc3f2023
1144,3,00000048,ff9ff06f
1150,3,00000040,00001f17
1152,3,00000044,fc3f2023
1154,3,00000048,ff9ff06f
1160,3,00000040,00001f17
1162,3,00000044,fc3f2023
1164,3,00000048,ff9ff06f
1170,3,00000040,00001f17
1172,3,00000044,fc3f2023
1174,3,00000048,ff9ff06f
1180,3,00000040,00001f17
1182,3,00000044,fc3f2023
1184,3,00000048,ff9ff06f
1190,3,00000040,00001f17
1192,3,00000044,fc3f2023
1194,3,00000048,ff9ff06f
1200,3,00000040,00001f17
1202,3,00000044,fc3f2023
1204,3,00000048,ff9ff06f
1210,3,00000040,00001f17
1212,3,00000044,fc3f2023
1214,3,00000048,ff9ff06f
1220,3,00000040,00001f17
1222,3,00000044,fc3f2023
1224,3,00000048,ff9ff06f
1230,3,00000040,00001f17
1232,3,00000044,fc3f2023
1234,3,00000048,ff9ff06f
1240,3,00000040,00001f17
1242,3,00000044,fc3f2023
1244,3,00000048,ff9ff06f
1250,3,00000040,00001f17
1252,3,00000044,fc3f2023
1254,3,00000048,ff9ff06f
1260,3,00000040,00001f17
1262,3,00000044,fc3f2023
1264,3,00000048,ff9ff06f
1270,3,00000040,00001f17
1272,3,00000044,fc3f2023
1274,3,00000048,ff9ff06f
1280,3,00000040,00001f17
1282,3,00000044,fc3f2023
1284,3,00000048,ff9ff06f
1290,3,00000040,00001f17
1292,3,00000044,fc3f2023
1294,3,00000048,ff9ff06f
1300,3,00000040,00001f17
1302,3,00000044,fc3f2023
1304,3,00000048,ff9ff06f
1310,3,00000040,00001f17
1312,3,00000044,fc3f2023
1314,3,00000048,ff9ff06f
1320,3,00000040,00001f17
1322,3,00000044,fc3f2023
1324,3,00000048,ff9ff06f
1330,3,00000040,00001f17
1332,3,00000044,fc3f2023
1334,3,00000048,ff9ff06f
1340,3,00000040,00001f17
1342,3,00000044,fc3f2023
1344,3,00000048,ff9ff06f
1350,3,00000040,00001f17
1352,3,00000044,fc3f2023
1354,3,00000048,ff9ff06f
1360,3,00000040,00001f17
1362,3,00000044,fc3f2023
1364,3,00000048,ff9ff06f
1370,3,00000040,00001f17
1372,3,00000044,fc3f2023
1374,3,00000048,ff9ff06f
1380,3,00000040,00001f17
1382,3,00000044,fc3f2023
1384,3,00000048,ff9ff06f
1390,3,00000040,00001f17
1392,3,00000044,fc3f2023
1394,3,00000048,ff9ff06f
1400,3,00000040,00001f17
1402,3,00000044,fc3f2023
1404,3,00000048,ff9ff06f
1410,3,00000040,00001f17
1412,3,00000044,fc3f2023
1414,3,00000048,ff9ff06f
1420,3,00000040,00001f17
1422,3,00000044,fc3f2023
1424,3,00000048,ff9ff06f
1430,3,00000040,00001f17
1432,3,00000044,fc3f2023
1434,3,00000048,ff9ff06f
1440,3,00000040,00001f17
1442,3,00000044,fc3f2023
1444,3,00000048,ff9ff06f
1450,3,00000040,00001f17
1452,3,00000044,fc3f2023
1454,3,00000048,ff9ff06f
1460,3,00000040,00001f17
1462,3,00000044,fc3f2023
1464,3,00000048,ff9ff06f
1470,3,00000040,00001f17
1472,3,00000044,fc3f2023
1474,3,00000048,ff9ff06f
1480,3,00000040,00001f17
1482,3,00000044,fc3f2023
1484,3,00000048,ff9ff06f
1490,3,00000040,00001f17
1492,3,00000044,fc3f2023
1494,3,00000048,ff9ff06f
1500,3,00000040,00001f17
1502,3,00000044,fc3f2023
1504,3,00000048,ff9ff06f
1510,3,00000040,00001f17
1512,3,00000044,fc3f2023
1514,3,00000048,ff9ff06f
1520,3,00000040,00001f17
1522,3,00000044,fc3f2023
1524,3,00000048,ff9ff06f
1530,3,00000040,00001f17
1532,3,00000044,fc3f2023
1534,3,00000048,ff9ff06f
1540,3,00000040,00001f17
1542,3,00000044,fc3f2023
1544,3,00000048,ff9ff06f
1550,3,00000040,00001f17
1552,3,00000044,fc3f2023
1554,3,00000048,ff9ff06f
1560,3,00000040,00001f17
1562,3,00000044,fc3f2023
1564,3,00000048,ff9ff06f
1570,3,00000040,00001f17
1572,3,00000044,fc3f2023
1574,3,00000048,ff9ff06f
1580,3,00000040,00001f17
1582,3,00000044,fc3f2023
1584,3,00000048,ff9ff06f
1590,3,00000040,00001f17
1592,3,00000044,fc3f2023
1594,3,00000048,ff9ff06f
1600,3,00000040,00001f17
1602,3,00000044,fc3f2023
1604,3,00000048,ff9ff06f
1610,3,00000040,00001f17
1612,3,00000044,fc3f2023
1614,3,00000048,ff9ff06f
1620,3,00000040,00001f17
1622,3,00000044,fc3f2023
1624,3,00000048,ff9ff06f
1630,3,00000040,00001f17
1632,3,00000044,fc3f2023
1634,3,00000048,ff9ff06f
1640,3,00000040,00001f17
1642,3,00000044,fc3f2023
1644,3,00000048,ff9ff06f
1650,3,00000040,00001f17
1652,3,00000044,fc3f2023
1654,3,00000048,ff9ff06f
1660,3,00000040,00001f17
1662,3,00000044,fc3f2023
1664,3,00000048,ff9ff06f
1670,3,00000040,00001f17
1672,3,00000044,fc3f2023
1674,3,00000048,ff9ff06f
1680,3,00000040,00001f17
1682,3,00000044,fc3f2023
1684,3,00000048,ff9ff06f
1690,3,00000040,00001f17
1692,3,00000044,fc3f2023
1694,3,00000048,ff9ff06f
1700,3,00000040,00001f17
1702,3,00000044,fc3f2023
1704,3,00000048,ff9ff06f
1710,3,00000040,00001f17
1712,3,00000044,fc3f2023
1714,3,00000048,ff9ff06f
1720,3,00000040,00001f17
1722,3,00000044,fc3f2023
1724,3,00000048,ff9ff06f
1730,3,00000040,00001f17
1732,3,00000044,fc3f2023
1734,3,00000048,ff9ff06f
1740,3,00000040,00001f17
1742,3,00000044,fc3f2023
1744,3,00000048,ff9ff06f
1750,3,00000040,00001f17
1752,3,00000044,fc3f2023
1754,3,00000048,ff9ff06f
1760,3,00000040,00001f17
1762,3,00000044,fc3f2023
1764,3,00000048,ff9ff06f
1770,3,00000040,00001f17
1772,3,00000044,fc3f2023
1774,3,00000048,ff9ff06f
1780,3,00000040,00001f17
1782,3,00000044,fc3f2023
1784,3,00000048,ff9ff06f
1790,3,00000040,00001f17
1792,3,00000044,fc3f2023
1794,3,00000048,ff9ff06f
1800,3,00000040,00001f17
1802,3,00000044,fc3f2023
1804,3,00000048,ff9ff06f
1810,3,00000040,00001f17
1812,3,00000044,fc3f2023
1814,3,00000048,ff9ff06f
1820,3,00000040,00001f17
1822,3,00000044,fc3f2023
1824,3,00000048,ff9ff06f
1830,3,00000040,00001f17
1832,3,00000044,fc3f2023
1834,3,00000048,ff9ff06f
1840,3,00000040,00001f17
1842,3,00000044,fc3f2023
1844,3,00000048,ff9ff06f
1850,3,00000040,00001f17
1852,3,00000044,fc3f2023
1854,3,00000048,ff9ff06f
1860,3,00000040,00001f17
1862,3,00000044,fc3f2023
1864,3,00000048,ff9ff06f
1870,3,00000040,00001f17
1872,3,00000044,fc3f2023
1874,3,00000048,ff9ff06f
1880,3,00000040,00001f17
1882,3,00000044,fc3f2023
1884,3,00000048,ff9ff06f
1890,3,00000040,00001f17
1892,3,00000044,fc3f2023
1894,3,00000048,ff9ff06f
1900,3,00000040,00001f17
1902,3,00000044,fc3f2023
1904,3,00000048,ff9ff06f
1910,3,00000040,00001f17
1912,3,00000044,fc3f2023
1914,3,00000048,ff9ff06f
1920,3,00000040,00001f17
1922,3,00000044,fc3f2023
1924,3,00000048,ff9ff06f
1930,3,00000040,00001f17
1932,3,00000044,fc3f2023
1934,3,00000048,ff9ff06f
1940,3,00000040,00001f17
1942,3,00000044,fc3f2023
1944,3,00000048,ff9ff06f
1950,3,00000040,00001f17
1952,3,00000044,fc3f2023
1954,3,00000048,ff9ff06f
1960,3,00000040,00001f17
1962,3,00000044,fc3f2023
1964,3,00000048,ff9ff06f
1970,3,00000040,00001f17
1972,3,00000044,fc3f2023
1974,3,00000048,ff9ff06f
1980,3,00000040,00001f17
1982,3,00000044,fc3f2023
1984,3,00000048,ff9ff06f
1990,3,00000040,00001f17
1992,3,00000044,fc3f2023
1994,3,00000048,ff9ff06f
2000,3,00000040,00001f17
2002,3,00000044,fc3f2023
2004,3,00000048,ff9ff06f
2010,3,00000040,00001f17
2012,3,00000044,fc3f2023
2014,3,00000048,ff9ff06f
2020,3,00000040,00001f17
2022,3,00000044,fc3f2023
2024,3,00000048,ff9ff06f
2030,3,00000040,00001f17
2032,3,00000044,fc3f2023
2034,3,00000048,ff9ff06f
2040,3,00000040,00001f17
2042,3,00000044,fc3f2023
2044,3,00000048,ff9ff06f
2050,3,00000040,00001f17
2052,3,00000044,fc3f2023
2054,3,00000048,ff9ff06f
2060,3,00000040,00001f17
2062,3,00000044,fc3f2023
2064,3,00000048,ff9ff06f
2070,3,00000040,00001f17
2072,3,00000044,fc3f2023
2074,3,00000048,ff9ff06f
2080,3,00000040,00001f17
2082,3,00000044,fc3f2023
2084,3,00000048,ff9ff06f
2090,3,00000040,00001f17
2092,3,00000044,fc3f2023
2094,3,00000048,ff9ff06f
2100,3,00000040,00001f17
2102,3,00000044,fc3f2023
2104,3,00000048,ff9ff06f
2110,3,00000040,00001f17
2112,3,00000044,fc3f2023
2114,3,00000048,ff9ff06f
2120,3,00000040,00001f17
2122,3,00000044,fc3f2023
2124,3,00000048,ff9ff06f
2130,3,00000040,00001f17
2132,3,00000044,fc3f2023
2134,3,00000048,ff9ff06f
2140,3,00000040,00001f17
2142,3,00000044,fc3f2023
2144,3,00000048,ff9ff06f
2150,3,00000040,00001f17
2152,3,00000044,fc3f2023
2154,3,00000048,ff9ff06f
2160,3,00000040,00001f17
2162,3,00000044,fc3f2023
2164,3,00000048,ff9ff06f
2170,3,00000040,00001f17
2172,3,00000044,fc3f2023
2174,3,00000048,ff9ff06f
2180,3,00000040,00001f17
2182,3,00000044,fc3f2023
2184,3,00000048,ff9ff06f
2190,3,00000040,00001f17
2192,3,00000044,fc3f2023
2194,3,00000048,ff9ff06f
2200,3,00000040,00001f17
2202,3,00000044,fc3f2023
2204,3,00000048,ff9ff06f
2210,3,00000040,00001f17
2212,3,00000044,fc3f2023
2214,3,00000048,ff9ff06f
2220,3,00000040,00001f17
2222,3,00000044,fc3f2023
2224,3,00000048,ff9ff06f
2230,3,00000040,00001f17
2232,3,00000044,fc3f2023
2234,3,00000048,ff9ff06f
2240,3,00000040,00001f17
2242,3,00000044,fc3f2023
2244,3,00000048,ff9ff06f
2250,3,00000040,00001f17
2252,3,00000044,fc3f2023
2254,3,00000048,ff9ff06f
2260,3,00000040,00001f17
2262,3,00000044,fc3f2023
2264,3,00000048,ff9ff06f
2270,3,00000040,00001f17
2272,3,00000044,fc3f2023
2274,3,00000048,ff9ff06f
2280,3,00000040,00001f17
2282,3,00000044,fc3f2023
2284,3,00000048,ff9ff06f
2290,3,00000040,00001f17
2292,3,00000044,fc3f2023
2294,3,00000048,ff9ff06f
2300,3,00000040,00001f17
2302,3,00000044,fc3f2023
2304,3,00000048,ff9ff06f
2310,3,00000040,00001f17
2312,3,00000044,fc3f2023
2314,3,00000048,ff9ff06f
2320,3,00000040,00001f17
2322,3,00000044,fc3f2023
2324,3,00000048,ff9ff06f
2330,3,00000040,00001f17
2332,3,00000044,fc3f2023
2334,3,00000048,ff9ff06f
2340,3,00000040,00001f17
2342,3,00000044,fc3f2023
2344,3,00000048,ff9ff06f
2350,3,00000040,00001f17
2352,3,00000044,fc3f2023
2354,3,00000048,ff9ff06f
2360,3,00000040,00001f17
2362,3,00000044,fc3f2023
2364,3,00000048,ff9ff06f
2370,3,00000040,00001f17
2372,3,00000044,fc3f2023
2374,3,00000048,ff9ff06f
2380,3,00000040,00001f17
2382,3,00000044,fc3f2023
2384,3,00000048,ff9ff06f
2390,3,00000040,00001f17
2392,3,00000044,fc3f2023
2394,3,00000048,ff9ff06f
2400,3,00000040,00001f17
2402,3,00000044,fc3f2023
2404,3,00000048,ff9ff06f
2410,3,00000040,00001f17
2412,3,00000044,fc3f2023
2414,3,00000048,ff9ff06f
2420,3,00000040,00001f17
2422,3,00000044,fc3f2023
2424,3,00000048,ff9ff06f
2430,3,00000040,00001f17
2432,3,00000044,fc3f2023
2434,3,00000048,ff9ff06f
2440,3,00000040,00001f17
2442,3,00000044,fc3f2023
2444,3,00000048,ff9ff06f
2450,3,00000040,00001f17
2452,3,00000044,fc3f2023
2454,3,00000048,ff9ff06f
2460,3,00000040,00001f17
2462,3,00000044,fc3f2023
2464,3,00000048,ff9ff06f
2470,3,00000040,00001f17
2472,3,00000044,fc3f2023
2474,3,00000048,ff9ff06f
2480,3,00000040,00001f17
2482,3,00000044,fc3f2023
2484,3,00000048,ff9ff06f
2490,3,00000040,00001f17
2492,3,00000044,fc3f2023
2494,3,00000048,ff9ff06f
2500,3,00000040,00001f17
2502,3,00000044,fc3f2023
2504,3,00000048,ff9ff06f
2510,3,00000040,00001f17
2512,3,00000044,fc3f2023
2514,3,00000048,ff9ff06f
2520,3,00000040,00001f17
2522,3,00000044,fc3f2023
2524,3,00000048,ff9ff06f
2530,3,00000040,00001f17
2532,3,00000044,fc3f2023
2534,3,00000048,ff9ff06f
2540,3,00000040,00001f17
2542,3,00000044,fc3f2023
2544,3,00000048,ff9ff06f
2550,3,00000040,00001f17
2552,3,00000044,fc3f2023
2554,3,00000048,ff9ff06f
2560,3,00000040,00001f17
2562,3,00000044,fc3f2023
2564,3,00000048,ff9ff06f
2570,3,00000040,00001f17
2572,3,00000044,fc3f2023
2574,3,00000048,ff9ff06f
2580,3,00000040,00001f17
2582,3,00000044,fc3f2023
2584,3,00000048,ff9ff06f
2590,3,00000040,00001f17
2592,3,00000044,fc3f2023
2594,3,00000048,ff9ff06f
2600,3,00000040,00001f17
2602,3,00000044,fc3f2023
2604,3,00000048,ff9ff06f
2610,3,00000040,00001f17
2612,3,00000044,fc3f2023
2614,3,00000048,ff9ff06f
2620,3,00000040,00001f17
2622,3,00000044,fc3f2023
2624,3,00000048,ff9ff06f
2630,3,00000040,00001f17
2632,3,00000044,fc3f2023
2634,3,00000048,ff9ff06f
2640,3,00000040,00001f17
2642,3,00000044,fc3f2023
2644,3,00000048,ff9ff06f
2650,3,00000040,00001f17
2652,3,00000044,fc3f2023
2654,3,00000048,ff9ff06f
2660,3,00000040,00001f17
2662,3,00000044,fc3f2023
2664,3,00000048,ff9ff06f
2670,3,00000040,00001f17
2672,3,00000044,fc3f2023
2674,3,00000048,ff9ff06f
2680,3,00000040,00001f17
2682,3,00000044,fc3f2023
2684,3,00000048,ff9ff06f
2690,3,00000040,00001f17
2692,3,00000044,fc3f2023
2694,3,00000048,ff9ff06f
2700,3,00000040,00001f17
2702,3,00000044,fc3f2023
2704,3,00000048,ff9ff06f
2710,3,00000040,00001f17
2712,3,00000044,fc3f2023
2714,3,00000048,ff9ff06f
2720,3,00000040,00001f17
2722,3,00000044,fc3f2023
2724,3,00000048,ff9ff06f
2730,3,00000040,00001f17
2732,3,00000044,fc3f2023
2734,3,00000048,ff9ff06f
2740,3,00000040,00001f17
2742,3,00000044,fc3f2023
2744,3,00000048,ff9ff06f
2750,3,00000040,00001f17
2752,3,00000044,fc3f2023
2754,3,00000048,ff9ff06f
2760,3,00000040,00001f17
2762,3,00000044,fc3f2023
2764,3,00000048,ff9ff06f
2770,3,00000040,00001f17
2772,3,00000044,fc3f2023
2774,3,00000048,ff9ff06f
2780,3,00000040,00001f17
2782,3,00000044,fc3f2023
2784,3,00000048,ff9ff06f
2790,3,00000040,00001f17
2792,3,00000044,fc3f2023
2794,3,00000048,ff9ff06f
2800,3,00000040,00001f17
2802,3,00000044,fc3f2023
2804,3,00000048,ff9ff06f
2810,3,00000040,00001f17
2812,3,00000044,fc3f2023
2814,3,00000048,ff9ff06f
2820,3,00000040,00001f17
2822,3,00000044,fc3f2023
2824,3,00000048,ff9ff06f
2830,3,00000040,00001f17
2832,3,00000044,fc3f2023
2834,3,00000048,ff9ff06f
2840,3,00000040,00001f17
2842,3,00000044,fc3f2023
2844,3,00000048,ff9ff06f
2850,3,00000040,00001f17
2852,3,00000044,fc3f2023
2854,3,00000048,ff9ff06f
2860,3,00000040,00001f17
2862,3,00000044,fc3f2023
2864,3,00000048,ff9ff06f
2870,3,00000040,00001f17
2872,3,00000044,fc3f2023
2874,3,00000048,ff9ff06f
2880,3,00000040,00001f17
2882,3,00000044,fc3f2023
2884,3,00000048,ff9ff06f
2890,3,00000040,00001f17
2892,3,00000044,fc3f2023
2894,3,00000048,ff9ff06f
2900,3,00000040,00001f17
2902,3,00000044,fc3f2023
2904,3,00000048,ff9ff06f
2910,3,00000040,00001f17
2912,3,00000044,fc3f2023
2914,3,00000048,ff9ff06f
2920,3,00000040,00001f17
2922,3,00000044,fc3f2023
2924,3,00000048,ff9ff06f
2930,3,00000040,00001f17
2932,3,00000044,fc3f2023
2934,3,00000048,ff9ff06f
2940,3,00000040,00001f17
2942,3,00000044,fc3f2023
2944,3,00000048,ff9ff06f
2950,3,00000040,00001f17
2952,3,00000044,fc3f2023
2954,3,00000048,ff9ff06f
2960,3,00000040,00001f17
2962,3,00000044,fc3f2023
2964,3,00000048,ff9ff06f
2970,3,00000040,00001f17
2972,3,00000044,fc3f2023
2974,3,00000048,ff9ff06f
2980,3,00000040,00001f17
2982,3,00000044,fc3f2023
2984,3,00000048,ff9ff06f
2990,3,00000040,00001f17
2992,3,00000044,fc3f2023
2994,3,00000048,ff9ff06f
3000,3,00000040,00001f17
3002,3,00000044,fc3f2023
3004,3,00000048,ff9ff06f
3010,3,00000040,00001f17
3012,3,00000044,fc3f2023
3014,3,00000048,ff9ff06f
3020,3,00000040,00001f17
3022,3,00000044,fc3f2023
3024,3,00000048,ff9ff06f
3030,3,00000040,00001f17
3032,3,00000044,fc3f2023
3034,3,00000048,ff9ff06f
3040,3,00000040,00001f17
3042,3,00000044,fc3f2023
3044,3,00000048,ff9ff06f
3050,3,00000040,00001f17
3052,3,00000044,fc3f2023
3054,3,00000048,ff9ff06f
3060,3,00000040,00001f17
3062,3,00000044,fc3f2023
3064,3,00000048,ff9ff06f
3070,3,00000040,00001f17
3072,3,00000044,fc3f2023
3074,3,00000048,ff9ff06f
3080,3,00000040,00001f17
3082,3,00000044,fc3f2023
3084,3,00000048,ff9ff06f
3090,3,00000040,00001f17
3092,3,00000044,fc3f2023
3094,3,00000048,ff9ff06f
3100,3,00000040,00001f17
3102,3,00000044,fc3f2023
3104,3,00000048,ff9ff06f
3110,3,00000040,00001f17
3112,3,00000044,fc3f2023
3114,3,00000048,ff9ff06f
3120,3,00000040,00001f17
3122,3,00000044,fc3f2023
3124,3,00000048,ff9ff06f
3130,3,00000040,00001f17
3132,3,00000044,fc3f2023
3134,3,00000048,ff9ff06f
3140,3,00000040,00001f17
3142,3,00000044,fc3f2023
3144,3,00000048,ff9ff06f
3150,3,00000040,00001f17
3152,3,00000044,fc3f2023
3154,3,00000048,ff9ff06f
3160,3,00000040,00001f17
3162,3,00000044,fc3f2023
3164,3,00000048,ff9ff06f
3170,3,00000040,00001f17
3172,3,00000044,fc3f2023
3174,3,00000048,ff9ff06f
3180,3,00000040,00001f17
3182,3,00000044,fc3f2023
3184,3,00000048,ff9ff06f
3190,3,00000040,00001f17
3192,3,00000044,fc3f2023
3194,3,00000048,ff9ff06f
3200,3,00000040,00001f17
3202,3,00000044,fc3f2023
3204,3,00000048,ff9ff06f
3210,3,00000040,00001f17
3212,3,00000044,fc3f2023
3214,3,00000048,ff9ff06f
3220,3,00000040,00001f17
3222,3,00000044,fc3f2023
3224,3,00000048,ff9ff06f
3230,3,00000040,00001f17
3232,3,00000044,fc3f2023
3234,3,00000048,ff9ff06f
3240,3,00000040,00001f17
3242,3,00000044,fc3f2023
3244,3,00000048,ff9ff06f
3250,3,00000040,00001f17
3252,3,00000044,fc3f2023
3254,3,00000048,ff9ff06f
3260,3,00000040,00001f17
3262,3,00000044,fc3f2023
3264,3,00000048,ff9ff06f
3270,3,00000040,00001f17
3272,3,00000044,fc3f2023
3274,3,00000048,ff9ff06f
3280,3,00000040,00001f17
3282,3,00000044,fc3f2023
3284,3,00000048,ff9ff06f
3290,3,00000040,00001f17
3292,3,00000044,fc3f2023
3294,3,00000048,ff9ff06f
3300,3,00000040,00001f17
3302,3,00000044,fc3f2023
3304,3,00000048,ff9ff06f
3310,3,00000040,00001f17
3312,3,00000044,fc3f2023
3314,3,00000048,ff9ff06f
3320,3,00000040,00001f17
3322,3,00000044,fc3f2023
3324,3,00000048,ff9ff06f
3330,3,00000040,00001f17
3332,3,00000044,fc3f2023
3334,3,00000048,ff9ff06f
3340,3,00000040,00001f17
3342,3,00000044,fc3f2023
3344,3,00000048,ff9ff06f
3350,3,00000040,00001f17
3352,3,00000044,fc3f2023
3354,3,00000048,ff9ff06f
3360,3,00000040,00001f17
3362,3,00000044,fc3f2023
3364,3,00000048,ff9ff06f
3370,3,00000040,00001f17
3372,3,00000044,fc3f2023
3374,3,00000048,ff9ff06f
3380,3,00000040,00001f17
3382,3,00000044,fc3f2023
3384,3,00000048,ff9ff06f
3390,3,00000040,00001f17
3392,3,00000044,fc3f2023
3394,3,00000048,ff9ff06f
3400,3,00000040,00001f17
3402,3,00000044,fc3f2023
3404,3,00000048,ff9ff06f
3410,3,00000040,00001f17
3412,3,00000044,fc3f2023
3414,3,00000048,ff9ff06f
3420,3,00000040,00001f17
3422,3,00000044,fc3f2023
3424,3,00000048,ff9ff06f
3430,3,00000040,00001f17
3432,3,00000044,fc3f2023
3434,3,00000048,ff9ff06f
3440,3,00000040,00001f17
3442,3,00000044,fc3f2023
3444,3,00000048,ff9ff06f
3450,3,00000040,00001f17
3452,3,00000044,fc3f2023
3454,3,00000048,ff9ff06f
3460,3,00000040,00001f17
3462,3,00000044,fc3f2023
3464,3,00000048,ff9ff06f
3470,3,00000040,00001f17
3472,3,00000044,fc3f2023
3474,3,00000048,ff9ff06f
3480,3,00000040,00001f17
3482,3,00000044,fc3f2023
3484,3,00000048,ff9ff06f
3490,3,00000040,00001f17
3492,3,00000044,fc3f2023
3494,3,00000048,ff9ff06f
