44,3,00000000,04c0006f
52,3,0000004c,f1402573
56,3,00000050,00051063
60,3,00000054,00000297
64,3,00000058,01028293
68,3,0000005c,30529073
80,3,00000064,00000297
84,3,00000068,01c28293
88,3,0000006c,30529073
92,3,00000070,fff00293
104,3,00000080,00000297
108,3,00000084,01828293
112,3,00000088,30529073
116,3,0000008c,30205073
120,3,00000090,30305073
124,3,00000094,30405073
128,3,00000098,00000193
132,3,0000009c,00000297
136,3,000000a0,f6828293
140,3,000000a4,30529073
144,3,000000a8,00100513
148,3,000000ac,01f51513
152,3,000000b0,00054863
160,3,000000c0,00000297
164,3,000000c4,f4028293
168,3,000000c8,00028e63
176,3,000000e4,30005073
180,3,000000e8,00000297
184,3,000000ec,01428293
188,3,000000f0,34129073
192,3,000000f4,f1402573
196,3,000000f8,30200073
204,3,000000fc,00100093
208,3,00000100,00000113
212,3,00000104,00209f33
216,3,00000108,00100e93
220,3,0000010c,00200193
224,3,00000110,53df1e63
228,3,00000114,00100093
232,3,00000118,00100113
236,3,0000011c,00209f33
240,3,00000120,00200e93
244,3,00000124,00300193
248,3,00000128,53df1263
252,3,0000012c,00100093
256,3,00000130,00700113
260,3,00000134,00209f33
264,3,00000138,08000e93
268,3,0000013c,00400193
272,3,00000140,51df1663
276,3,00000144,00100093
280,3,00000148,00e00113
284,3,0000014c,00209f33
288,3,00000150,00004eb7
292,3,00000154,00500193
296,3,00000158,4fdf1a63
300,3,0000015c,00100093
304,3,00000160,01f00113
308,3,00000164,00209f33
312,3,00000168,80000eb7
316,3,0000016c,00600193
320,3,00000170,4ddf1e63
324,3,00000174,fff00093
328,3,00000178,00000113
332,3,0000017c,00209f33
336,3,00000180,fff00e93
340,3,00000184,00700193
344,3,00000188,4ddf1263
348,3,0000018c,fff00093
352,3,00000190,00100113
356,3,00000194,00209f33
360,3,00000198,ffe00e93
364,3,0000019c,00800193
368,3,000001a0,4bdf1663
372,3,000001a4,fff00093
376,3,000001a8,00700113
380,3,000001ac,00209f33
384,3,000001b0,f8000e93
388,3,000001b4,00900193
392,3,000001b8,49df1a63
396,3,000001bc,fff00093
400,3,000001c0,00e00113
404,3,000001c4,00209f33
408,3,000001c8,ffffceb7
412,3,000001cc,00a00193
416,3,000001d0,47df1e63
420,3,000001d4,fff00093
424,3,000001d8,01f00113
428,3,000001dc,00209f33
432,3,000001e0,80000eb7
436,3,000001e4,00b00193
440,3,000001e8,47df1263
444,3,000001ec,212120b7
448,3,000001f0,12108093
452,3,000001f4,00000113
456,3,000001f8,00209f33
460,3,000001fc,21212eb7
464,3,00000200,121e8e93
468,3,00000204,00c00193
472,3,00000208,45df1263
476,3,0000020c,212120b7
480,3,00000210,12108093
484,3,00000214,00100113
488,3,00000218,00209f33
492,3,0000021c,42424eb7
496,3,00000220,242e8e93
500,3,00000224,00d00193
504,3,00000228,43df1263
508,3,0000022c,212120b7
512,3,00000230,12108093
516,3,00000234,00700113
520,3,00000238,00209f33
524,3,0000023c,90909eb7
528,3,00000240,080e8e93
532,3,00000244,00e00193
536,3,00000248,41df1263
540,3,0000024c,212120b7
544,3,00000250,12108093
548,3,00000254,00e00113
552,3,00000258,00209f33
556,3,0000025c,48484eb7
560,3,00000260,00f00193
564,3,00000264,3fdf1463
568,3,00000268,212120b7
572,3,0000026c,12108093
576,3,00000270,01f00113
580,3,00000274,00209f33
584,3,00000278,80000eb7
588,3,0000027c,01000193
592,3,00000280,3ddf1663
596,3,00000284,212120b7
600,3,00000288,12108093
604,3,0000028c,fc000113
608,3,00000290,00209f33
612,3,00000294,21212eb7
616,3,00000298,121e8e93
620,3,0000029c,01100193
624,3,000002a0,3bdf1663
628,3,000002a4,212120b7
632,3,000002a8,12108093
636,3,000002ac,fc100113
640,3,000002b0,00209f33
644,3,000002b4,42424eb7
648,3,000002b8,242e8e93
652,3,000002bc,01200193
656,3,000002c0,39df1663
660,3,000002c4,212120b7
664,3,000002c8,12108093
668,3,000002cc,fc700113
672,3,000002d0,00209f33
676,3,000002d4,90909eb7
680,3,000002d8,080e8e93
684,3,000002dc,01300193
688,3,000002e0,37df1663
692,3,000002e4,212120b7
696,3,000002e8,12108093
700,3,000002ec,fce00113
704,3,000002f0,00209f33
708,3,000002f4,48484eb7
712,3,000002f8,01400193
716,3,000002fc,35df1863
720,3,00000300,00100093
724,3,00000304,00700113
728,3,00000308,002090b3
732,3,0000030c,08000e93
736,3,00000310,01600193
740,3,00000314,33d09c63
744,3,00000318,00100093
748,3,0000031c,00e00113
752,3,00000320,00209133
756,3,00000324,00004eb7
760,3,00000328,01700193
764,3,0000032c,33d11063
768,3,00000330,00300093
772,3,00000334,001090b3
776,3,00000338,01800e93
780,3,0000033c,01800193
784,3,00000340,31d09663
788,3,00000344,00000213
792,3,00000348,00100093
796,3,0000034c,00700113
800,3,00000350,00209f33
804,3,00000354,000f0313
808,3,00000358,00120213
812,3,0000035c,00200293
816,3,00000360,fe5214e3
824,3,00000348,00100093
828,3,0000034c,00700113
832,3,00000350,00209f33
836,3,00000354,000f0313
840,3,00000358,00120213
844,3,0000035c,00200293
848,3,00000360,fe5214e3
852,3,00000364,08000e93
856,3,00000368,01900193
860,3,0000036c,2fd31063
864,3,00000370,00000213
868,3,00000374,00100093
872,3,00000378,00e00113
876,3,0000037c,00209f33
880,3,00000380,00000013
884,3,00000384,000f0313
888,3,00000388,00120213
892,3,0000038c,00200293
896,3,00000390,fe5212e3
904,3,00000374,00100093
908,3,00000378,00e00113
912,3,0000037c,00209f33
916,3,00000380,00000013
920,3,00000384,000f0313
924,3,00000388,00120213
928,3,0000038c,00200293
932,3,00000390,fe5212e3
936,3,00000394,00004eb7
940,3,00000398,01a00193
944,3,0000039c,2bd31863
948,3,000003a0,00000213
952,3,000003a4,00100093
956,3,000003a8,01f00113
960,3,000003ac,00209f33
964,3,000003b0,00000013
968,3,000003b4,00000013
972,3,000003b8,000f0313
976,3,000003bc,00120213
980,3,000003c0,00200293
984,3,000003c4,fe5210e3
992,3,000003a4,00100093
996,3,000003a8,01f00113
1000,3,000003ac,00209f33
1004,3,000003b0,00000013
1008,3,000003b4,00000013
1012,3,000003b8,000f0313
1016,3,000003bc,00120213
1020,3,000003c0,00200293
1024,3,000003c4,fe5210e3
1028,3,000003c8,80000eb7
1032,3,000003cc,01b00193
1036,3,000003d0,27d31e63
1040,3,000003d4,00000213
1044,3,000003d8,00100093
1048,3,000003dc,00700113
1052,3,000003e0,00209f33
1056,3,000003e4,00120213
1060,3,000003e8,00200293
1064,3,000003ec,fe5216e3
1072,3,000003d8,00100093
1076,3,000003dc,00700113
1080,3,000003e0,00209f33
1084,3,000003e4,00120213
1088,3,000003e8,00200293
1092,3,000003ec,fe5216e3
1096,3,000003f0,08000e93
1100,3,000003f4,01c00193
1104,3,000003f8,25df1a63
1108,3,000003fc,00000213
1112,3,00000400,00100093
1116,3,00000404,00e00113
1120,3,00000408,00000013
1124,3,0000040c,00209f33
1128,3,00000410,00120213
1132,3,00000414,00200293
1136,3,00000418,fe5214e3
1144,3,00000400,00100093
1148,3,00000404,00e00113
1152,3,00000408,00000013
1156,3,0000040c,00209f33
1160,3,00000410,00120213
1164,3,00000414,00200293
1168,3,00000418,fe5214e3
1172,3,0000041c,00004eb7
1176,3,00000420,01d00193
1180,3,00000424,23df1463
1184,3,00000428,00000213
1188,3,0000042c,00100093
1192,3,00000430,01f00113
1196,3,00000434,00000013
1200,3,00000438,00000013
1204,3,0000043c,00209f33
1208,3,00000440,00120213
1212,3,00000444,00200293
1216,3,00000448,fe5212e3
1224,3,0000042c,00100093
1228,3,00000430,01f00113
1232,3,00000434,00000013
1236,3,00000438,00000013
1240,3,0000043c,00209f33
1244,3,00000440,00120213
1248,3,00000444,00200293
1252,3,00000448,fe5212e3
1256,3,0000044c,80000eb7
1260,3,00000450,01e00193
1264,3,00000454,1fdf1c63
1268,3,00000458,00000213
1272,3,0000045c,00100093
1276,3,00000460,00000013
1280,3,00000464,00700113
1284,3,00000468,00209f33
1288,3,0000046c,00120213
1292,3,00000470,00200293
1296,3,00000474,fe5214e3
1304,3,0000045c,00100093
1308,3,00000460,00000013
1312,3,00000464,00700113
1316,3,00000468,00209f33
1320,3,0000046c,00120213
1324,3,00000470,00200293
1328,3,00000474,fe5214e3
1332,3,00000478,08000e93
1336,3,0000047c,01f00193
1340,3,00000480,1ddf1663
1344,3,00000484,00000213
1348,3,00000488,00100093
1352,3,0000048c,00000013
1356,3,00000490,00e00113
1360,3,00000494,00000013
1364,3,00000498,00209f33
1368,3,0000049c,00120213
1372,3,000004a0,00200293
1376,3,000004a4,fe5212e3
1384,3,00000488,00100093
1388,3,0000048c,00000013
1392,3,00000490,00e00113
1396,3,00000494,00000013
1400,3,00000498,00209f33
1404,3,0000049c,00120213
1408,3,000004a0,00200293
1412,3,000004a4,fe5212e3
1416,3,000004a8,00004eb7
1420,3,000004ac,02000193
1424,3,000004b0,19df1e63
1428,3,000004b4,00000213
1432,3,000004b8,00100093
1436,3,000004bc,00000013
1440,3,000004c0,00000013
1444,3,000004c4,01f00113
1448,3,000004c8,00209f33
1452,3,000004cc,00120213
1456,3,000004d0,00200293
1460,3,000004d4,fe5212e3
1468,3,000004b8,00100093
1472,3,000004bc,00000013
1476,3,000004c0,00000013
1480,3,000004c4,01f00113
1484,3,000004c8,00209f33
1488,3,000004cc,00120213
1492,3,000004d0,00200293
1496,3,000004d4,fe5212e3
1500,3,000004d8,80000eb7
1504,3,000004dc,02100193
1508,3,000004e0,17df1663
1512,3,000004e4,00000213
1516,3,000004e8,00700113
1520,3,000004ec,00100093
1524,3,000004f0,00209f33
1528,3,000004f4,00120213
1532,3,000004f8,00200293
1536,3,000004fc,fe5216e3
1544,3,000004e8,00700113
1548,3,000004ec,00100093
1552,3,000004f0,00209f33
1556,3,000004f4,00120213
1560,3,000004f8,00200293
1564,3,000004fc,fe5216e3
1568,3,00000500,08000e93
1572,3,00000504,02200193
1576,3,00000508,15df1263
1580,3,0000050c,00000213
1584,3,00000510,00e00113
1588,3,00000514,00100093
1592,3,00000518,00000013
1596,3,0000051c,00209f33
1600,3,00000520,00120213
1604,3,00000524,00200293
1608,3,00000528,fe5214e3
1616,3,00000510,00e00113
1620,3,00000514,00100093
1624,3,00000518,00000013
1628,3,0000051c,00209f33
1632,3,00000520,00120213
1636,3,00000524,00200293
1640,3,00000528,fe5214e3
1644,3,0000052c,00004eb7
1648,3,00000530,02300193
1652,3,00000534,11df1c63
1656,3,00000538,00000213
1660,3,0000053c,01f00113
1664,3,00000540,00100093
1668,3,00000544,00000013
1672,3,00000548,00000013
1676,3,0000054c,00209f33
1680,3,00000550,00120213
1684,3,00000554,00200293
1688,3,00000558,fe5212e3
1696,3,0000053c,01f00113
1700,3,00000540,00100093
1704,3,00000544,00000013
1708,3,00000548,00000013
1712,3,0000054c,00209f33
1716,3,00000550,00120213
1720,3,00000554,00200293
1724,3,00000558,fe5212e3
1728,3,0000055c,80000eb7
1732,3,00000560,02400193
1736,3,00000564,0fdf1463
1740,3,00000568,00000213
1744,3,0000056c,00700113
1748,3,00000570,00000013
1752,3,00000574,00100093
1756,3,00000578,00209f33
1760,3,0000057c,00120213
1764,3,00000580,00200293
1768,3,00000584,fe5214e3
1776,3,0000056c,00700113
1780,3,00000570,00000013
1784,3,00000574,00100093
1788,3,00000578,00209f33
1792,3,0000057c,00120213
1796,3,00000580,00200293
1800,3,00000584,fe5214e3
1804,3,00000588,08000e93
1808,3,0000058c,02500193
1812,3,00000590,0bdf1e63
1816,3,00000594,00000213
1820,3,00000598,00e00113
1824,3,0000059c,00000013
1828,3,000005a0,00100093
1832,3,000005a4,00000013
1836,3,000005a8,00209f33
1840,3,000005ac,00120213
1844,3,000005b0,00200293
1848,3,000005b4,fe5212e3
1856,3,00000598,00e00113
1860,3,0000059c,00000013
1864,3,000005a0,00100093
1868,3,000005a4,00000013
1872,3,000005a8,00209f33
1876,3,000005ac,00120213
1880,3,000005b0,00200293
1884,3,000005b4,fe5212e3
1888,3,000005b8,00004eb7
1892,3,000005bc,02600193
1896,3,000005c0,09df1663
1900,3,000005c4,00000213
1904,3,000005c8,01f00113
1908,3,000005cc,00000013
1912,3,000005d0,00000013
1916,3,000005d4,00100093
1920,3,000005d8,00209f33
1924,3,000005dc,00120213
1928,3,000005e0,00200293
1932,3,000005e4,fe5212e3
1940,3,000005c8,01f00113
1944,3,000005cc,00000013
1948,3,000005d0,00000013
1952,3,000005d4,00100093
1956,3,000005d8,00209f33
1960,3,000005dc,00120213
1964,3,000005e0,00200293
1968,3,000005e4,fe5212e3
1972,3,000005e8,80000eb7
1976,3,000005ec,02700193
1980,3,000005f0,05df1e63
1984,3,000005f4,00f00093
1988,3,000005f8,00101133
1992,3,000005fc,00000e93
1996,3,00000600,02800193
2000,3,00000604,05d11463
2004,3,00000608,02000093
2008,3,0000060c,00009133
2012,3,00000610,02000e93
2016,3,00000614,02900193
2020,3,00000618,03d11a63
2024,3,0000061c,000010b3
2028,3,00000620,00000e93
2032,3,00000624,02a00193
2036,3,00000628,03d09263
2040,3,0000062c,40000093
2044,3,00000630,00001137
2048,3,00000634,80010113
2052,3,00000638,00209033
2056,3,0000063c,00000e93
2060,3,00000640,02b00193
2064,3,00000644,01d01463
2068,3,00000648,00301c63
2076,3,00000660,0ff0000f
2080,3,00000664,00100193
2084,3,00000668,00000073
2092,3,00000004,34202f73
2096,3,00000008,00800f93
2100,3,0000000c,03ff0a63
2104,3,00000010,00900f93
2108,3,00000014,03ff0663
2112,3,00000018,00b00f93
2116,3,0000001c,03ff0263
2124,3,00000040,00001f17
2130,3,00000044,fc3f2023
2134,3,00000048,ff9ff06f
2142,3,00000040,00001f17
2148,3,00000044,fc3f2023
2152,3,00000048,ff9ff06f
2160,3,00000040,00001f17
2166,3,00000044,fc3f2023
2170,3,00000048,ff9ff06f
2178,3,00000040,00001f17
2184,3,00000044,fc3f2023
2188,3,00000048,ff9ff06f
2196,3,00000040,00001f17
2202,3,00000044,fc3f2023
2206,3,00000048,ff9ff06f
2214,3,00000040,00001f17
2220,3,00000044,fc3f2023
2224,3,00000048,ff9ff06f
2232,3,00000040,00001f17
2238,3,00000044,fc3f2023
2242,3,00000048,ff9ff06f
2250,3,00000040,00001f17
2256,3,00000044,fc3f2023
2260,3,00000048,ff9ff06f
2268,3,00000040,00001f17
2274,3,00000044,fc3f2023
2278,3,00000048,ff9ff06f
2286,3,00000040,00001f17
2292,3,00000044,fc3f2023
2296,3,00000048,ff9ff06f
2304,3,00000040,00001f17
2310,3,00000044,fc3f2023
2314,3,00000048,ff9ff06f
2322,3,00000040,00001f17
2328,3,00000044,fc3f2023
2332,3,00000048,ff9ff06f
2340,3,00000040,00001f17
2346,3,00000044,fc3f2023
2350,3,00000048,ff9ff06f
2358,3,00000040,00001f17
2364,3,00000044,fc3f2023
2368,3,00000048,ff9ff06f
2376,3,00000040,00001f17
2382,3,00000044,fc3f2023
2386,3,00000048,ff9ff06f
2394,3,00000040,00001f17
2400,3,00000044,fc3f2023
2404,3,00000048,ff9ff06f
2412,3,00000040,00001f17
2418,3,00000044,fc3f2023
2422,3,00000048,ff9ff06f
2430,3,00000040,00001f17
2436,3,00000044,fc3f2023
2440,3,00000048,ff9ff06f
2448,3,00000040,00001f17
2454,3,00000044,fc3f2023
2458,3,00000048,ff9ff06f
2466,3,00000040,00001f17
2472,3,00000044,fc3f2023
2476,3,00000048,ff9ff06f
2484,3,00000040,00001f17
2490,3,00000044,fc3f2023
2494,3,00000048,ff9ff06f
2502,3,00000040,00001f17
2508,3,00000044,fc3f2023
2512,3,00000048,ff9ff06f
2520,3,00000040,00001f17
2526,3,00000044,fc3f2023
2530,3,00000048,ff9ff06f
2538,3,00000040,00001f17
2544,3,00000044,fc3f2023
2548,3,00000048,ff9ff06f
2556,3,00000040,00001f17
2562,3,00000044,fc3f2023
2566,3,00000048,ff9ff06f
2574,3,00000040,00001f17
2580,3,00000044,fc3f2023
2584,3,00000048,ff9ff06f
2592,3,00000040,00001f17
2598,3,00000044,fc3f2023
2602,3,00000048,ff9ff06f
2610,3,00000040,00001f17
2616,3,00000044,fc3f2023
2620,3,00000048,ff9ff06f
2628,3,00000040,00001f17
2634,3,00000044,fc3f2023
2638,3,00000048,ff9ff06f
2646,3,00000040,00001f17
2652,3,00000044,fc3f2023
2656,3,00000048,ff9ff06f
2664,3,00000040,00001f17
2670,3,00000044,fc3f2023
2674,3,00000048,ff9ff06f
2682,3,00000040,00001f17
2688,3,00000044,fc3f2023
2692,3,00000048,ff9ff06f
2700,3,00000040,00001f17
2706,3,00000044,fc3f2023
2710,3,00000048,ff9ff06f
2718,3,00000040,00001f17
2724,3,00000044,fc3f2023
2728,3,00000048,ff9ff06f
2736,3,00000040,00001f17
2742,3,00000044,fc3f2023
2746,3,00000048,ff9ff06f
2754,3,00000040,00001f17
2760,3,00000044,fc3f2023
2764,3,00000048,ff9ff06f
2772,3,00000040,00001f17
2778,3,00000044,fc3f2023
2782,3,00000048,ff9ff06f
2790,3,00000040,00001f17
2796,3,00000044,fc3f2023
2800,3,00000048,ff9ff06f
2808,3,00000040,00001f17
2814,3,00000044,fc3f2023
2818,3,00000048,ff9ff06f
2826,3,00000040,00001f17
2832,3,00000044,fc3f2023
2836,3,00000048,ff9ff06f
2844,3,00000040,00001f17
2850,3,00000044,fc3f2023
2854,3,00000048,ff9ff06f
2862,3,00000040,00001f17
2868,3,00000044,fc3f2023
2872,3,00000048,ff9ff06f
2880,3,00000040,00001f17
2886,3,00000044,fc3f2023
2890,3,00000048,ff9ff06f
2898,3,00000040,00001f17
2904,3,00000044,fc3f2023
2908,3,00000048,ff9ff06f
2916,3,00000040,00001f17
2922,3,00000044,fc3f2023
2926,3,00000048,ff9ff06f
2934,3,00000040,00001f17
2940,3,00000044,fc3f2023
2944,3,00000048,ff9ff06f
2952,3,00000040,00001f17
2958,3,00000044,fc3f2023
2962,3,00000048,ff9ff06f
2970,3,00000040,00001f17
2976,3,00000044,fc3f2023
2980,3,00000048,ff9ff06f
2988,3,00000040,00001f17
2994,3,00000044,fc3f2023
2998,3,00000048,ff9ff06f
