44,3,00000000,04c0006f
52,3,0000004c,f1402573
56,3,00000050,00051063
60,3,00000054,00000297
64,3,00000058,01028293
68,3,0000005c,30529073
80,3,00000064,00000297
84,3,00000068,01c28293
88,3,0000006c,30529073
92,3,00000070,fff00293
104,3,00000080,00000297
108,3,00000084,01828293
112,3,00000088,30529073
116,3,0000008c,30205073
120,3,00000090,30305073
124,3,00000094,30405073
128,3,00000098,00000193
132,3,0000009c,00000297
136,3,000000a0,f6828293
140,3,000000a4,30529073
144,3,000000a8,00100513
148,3,000000ac,01f51513
152,3,000000b0,00054863
160,3,000000c0,00000297
164,3,000000c4,f4028293
168,3,000000c8,00028e63
176,3,000000e4,30005073
180,3,000000e8,00000297
184,3,000000ec,01428293
188,3,000000f0,34129073
192,3,000000f4,f1402573
196,3,000000f8,30200073
204,3,000000fc,ff0100b7
208,3,00000100,f0008093
212,3,00000104,0f0f1137
216,3,00000108,f0f10113
220,3,0000010c,0020ef33
224,3,00000110,ff100eb7
228,3,00000114,f0fe8e93
232,3,00000118,00200193
236,3,0000011c,4bdf1263
240,3,00000120,0ff010b7
244,3,00000124,ff008093
248,3,00000128,f0f0f137
252,3,0000012c,0f010113
256,3,00000130,0020ef33
260,3,00000134,fff10eb7
264,3,00000138,ff0e8e93
268,3,0000013c,00300193
272,3,00000140,49df1063
276,3,00000144,00ff00b7
280,3,00000148,0ff08093
284,3,0000014c,0f0f1137
288,3,00000150,f0f10113
292,3,00000154,0020ef33
296,3,00000158,0fff1eb7
300,3,0000015c,fffe8e93
304,3,00000160,00400193
308,3,00000164,45df1e63
312,3,00000168,f00ff0b7
316,3,0000016c,00f08093
320,3,00000170,f0f0f137
324,3,00000174,0f010113
328,3,00000178,0020ef33
332,3,0000017c,f0fffeb7
336,3,00000180,0ffe8e93
340,3,00000184,00500193
344,3,00000188,43df1c63
348,3,0000018c,ff0100b7
352,3,00000190,f0008093
356,3,00000194,0f0f1137
360,3,00000198,f0f10113
364,3,0000019c,0020e0b3
368,3,000001a0,ff100eb7
372,3,000001a4,f0fe8e93
376,3,000001a8,00600193
380,3,000001ac,41d09a63
384,3,000001b0,ff0100b7
388,3,000001b4,f0008093
392,3,000001b8,0f0f1137
396,3,000001bc,f0f10113
400,3,000001c0,0020e133
404,3,000001c4,ff100eb7
408,3,000001c8,f0fe8e93
412,3,000001cc,00700193
416,3,000001d0,3fd11863
420,3,000001d4,ff0100b7
424,3,000001d8,f0008093
428,3,000001dc,0010e0b3
432,3,000001e0,ff010eb7
436,3,000001e4,f00e8e93
440,3,000001e8,00800193
444,3,000001ec,3dd09a63
448,3,000001f0,00000213
452,3,000001f4,ff0100b7
456,3,000001f8,f0008093
460,3,000001fc,0f0f1137
464,3,00000200,f0f10113
468,3,00000204,0020ef33
472,3,00000208,000f0313
476,3,0000020c,00120213
480,3,00000210,00200293
484,3,00000214,fe5210e3
492,3,000001f4,ff0100b7
496,3,000001f8,f0008093
500,3,000001fc,0f0f1137
504,3,00000200,f0f10113
508,3,00000204,0020ef33
512,3,00000208,000f0313
516,3,0000020c,00120213
520,3,00000210,00200293
524,3,00000214,fe5210e3
528,3,00000218,ff100eb7
532,3,0000021c,f0fe8e93
536,3,00000220,00900193
540,3,00000224,39d31e63
544,3,00000228,00000213
548,3,0000022c,0ff010b7
552,3,00000230,ff008093
556,3,00000234,f0f0f137
560,3,00000238,0f010113
564,3,0000023c,0020ef33
568,3,00000240,00000013
572,3,00000244,000f0313
576,3,00000248,00120213
580,3,0000024c,00200293
584,3,00000250,fc521ee3
592,3,0000022c,0ff010b7
596,3,00000230,ff008093
600,3,00000234,f0f0f137
604,3,00000238,0f010113
608,3,0000023c,0020ef33
612,3,00000240,00000013
616,3,00000244,000f0313
620,3,00000248,00120213
624,3,0000024c,00200293
628,3,00000250,fc521ee3
632,3,00000254,fff10eb7
636,3,00000258,ff0e8e93
640,3,0000025c,00a00193
644,3,00000260,37d31063
648,3,00000264,00000213
652,3,00000268,00ff00b7
656,3,0000026c,0ff08093
660,3,00000270,0f0f1137
664,3,00000274,f0f10113
668,3,00000278,0020ef33
672,3,0000027c,00000013
676,3,00000280,00000013
680,3,00000284,000f0313
684,3,00000288,00120213
688,3,0000028c,00200293
692,3,00000290,fc521ce3
700,3,00000268,00ff00b7
704,3,0000026c,0ff08093
708,3,00000270,0f0f1137
712,3,00000274,f0f10113
716,3,00000278,0020ef33
720,3,0000027c,00000013
724,3,00000280,00000013
728,3,00000284,000f0313
732,3,00000288,00120213
736,3,0000028c,00200293
740,3,00000290,fc521ce3
744,3,00000294,0fff1eb7
748,3,00000298,fffe8e93
752,3,0000029c,00b00193
756,3,000002a0,33d31063
760,3,000002a4,00000213
764,3,000002a8,ff0100b7
768,3,000002ac,f0008093
772,3,000002b0,0f0f1137
776,3,000002b4,f0f10113
780,3,000002b8,0020ef33
784,3,000002bc,00120213
788,3,000002c0,00200293
792,3,000002c4,fe5212e3
800,3,000002a8,ff0100b7
804,3,000002ac,f0008093
808,3,000002b0,0f0f1137
812,3,000002b4,f0f10113
816,3,000002b8,0020ef33
820,3,000002bc,00120213
824,3,000002c0,00200293
828,3,000002c4,fe5212e3
832,3,000002c8,ff100eb7
836,3,000002cc,f0fe8e93
840,3,000002d0,00c00193
844,3,000002d4,2fdf1663
848,3,000002d8,00000213
852,3,000002dc,0ff010b7
856,3,000002e0,ff008093
860,3,000002e4,f0f0f137
864,3,000002e8,0f010113
868,3,000002ec,00000013
872,3,000002f0,0020ef33
876,3,000002f4,00120213
880,3,000002f8,00200293
884,3,000002fc,fe5210e3
892,3,000002dc,0ff010b7
896,3,000002e0,ff008093
900,3,000002e4,f0f0f137
904,3,000002e8,0f010113
908,3,000002ec,00000013
912,3,000002f0,0020ef33
916,3,000002f4,00120213
920,3,000002f8,00200293
924,3,000002fc,fe5210e3
928,3,00000300,fff10eb7
932,3,00000304,ff0e8e93
936,3,00000308,00d00193
940,3,0000030c,2bdf1a63
944,3,00000310,00000213
948,3,00000314,00ff00b7
952,3,00000318,0ff08093
956,3,0000031c,0f0f1137
960,3,00000320,f0f10113
964,3,00000324,00000013
968,3,00000328,00000013
972,3,0000032c,0020ef33
976,3,00000330,00120213
980,3,00000334,00200293
984,3,00000338,fc521ee3
992,3,00000314,00ff00b7
996,3,00000318,0ff08093
1000,3,0000031c,0f0f1137
1004,3,00000320,f0f10113
1008,3,00000324,00000013
1012,3,00000328,00000013
1016,3,0000032c,0020ef33
1020,3,00000330,00120213
1024,3,00000334,00200293
1028,3,00000338,fc521ee3
1032,3,0000033c,0fff1eb7
1036,3,00000340,fffe8e93
1040,3,00000344,00e00193
1044,3,00000348,27df1c63
1048,3,0000034c,00000213
1052,3,00000350,ff0100b7
1056,3,00000354,f0008093
1060,3,00000358,00000013
1064,3,0000035c,0f0f1137
1068,3,00000360,f0f10113
1072,3,00000364,0020ef33
1076,3,00000368,00120213
1080,3,0000036c,00200293
1084,3,00000370,fe5210e3
1092,3,00000350,ff0100b7
1096,3,00000354,f0008093
1100,3,00000358,00000013
1104,3,0000035c,0f0f1137
1108,3,00000360,f0f10113
1112,3,00000364,0020ef33
1116,3,00000368,00120213
1120,3,0000036c,00200293
1124,3,00000370,fe5210e3
1128,3,00000374,ff100eb7
1132,3,00000378,f0fe8e93
1136,3,0000037c,00f00193
1140,3,00000380,25df1063
1144,3,00000384,00000213
1148,3,00000388,0ff010b7
1152,3,0000038c,ff008093
1156,3,00000390,00000013
1160,3,00000394,f0f0f137
1164,3,00000398,0f010113
1168,3,0000039c,00000013
1172,3,000003a0,0020ef33
1176,3,000003a4,00120213
1180,3,000003a8,00200293
1184,3,000003ac,fc521ee3
1192,3,00000388,0ff010b7
1196,3,0000038c,ff008093
1200,3,00000390,00000013
1204,3,00000394,f0f0f137
1208,3,00000398,0f010113
1212,3,0000039c,00000013
1216,3,000003a0,0020ef33
1220,3,000003a4,00120213
1224,3,000003a8,00200293
1228,3,000003ac,fc521ee3
1232,3,000003b0,fff10eb7
1236,3,000003b4,ff0e8e93
1240,3,000003b8,01000193
1244,3,000003bc,21df1263
1248,3,000003c0,00000213
1252,3,000003c4,00ff00b7
1256,3,000003c8,0ff08093
1260,3,000003cc,00000013
1264,3,000003d0,00000013
1268,3,000003d4,0f0f1137
1272,3,000003d8,f0f10113
1276,3,000003dc,0020ef33
1280,3,000003e0,00120213
1284,3,000003e4,00200293
1288,3,000003e8,fc521ee3
1296,3,000003c4,00ff00b7
1300,3,000003c8,0ff08093
1304,3,000003cc,00000013
1308,3,000003d0,00000013
1312,3,000003d4,0f0f1137
1316,3,000003d8,f0f10113
1320,3,000003dc,0020ef33
1324,3,000003e0,00120213
1328,3,000003e4,00200293
1332,3,000003e8,fc521ee3
1336,3,000003ec,0fff1eb7
1340,3,000003f0,fffe8e93
1344,3,000003f4,01100193
1348,3,000003f8,1ddf1463
1352,3,000003fc,00000213
1356,3,00000400,0f0f1137
1360,3,00000404,f0f10113
1364,3,00000408,ff0100b7
1368,3,0000040c,f0008093
1372,3,00000410,0020ef33
1376,3,00000414,00120213
1380,3,00000418,00200293
1384,3,0000041c,fe5212e3
1392,3,00000400,0f0f1137
1396,3,00000404,f0f10113
1400,3,00000408,ff0100b7
1404,3,0000040c,f0008093
1408,3,00000410,0020ef33
1412,3,00000414,00120213
1416,3,00000418,00200293
1420,3,0000041c,fe5212e3
1424,3,00000420,ff100eb7
1428,3,00000424,f0fe8e93
1432,3,00000428,01200193
1436,3,0000042c,19df1a63
1440,3,00000430,00000213
1444,3,00000434,f0f0f137
1448,3,00000438,0f010113
1452,3,0000043c,0ff010b7
1456,3,00000440,ff008093
1460,3,00000444,00000013
1464,3,00000448,0020ef33
1468,3,0000044c,00120213
1472,3,00000450,00200293
1476,3,00000454,fe5210e3
1484,3,00000434,f0f0f137
1488,3,00000438,0f010113
1492,3,0000043c,0ff010b7
1496,3,00000440,ff008093
1500,3,00000444,00000013
1504,3,00000448,0020ef33
1508,3,0000044c,00120213
1512,3,00000450,00200293
1516,3,00000454,fe5210e3
1520,3,00000458,fff10eb7
1524,3,0000045c,ff0e8e93
1528,3,00000460,01300193
1532,3,00000464,15df1e63
1536,3,00000468,00000213
1540,3,0000046c,0f0f1137
1544,3,00000470,f0f10113
1548,3,00000474,00ff00b7
1552,3,00000478,0ff08093
1556,3,0000047c,00000013
1560,3,00000480,00000013
1564,3,00000484,0020ef33
1568,3,00000488,00120213
1572,3,0000048c,00200293
1576,3,00000490,fc521ee3
1584,3,0000046c,0f0f1137
1588,3,00000470,f0f10113
1592,3,00000474,00ff00b7
1596,3,00000478,0ff08093
1600,3,0000047c,00000013
1604,3,00000480,00000013
1608,3,00000484,0020ef33
1612,3,00000488,00120213
1616,3,0000048c,00200293
1620,3,00000490,fc521ee3
1624,3,00000494,0fff1eb7
1628,3,00000498,fffe8e93
1632,3,0000049c,01400193
1636,3,000004a0,13df1063
1640,3,000004a4,00000213
1644,3,000004a8,0f0f1137
1648,3,000004ac,f0f10113
1652,3,000004b0,00000013
1656,3,000004b4,ff0100b7
1660,3,000004b8,f0008093
1664,3,000004bc,0020ef33
1668,3,000004c0,00120213
1672,3,000004c4,00200293
1676,3,000004c8,fe5210e3
1684,3,000004a8,0f0f1137
1688,3,000004ac,f0f10113
1692,3,000004b0,00000013
1696,3,000004b4,ff0100b7
1700,3,000004b8,f0008093
1704,3,000004bc,0020ef33
1708,3,000004c0,00120213
1712,3,000004c4,00200293
1716,3,000004c8,fe5210e3
1720,3,000004cc,ff100eb7
1724,3,000004d0,f0fe8e93
1728,3,000004d4,01500193
1732,3,000004d8,0fdf1463
1736,3,000004dc,00000213
1740,3,000004e0,f0f0f137
1744,3,000004e4,0f010113
1748,3,000004e8,00000013
1752,3,000004ec,0ff010b7
1756,3,000004f0,ff008093
1760,3,000004f4,00000013
1764,3,000004f8,0020ef33
1768,3,000004fc,00120213
1772,3,00000500,00200293
1776,3,00000504,fc521ee3
1784,3,000004e0,f0f0f137
1788,3,000004e4,0f010113
1792,3,000004e8,00000013
1796,3,000004ec,0ff010b7
1800,3,000004f0,ff008093
1804,3,000004f4,00000013
1808,3,000004f8,0020ef33
1812,3,000004fc,00120213
1816,3,00000500,00200293
1820,3,00000504,fc521ee3
1824,3,00000508,fff10eb7
1828,3,0000050c,ff0e8e93
1832,3,00000510,01600193
1836,3,00000514,0bdf1663
1840,3,00000518,00000213
1844,3,0000051c,0f0f1137
1848,3,00000520,f0f10113
1852,3,00000524,00000013
1856,3,00000528,00000013
1860,3,0000052c,00ff00b7
1864,3,00000530,0ff08093
1868,3,00000534,0020ef33
1872,3,00000538,00120213
1876,3,0000053c,00200293
1880,3,00000540,fc521ee3
1888,3,0000051c,0f0f1137
1892,3,00000520,f0f10113
1896,3,00000524,00000013
1900,3,00000528,00000013
1904,3,0000052c,00ff00b7
1908,3,00000530,0ff08093
1912,3,00000534,0020ef33
1916,3,00000538,00120213
1920,3,0000053c,00200293
1924,3,00000540,fc521ee3
1928,3,00000544,0fff1eb7
1932,3,00000548,fffe8e93
1936,3,0000054c,01700193
1940,3,00000550,07df1863
1944,3,00000554,ff0100b7
1948,3,00000558,f0008093
1952,3,0000055c,00106133
1956,3,00000560,ff010eb7
1960,3,00000564,f00e8e93
1964,3,00000568,01800193
1968,3,0000056c,05d11a63
1972,3,00000570,00ff00b7
1976,3,00000574,0ff08093
1980,3,00000578,0000e133
1984,3,0000057c,00ff0eb7
1988,3,00000580,0ffe8e93
1992,3,00000584,01900193
1996,3,00000588,03d11c63
2000,3,0000058c,000060b3
2004,3,00000590,00000e93
2008,3,00000594,01a00193
2012,3,00000598,03d09463
2016,3,0000059c,111110b7
2020,3,000005a0,11108093
2024,3,000005a4,22222137
2028,3,000005a8,22210113
2032,3,000005ac,0020e033
2036,3,000005b0,00000e93
2040,3,000005b4,01b00193
2044,3,000005b8,01d01463
2048,3,000005bc,00301c63
2056,3,000005d4,0ff0000f
2060,3,000005d8,00100193
2064,3,000005dc,00000073
2072,3,00000004,34202f73
2076,3,00000008,00800f93
2080,3,0000000c,03ff0a63
2084,3,00000010,00900f93
2088,3,00000014,03ff0663
2092,3,00000018,00b00f93
2096,3,0000001c,03ff0263
2104,3,00000040,00001f17
2110,3,00000044,fc3f2023
2114,3,00000048,ff9ff06f
2122,3,00000040,00001f17
2128,3,00000044,fc3f2023
2132,3,00000048,ff9ff06f
2140,3,00000040,00001f17
2146,3,00000044,fc3f2023
2150,3,00000048,ff9ff06f
2158,3,00000040,00001f17
2164,3,00000044,fc3f2023
2168,3,00000048,ff9ff06f
2176,3,00000040,00001f17
2182,3,00000044,fc3f2023
2186,3,00000048,ff9ff06f
2194,3,00000040,00001f17
2200,3,00000044,fc3f2023
2204,3,00000048,ff9ff06f
2212,3,00000040,00001f17
2218,3,00000044,fc3f2023
2222,3,00000048,ff9ff06f
2230,3,00000040,00001f17
2236,3,00000044,fc3f2023
2240,3,00000048,ff9ff06f
2248,3,00000040,00001f17
2254,3,00000044,fc3f2023
2258,3,00000048,ff9ff06f
2266,3,00000040,00001f17
2272,3,00000044,fc3f2023
2276,3,00000048,ff9ff06f
2284,3,00000040,00001f17
2290,3,00000044,fc3f2023
2294,3,00000048,ff9ff06f
2302,3,00000040,00001f17
2308,3,00000044,fc3f2023
2312,3,00000048,ff9ff06f
2320,3,00000040,00001f17
2326,3,00000044,fc3f2023
2330,3,00000048,ff9ff06f
2338,3,00000040,00001f17
2344,3,00000044,fc3f2023
2348,3,00000048,ff9ff06f
2356,3,00000040,00001f17
2362,3,00000044,fc3f2023
2366,3,00000048,ff9ff06f
2374,3,00000040,00001f17
2380,3,00000044,fc3f2023
2384,3,00000048,ff9ff06f
2392,3,00000040,00001f17
2398,3,00000044,fc3f2023
2402,3,00000048,ff9ff06f
2410,3,00000040,00001f17
2416,3,00000044,fc3f2023
2420,3,00000048,ff9ff06f
2428,3,00000040,00001f17
2434,3,00000044,fc3f2023
2438,3,00000048,ff9ff06f
2446,3,00000040,00001f17
2452,3,00000044,fc3f2023
2456,3,00000048,ff9ff06f
2464,3,00000040,00001f17
2470,3,00000044,fc3f2023
2474,3,00000048,ff9ff06f
2482,3,00000040,00001f17
2488,3,00000044,fc3f2023
2492,3,00000048,ff9ff06f
2500,3,00000040,00001f17
2506,3,00000044,fc3f2023
2510,3,00000048,ff9ff06f
2518,3,00000040,00001f17
2524,3,00000044,fc3f2023
2528,3,00000048,ff9ff06f
2536,3,00000040,00001f17
2542,3,00000044,fc3f2023
2546,3,00000048,ff9ff06f
2554,3,00000040,00001f17
2560,3,00000044,fc3f2023
2564,3,00000048,ff9ff06f
2572,3,00000040,00001f17
2578,3,00000044,fc3f2023
2582,3,00000048,ff9ff06f
2590,3,00000040,00001f17
2596,3,00000044,fc3f2023
2600,3,00000048,ff9ff06f
2608,3,00000040,00001f17
2614,3,00000044,fc3f2023
2618,3,00000048,ff9ff06f
2626,3,00000040,00001f17
2632,3,00000044,fc3f2023
2636,3,00000048,ff9ff06f
2644,3,00000040,00001f17
2650,3,00000044,fc3f2023
2654,3,00000048,ff9ff06f
2662,3,00000040,00001f17
2668,3,00000044,fc3f2023
2672,3,00000048,ff9ff06f
2680,3,00000040,00001f17
2686,3,00000044,fc3f2023
2690,3,00000048,ff9ff06f
2698,3,00000040,00001f17
2704,3,00000044,fc3f2023
2708,3,00000048,ff9ff06f
2716,3,00000040,00001f17
2722,3,00000044,fc3f2023
2726,3,00000048,ff9ff06f
2734,3,00000040,00001f17
2740,3,00000044,fc3f2023
2744,3,00000048,ff9ff06f
2752,3,00000040,00001f17
2758,3,00000044,fc3f2023
2762,3,00000048,ff9ff06f
2770,3,00000040,00001f17
2776,3,00000044,fc3f2023
2780,3,00000048,ff9ff06f
2788,3,00000040,00001f17
2794,3,00000044,fc3f2023
2798,3,00000048,ff9ff06f
2806,3,00000040,00001f17
2812,3,00000044,fc3f2023
2816,3,00000048,ff9ff06f
2824,3,00000040,00001f17
2830,3,00000044,fc3f2023
2834,3,00000048,ff9ff06f
2842,3,00000040,00001f17
2848,3,00000044,fc3f2023
2852,3,00000048,ff9ff06f
2860,3,00000040,00001f17
2866,3,00000044,fc3f2023
2870,3,00000048,ff9ff06f
2878,3,00000040,00001f17
2884,3,00000044,fc3f2023
2888,3,00000048,ff9ff06f
2896,3,00000040,00001f17
2902,3,00000044,fc3f2023
2906,3,00000048,ff9ff06f
2914,3,00000040,00001f17
2920,3,00000044,fc3f2023
2924,3,00000048,ff9ff06f
2932,3,00000040,00001f17
2938,3,00000044,fc3f2023
2942,3,00000048,ff9ff06f
2950,3,00000040,00001f17
2956,3,00000044,fc3f2023
2960,3,00000048,ff9ff06f
2968,3,00000040,00001f17
2974,3,00000044,fc3f2023
2978,3,00000048,ff9ff06f
2986,3,00000040,00001f17
2992,3,00000044,fc3f2023
2996,3,00000048,ff9ff06f
