44,3,00000000,00001137
48,3,00000004,00010113
52,3,00000008,04c0006f
60,3,00000054,fe010113
66,3,00000058,00112e23
72,3,0000005c,00812c23
76,3,00000060,02010413
80,3,00000064,00000537
84,3,00000068,00c50513
90,3,0000006c,fea42823
96,3,00000070,ff042503
100,3,00000074,30551073
104,3,00000078,00000517
108,3,0000007c,34051073
112,3,00000080,00000073
120,3,0000000c,ff010113
126,3,00000010,00512023
132,3,00000014,00612223
136,3,00000018,00001337
140,3,0000001c,00030313
144,3,00000020,341022f3
150,3,00000024,00532023
154,3,00000028,00428293
158,3,0000002c,34129073
162,3,00000030,342022f3
168,3,00000034,00532223
172,3,00000038,304022f3
178,3,0000003c,00532423
182,3,00000040,343022f3
188,3,00000044,00532623
192,3,00000048,01010113
196,3,0000004c,30200073
206,3,00000084,fea42623
210,3,00000088,00b00593
214,3,0000008c,00000513
220,3,00000090,fea42423
226,3,00000094,fe842603
230,3,00000098,00000097
234,3,0000009c,068080e7
242,3,00000100,fd010113
248,3,00000104,02112623
254,3,00000108,02812423
258,3,0000010c,03010413
262,3,00000110,00060693
266,3,00000114,00058713
270,3,00000118,00050793
276,3,0000011c,fea42a23
282,3,00000120,feb42823
288,3,00000124,fec42623
292,3,00000128,34002573
298,3,0000012c,fea42423
302,3,00000130,00001537
308,3,00000134,00052503
314,3,00000138,fe842583
318,3,0000013c,40b50533
322,3,00000140,00800593
328,3,00000144,fed42223
334,3,00000148,fee42023
340,3,0000014c,fcf42e23
344,3,00000150,02b50463
352,3,00000178,00001537
356,3,0000017c,00050513
362,3,00000180,00852503
368,3,00000184,ff442583
372,3,00000188,00b50c63
380,3,000001a0,00001537
384,3,000001a4,00050513
390,3,000001a8,00452503
396,3,000001ac,ff042583
400,3,000001b0,00b50c63
408,3,000001c8,00001537
412,3,000001cc,00050513
418,3,000001d0,00c52503
424,3,000001d4,fec42583
428,3,000001d8,00b50c63
438,3,000001f0,02812403
444,3,000001f4,02c12083
448,3,000001f8,03010113
452,3,000001fc,00008067
460,3,000000a0,00000517
464,3,000000a4,34051073
468,3,000000a8,00100073
476,3,0000000c,ff010113
482,3,00000010,00512023
488,3,00000014,00612223
492,3,00000018,00001337
496,3,0000001c,00030313
500,3,00000020,341022f3
506,3,00000024,00532023
510,3,00000028,00428293
514,3,0000002c,34129073
518,3,00000030,342022f3
524,3,00000034,00532223
528,3,00000038,304022f3
534,3,0000003c,00532423
538,3,00000040,343022f3
544,3,00000044,00532623
548,3,00000048,01010113
552,3,0000004c,30200073
562,3,000000ac,fea42623
568,3,000000b0,fec42503
572,3,000000b4,00850613
576,3,000000b8,00300593
582,3,000000bc,fe842503
586,3,000000c0,00000097
590,3,000000c4,040080e7
598,3,00000100,fd010113
604,3,00000104,02112623
610,3,00000108,02812423
614,3,0000010c,03010413
618,3,00000110,00060693
622,3,00000114,00058713
626,3,00000118,00050793
632,3,0000011c,fea42a23
638,3,00000120,feb42823
644,3,00000124,fec42623
648,3,00000128,34002573
654,3,0000012c,fea42423
658,3,00000130,00001537
664,3,00000134,00052503
670,3,00000138,fe842583
674,3,0000013c,40b50533
678,3,00000140,00800593
684,3,00000144,fed42223
690,3,00000148,fee42023
696,3,0000014c,fcf42e23
700,3,00000150,02b50463
708,3,00000178,00001537
712,3,0000017c,00050513
718,3,00000180,00852503
724,3,00000184,ff442583
728,3,00000188,00b50c63
736,3,000001a0,00001537
740,3,000001a4,00050513
746,3,000001a8,00452503
752,3,000001ac,ff042583
756,3,000001b0,00b50c63
764,3,000001c8,00001537
768,3,000001cc,00050513
774,3,000001d0,00c52503
780,3,000001d4,fec42583
784,3,000001d8,00b50c63
794,3,000001f0,02812403
800,3,000001f4,02c12083
804,3,000001f8,03010113
808,3,000001fc,00008067
816,3,000000c8,00000517
820,3,000000cc,34051073
832,3,0000000c,ff010113
838,3,00000010,00512023
844,3,00000014,00612223
848,3,00000018,00001337
852,3,0000001c,00030313
856,3,00000020,341022f3
862,3,00000024,00532023
866,3,00000028,00428293
870,3,0000002c,34129073
874,3,00000030,342022f3
880,3,00000034,00532223
884,3,00000038,304022f3
890,3,0000003c,00532423
894,3,00000040,343022f3
900,3,00000044,00532623
904,3,00000048,01010113
908,3,0000004c,30200073
918,3,000000d4,fea42623
922,3,000000d8,00200593
928,3,000000dc,fe842503
934,3,000000e0,fe842603
938,3,000000e4,00000097
942,3,000000e8,01c080e7
950,3,00000100,fd010113
956,3,00000104,02112623
962,3,00000108,02812423
966,3,0000010c,03010413
970,3,00000110,00060693
974,3,00000114,00058713
978,3,00000118,00050793
984,3,0000011c,fea42a23
990,3,00000120,feb42823
996,3,00000124,fec42623
1000,3,00000128,34002573
1006,3,0000012c,fea42423
1010,3,00000130,00001537
1016,3,00000134,00052503
1022,3,00000138,fe842583
1026,3,0000013c,40b50533
1030,3,00000140,00800593
1036,3,00000144,fed42223
1042,3,00000148,fee42023
1048,3,0000014c,fcf42e23
1052,3,00000150,02b50463
1060,3,00000178,00001537
1064,3,0000017c,00050513
1070,3,00000180,00852503
1076,3,00000184,ff442583
1080,3,00000188,00b50c63
1088,3,000001a0,00001537
1092,3,000001a4,00050513
1098,3,000001a8,00452503
1104,3,000001ac,ff042583
1108,3,000001b0,00b50c63
1116,3,000001c8,00001537
1120,3,000001cc,00050513
1126,3,000001d0,00c52503
1132,3,000001d4,fec42583
1136,3,000001d8,00b50c63
1146,3,000001f0,02812403
1152,3,000001f4,02c12083
1156,3,000001f8,03010113
1160,3,000001fc,00008067
1168,3,000000ec,00000537
1172,3,000000f0,00100593
1178,3,000000f4,04b52823
1182,3,000000f8,0040006f
1190,3,000000fc,0000006f
1198,3,000000fc,0000006f
1206,3,000000fc,0000006f
1214,3,000000fc,0000006f
1222,3,000000fc,0000006f
1230,3,000000fc,0000006f
1238,3,000000fc,0000006f
1246,3,000000fc,0000006f
1254,3,000000fc,0000006f
1262,3,000000fc,0000006f
1270,3,000000fc,0000006f
1278,3,000000fc,0000006f
1286,3,000000fc,0000006f
1294,3,000000fc,0000006f
1302,3,000000fc,0000006f
1310,3,000000fc,0000006f
1318,3,000000fc,0000006f
1326,3,000000fc,0000006f
1334,3,000000fc,0000006f
1342,3,000000fc,0000006f
1350,3,000000fc,0000006f
1358,3,000000fc,0000006f
1366,3,000000fc,0000006f
1374,3,000000fc,0000006f
1382,3,000000fc,0000006f
1390,3,000000fc,0000006f
1398,3,000000fc,0000006f
1406,3,000000fc,0000006f
1414,3,000000fc,0000006f
1422,3,000000fc,0000006f
1430,3,000000fc,0000006f
1438,3,000000fc,0000006f
1446,3,000000fc,0000006f
1454,3,000000fc,0000006f
1462,3,000000fc,0000006f
1470,3,000000fc,0000006f
1478,3,000000fc,0000006f
1486,3,000000fc,0000006f
1494,3,000000fc,0000006f
1502,3,000000fc,0000006f
1510,3,000000fc,0000006f
1518,3,000000fc,0000006f
1526,3,000000fc,0000006f
1534,3,000000fc,0000006f
1542,3,000000fc,0000006f
1550,3,000000fc,0000006f
1558,3,000000fc,0000006f
1566,3,000000fc,0000006f
1574,3,000000fc,0000006f
1582,3,000000fc,0000006f
1590,3,000000fc,0000006f
1598,3,000000fc,0000006f
1606,3,000000fc,0000006f
1614,3,000000fc,0000006f
1622,3,000000fc,0000006f
1630,3,000000fc,0000006f
1638,3,000000fc,0000006f
1646,3,000000fc,0000006f
1654,3,000000fc,0000006f
1662,3,000000fc,0000006f
1670,3,000000fc,0000006f
1678,3,000000fc,0000006f
1686,3,000000fc,0000006f
1694,3,000000fc,0000006f
1702,3,000000fc,0000006f
1710,3,000000fc,0000006f
1718,3,000000fc,0000006f
1726,3,000000fc,0000006f
1734,3,000000fc,0000006f
1742,3,000000fc,0000006f
1750,3,000000fc,0000006f
1758,3,000000fc,0000006f
1766,3,000000fc,0000006f
1774,3,000000fc,0000006f
1782,3,000000fc,0000006f
1790,3,000000fc,0000006f
1798,3,000000fc,0000006f
1806,3,000000fc,0000006f
1814,3,000000fc,0000006f
1822,3,000000fc,0000006f
1830,3,000000fc,0000006f
1838,3,000000fc,0000006f
1846,3,000000fc,0000006f
1854,3,000000fc,0000006f
1862,3,000000fc,0000006f
1870,3,000000fc,0000006f
1878,3,000000fc,0000006f
1886,3,000000fc,0000006f
1894,3,000000fc,0000006f
1902,3,000000fc,0000006f
1910,3,000000fc,0000006f
1918,3,000000fc,0000006f
1926,3,000000fc,0000006f
1934,3,000000fc,0000006f
1942,3,000000fc,0000006f
1950,3,000000fc,0000006f
1958,3,000000fc,0000006f
1966,3,000000fc,0000006f
1974,3,000000fc,0000006f
1982,3,000000fc,0000006f
1990,3,000000fc,0000006f
1998,3,000000fc,0000006f
2006,3,000000fc,0000006f
2014,3,000000fc,0000006f
2022,3,000000fc,0000006f
2030,3,000000fc,0000006f
2038,3,000000fc,0000006f
2046,3,000000fc,0000006f
2054,3,000000fc,0000006f
2062,3,000000fc,0000006f
2070,3,000000fc,0000006f
2078,3,000000fc,0000006f
2086,3,000000fc,0000006f
2094,3,000000fc,0000006f
2102,3,000000fc,0000006f
2110,3,000000fc,0000006f
2118,3,000000fc,0000006f
2126,3,000000fc,0000006f
2134,3,000000fc,0000006f
2142,3,000000fc,0000006f
2150,3,000000fc,0000006f
2158,3,000000fc,0000006f
2166,3,000000fc,0000006f
2174,3,000000fc,0000006f
2182,3,000000fc,0000006f
2190,3,000000fc,0000006f
2198,3,000000fc,0000006f
2206,3,000000fc,0000006f
2214,3,000000fc,0000006f
2222,3,000000fc,0000006f
2230,3,000000fc,0000006f
2238,3,000000fc,0000006f
2246,3,000000fc,0000006f
2254,3,000000fc,0000006f
2262,3,000000fc,0000006f
2270,3,000000fc,0000006f
2278,3,000000fc,0000006f
2286,3,000000fc,0000006f
2294,3,000000fc,0000006f
2302,3,000000fc,0000006f
2310,3,000000fc,0000006f
2318,3,000000fc,0000006f
2326,3,000000fc,0000006f
2334,3,000000fc,0000006f
2342,3,000000fc,0000006f
2350,3,000000fc,0000006f
2358,3,000000fc,0000006f
2366,3,000000fc,0000006f
2374,3,000000fc,0000006f
2382,3,000000fc,0000006f
2390,3,000000fc,0000006f
2398,3,000000fc,0000006f
2406,3,000000fc,0000006f
2414,3,000000fc,0000006f
2422,3,000000fc,0000006f
2430,3,000000fc,0000006f
2438,3,000000fc,0000006f
2446,3,000000fc,0000006f
2454,3,000000fc,0000006f
2462,3,000000fc,0000006f
2470,3,000000fc,0000006f
2478,3,000000fc,0000006f
2486,3,000000fc,0000006f
2494,3,000000fc,0000006f
2502,3,000000fc,0000006f
2510,3,000000fc,0000006f
2518,3,000000fc,0000006f
2526,3,000000fc,0000006f
2534,3,000000fc,0000006f
2542,3,000000fc,0000006f
2550,3,000000fc,0000006f
2558,3,000000fc,0000006f
2566,3,000000fc,0000006f
2574,3,000000fc,0000006f
2582,3,000000fc,0000006f
2590,3,000000fc,0000006f
2598,3,000000fc,0000006f
2606,3,000000fc,0000006f
2614,3,000000fc,0000006f
2622,3,000000fc,0000006f
2630,3,000000fc,0000006f
2638,3,000000fc,0000006f
2646,3,000000fc,0000006f
2654,3,000000fc,0000006f
2662,3,000000fc,0000006f
2670,3,000000fc,0000006f
2678,3,000000fc,0000006f
2686,3,000000fc,0000006f
2694,3,000000fc,0000006f
2702,3,000000fc,0000006f
2710,3,000000fc,0000006f
2718,3,000000fc,0000006f
2726,3,000000fc,0000006f
2734,3,000000fc,0000006f
2742,3,000000fc,0000006f
2750,3,000000fc,0000006f
2758,3,000000fc,0000006f
2766,3,000000fc,0000006f
2774,3,000000fc,0000006f
2782,3,000000fc,0000006f
2790,3,000000fc,0000006f
2798,3,000000fc,0000006f
2806,3,000000fc,0000006f
2814,3,000000fc,0000006f
2822,3,000000fc,0000006f
2830,3,000000fc,0000006f
2838,3,000000fc,0000006f
2846,3,000000fc,0000006f
2854,3,000000fc,0000006f
2862,3,000000fc,0000006f
2870,3,000000fc,0000006f
2878,3,000000fc,0000006f
2886,3,000000fc,0000006f
2894,3,000000fc,0000006f
2902,3,000000fc,0000006f
2910,3,000000fc,0000006f
2918,3,000000fc,0000006f
2926,3,000000fc,0000006f
2934,3,000000fc,0000006f
2942,3,000000fc,0000006f
2950,3,000000fc,0000006f
2958,3,000000fc,0000006f
2966,3,000000fc,0000006f
2974,3,000000fc,0000006f
2982,3,000000fc,0000006f
2990,3,000000fc,0000006f
2998,3,000000fc,0000006f
3006,3,000000fc,0000006f
3014,3,000000fc,0000006f
3022,3,000000fc,0000006f
3030,3,000000fc,0000006f
3038,3,000000fc,0000006f
3046,3,000000fc,0000006f
3054,3,000000fc,0000006f
3062,3,000000fc,0000006f
3070,3,000000fc,0000006f
3078,3,000000fc,0000006f
3086,3,000000fc,0000006f
3094,3,000000fc,0000006f
3102,3,000000fc,0000006f
3110,3,000000fc,0000006f
3118,3,000000fc,0000006f
3126,3,000000fc,0000006f
3134,3,000000fc,0000006f
3142,3,000000fc,0000006f
3150,3,000000fc,0000006f
3158,3,000000fc,0000006f
3166,3,000000fc,0000006f
3174,3,000000fc,0000006f
3182,3,000000fc,0000006f
3190,3,000000fc,0000006f
3198,3,000000fc,0000006f
3206,3,000000fc,0000006f
3214,3,000000fc,0000006f
3222,3,000000fc,0000006f
3230,3,000000fc,0000006f
3238,3,000000fc,0000006f
3246,3,000000fc,0000006f
3254,3,000000fc,0000006f
3262,3,000000fc,0000006f
3270,3,000000fc,0000006f
3278,3,000000fc,0000006f
3286,3,000000fc,0000006f
3294,3,000000fc,0000006f
3302,3,000000fc,0000006f
3310,3,000000fc,0000006f
3318,3,000000fc,0000006f
3326,3,000000fc,0000006f
3334,3,000000fc,0000006f
3342,3,000000fc,0000006f
3350,3,000000fc,0000006f
3358,3,000000fc,0000006f
3366,3,000000fc,0000006f
3374,3,000000fc,0000006f
3382,3,000000fc,0000006f
3390,3,000000fc,0000006f
3398,3,000000fc,0000006f
3406,3,000000fc,0000006f
3414,3,000000fc,0000006f
3422,3,000000fc,0000006f
3430,3,000000fc,0000006f
3438,3,000000fc,0000006f
3446,3,000000fc,0000006f
3454,3,000000fc,0000006f
3462,3,000000fc,0000006f
3470,3,000000fc,0000006f
3478,3,000000fc,0000006f
3486,3,000000fc,0000006f
3494,3,000000fc,0000006f
3502,3,000000fc,0000006f
3510,3,000000fc,0000006f
3518,3,000000fc,0000006f
3526,3,000000fc,0000006f
3534,3,000000fc,0000006f
3542,3,000000fc,0000006f
3550,3,000000fc,0000006f
3558,3,000000fc,0000006f
3566,3,000000fc,0000006f
3574,3,000000fc,0000006f
3582,3,000000fc,0000006f
3590,3,000000fc,0000006f
3598,3,000000fc,0000006f
3606,3,000000fc,0000006f
3614,3,000000fc,0000006f
3622,3,000000fc,0000006f
3630,3,000000fc,0000006f
3638,3,000000fc,0000006f
3646,3,000000fc,0000006f
3654,3,000000fc,0000006f
3662,3,000000fc,0000006f
3670,3,000000fc,0000006f
3678,3,000000fc,0000006f
3686,3,000000fc,0000006f
3694,3,000000fc,0000006f
3702,3,000000fc,0000006f
3710,3,000000fc,0000006f
3718,3,000000fc,0000006f
3726,3,000000fc,0000006f
3734,3,000000fc,0000006f
3742,3,000000fc,0000006f
3750,3,000000fc,0000006f
3758,3,000000fc,0000006f
3766,3,000000fc,0000006f
3774,3,000000fc,0000006f
3782,3,000000fc,0000006f
3790,3,000000fc,0000006f
3798,3,000000fc,0000006f
3806,3,000000fc,0000006f
3814,3,000000fc,0000006f
3822,3,000000fc,0000006f
3830,3,000000fc,0000006f
3838,3,000000fc,0000006f
3846,3,000000fc,0000006f
3854,3,000000fc,0000006f
3862,3,000000fc,0000006f
3870,3,000000fc,0000006f
3878,3,000000fc,0000006f
3886,3,000000fc,0000006f
3894,3,000000fc,0000006f
3902,3,000000fc,0000006f
3910,3,000000fc,0000006f
3918,3,000000fc,0000006f
3926,3,000000fc,0000006f
3934,3,000000fc,0000006f
3942,3,000000fc,0000006f
3950,3,000000fc,0000006f
3958,3,000000fc,0000006f
3966,3,000000fc,0000006f
3974,3,000000fc,0000006f
3982,3,000000fc,0000006f
3990,3,000000fc,0000006f
3998,3,000000fc,0000006f
4006,3,000000fc,0000006f
4014,3,000000fc,0000006f
4022,3,000000fc,0000006f
4030,3,000000fc,0000006f
4038,3,000000fc,0000006f
4046,3,000000fc,0000006f
4054,3,000000fc,0000006f
4062,3,000000fc,0000006f
4070,3,000000fc,0000006f
4078,3,000000fc,0000006f
4086,3,000000fc,0000006f
4094,3,000000fc,0000006f
4102,3,000000fc,0000006f
4110,3,000000fc,0000006f
4118,3,000000fc,0000006f
4126,3,000000fc,0000006f
4134,3,000000fc,0000006f
4142,3,000000fc,0000006f
4150,3,000000fc,0000006f
4158,3,000000fc,0000006f
4166,3,000000fc,0000006f
4174,3,000000fc,0000006f
4182,3,000000fc,0000006f
4190,3,000000fc,0000006f
4198,3,000000fc,0000006f
4206,3,000000fc,0000006f
4214,3,000000fc,0000006f
4222,3,000000fc,0000006f
4230,3,000000fc,0000006f
4238,3,000000fc,0000006f
4246,3,000000fc,0000006f
4254,3,000000fc,0000006f
4262,3,000000fc,0000006f
4270,3,000000fc,0000006f
4278,3,000000fc,0000006f
4286,3,000000fc,0000006f
4294,3,000000fc,0000006f
4302,3,000000fc,0000006f
4310,3,000000fc,0000006f
4318,3,000000fc,0000006f
4326,3,000000fc,0000006f
4334,3,000000fc,0000006f
4342,3,000000fc,0000006f
4350,3,000000fc,0000006f
4358,3,000000fc,0000006f
4366,3,000000fc,0000006f
4374,3,000000fc,0000006f
4382,3,000000fc,0000006f
4390,3,000000fc,0000006f
4398,3,000000fc,0000006f
4406,3,000000fc,0000006f
4414,3,000000fc,0000006f
4422,3,000000fc,0000006f
4430,3,000000fc,0000006f
4438,3,000000fc,0000006f
4446,3,000000fc,0000006f
4454,3,000000fc,0000006f
4462,3,000000fc,0000006f
4470,3,000000fc,0000006f
4478,3,000000fc,0000006f
4486,3,000000fc,0000006f
4494,3,000000fc,0000006f
4502,3,000000fc,0000006f
4510,3,000000fc,0000006f
4518,3,000000fc,0000006f
4526,3,000000fc,0000006f
4534,3,000000fc,0000006f
4542,3,000000fc,0000006f
4550,3,000000fc,0000006f
4558,3,000000fc,0000006f
4566,3,000000fc,0000006f
4574,3,000000fc,0000006f
4582,3,000000fc,0000006f
4590,3,000000fc,0000006f
4598,3,000000fc,0000006f
4606,3,000000fc,0000006f
4614,3,000000fc,0000006f
4622,3,000000fc,0000006f
4630,3,000000fc,0000006f
4638,3,000000fc,0000006f
4646,3,000000fc,0000006f
4654,3,000000fc,0000006f
4662,3,000000fc,0000006f
4670,3,000000fc,0000006f
4678,3,000000fc,0000006f
4686,3,000000fc,0000006f
4694,3,000000fc,0000006f
4702,3,000000fc,0000006f
4710,3,000000fc,0000006f
4718,3,000000fc,0000006f
4726,3,000000fc,0000006f
4734,3,000000fc,0000006f
4742,3,000000fc,0000006f
4750,3,000000fc,0000006f
4758,3,000000fc,0000006f
4766,3,000000fc,0000006f
4774,3,000000fc,0000006f
4782,3,000000fc,0000006f
4790,3,000000fc,0000006f
4798,3,000000fc,0000006f
4806,3,000000fc,0000006f
4814,3,000000fc,0000006f
4822,3,000000fc,0000006f
4830,3,000000fc,0000006f
4838,3,000000fc,0000006f
4846,3,000000fc,0000006f
4854,3,000000fc,0000006f
4862,3,000000fc,0000006f
4870,3,000000fc,0000006f
4878,3,000000fc,0000006f
4886,3,000000fc,0000006f
4894,3,000000fc,0000006f
4902,3,000000fc,0000006f
4910,3,000000fc,0000006f
4918,3,000000fc,0000006f
4926,3,000000fc,0000006f
4934,3,000000fc,0000006f
4942,3,000000fc,0000006f
4950,3,000000fc,0000006f
4958,3,000000fc,0000006f
4966,3,000000fc,0000006f
4974,3,000000fc,0000006f
4982,3,000000fc,0000006f
4990,3,000000fc,0000006f
4998,3,000000fc,0000006f
5006,3,000000fc,0000006f
5014,3,000000fc,0000006f
5022,3,000000fc,0000006f
5030,3,000000fc,0000006f
5038,3,000000fc,0000006f
5046,3,000000fc,0000006f
5054,3,000000fc,0000006f
5062,3,000000fc,0000006f
5070,3,000000fc,0000006f
5078,3,000000fc,0000006f
5086,3,000000fc,0000006f
5094,3,000000fc,0000006f
5102,3,000000fc,0000006f
5110,3,000000fc,0000006f
5118,3,000000fc,0000006f
5126,3,000000fc,0000006f
5134,3,000000fc,0000006f
5142,3,000000fc,0000006f
5150,3,000000fc,0000006f
5158,3,000000fc,0000006f
5166,3,000000fc,0000006f
5174,3,000000fc,0000006f
5182,3,000000fc,0000006f
5190,3,000000fc,0000006f
5198,3,000000fc,0000006f
5206,3,000000fc,0000006f
5214,3,000000fc,0000006f
5222,3,000000fc,0000006f
5230,3,000000fc,0000006f
5238,3,000000fc,0000006f
5246,3,000000fc,0000006f
5254,3,000000fc,0000006f
5262,3,000000fc,0000006f
5270,3,000000fc,0000006f
5278,3,000000fc,0000006f
5286,3,000000fc,0000006f
5294,3,000000fc,0000006f
5302,3,000000fc,0000006f
5310,3,000000fc,0000006f
5318,3,000000fc,0000006f
5326,3,000000fc,0000006f
5334,3,000000fc,0000006f
5342,3,000000fc,0000006f
5350,3,000000fc,0000006f
5358,3,000000fc,0000006f
5366,3,000000fc,0000006f
5374,3,000000fc,0000006f
5382,3,000000fc,0000006f
5390,3,000000fc,0000006f
5398,3,000000fc,0000006f
5406,3,000000fc,0000006f
5414,3,000000fc,0000006f
5422,3,000000fc,0000006f
5430,3,000000fc,0000006f
5438,3,000000fc,0000006f
5446,3,000000fc,0000006f
5454,3,000000fc,0000006f
5462,3,000000fc,0000006f
5470,3,000000fc,0000006f
5478,3,000000fc,0000006f
5486,3,000000fc,0000006f
5494,3,000000fc,0000006f
5502,3,000000fc,0000006f
5510,3,000000fc,0000006f
5518,3,000000fc,0000006f
5526,3,000000fc,0000006f
5534,3,000000fc,0000006f
5542,3,000000fc,0000006f
5550,3,000000fc,0000006f
5558,3,000000fc,0000006f
5566,3,000000fc,0000006f
5574,3,000000fc,0000006f
5582,3,000000fc,0000006f
5590,3,000000fc,0000006f
5598,3,000000fc,0000006f
5606,3,000000fc,0000006f
5614,3,000000fc,0000006f
5622,3,000000fc,0000006f
5630,3,000000fc,0000006f
5638,3,000000fc,0000006f
5646,3,000000fc,0000006f
5654,3,000000fc,0000006f
5662,3,000000fc,0000006f
5670,3,000000fc,0000006f
5678,3,000000fc,0000006f
5686,3,000000fc,0000006f
5694,3,000000fc,0000006f
5702,3,000000fc,0000006f
5710,3,000000fc,0000006f
5718,3,000000fc,0000006f
5726,3,000000fc,0000006f
5734,3,000000fc,0000006f
5742,3,000000fc,0000006f
5750,3,000000fc,0000006f
5758,3,000000fc,0000006f
5766,3,000000fc,0000006f
5774,3,000000fc,0000006f
5782,3,000000fc,0000006f
5790,3,000000fc,0000006f
5798,3,000000fc,0000006f
5806,3,000000fc,0000006f
5814,3,000000fc,0000006f
5822,3,000000fc,0000006f
5830,3,000000fc,0000006f
5838,3,000000fc,0000006f
5846,3,000000fc,0000006f
5854,3,000000fc,0000006f
5862,3,000000fc,0000006f
5870,3,000000fc,0000006f
5878,3,000000fc,0000006f
5886,3,000000fc,0000006f
5894,3,000000fc,0000006f
5902,3,000000fc,0000006f
5910,3,000000fc,0000006f
5918,3,000000fc,0000006f
5926,3,000000fc,0000006f
5934,3,000000fc,0000006f
5942,3,000000fc,0000006f
5950,3,000000fc,0000006f
5958,3,000000fc,0000006f
5966,3,000000fc,0000006f
5974,3,000000fc,0000006f
5982,3,000000fc,0000006f
5990,3,000000fc,0000006f
5998,3,000000fc,0000006f
6006,3,000000fc,0000006f
6014,3,000000fc,0000006f
6022,3,000000fc,0000006f
6030,3,000000fc,0000006f
6038,3,000000fc,0000006f
6046,3,000000fc,0000006f
6054,3,000000fc,0000006f
6062,3,000000fc,0000006f
6070,3,000000fc,0000006f
6078,3,000000fc,0000006f
6086,3,000000fc,0000006f
6094,3,000000fc,0000006f
6102,3,000000fc,0000006f
6110,3,000000fc,0000006f
6118,3,000000fc,0000006f
6126,3,000000fc,0000006f
6134,3,000000fc,0000006f
6142,3,000000fc,0000006f
6150,3,000000fc,0000006f
6158,3,000000fc,0000006f
6166,3,000000fc,0000006f
6174,3,000000fc,0000006f
6182,3,000000fc,0000006f
6190,3,000000fc,0000006f
6198,3,000000fc,0000006f
6206,3,000000fc,0000006f
6214,3,000000fc,0000006f
6222,3,000000fc,0000006f
6230,3,000000fc,0000006f
6238,3,000000fc,0000006f
6246,3,000000fc,0000006f
6254,3,000000fc,0000006f
6262,3,000000fc,0000006f
6270,3,000000fc,0000006f
6278,3,000000fc,0000006f
6286,3,000000fc,0000006f
6294,3,000000fc,0000006f
6302,3,000000fc,0000006f
6310,3,000000fc,0000006f
6318,3,000000fc,0000006f
6326,3,000000fc,0000006f
6334,3,000000fc,0000006f
6342,3,000000fc,0000006f
6350,3,000000fc,0000006f
6358,3,000000fc,0000006f
6366,3,000000fc,0000006f
6374,3,000000fc,0000006f
6382,3,000000fc,0000006f
6390,3,000000fc,0000006f
6398,3,000000fc,0000006f
6406,3,000000fc,0000006f
6414,3,000000fc,0000006f
6422,3,000000fc,0000006f
6430,3,000000fc,0000006f
6438,3,000000fc,0000006f
6446,3,000000fc,0000006f
6454,3,000000fc,0000006f
6462,3,000000fc,0000006f
6470,3,000000fc,0000006f
6478,3,000000fc,0000006f
6486,3,000000fc,0000006f
6494,3,000000fc,0000006f
6502,3,000000fc,0000006f
6510,3,000000fc,0000006f
6518,3,000000fc,0000006f
6526,3,000000fc,0000006f
6534,3,000000fc,0000006f
6542,3,000000fc,0000006f
6550,3,000000fc,0000006f
6558,3,000000fc,0000006f
6566,3,000000fc,0000006f
6574,3,000000fc,0000006f
6582,3,000000fc,0000006f
6590,3,000000fc,0000006f
6598,3,000000fc,0000006f
6606,3,000000fc,0000006f
6614,3,000000fc,0000006f
6622,3,000000fc,0000006f
6630,3,000000fc,0000006f
6638,3,000000fc,0000006f
6646,3,000000fc,0000006f
6654,3,000000fc,0000006f
6662,3,000000fc,0000006f
6670,3,000000fc,0000006f
6678,3,000000fc,0000006f
6686,3,000000fc,0000006f
6694,3,000000fc,0000006f
6702,3,000000fc,0000006f
6710,3,000000fc,0000006f
6718,3,000000fc,0000006f
6726,3,000000fc,0000006f
6734,3,000000fc,0000006f
6742,3,000000fc,0000006f
6750,3,000000fc,0000006f
6758,3,000000fc,0000006f
6766,3,000000fc,0000006f
6774,3,000000fc,0000006f
6782,3,000000fc,0000006f
6790,3,000000fc,0000006f
6798,3,000000fc,0000006f
6806,3,000000fc,0000006f
6814,3,000000fc,0000006f
6822,3,000000fc,0000006f
6830,3,000000fc,0000006f
6838,3,000000fc,0000006f
6846,3,000000fc,0000006f
6854,3,000000fc,0000006f
6862,3,000000fc,0000006f
6870,3,000000fc,0000006f
6878,3,000000fc,0000006f
6886,3,000000fc,0000006f
6894,3,000000fc,0000006f
6902,3,000000fc,0000006f
6910,3,000000fc,0000006f
6918,3,000000fc,0000006f
6926,3,000000fc,0000006f
6934,3,000000fc,0000006f
6942,3,000000fc,0000006f
6950,3,000000fc,0000006f
6958,3,000000fc,0000006f
6966,3,000000fc,0000006f
6974,3,000000fc,0000006f
6982,3,000000fc,0000006f
6990,3,000000fc,0000006f
6998,3,000000fc,0000006f
7006,3,000000fc,0000006f
7014,3,000000fc,0000006f
7022,3,000000fc,0000006f
7030,3,000000fc,0000006f
7038,3,000000fc,0000006f
7046,3,000000fc,0000006f
7054,3,000000fc,0000006f
7062,3,000000fc,0000006f
7070,3,000000fc,0000006f
7078,3,000000fc,0000006f
7086,3,000000fc,0000006f
7094,3,000000fc,0000006f
7102,3,000000fc,0000006f
7110,3,000000fc,0000006f
7118,3,000000fc,0000006f
7126,3,000000fc,0000006f
7134,3,000000fc,0000006f
7142,3,000000fc,0000006f
7150,3,000000fc,0000006f
7158,3,000000fc,0000006f
7166,3,000000fc,0000006f
7174,3,000000fc,0000006f
7182,3,000000fc,0000006f
7190,3,000000fc,0000006f
7198,3,000000fc,0000006f
7206,3,000000fc,0000006f
7214,3,000000fc,0000006f
7222,3,000000fc,0000006f
7230,3,000000fc,0000006f
7238,3,000000fc,0000006f
7246,3,000000fc,0000006f
7254,3,000000fc,0000006f
7262,3,000000fc,0000006f
7270,3,000000fc,0000006f
7278,3,000000fc,0000006f
7286,3,000000fc,0000006f
7294,3,000000fc,0000006f
7302,3,000000fc,0000006f
7310,3,000000fc,0000006f
7318,3,000000fc,0000006f
7326,3,000000fc,0000006f
7334,3,000000fc,0000006f
7342,3,000000fc,0000006f
7350,3,000000fc,0000006f
7358,3,000000fc,0000006f
7366,3,000000fc,0000006f
7374,3,000000fc,0000006f
7382,3,000000fc,0000006f
7390,3,000000fc,0000006f
7398,3,000000fc,0000006f
7406,3,000000fc,0000006f
7414,3,000000fc,0000006f
7422,3,000000fc,0000006f
7430,3,000000fc,0000006f
7438,3,000000fc,0000006f
7446,3,000000fc,0000006f
7454,3,000000fc,0000006f
7462,3,000000fc,0000006f
7470,3,000000fc,0000006f
7478,3,000000fc,0000006f
7486,3,000000fc,0000006f
7494,3,000000fc,0000006f
7502,3,000000fc,0000006f
7510,3,000000fc,0000006f
7518,3,000000fc,0000006f
7526,3,000000fc,0000006f
7534,3,000000fc,0000006f
7542,3,000000fc,0000006f
7550,3,000000fc,0000006f
7558,3,000000fc,0000006f
7566,3,000000fc,0000006f
7574,3,000000fc,0000006f
7582,3,000000fc,0000006f
7590,3,000000fc,0000006f
7598,3,000000fc,0000006f
7606,3,000000fc,0000006f
7614,3,000000fc,0000006f
7622,3,000000fc,0000006f
7630,3,000000fc,0000006f
7638,3,000000fc,0000006f
7646,3,000000fc,0000006f
7654,3,000000fc,0000006f
7662,3,000000fc,0000006f
7670,3,000000fc,0000006f
7678,3,000000fc,0000006f
7686,3,000000fc,0000006f
7694,3,000000fc,0000006f
7702,3,000000fc,0000006f
7710,3,000000fc,0000006f
7718,3,000000fc,0000006f
7726,3,000000fc,0000006f
7734,3,000000fc,0000006f
7742,3,000000fc,0000006f
7750,3,000000fc,0000006f
7758,3,000000fc,0000006f
7766,3,000000fc,0000006f
7774,3,000000fc,0000006f
7782,3,000000fc,0000006f
7790,3,000000fc,0000006f
7798,3,000000fc,0000006f
7806,3,000000fc,0000006f
7814,3,000000fc,0000006f
7822,3,000000fc,0000006f
7830,3,000000fc,0000006f
7838,3,000000fc,0000006f
7846,3,000000fc,0000006f
7854,3,000000fc,0000006f
7862,3,000000fc,0000006f
7870,3,000000fc,0000006f
7878,3,000000fc,0000006f
7886,3,000000fc,0000006f
7894,3,000000fc,0000006f
7902,3,000000fc,0000006f
7910,3,000000fc,0000006f
7918,3,000000fc,0000006f
7926,3,000000fc,0000006f
7934,3,000000fc,0000006f
7942,3,000000fc,0000006f
7950,3,000000fc,0000006f
7958,3,000000fc,0000006f
7966,3,000000fc,0000006f
7974,3,000000fc,0000006f
7982,3,000000fc,0000006f
7990,3,000000fc,0000006f
7998,3,000000fc,0000006f
8006,3,000000fc,0000006f
8014,3,000000fc,0000006f
8022,3,000000fc,0000006f
8030,3,000000fc,0000006f
8038,3,000000fc,0000006f
8046,3,000000fc,0000006f
8054,3,000000fc,0000006f
8062,3,000000fc,0000006f
8070,3,000000fc,0000006f
8078,3,000000fc,0000006f
8086,3,000000fc,0000006f
8094,3,000000fc,0000006f
8102,3,000000fc,0000006f
8110,3,000000fc,0000006f
8118,3,000000fc,0000006f
8126,3,000000fc,0000006f
8134,3,000000fc,0000006f
8142,3,000000fc,0000006f
8150,3,000000fc,0000006f
8158,3,000000fc,0000006f
8166,3,000000fc,0000006f
8174,3,000000fc,0000006f
8182,3,000000fc,0000006f
8190,3,000000fc,0000006f
8198,3,000000fc,0000006f
8206,3,000000fc,0000006f
8214,3,000000fc,0000006f
8222,3,000000fc,0000006f
8230,3,000000fc,0000006f
8238,3,000000fc,0000006f
8246,3,000000fc,0000006f
8254,3,000000fc,0000006f
8262,3,000000fc,0000006f
8270,3,000000fc,0000006f
8278,3,000000fc,0000006f
8286,3,000000fc,0000006f
8294,3,000000fc,0000006f
8302,3,000000fc,0000006f
8310,3,000000fc,0000006f
8318,3,000000fc,0000006f
8326,3,000000fc,0000006f
8334,3,000000fc,0000006f
8342,3,000000fc,0000006f
8350,3,000000fc,0000006f
8358,3,000000fc,0000006f
8366,3,000000fc,0000006f
8374,3,000000fc,0000006f
8382,3,000000fc,0000006f
8390,3,000000fc,0000006f
8398,3,000000fc,0000006f
8406,3,000000fc,0000006f
8414,3,000000fc,0000006f
8422,3,000000fc,0000006f
8430,3,000000fc,0000006f
8438,3,000000fc,0000006f
8446,3,000000fc,0000006f
8454,3,000000fc,0000006f
8462,3,000000fc,0000006f
8470,3,000000fc,0000006f
8478,3,000000fc,0000006f
8486,3,000000fc,0000006f
8494,3,000000fc,0000006f
8502,3,000000fc,0000006f
8510,3,000000fc,0000006f
8518,3,000000fc,0000006f
8526,3,000000fc,0000006f
8534,3,000000fc,0000006f
8542,3,000000fc,0000006f
8550,3,000000fc,0000006f
8558,3,000000fc,0000006f
8566,3,000000fc,0000006f
8574,3,000000fc,0000006f
8582,3,000000fc,0000006f
8590,3,000000fc,0000006f
8598,3,000000fc,0000006f
8606,3,000000fc,0000006f
8614,3,000000fc,0000006f
8622,3,000000fc,0000006f
8630,3,000000fc,0000006f
8638,3,000000fc,0000006f
8646,3,000000fc,0000006f
8654,3,000000fc,0000006f
8662,3,000000fc,0000006f
8670,3,000000fc,0000006f
8678,3,000000fc,0000006f
8686,3,000000fc,0000006f
8694,3,000000fc,0000006f
8702,3,000000fc,0000006f
8710,3,000000fc,0000006f
8718,3,000000fc,0000006f
8726,3,000000fc,0000006f
8734,3,000000fc,0000006f
8742,3,000000fc,0000006f
8750,3,000000fc,0000006f
8758,3,000000fc,0000006f
8766,3,000000fc,0000006f
8774,3,000000fc,0000006f
8782,3,000000fc,0000006f
8790,3,000000fc,0000006f
8798,3,000000fc,0000006f
8806,3,000000fc,0000006f
8814,3,000000fc,0000006f
8822,3,000000fc,0000006f
8830,3,000000fc,0000006f
8838,3,000000fc,0000006f
8846,3,000000fc,0000006f
8854,3,000000fc,0000006f
8862,3,000000fc,0000006f
8870,3,000000fc,0000006f
8878,3,000000fc,0000006f
8886,3,000000fc,0000006f
8894,3,000000fc,0000006f
8902,3,000000fc,0000006f
8910,3,000000fc,0000006f
8918,3,000000fc,0000006f
8926,3,000000fc,0000006f
8934,3,000000fc,0000006f
8942,3,000000fc,0000006f
8950,3,000000fc,0000006f
8958,3,000000fc,0000006f
8966,3,000000fc,0000006f
8974,3,000000fc,0000006f
8982,3,000000fc,0000006f
8990,3,000000fc,0000006f
8998,3,000000fc,0000006f
9006,3,000000fc,0000006f
9014,3,000000fc,0000006f
9022,3,000000fc,0000006f
9030,3,000000fc,0000006f
9038,3,000000fc,0000006f
9046,3,000000fc,0000006f
9054,3,000000fc,0000006f
9062,3,000000fc,0000006f
9070,3,000000fc,0000006f
9078,3,000000fc,0000006f
9086,3,000000fc,0000006f
9094,3,000000fc,0000006f
9102,3,000000fc,0000006f
9110,3,000000fc,0000006f
9118,3,000000fc,0000006f
9126,3,000000fc,0000006f
9134,3,000000fc,0000006f
9142,3,000000fc,0000006f
9150,3,000000fc,0000006f
9158,3,000000fc,0000006f
9166,3,000000fc,0000006f
9174,3,000000fc,0000006f
9182,3,000000fc,0000006f
9190,3,000000fc,0000006f
9198,3,000000fc,0000006f
9206,3,000000fc,0000006f
9214,3,000000fc,0000006f
9222,3,000000fc,0000006f
9230,3,000000fc,0000006f
9238,3,000000fc,0000006f
9246,3,000000fc,0000006f
9254,3,000000fc,0000006f
9262,3,000000fc,0000006f
9270,3,000000fc,0000006f
9278,3,000000fc,0000006f
9286,3,000000fc,0000006f
9294,3,000000fc,0000006f
9302,3,000000fc,0000006f
9310,3,000000fc,0000006f
9318,3,000000fc,0000006f
9326,3,000000fc,0000006f
9334,3,000000fc,0000006f
9342,3,000000fc,0000006f
9350,3,000000fc,0000006f
9358,3,000000fc,0000006f
9366,3,000000fc,0000006f
9374,3,000000fc,0000006f
9382,3,000000fc,0000006f
9390,3,000000fc,0000006f
9398,3,000000fc,0000006f
9406,3,000000fc,0000006f
9414,3,000000fc,0000006f
9422,3,000000fc,0000006f
9430,3,000000fc,0000006f
9438,3,000000fc,0000006f
9446,3,000000fc,0000006f
9454,3,000000fc,0000006f
9462,3,000000fc,0000006f
9470,3,000000fc,0000006f
9478,3,000000fc,0000006f
9486,3,000000fc,0000006f
9494,3,000000fc,0000006f
9502,3,000000fc,0000006f
9510,3,000000fc,0000006f
9518,3,000000fc,0000006f
9526,3,000000fc,0000006f
9534,3,000000fc,0000006f
9542,3,000000fc,0000006f
9550,3,000000fc,0000006f
9558,3,000000fc,0000006f
9566,3,000000fc,0000006f
9574,3,000000fc,0000006f
9582,3,000000fc,0000006f
9590,3,000000fc,0000006f
9598,3,000000fc,0000006f
9606,3,000000fc,0000006f
9614,3,000000fc,0000006f
9622,3,000000fc,0000006f
9630,3,000000fc,0000006f
9638,3,000000fc,0000006f
9646,3,000000fc,0000006f
9654,3,000000fc,0000006f
9662,3,000000fc,0000006f
9670,3,000000fc,0000006f
9678,3,000000fc,0000006f
9686,3,000000fc,0000006f
9694,3,000000fc,0000006f
9702,3,000000fc,0000006f
9710,3,000000fc,0000006f
9718,3,000000fc,0000006f
9726,3,000000fc,0000006f
9734,3,000000fc,0000006f
9742,3,000000fc,0000006f
9750,3,000000fc,0000006f
9758,3,000000fc,0000006f
9766,3,000000fc,0000006f
9774,3,000000fc,0000006f
9782,3,000000fc,0000006f
9790,3,000000fc,0000006f
9798,3,000000fc,0000006f
9806,3,000000fc,0000006f
9814,3,000000fc,0000006f
9822,3,000000fc,0000006f
9830,3,000000fc,0000006f
9838,3,000000fc,0000006f
9846,3,000000fc,0000006f
9854,3,000000fc,0000006f
9862,3,000000fc,0000006f
9870,3,000000fc,0000006f
9878,3,000000fc,0000006f
9886,3,000000fc,0000006f
9894,3,000000fc,0000006f
9902,3,000000fc,0000006f
9910,3,000000fc,0000006f
9918,3,000000fc,0000006f
9926,3,000000fc,0000006f
9934,3,000000fc,0000006f
9942,3,000000fc,0000006f
9950,3,000000fc,0000006f
9958,3,000000fc,0000006f
9966,3,000000fc,0000006f
9974,3,000000fc,0000006f
9982,3,000000fc,0000006f
9990,3,000000fc,0000006f
9998,3,000000fc,0000006f
10006,3,000000fc,0000006f
10014,3,000000fc,0000006f
10022,3,000000fc,0000006f
10030,3,000000fc,0000006f
10038,3,000000fc,0000006f
10046,3,000000fc,0000006f
10054,3,000000fc,0000006f
10062,3,000000fc,0000006f
10070,3,000000fc,0000006f
10078,3,000000fc,0000006f
10086,3,000000fc,0000006f
10094,3,000000fc,0000006f
10102,3,000000fc,0000006f
10110,3,000000fc,0000006f
10118,3,000000fc,0000006f
10126,3,000000fc,0000006f
10134,3,000000fc,0000006f
10142,3,000000fc,0000006f
10150,3,000000fc,0000006f
10158,3,000000fc,0000006f
10166,3,000000fc,0000006f
10174,3,000000fc,0000006f
10182,3,000000fc,0000006f
10190,3,000000fc,0000006f
10198,3,000000fc,0000006f
10206,3,000000fc,0000006f
10214,3,000000fc,0000006f
10222,3,000000fc,0000006f
10230,3,000000fc,0000006f
10238,3,000000fc,0000006f
10246,3,000000fc,0000006f
10254,3,000000fc,0000006f
10262,3,000000fc,0000006f
10270,3,000000fc,0000006f
10278,3,000000fc,0000006f
10286,3,000000fc,0000006f
10294,3,000000fc,0000006f
10302,3,000000fc,0000006f
10310,3,000000fc,0000006f
10318,3,000000fc,0000006f
10326,3,000000fc,0000006f
10334,3,000000fc,0000006f
10342,3,000000fc,0000006f
10350,3,000000fc,0000006f
10358,3,000000fc,0000006f
10366,3,000000fc,0000006f
10374,3,000000fc,0000006f
10382,3,000000fc,0000006f
10390,3,000000fc,0000006f
10398,3,000000fc,0000006f
10406,3,000000fc,0000006f
10414,3,000000fc,0000006f
10422,3,000000fc,0000006f
10430,3,000000fc,0000006f
10438,3,000000fc,0000006f
10446,3,000000fc,0000006f
10454,3,000000fc,0000006f
10462,3,000000fc,0000006f
10470,3,000000fc,0000006f
10478,3,000000fc,0000006f
10486,3,000000fc,0000006f
10494,3,000000fc,0000006f
10502,3,000000fc,0000006f
10510,3,000000fc,0000006f
10518,3,000000fc,0000006f
10526,3,000000fc,0000006f
10534,3,000000fc,0000006f
10542,3,000000fc,0000006f
10550,3,000000fc,0000006f
10558,3,000000fc,0000006f
10566,3,000000fc,0000006f
10574,3,000000fc,0000006f
10582,3,000000fc,0000006f
10590,3,000000fc,0000006f
10598,3,000000fc,0000006f
10606,3,000000fc,0000006f
10614,3,000000fc,0000006f
10622,3,000000fc,0000006f
10630,3,000000fc,0000006f
10638,3,000000fc,0000006f
10646,3,000000fc,0000006f
10654,3,000000fc,0000006f
10662,3,000000fc,0000006f
10670,3,000000fc,0000006f
10678,3,000000fc,0000006f
10686,3,000000fc,0000006f
10694,3,000000fc,0000006f
10702,3,000000fc,0000006f
10710,3,000000fc,0000006f
10718,3,000000fc,0000006f
10726,3,000000fc,0000006f
10734,3,000000fc,0000006f
10742,3,000000fc,0000006f
10750,3,000000fc,0000006f
10758,3,000000fc,0000006f
10766,3,000000fc,0000006f
10774,3,000000fc,0000006f
10782,3,000000fc,0000006f
10790,3,000000fc,0000006f
10798,3,000000fc,0000006f
10806,3,000000fc,0000006f
10814,3,000000fc,0000006f
10822,3,000000fc,0000006f
10830,3,000000fc,0000006f
10838,3,000000fc,0000006f
10846,3,000000fc,0000006f
10854,3,000000fc,0000006f
10862,3,000000fc,0000006f
10870,3,000000fc,0000006f
10878,3,000000fc,0000006f
10886,3,000000fc,0000006f
10894,3,000000fc,0000006f
10902,3,000000fc,0000006f
10910,3,000000fc,0000006f
10918,3,000000fc,0000006f
10926,3,000000fc,0000006f
10934,3,000000fc,0000006f
10942,3,000000fc,0000006f
10950,3,000000fc,0000006f
10958,3,000000fc,0000006f
10966,3,000000fc,0000006f
10974,3,000000fc,0000006f
10982,3,000000fc,0000006f
10990,3,000000fc,0000006f
10998,3,000000fc,0000006f
11006,3,000000fc,0000006f
11014,3,000000fc,0000006f
11022,3,000000fc,0000006f
11030,3,000000fc,0000006f
11038,3,000000fc,0000006f
11046,3,000000fc,0000006f
11054,3,000000fc,0000006f
11062,3,000000fc,0000006f
11070,3,000000fc,0000006f
11078,3,000000fc,0000006f
11086,3,000000fc,0000006f
11094,3,000000fc,0000006f
11102,3,000000fc,0000006f
11110,3,000000fc,0000006f
11118,3,000000fc,0000006f
11126,3,000000fc,0000006f
11134,3,000000fc,0000006f
11142,3,000000fc,0000006f
11150,3,000000fc,0000006f
11158,3,000000fc,0000006f
11166,3,000000fc,0000006f
11174,3,000000fc,0000006f
11182,3,000000fc,0000006f
11190,3,000000fc,0000006f
11198,3,000000fc,0000006f
11206,3,000000fc,0000006f
11214,3,000000fc,0000006f
11222,3,000000fc,0000006f
11230,3,000000fc,0000006f
11238,3,000000fc,0000006f
11246,3,000000fc,0000006f
11254,3,000000fc,0000006f
11262,3,000000fc,0000006f
11270,3,000000fc,0000006f
11278,3,000000fc,0000006f
11286,3,000000fc,0000006f
11294,3,000000fc,0000006f
11302,3,000000fc,0000006f
11310,3,000000fc,0000006f
11318,3,000000fc,0000006f
11326,3,000000fc,0000006f
11334,3,000000fc,0000006f
11342,3,000000fc,0000006f
11350,3,000000fc,0000006f
11358,3,000000fc,0000006f
11366,3,000000fc,0000006f
11374,3,000000fc,0000006f
11382,3,000000fc,0000006f
11390,3,000000fc,0000006f
11398,3,000000fc,0000006f
11406,3,000000fc,0000006f
11414,3,000000fc,0000006f
11422,3,000000fc,0000006f
11430,3,000000fc,0000006f
11438,3,000000fc,0000006f
11446,3,000000fc,0000006f
11454,3,000000fc,0000006f
11462,3,000000fc,0000006f
11470,3,000000fc,0000006f
11478,3,000000fc,0000006f
11486,3,000000fc,0000006f
11494,3,000000fc,0000006f
11502,3,000000fc,0000006f
11510,3,000000fc,0000006f
11518,3,000000fc,0000006f
11526,3,000000fc,0000006f
11534,3,000000fc,0000006f
11542,3,000000fc,0000006f
11550,3,000000fc,0000006f
11558,3,000000fc,0000006f
11566,3,000000fc,0000006f
11574,3,000000fc,0000006f
11582,3,000000fc,0000006f
11590,3,000000fc,0000006f
11598,3,000000fc,0000006f
11606,3,000000fc,0000006f
11614,3,000000fc,0000006f
11622,3,000000fc,0000006f
11630,3,000000fc,0000006f
11638,3,000000fc,0000006f
11646,3,000000fc,0000006f
11654,3,000000fc,0000006f
11662,3,000000fc,0000006f
11670,3,000000fc,0000006f
11678,3,000000fc,0000006f
11686,3,000000fc,0000006f
11694,3,000000fc,0000006f
11702,3,000000fc,0000006f
11710,3,000000fc,0000006f
11718,3,000000fc,0000006f
11726,3,000000fc,0000006f
11734,3,000000fc,0000006f
11742,3,000000fc,0000006f
11750,3,000000fc,0000006f
11758,3,000000fc,0000006f
11766,3,000000fc,0000006f
11774,3,000000fc,0000006f
11782,3,000000fc,0000006f
11790,3,000000fc,0000006f
11798,3,000000fc,0000006f
11806,3,000000fc,0000006f
11814,3,000000fc,0000006f
11822,3,000000fc,0000006f
11830,3,000000fc,0000006f
11838,3,000000fc,0000006f
11846,3,000000fc,0000006f
11854,3,000000fc,0000006f
11862,3,000000fc,0000006f
11870,3,000000fc,0000006f
11878,3,000000fc,0000006f
11886,3,000000fc,0000006f
11894,3,000000fc,0000006f
11902,3,000000fc,0000006f
11910,3,000000fc,0000006f
11918,3,000000fc,0000006f
11926,3,000000fc,0000006f
11934,3,000000fc,0000006f
11942,3,000000fc,0000006f
11950,3,000000fc,0000006f
11958,3,000000fc,0000006f
11966,3,000000fc,0000006f
11974,3,000000fc,0000006f
11982,3,000000fc,0000006f
11990,3,000000fc,0000006f
11998,3,000000fc,0000006f
12006,3,000000fc,0000006f
12014,3,000000fc,0000006f
12022,3,000000fc,0000006f
12030,3,000000fc,0000006f
12038,3,000000fc,0000006f
12046,3,000000fc,0000006f
12054,3,000000fc,0000006f
12062,3,000000fc,0000006f
12070,3,000000fc,0000006f
12078,3,000000fc,0000006f
12086,3,000000fc,0000006f
12094,3,000000fc,0000006f
12102,3,000000fc,0000006f
12110,3,000000fc,0000006f
12118,3,000000fc,0000006f
12126,3,000000fc,0000006f
12134,3,000000fc,0000006f
12142,3,000000fc,0000006f
12150,3,000000fc,0000006f
12158,3,000000fc,0000006f
12166,3,000000fc,0000006f
12174,3,000000fc,0000006f
12182,3,000000fc,0000006f
12190,3,000000fc,0000006f
12198,3,000000fc,0000006f
12206,3,000000fc,0000006f
12214,3,000000fc,0000006f
12222,3,000000fc,0000006f
12230,3,000000fc,0000006f
12238,3,000000fc,0000006f
12246,3,000000fc,0000006f
12254,3,000000fc,0000006f
12262,3,000000fc,0000006f
12270,3,000000fc,0000006f
12278,3,000000fc,0000006f
12286,3,000000fc,0000006f
12294,3,000000fc,0000006f
12302,3,000000fc,0000006f
12310,3,000000fc,0000006f
12318,3,000000fc,0000006f
12326,3,000000fc,0000006f
12334,3,000000fc,0000006f
12342,3,000000fc,0000006f
12350,3,000000fc,0000006f
12358,3,000000fc,0000006f
12366,3,000000fc,0000006f
12374,3,000000fc,0000006f
12382,3,000000fc,0000006f
12390,3,000000fc,0000006f
12398,3,000000fc,0000006f
12406,3,000000fc,0000006f
12414,3,000000fc,0000006f
12422,3,000000fc,0000006f
12430,3,000000fc,0000006f
12438,3,000000fc,0000006f
12446,3,000000fc,0000006f
12454,3,000000fc,0000006f
12462,3,000000fc,0000006f
12470,3,000000fc,0000006f
12478,3,000000fc,0000006f
12486,3,000000fc,0000006f
12494,3,000000fc,0000006f
12502,3,000000fc,0000006f
12510,3,000000fc,0000006f
12518,3,000000fc,0000006f
12526,3,000000fc,0000006f
12534,3,000000fc,0000006f
12542,3,000000fc,0000006f
12550,3,000000fc,0000006f
12558,3,000000fc,0000006f
12566,3,000000fc,0000006f
12574,3,000000fc,0000006f
12582,3,000000fc,0000006f
12590,3,000000fc,0000006f
12598,3,000000fc,0000006f
12606,3,000000fc,0000006f
12614,3,000000fc,0000006f
12622,3,000000fc,0000006f
12630,3,000000fc,0000006f
12638,3,000000fc,0000006f
12646,3,000000fc,0000006f
12654,3,000000fc,0000006f
12662,3,000000fc,0000006f
12670,3,000000fc,0000006f
12678,3,000000fc,0000006f
12686,3,000000fc,0000006f
12694,3,000000fc,0000006f
12702,3,000000fc,0000006f
12710,3,000000fc,0000006f
12718,3,000000fc,0000006f
12726,3,000000fc,0000006f
12734,3,000000fc,0000006f
12742,3,000000fc,0000006f
12750,3,000000fc,0000006f
12758,3,000000fc,0000006f
12766,3,000000fc,0000006f
12774,3,000000fc,0000006f
12782,3,000000fc,0000006f
12790,3,000000fc,0000006f
12798,3,000000fc,0000006f
12806,3,000000fc,0000006f
12814,3,000000fc,0000006f
12822,3,000000fc,0000006f
12830,3,000000fc,0000006f
12838,3,000000fc,0000006f
12846,3,000000fc,0000006f
12854,3,000000fc,0000006f
12862,3,000000fc,0000006f
12870,3,000000fc,0000006f
12878,3,000000fc,0000006f
12886,3,000000fc,0000006f
12894,3,000000fc,0000006f
12902,3,000000fc,0000006f
12910,3,000000fc,0000006f
12918,3,000000fc,0000006f
12926,3,000000fc,0000006f
12934,3,000000fc,0000006f
12942,3,000000fc,0000006f
12950,3,000000fc,0000006f
12958,3,000000fc,0000006f
12966,3,000000fc,0000006f
12974,3,000000fc,0000006f
12982,3,000000fc,0000006f
12990,3,000000fc,0000006f
12998,3,000000fc,0000006f
